[0.207s] Invoking command in '/home/clem/ros2_ws/build/examples_rclcpp_multithreaded_executor': CMAKE_PREFIX_PATH=/opt/ros/humble /usr/bin/cmake /home/clem/ros2_ws/src/examples/rclcpp/executors/multithreaded_executor -DAMENT_CMAKE_SYMLINK_INSTALL=1 -DCMAKE_INSTALL_PREFIX=/home/clem/ros2_ws/install/examples_rclcpp_multithreaded_executor
[3.438s] -- The C compiler identification is GNU 11.4.0
[3.438s] -- The CXX compiler identification is GNU 11.4.0
[3.439s] -- Detecting C compiler ABI info
[3.439s] -- Detecting C compiler ABI info - done
[3.439s] -- Check for working C compiler: /usr/bin/cc - skipped
[3.440s] -- Detecting C compile features
[3.440s] -- Detecting C compile features - done
[3.440s] -- Detecting CXX compiler ABI info
[3.440s] -- Detecting CXX compiler ABI info - done
[3.440s] -- Check for working CXX compiler: /usr/bin/c++ - skipped
[3.440s] -- Detecting CXX compile features
[3.440s] -- Detecting CXX compile features - done
[3.440s] -- Found ament_cmake: 1.3.5 (/opt/ros/humble/share/ament_cmake/cmake)
[3.440s] -- Found Python3: /usr/bin/python3.10 (found version "3.10.12") found components: Interpreter 
[3.441s] -- Override CMake install command with custom implementation using symlinks instead of copying resources
[3.441s] -- Found rclcpp: 16.0.6 (/opt/ros/humble/share/rclcpp/cmake)
[3.441s] -- Found rosidl_generator_c: 3.1.5 (/opt/ros/humble/share/rosidl_generator_c/cmake)
[3.441s] -- Found rosidl_adapter: 3.1.5 (/opt/ros/humble/share/rosidl_adapter/cmake)
[3.441s] -- Found rosidl_generator_cpp: 3.1.5 (/opt/ros/humble/share/rosidl_generator_cpp/cmake)
[3.442s] -- Using all available rosidl_typesupport_c: rosidl_typesupport_fastrtps_c;rosidl_typesupport_introspection_c
[3.442s] -- Using all available rosidl_typesupport_cpp: rosidl_typesupport_fastrtps_cpp;rosidl_typesupport_introspection_cpp
[3.442s] -- Found rmw_implementation_cmake: 6.1.1 (/opt/ros/humble/share/rmw_implementation_cmake/cmake)
[3.443s] -- Found rmw_fastrtps_cpp: 6.2.4 (/opt/ros/humble/share/rmw_fastrtps_cpp/cmake)
[3.443s] -- Found OpenSSL: /usr/lib/x86_64-linux-gnu/libcrypto.so (found version "3.0.2")  
[3.443s] -- Found FastRTPS: /opt/ros/humble/include  
[3.443s] -- Using RMW implementation 'rmw_fastrtps_cpp' as default
[3.443s] -- Looking for pthread.h
[3.443s] -- Looking for pthread.h - found
[3.443s] -- Performing Test CMAKE_HAVE_LIBC_PTHREAD
[3.443s] -- Performing Test CMAKE_HAVE_LIBC_PTHREAD - Success
[3.443s] -- Found Threads: TRUE  
[3.668s] -- Found ament_lint_auto: 0.12.8 (/opt/ros/humble/share/ament_lint_auto/cmake)
[3.884s] -- Added test 'copyright' to check source files copyright and LICENSE
[3.885s] -- Added test 'cppcheck' to perform static code analysis on C / C++ code
[3.885s] -- Configured cppcheck include dirs: 
[3.885s] -- Configured cppcheck exclude dirs and/or files: 
[3.885s] -- Added test 'cpplint' to check C / C++ code against the Google style
[3.886s] -- Configured cpplint exclude dirs and/or files: 
[3.887s] -- Added test 'lint_cmake' to check CMake code style
[3.887s] -- Added test 'uncrustify' to check C / C++ code style
[3.887s] -- Configured uncrustify additional arguments: 
[3.888s] -- Added test 'xmllint' to check XML markup files
[3.891s] -- Configuring done
[3.904s] -- Generating done
[3.908s] -- Build files have been written to: /home/clem/ros2_ws/build/examples_rclcpp_multithreaded_executor
[5.528s] Invoked command in '/home/clem/ros2_ws/build/examples_rclcpp_multithreaded_executor' returned '0': CMAKE_PREFIX_PATH=/opt/ros/humble /usr/bin/cmake /home/clem/ros2_ws/src/examples/rclcpp/executors/multithreaded_executor -DAMENT_CMAKE_SYMLINK_INSTALL=1 -DCMAKE_INSTALL_PREFIX=/home/clem/ros2_ws/install/examples_rclcpp_multithreaded_executor
[5.528s] Invoking command in '/home/clem/ros2_ws/build/examples_rclcpp_multithreaded_executor': CMAKE_PREFIX_PATH=/opt/ros/humble /usr/bin/cmake --build /home/clem/ros2_ws/build/examples_rclcpp_multithreaded_executor -- -j16 -l16
[6.097s] [ 50%] [32mBuilding CXX object CMakeFiles/multithreaded_executor.dir/multithreaded_executor.cpp.o[0m
