[0.323s] Invoking command in '/home/clem/ros2_ws/build/examples_rclcpp_minimal_client': CMAKE_PREFIX_PATH=/opt/ros/humble /usr/bin/cmake /home/clem/ros2_ws/src/examples/rclcpp/services/minimal_client -DAMENT_CMAKE_SYMLINK_INSTALL=1 -DCMAKE_INSTALL_PREFIX=/home/clem/ros2_ws/install/examples_rclcpp_minimal_client
[2.206s] -- The C compiler identification is GNU 11.4.0
[2.207s] -- The CXX compiler identification is GNU 11.4.0
[2.207s] -- Detecting C compiler ABI info
[2.208s] -- Detecting C compiler ABI info - done
[2.208s] -- Check for working C compiler: /usr/bin/cc - skipped
[2.209s] -- Detecting C compile features
[2.209s] -- Detecting C compile features - done
[2.210s] -- Detecting CXX compiler ABI info
[2.210s] -- Detecting CXX compiler ABI info - done
[2.211s] -- Check for working CXX compiler: /usr/bin/c++ - skipped
[2.211s] -- Detecting CXX compile features
[2.212s] -- Detecting CXX compile features - done
[2.212s] -- Found ament_cmake: 1.3.5 (/opt/ros/humble/share/ament_cmake/cmake)
[2.213s] -- Found Python3: /usr/bin/python3.10 (found version "3.10.12") found components: Interpreter 
[2.213s] -- Override CMake install command with custom implementation using symlinks instead of copying resources
[2.221s] -- Found example_interfaces: 0.9.3 (/opt/ros/humble/share/example_interfaces/cmake)
[2.225s] -- Found rosidl_generator_c: 3.1.5 (/opt/ros/humble/share/rosidl_generator_c/cmake)
[2.228s] -- Found rosidl_adapter: 3.1.5 (/opt/ros/humble/share/rosidl_adapter/cmake)
[2.230s] -- Found rosidl_generator_cpp: 3.1.5 (/opt/ros/humble/share/rosidl_generator_cpp/cmake)
[2.231s] -- Using all available rosidl_typesupport_c: rosidl_typesupport_fastrtps_c;rosidl_typesupport_introspection_c
[2.324s] -- Using all available rosidl_typesupport_cpp: rosidl_typesupport_fastrtps_cpp;rosidl_typesupport_introspection_cpp
[3.708s] -- Found rclcpp: 16.0.6 (/opt/ros/humble/share/rclcpp/cmake)
[4.192s] -- Found rmw_implementation_cmake: 6.1.1 (/opt/ros/humble/share/rmw_implementation_cmake/cmake)
[4.216s] -- Found rmw_fastrtps_cpp: 6.2.4 (/opt/ros/humble/share/rmw_fastrtps_cpp/cmake)
[5.274s] -- Found OpenSSL: /usr/lib/x86_64-linux-gnu/libcrypto.so (found version "3.0.2")  
[5.476s] -- Found FastRTPS: /opt/ros/humble/include  
[5.949s] -- Using RMW implementation 'rmw_fastrtps_cpp' as default
[6.082s] -- Looking for pthread.h
[6.850s] -- Looking for pthread.h - found
[6.852s] -- Performing Test CMAKE_HAVE_LIBC_PTHREAD
[7.939s] -- Performing Test CMAKE_HAVE_LIBC_PTHREAD - Success
[7.954s] -- Found Threads: TRUE  
[10.023s] -- Found ament_lint_auto: 0.12.8 (/opt/ros/humble/share/ament_lint_auto/cmake)
[10.751s] -- Added test 'copyright' to check source files copyright and LICENSE
[10.772s] -- Added test 'cppcheck' to perform static code analysis on C / C++ code
[10.773s] -- Configured cppcheck include dirs: 
[10.774s] -- Configured cppcheck exclude dirs and/or files: 
[10.775s] -- Added test 'cpplint' to check C / C++ code against the Google style
[10.775s] -- Configured cpplint exclude dirs and/or files: 
[10.807s] -- Added test 'lint_cmake' to check CMake code style
[10.808s] -- Added test 'uncrustify' to check C / C++ code style
[10.809s] -- Configured uncrustify additional arguments: 
[10.810s] -- Added test 'xmllint' to check XML markup files
[10.845s] -- Configuring done
[11.092s] -- Generating done
[11.112s] -- Build files have been written to: /home/clem/ros2_ws/build/examples_rclcpp_minimal_client
[13.777s] Invoked command in '/home/clem/ros2_ws/build/examples_rclcpp_minimal_client' returned '0': CMAKE_PREFIX_PATH=/opt/ros/humble /usr/bin/cmake /home/clem/ros2_ws/src/examples/rclcpp/services/minimal_client -DAMENT_CMAKE_SYMLINK_INSTALL=1 -DCMAKE_INSTALL_PREFIX=/home/clem/ros2_ws/install/examples_rclcpp_minimal_client
[13.784s] Invoking command in '/home/clem/ros2_ws/build/examples_rclcpp_minimal_client': CMAKE_PREFIX_PATH=/opt/ros/humble /usr/bin/cmake --build /home/clem/ros2_ws/build/examples_rclcpp_minimal_client -- -j16 -l16
