[0.399s] Invoking command in '/home/clem/ros2_ws/build/examples_rclpy_guard_conditions': PYTHONPATH=/home/clem/ros2_ws/build/examples_rclpy_guard_conditions/prefix_override:/home/clem/ros2_ws/install/examples_rclpy_guard_conditions/lib/python3.10/site-packages:${PYTHONPATH} /usr/bin/python3 setup.py develop --uninstall --editable --build-directory /home/clem/ros2_ws/build/examples_rclpy_guard_conditions/build
[0.548s] running develop
[0.548s] /usr/lib/python3/dist-packages/setuptools/command/easy_install.py:158: EasyInstallDeprecationWarning: easy_install command is deprecated. Use build and pip and other standards-based tools.
[0.548s]   warnings.warn(
[0.549s] /usr/lib/python3/dist-packages/setuptools/command/install.py:34: SetuptoolsDeprecationWarning: setup.py install is deprecated. Use build and pip and other standards-based tools.
[0.549s]   warnings.warn(
[0.631s] Removing /home/clem/ros2_ws/install/examples_rclpy_guard_conditions/lib/python3.10/site-packages/examples-rclpy-guard-conditions.egg-link (link to .)
[0.694s] Invoked command in '/home/clem/ros2_ws/build/examples_rclpy_guard_conditions' returned '0': PYTHONPATH=/home/clem/ros2_ws/build/examples_rclpy_guard_conditions/prefix_override:/home/clem/ros2_ws/install/examples_rclpy_guard_conditions/lib/python3.10/site-packages:${PYTHONPATH} /usr/bin/python3 setup.py develop --uninstall --editable --build-directory /home/clem/ros2_ws/build/examples_rclpy_guard_conditions/build
[0.696s] Invoking command in '/home/clem/ros2_ws/src/examples/rclpy/guard_conditions': PYTHONPATH=/home/clem/ros2_ws/build/examples_rclpy_guard_conditions/prefix_override:/home/clem/ros2_ws/install/examples_rclpy_guard_conditions/lib/python3.10/site-packages:${PYTHONPATH} /usr/bin/python3 setup.py egg_info --egg-base ../../../../build/examples_rclpy_guard_conditions build --build-base /home/clem/ros2_ws/build/examples_rclpy_guard_conditions/build install --record /home/clem/ros2_ws/build/examples_rclpy_guard_conditions/install.log --single-version-externally-managed
[0.837s] running egg_info
[0.837s] writing ../../../../build/examples_rclpy_guard_conditions/examples_rclpy_guard_conditions.egg-info/PKG-INFO
[0.838s] writing dependency_links to ../../../../build/examples_rclpy_guard_conditions/examples_rclpy_guard_conditions.egg-info/dependency_links.txt
[0.838s] writing entry points to ../../../../build/examples_rclpy_guard_conditions/examples_rclpy_guard_conditions.egg-info/entry_points.txt
[0.838s] writing requirements to ../../../../build/examples_rclpy_guard_conditions/examples_rclpy_guard_conditions.egg-info/requires.txt
[0.838s] writing top-level names to ../../../../build/examples_rclpy_guard_conditions/examples_rclpy_guard_conditions.egg-info/top_level.txt
[0.839s] reading manifest file '../../../../build/examples_rclpy_guard_conditions/examples_rclpy_guard_conditions.egg-info/SOURCES.txt'
[0.839s] writing manifest file '../../../../build/examples_rclpy_guard_conditions/examples_rclpy_guard_conditions.egg-info/SOURCES.txt'
[0.839s] running build
[0.839s] running build_py
[0.840s] creating /home/clem/ros2_ws/build/examples_rclpy_guard_conditions/build
[0.840s] creating /home/clem/ros2_ws/build/examples_rclpy_guard_conditions/build/lib
[0.840s] creating /home/clem/ros2_ws/build/examples_rclpy_guard_conditions/build/lib/examples_rclpy_guard_conditions
[0.840s] copying examples_rclpy_guard_conditions/__init__.py -> /home/clem/ros2_ws/build/examples_rclpy_guard_conditions/build/lib/examples_rclpy_guard_conditions
[0.840s] copying examples_rclpy_guard_conditions/trigger_guard_condition.py -> /home/clem/ros2_ws/build/examples_rclpy_guard_conditions/build/lib/examples_rclpy_guard_conditions
[0.840s] running install
[0.840s] running install_lib
[0.840s] /usr/lib/python3/dist-packages/setuptools/command/install.py:34: SetuptoolsDeprecationWarning: setup.py install is deprecated. Use build and pip and other standards-based tools.
[0.840s]   warnings.warn(
[0.840s] creating /home/clem/ros2_ws/install/examples_rclpy_guard_conditions/lib/python3.10/site-packages/examples_rclpy_guard_conditions
[0.841s] copying /home/clem/ros2_ws/build/examples_rclpy_guard_conditions/build/lib/examples_rclpy_guard_conditions/__init__.py -> /home/clem/ros2_ws/install/examples_rclpy_guard_conditions/lib/python3.10/site-packages/examples_rclpy_guard_conditions
[0.841s] copying /home/clem/ros2_ws/build/examples_rclpy_guard_conditions/build/lib/examples_rclpy_guard_conditions/trigger_guard_condition.py -> /home/clem/ros2_ws/install/examples_rclpy_guard_conditions/lib/python3.10/site-packages/examples_rclpy_guard_conditions
[0.841s] byte-compiling /home/clem/ros2_ws/install/examples_rclpy_guard_conditions/lib/python3.10/site-packages/examples_rclpy_guard_conditions/__init__.py to __init__.cpython-310.pyc
[0.841s] byte-compiling /home/clem/ros2_ws/install/examples_rclpy_guard_conditions/lib/python3.10/site-packages/examples_rclpy_guard_conditions/trigger_guard_condition.py to trigger_guard_condition.cpython-310.pyc
[0.841s] running install_data
[0.841s] running install_egg_info
[0.842s] Copying ../../../../build/examples_rclpy_guard_conditions/examples_rclpy_guard_conditions.egg-info to /home/clem/ros2_ws/install/examples_rclpy_guard_conditions/lib/python3.10/site-packages/examples_rclpy_guard_conditions-0.15.1-py3.10.egg-info
[0.847s] running install_scripts
[0.862s] Installing trigger_guard_condition script to /home/clem/ros2_ws/install/examples_rclpy_guard_conditions/lib/examples_rclpy_guard_conditions
[0.862s] writing list of installed files to '/home/clem/ros2_ws/build/examples_rclpy_guard_conditions/install.log'
[0.876s] Invoked command in '/home/clem/ros2_ws/src/examples/rclpy/guard_conditions' returned '0': PYTHONPATH=/home/clem/ros2_ws/build/examples_rclpy_guard_conditions/prefix_override:/home/clem/ros2_ws/install/examples_rclpy_guard_conditions/lib/python3.10/site-packages:${PYTHONPATH} /usr/bin/python3 setup.py egg_info --egg-base ../../../../build/examples_rclpy_guard_conditions build --build-base /home/clem/ros2_ws/build/examples_rclpy_guard_conditions/build install --record /home/clem/ros2_ws/build/examples_rclpy_guard_conditions/install.log --single-version-externally-managed
