[0.413s] Invoking command in '/home/clem/ros2_ws/src/py_acquisition': PYTHONPATH=/home/clem/ros2_ws/build/py_acquisition/prefix_override:/home/clem/ros2_ws/install/py_acquisition/lib/python3.10/site-packages:${PYTHONPATH} /usr/bin/python3 setup.py egg_info --egg-base ../../build/py_acquisition build --build-base /home/clem/ros2_ws/build/py_acquisition/build install --record /home/clem/ros2_ws/build/py_acquisition/install.log --single-version-externally-managed
[0.551s] running egg_info
[0.560s] creating ../../build/py_acquisition/py_acquisition.egg-info
[0.560s] writing ../../build/py_acquisition/py_acquisition.egg-info/PKG-INFO
[0.560s] writing dependency_links to ../../build/py_acquisition/py_acquisition.egg-info/dependency_links.txt
[0.561s] writing entry points to ../../build/py_acquisition/py_acquisition.egg-info/entry_points.txt
[0.561s] writing requirements to ../../build/py_acquisition/py_acquisition.egg-info/requires.txt
[0.561s] writing top-level names to ../../build/py_acquisition/py_acquisition.egg-info/top_level.txt
[0.561s] writing manifest file '../../build/py_acquisition/py_acquisition.egg-info/SOURCES.txt'
[0.562s] reading manifest file '../../build/py_acquisition/py_acquisition.egg-info/SOURCES.txt'
[0.562s] writing manifest file '../../build/py_acquisition/py_acquisition.egg-info/SOURCES.txt'
[0.562s] running build
[0.562s] running build_py
[0.562s] creating /home/clem/ros2_ws/build/py_acquisition/build
[0.562s] creating /home/clem/ros2_ws/build/py_acquisition/build/lib
[0.562s] creating /home/clem/ros2_ws/build/py_acquisition/build/lib/py_acquisition
[0.562s] copying py_acquisition/service_member_function.py -> /home/clem/ros2_ws/build/py_acquisition/build/lib/py_acquisition
[0.562s] copying py_acquisition/__init__.py -> /home/clem/ros2_ws/build/py_acquisition/build/lib/py_acquisition
[0.562s] copying py_acquisition/client_member_function.py -> /home/clem/ros2_ws/build/py_acquisition/build/lib/py_acquisition
[0.563s] /usr/lib/python3/dist-packages/setuptools/command/install.py:34: SetuptoolsDeprecationWarning: setup.py install is deprecated. Use build and pip and other standards-based tools.
[0.563s]   warnings.warn(
[0.563s] running install
[0.563s] running install_lib
[0.563s] creating /home/clem/ros2_ws/install/py_acquisition/lib/python3.10/site-packages/py_acquisition
[0.563s] copying /home/clem/ros2_ws/build/py_acquisition/build/lib/py_acquisition/service_member_function.py -> /home/clem/ros2_ws/install/py_acquisition/lib/python3.10/site-packages/py_acquisition
[0.563s] copying /home/clem/ros2_ws/build/py_acquisition/build/lib/py_acquisition/__init__.py -> /home/clem/ros2_ws/install/py_acquisition/lib/python3.10/site-packages/py_acquisition
[0.563s] copying /home/clem/ros2_ws/build/py_acquisition/build/lib/py_acquisition/client_member_function.py -> /home/clem/ros2_ws/install/py_acquisition/lib/python3.10/site-packages/py_acquisition
[0.564s] byte-compiling /home/clem/ros2_ws/install/py_acquisition/lib/python3.10/site-packages/py_acquisition/service_member_function.py to service_member_function.cpython-310.pyc
[0.564s] byte-compiling /home/clem/ros2_ws/install/py_acquisition/lib/python3.10/site-packages/py_acquisition/__init__.py to __init__.cpython-310.pyc
[0.564s] byte-compiling /home/clem/ros2_ws/install/py_acquisition/lib/python3.10/site-packages/py_acquisition/client_member_function.py to client_member_function.cpython-310.pyc
[0.564s] running install_data
[0.564s] creating /home/clem/ros2_ws/install/py_acquisition/share/ament_index
[0.565s] creating /home/clem/ros2_ws/install/py_acquisition/share/ament_index/resource_index
[0.565s] creating /home/clem/ros2_ws/install/py_acquisition/share/ament_index/resource_index/packages
[0.565s] copying resource/py_acquisition -> /home/clem/ros2_ws/install/py_acquisition/share/ament_index/resource_index/packages
[0.565s] copying package.xml -> /home/clem/ros2_ws/install/py_acquisition/share/py_acquisition
[0.565s] running install_egg_info
[0.566s] Copying ../../build/py_acquisition/py_acquisition.egg-info to /home/clem/ros2_ws/install/py_acquisition/lib/python3.10/site-packages/py_acquisition-0.0.0-py3.10.egg-info
[0.566s] running install_scripts
[0.580s] Installing client script to /home/clem/ros2_ws/install/py_acquisition/lib/py_acquisition
[0.580s] Installing service script to /home/clem/ros2_ws/install/py_acquisition/lib/py_acquisition
[0.580s] writing list of installed files to '/home/clem/ros2_ws/build/py_acquisition/install.log'
[0.594s] Invoked command in '/home/clem/ros2_ws/src/py_acquisition' returned '0': PYTHONPATH=/home/clem/ros2_ws/build/py_acquisition/prefix_override:/home/clem/ros2_ws/install/py_acquisition/lib/python3.10/site-packages:${PYTHONPATH} /usr/bin/python3 setup.py egg_info --egg-base ../../build/py_acquisition build --build-base /home/clem/ros2_ws/build/py_acquisition/build install --record /home/clem/ros2_ws/build/py_acquisition/install.log --single-version-externally-managed
