[0.790s] Invoking command in '/home/clem/ros2_ws/build/examples_rclpy_minimal_client': PYTHONPATH=/home/clem/ros2_ws/build/examples_rclpy_minimal_client/prefix_override:/home/clem/ros2_ws/install/examples_rclpy_minimal_client/lib/python3.10/site-packages:${PYTHONPATH} /usr/bin/python3 setup.py develop --editable --build-directory /home/clem/ros2_ws/build/examples_rclpy_minimal_client/build --no-deps install_data
[1.145s] running develop
[1.145s] /usr/lib/python3/dist-packages/setuptools/command/easy_install.py:158: EasyInstallDeprecationWarning: easy_install command is deprecated. Use build and pip and other standards-based tools.
[1.145s]   warnings.warn(
[1.147s] /usr/lib/python3/dist-packages/setuptools/command/install.py:34: SetuptoolsDeprecationWarning: setup.py install is deprecated. Use build and pip and other standards-based tools.
[1.147s]   warnings.warn(
[1.311s] running egg_info
[1.311s] writing examples_rclpy_minimal_client.egg-info/PKG-INFO
[1.311s] writing dependency_links to examples_rclpy_minimal_client.egg-info/dependency_links.txt
[1.311s] writing entry points to examples_rclpy_minimal_client.egg-info/entry_points.txt
[1.311s] writing requirements to examples_rclpy_minimal_client.egg-info/requires.txt
[1.311s] writing top-level names to examples_rclpy_minimal_client.egg-info/top_level.txt
[1.313s] reading manifest file 'examples_rclpy_minimal_client.egg-info/SOURCES.txt'
[1.314s] writing manifest file 'examples_rclpy_minimal_client.egg-info/SOURCES.txt'
[1.315s] running build_ext
[1.315s] Creating /home/clem/ros2_ws/install/examples_rclpy_minimal_client/lib/python3.10/site-packages/examples-rclpy-minimal-client.egg-link (link to .)
[1.316s] Installing client script to /home/clem/ros2_ws/install/examples_rclpy_minimal_client/lib/examples_rclpy_minimal_client
[1.316s] Installing client_async script to /home/clem/ros2_ws/install/examples_rclpy_minimal_client/lib/examples_rclpy_minimal_client
[1.316s] Installing client_async_callback script to /home/clem/ros2_ws/install/examples_rclpy_minimal_client/lib/examples_rclpy_minimal_client
[1.316s] Installing client_async_member_function script to /home/clem/ros2_ws/install/examples_rclpy_minimal_client/lib/examples_rclpy_minimal_client
[1.316s] 
[1.316s] Installed /home/clem/ros2_ws/build/examples_rclpy_minimal_client
[1.317s] running install_data
[1.343s] Invoked command in '/home/clem/ros2_ws/build/examples_rclpy_minimal_client' returned '0': PYTHONPATH=/home/clem/ros2_ws/build/examples_rclpy_minimal_client/prefix_override:/home/clem/ros2_ws/install/examples_rclpy_minimal_client/lib/python3.10/site-packages:${PYTHONPATH} /usr/bin/python3 setup.py develop --editable --build-directory /home/clem/ros2_ws/build/examples_rclpy_minimal_client/build --no-deps install_data
