[0.377s] Invoking command in '/home/clem/ros2_ws/build/examples_rclcpp_cbg_executor': CMAKE_PREFIX_PATH=/opt/ros/humble /usr/bin/cmake /home/clem/ros2_ws/src/examples/rclcpp/executors/cbg_executor -DAMENT_CMAKE_SYMLINK_INSTALL=1 -DCMAKE_INSTALL_PREFIX=/home/clem/ros2_ws/install/examples_rclcpp_cbg_executor
[2.232s] -- The C compiler identification is GNU 11.4.0
[2.233s] -- The CXX compiler identification is GNU 11.4.0
[2.234s] -- Detecting C compiler ABI info
[2.234s] -- Detecting C compiler ABI info - done
[2.235s] -- Check for working C compiler: /usr/bin/cc - skipped
[2.235s] -- Detecting C compile features
[2.236s] -- Detecting C compile features - done
[2.236s] -- Detecting CXX compiler ABI info
[2.237s] -- Detecting CXX compiler ABI info - done
[2.237s] -- Check for working CXX compiler: /usr/bin/c++ - skipped
[2.238s] -- Detecting CXX compile features
[2.238s] -- Detecting CXX compile features - done
[2.241s] -- Found ament_cmake: 1.3.5 (/opt/ros/humble/share/ament_cmake/cmake)
[2.241s] -- Found Python3: /usr/bin/python3.10 (found version "3.10.12") found components: Interpreter 
[2.241s] -- Override CMake install command with custom implementation using symlinks instead of copying resources
[2.241s] -- Found rclcpp: 16.0.6 (/opt/ros/humble/share/rclcpp/cmake)
[2.241s] -- Found rosidl_generator_c: 3.1.5 (/opt/ros/humble/share/rosidl_generator_c/cmake)
[2.241s] -- Found rosidl_adapter: 3.1.5 (/opt/ros/humble/share/rosidl_adapter/cmake)
[2.241s] -- Found rosidl_generator_cpp: 3.1.5 (/opt/ros/humble/share/rosidl_generator_cpp/cmake)
[2.242s] -- Using all available rosidl_typesupport_c: rosidl_typesupport_fastrtps_c;rosidl_typesupport_introspection_c
[2.247s] -- Using all available rosidl_typesupport_cpp: rosidl_typesupport_fastrtps_cpp;rosidl_typesupport_introspection_cpp
[2.248s] -- Found rmw_implementation_cmake: 6.1.1 (/opt/ros/humble/share/rmw_implementation_cmake/cmake)
[2.248s] -- Found rmw_fastrtps_cpp: 6.2.4 (/opt/ros/humble/share/rmw_fastrtps_cpp/cmake)
[2.327s] -- Found OpenSSL: /usr/lib/x86_64-linux-gnu/libcrypto.so (found version "3.0.2")  
[2.356s] -- Found FastRTPS: /opt/ros/humble/include  
[2.427s] -- Using RMW implementation 'rmw_fastrtps_cpp' as default
[2.443s] -- Looking for pthread.h
[2.565s] -- Looking for pthread.h - found
[2.566s] -- Performing Test CMAKE_HAVE_LIBC_PTHREAD
[2.745s] -- Performing Test CMAKE_HAVE_LIBC_PTHREAD - Success
[2.747s] -- Found Threads: TRUE  
[3.252s] -- Found ament_lint_auto: 0.12.8 (/opt/ros/humble/share/ament_lint_auto/cmake)
[3.613s] -- Added test 'copyright' to check source files copyright and LICENSE
[3.623s] -- Added test 'cppcheck' to perform static code analysis on C / C++ code
[3.625s] -- Configured cppcheck include dirs: /home/clem/ros2_ws/src/examples/rclcpp/executors/cbg_executor/include
[3.625s] -- Configured cppcheck exclude dirs and/or files: 
[3.641s] -- Added test 'cpplint' to check C / C++ code against the Google style
[3.641s] -- Configured cpplint exclude dirs and/or files: 
[3.644s] -- Added test 'lint_cmake' to check CMake code style
[3.655s] -- Added test 'uncrustify' to check C / C++ code style
[3.655s] -- Configured uncrustify additional arguments: 
[3.659s] -- Added test 'xmllint' to check XML markup files
[3.675s] -- Configuring done
[3.788s] -- Generating done
[3.805s] -- Build files have been written to: /home/clem/ros2_ws/build/examples_rclcpp_cbg_executor
[3.909s] Invoked command in '/home/clem/ros2_ws/build/examples_rclcpp_cbg_executor' returned '0': CMAKE_PREFIX_PATH=/opt/ros/humble /usr/bin/cmake /home/clem/ros2_ws/src/examples/rclcpp/executors/cbg_executor -DAMENT_CMAKE_SYMLINK_INSTALL=1 -DCMAKE_INSTALL_PREFIX=/home/clem/ros2_ws/install/examples_rclcpp_cbg_executor
[3.913s] Invoking command in '/home/clem/ros2_ws/build/examples_rclcpp_cbg_executor': CMAKE_PREFIX_PATH=/opt/ros/humble /usr/bin/cmake --build /home/clem/ros2_ws/build/examples_rclcpp_cbg_executor -- -j16 -l16
[4.307s] [ 10%] [32mBuilding CXX object CMakeFiles/pong.dir/src/pong.cpp.o[0m
[4.307s] [ 20%] [32mBuilding CXX object CMakeFiles/pong.dir/src/examples_rclcpp_cbg_executor/pong_node.cpp.o[0m
[4.308s] [ 30%] [32mBuilding CXX object CMakeFiles/ping_pong.dir/src/ping_pong.cpp.o[0m
[4.308s] [ 40%] [32mBuilding CXX object CMakeFiles/ping_pong.dir/src/examples_rclcpp_cbg_executor/pong_node.cpp.o[0m
[4.308s] [ 50%] [32mBuilding CXX object CMakeFiles/ping_pong.dir/src/examples_rclcpp_cbg_executor/ping_node.cpp.o[0m
[4.339s] [ 60%] [32mBuilding CXX object CMakeFiles/ping.dir/src/ping.cpp.o[0m
[4.411s] [ 70%] [32mBuilding CXX object CMakeFiles/ping.dir/src/examples_rclcpp_cbg_executor/ping_node.cpp.o[0m
