[0.341s] Invoking command in '/home/clem/ros2_ws/build/examples_rclcpp_minimal_action_server': CMAKE_PREFIX_PATH=/opt/ros/humble /usr/bin/cmake /home/clem/ros2_ws/src/examples/rclcpp/actions/minimal_action_server -DAMENT_CMAKE_SYMLINK_INSTALL=1 -DCMAKE_INSTALL_PREFIX=/home/clem/ros2_ws/install/examples_rclcpp_minimal_action_server
[2.210s] -- The C compiler identification is GNU 11.4.0
[2.210s] -- The CXX compiler identification is GNU 11.4.0
[2.211s] -- Detecting C compiler ABI info
[2.211s] -- Detecting C compiler ABI info - done
[2.212s] -- Check for working C compiler: /usr/bin/cc - skipped
[2.216s] -- Detecting C compile features
[2.216s] -- Detecting C compile features - done
[2.217s] -- Detecting CXX compiler ABI info
[2.218s] -- Detecting CXX compiler ABI info - done
[2.218s] -- Check for working CXX compiler: /usr/bin/c++ - skipped
[2.219s] -- Detecting CXX compile features
[2.219s] -- Detecting CXX compile features - done
[2.220s] -- Found ament_cmake: 1.3.5 (/opt/ros/humble/share/ament_cmake/cmake)
[2.220s] -- Found Python3: /usr/bin/python3.10 (found version "3.10.12") found components: Interpreter 
[2.221s] -- Override CMake install command with custom implementation using symlinks instead of copying resources
[2.221s] -- Found example_interfaces: 0.9.3 (/opt/ros/humble/share/example_interfaces/cmake)
[2.222s] -- Found rosidl_generator_c: 3.1.5 (/opt/ros/humble/share/rosidl_generator_c/cmake)
[2.222s] -- Found rosidl_adapter: 3.1.5 (/opt/ros/humble/share/rosidl_adapter/cmake)
[2.223s] -- Found rosidl_generator_cpp: 3.1.5 (/opt/ros/humble/share/rosidl_generator_cpp/cmake)
[2.223s] -- Using all available rosidl_typesupport_c: rosidl_typesupport_fastrtps_c;rosidl_typesupport_introspection_c
[2.224s] -- Using all available rosidl_typesupport_cpp: rosidl_typesupport_fastrtps_cpp;rosidl_typesupport_introspection_cpp
[2.224s] -- Found rclcpp: 16.0.6 (/opt/ros/humble/share/rclcpp/cmake)
[2.225s] -- Found rmw_implementation_cmake: 6.1.1 (/opt/ros/humble/share/rmw_implementation_cmake/cmake)
[2.225s] -- Found rmw_fastrtps_cpp: 6.2.4 (/opt/ros/humble/share/rmw_fastrtps_cpp/cmake)
[2.267s] -- Found OpenSSL: /usr/lib/x86_64-linux-gnu/libcrypto.so (found version "3.0.2")  
[2.286s] -- Found FastRTPS: /opt/ros/humble/include  
[2.317s] -- Using RMW implementation 'rmw_fastrtps_cpp' as default
[2.331s] -- Looking for pthread.h
[2.500s] -- Looking for pthread.h - found
[2.501s] -- Performing Test CMAKE_HAVE_LIBC_PTHREAD
[2.661s] -- Performing Test CMAKE_HAVE_LIBC_PTHREAD - Success
[2.663s] -- Found Threads: TRUE  
[3.314s] -- Found rclcpp_action: 16.0.6 (/opt/ros/humble/share/rclcpp_action/cmake)
[3.396s] -- Found ament_lint_auto: 0.12.8 (/opt/ros/humble/share/ament_lint_auto/cmake)
[4.052s] -- Added test 'copyright' to check source files copyright and LICENSE
[4.076s] -- Added test 'cppcheck' to perform static code analysis on C / C++ code
[4.076s] -- Configured cppcheck include dirs: 
[4.076s] -- Configured cppcheck exclude dirs and/or files: 
[4.081s] -- Added test 'cpplint' to check C / C++ code against the Google style
[4.132s] -- Configured cpplint exclude dirs and/or files: 
[4.132s] -- Added test 'lint_cmake' to check CMake code style
[4.157s] -- Added test 'uncrustify' to check C / C++ code style
[4.157s] -- Configured uncrustify additional arguments: 
[4.181s] -- Added test 'xmllint' to check XML markup files
[4.214s] -- Configuring done
[4.328s] -- Generating done
[4.332s] -- Build files have been written to: /home/clem/ros2_ws/build/examples_rclcpp_minimal_action_server
[6.467s] Invoked command in '/home/clem/ros2_ws/build/examples_rclcpp_minimal_action_server' returned '0': CMAKE_PREFIX_PATH=/opt/ros/humble /usr/bin/cmake /home/clem/ros2_ws/src/examples/rclcpp/actions/minimal_action_server -DAMENT_CMAKE_SYMLINK_INSTALL=1 -DCMAKE_INSTALL_PREFIX=/home/clem/ros2_ws/install/examples_rclcpp_minimal_action_server
[6.484s] Invoking command in '/home/clem/ros2_ws/build/examples_rclcpp_minimal_action_server': CMAKE_PREFIX_PATH=/opt/ros/humble /usr/bin/cmake --build /home/clem/ros2_ws/build/examples_rclcpp_minimal_action_server -- -j16 -l16
[6.803s] [ 25%] [32mBuilding CXX object CMakeFiles/action_server_not_composable.dir/not_composable.cpp.o[0m
[6.813s] [ 50%] [32mBuilding CXX object CMakeFiles/action_server_member_functions.dir/member_functions.cpp.o[0m
