[0.458s] Invoking command in '/home/clem/ros2_ws/build/examples_rclpy_minimal_client': PYTHONPATH=/home/clem/ros2_ws/build/examples_rclpy_minimal_client/prefix_override:/home/clem/ros2_ws/install/examples_rclpy_minimal_client/lib/python3.10/site-packages:${PYTHONPATH} /usr/bin/python3 setup.py develop --uninstall --editable --build-directory /home/clem/ros2_ws/build/examples_rclpy_minimal_client/build
[0.607s] running develop
[0.608s] /usr/lib/python3/dist-packages/setuptools/command/easy_install.py:158: EasyInstallDeprecationWarning: easy_install command is deprecated. Use build and pip and other standards-based tools.
[0.608s]   warnings.warn(
[0.608s] /usr/lib/python3/dist-packages/setuptools/command/install.py:34: SetuptoolsDeprecationWarning: setup.py install is deprecated. Use build and pip and other standards-based tools.
[0.608s]   warnings.warn(
[0.695s] Removing /home/clem/ros2_ws/install/examples_rclpy_minimal_client/lib/python3.10/site-packages/examples-rclpy-minimal-client.egg-link (link to .)
[0.712s] Invoked command in '/home/clem/ros2_ws/build/examples_rclpy_minimal_client' returned '0': PYTHONPATH=/home/clem/ros2_ws/build/examples_rclpy_minimal_client/prefix_override:/home/clem/ros2_ws/install/examples_rclpy_minimal_client/lib/python3.10/site-packages:${PYTHONPATH} /usr/bin/python3 setup.py develop --uninstall --editable --build-directory /home/clem/ros2_ws/build/examples_rclpy_minimal_client/build
[0.713s] Invoking command in '/home/clem/ros2_ws/src/examples/rclpy/services/minimal_client': PYTHONPATH=/home/clem/ros2_ws/build/examples_rclpy_minimal_client/prefix_override:/home/clem/ros2_ws/install/examples_rclpy_minimal_client/lib/python3.10/site-packages:${PYTHONPATH} /usr/bin/python3 setup.py egg_info --egg-base ../../../../../build/examples_rclpy_minimal_client build --build-base /home/clem/ros2_ws/build/examples_rclpy_minimal_client/build install --record /home/clem/ros2_ws/build/examples_rclpy_minimal_client/install.log --single-version-externally-managed
[0.861s] running egg_info
[0.862s] writing ../../../../../build/examples_rclpy_minimal_client/examples_rclpy_minimal_client.egg-info/PKG-INFO
[0.862s] writing dependency_links to ../../../../../build/examples_rclpy_minimal_client/examples_rclpy_minimal_client.egg-info/dependency_links.txt
[0.862s] writing entry points to ../../../../../build/examples_rclpy_minimal_client/examples_rclpy_minimal_client.egg-info/entry_points.txt
[0.862s] writing requirements to ../../../../../build/examples_rclpy_minimal_client/examples_rclpy_minimal_client.egg-info/requires.txt
[0.862s] writing top-level names to ../../../../../build/examples_rclpy_minimal_client/examples_rclpy_minimal_client.egg-info/top_level.txt
[0.863s] reading manifest file '../../../../../build/examples_rclpy_minimal_client/examples_rclpy_minimal_client.egg-info/SOURCES.txt'
[0.863s] writing manifest file '../../../../../build/examples_rclpy_minimal_client/examples_rclpy_minimal_client.egg-info/SOURCES.txt'
[0.864s] running build
[0.864s] running build_py
[0.864s] creating /home/clem/ros2_ws/build/examples_rclpy_minimal_client/build
[0.864s] creating /home/clem/ros2_ws/build/examples_rclpy_minimal_client/build/lib
[0.864s] creating /home/clem/ros2_ws/build/examples_rclpy_minimal_client/build/lib/examples_rclpy_minimal_client
[0.864s] copying examples_rclpy_minimal_client/__init__.py -> /home/clem/ros2_ws/build/examples_rclpy_minimal_client/build/lib/examples_rclpy_minimal_client
[0.864s] copying examples_rclpy_minimal_client/client.py -> /home/clem/ros2_ws/build/examples_rclpy_minimal_client/build/lib/examples_rclpy_minimal_client
[0.864s] copying examples_rclpy_minimal_client/client_async.py -> /home/clem/ros2_ws/build/examples_rclpy_minimal_client/build/lib/examples_rclpy_minimal_client
[0.864s] copying examples_rclpy_minimal_client/client_async_callback.py -> /home/clem/ros2_ws/build/examples_rclpy_minimal_client/build/lib/examples_rclpy_minimal_client
[0.864s] copying examples_rclpy_minimal_client/client_async_member_function.py -> /home/clem/ros2_ws/build/examples_rclpy_minimal_client/build/lib/examples_rclpy_minimal_client
[0.864s] running install
[0.864s] /usr/lib/python3/dist-packages/setuptools/command/install.py:34: SetuptoolsDeprecationWarning: setup.py install is deprecated. Use build and pip and other standards-based tools.
[0.864s]   warnings.warn(
[0.864s] running install_lib
[0.865s] creating /home/clem/ros2_ws/install/examples_rclpy_minimal_client/lib/python3.10/site-packages/examples_rclpy_minimal_client
[0.865s] copying /home/clem/ros2_ws/build/examples_rclpy_minimal_client/build/lib/examples_rclpy_minimal_client/__init__.py -> /home/clem/ros2_ws/install/examples_rclpy_minimal_client/lib/python3.10/site-packages/examples_rclpy_minimal_client
[0.865s] copying /home/clem/ros2_ws/build/examples_rclpy_minimal_client/build/lib/examples_rclpy_minimal_client/client.py -> /home/clem/ros2_ws/install/examples_rclpy_minimal_client/lib/python3.10/site-packages/examples_rclpy_minimal_client
[0.865s] copying /home/clem/ros2_ws/build/examples_rclpy_minimal_client/build/lib/examples_rclpy_minimal_client/client_async.py -> /home/clem/ros2_ws/install/examples_rclpy_minimal_client/lib/python3.10/site-packages/examples_rclpy_minimal_client
[0.865s] copying /home/clem/ros2_ws/build/examples_rclpy_minimal_client/build/lib/examples_rclpy_minimal_client/client_async_callback.py -> /home/clem/ros2_ws/install/examples_rclpy_minimal_client/lib/python3.10/site-packages/examples_rclpy_minimal_client
[0.865s] copying /home/clem/ros2_ws/build/examples_rclpy_minimal_client/build/lib/examples_rclpy_minimal_client/client_async_member_function.py -> /home/clem/ros2_ws/install/examples_rclpy_minimal_client/lib/python3.10/site-packages/examples_rclpy_minimal_client
[0.865s] byte-compiling /home/clem/ros2_ws/install/examples_rclpy_minimal_client/lib/python3.10/site-packages/examples_rclpy_minimal_client/__init__.py to __init__.cpython-310.pyc
[0.865s] byte-compiling /home/clem/ros2_ws/install/examples_rclpy_minimal_client/lib/python3.10/site-packages/examples_rclpy_minimal_client/client.py to client.cpython-310.pyc
[0.865s] byte-compiling /home/clem/ros2_ws/install/examples_rclpy_minimal_client/lib/python3.10/site-packages/examples_rclpy_minimal_client/client_async.py to client_async.cpython-310.pyc
[0.866s] byte-compiling /home/clem/ros2_ws/install/examples_rclpy_minimal_client/lib/python3.10/site-packages/examples_rclpy_minimal_client/client_async_callback.py to client_async_callback.cpython-310.pyc
[0.866s] byte-compiling /home/clem/ros2_ws/install/examples_rclpy_minimal_client/lib/python3.10/site-packages/examples_rclpy_minimal_client/client_async_member_function.py to client_async_member_function.cpython-310.pyc
[0.866s] running install_data
[0.866s] running install_egg_info
[0.867s] Copying ../../../../../build/examples_rclpy_minimal_client/examples_rclpy_minimal_client.egg-info to /home/clem/ros2_ws/install/examples_rclpy_minimal_client/lib/python3.10/site-packages/examples_rclpy_minimal_client-0.15.1-py3.10.egg-info
[0.871s] running install_scripts
[0.885s] Installing client script to /home/clem/ros2_ws/install/examples_rclpy_minimal_client/lib/examples_rclpy_minimal_client
[0.885s] Installing client_async script to /home/clem/ros2_ws/install/examples_rclpy_minimal_client/lib/examples_rclpy_minimal_client
[0.885s] Installing client_async_callback script to /home/clem/ros2_ws/install/examples_rclpy_minimal_client/lib/examples_rclpy_minimal_client
[0.885s] Installing client_async_member_function script to /home/clem/ros2_ws/install/examples_rclpy_minimal_client/lib/examples_rclpy_minimal_client
[0.885s] writing list of installed files to '/home/clem/ros2_ws/build/examples_rclpy_minimal_client/install.log'
[0.899s] Invoked command in '/home/clem/ros2_ws/src/examples/rclpy/services/minimal_client' returned '0': PYTHONPATH=/home/clem/ros2_ws/build/examples_rclpy_minimal_client/prefix_override:/home/clem/ros2_ws/install/examples_rclpy_minimal_client/lib/python3.10/site-packages:${PYTHONPATH} /usr/bin/python3 setup.py egg_info --egg-base ../../../../../build/examples_rclpy_minimal_client build --build-base /home/clem/ros2_ws/build/examples_rclpy_minimal_client/build install --record /home/clem/ros2_ws/build/examples_rclpy_minimal_client/install.log --single-version-externally-managed
