[0.262s] Invoking command in '/home/clem/ros2_ws/build/examples_rclcpp_minimal_service': CMAKE_PREFIX_PATH=/opt/ros/humble /usr/bin/cmake /home/clem/ros2_ws/src/examples/rclcpp/services/minimal_service -DAMENT_CMAKE_SYMLINK_INSTALL=1 -DCMAKE_INSTALL_PREFIX=/home/clem/ros2_ws/install/examples_rclcpp_minimal_service
[2.193s] -- The C compiler identification is GNU 11.4.0
[2.193s] -- The CXX compiler identification is GNU 11.4.0
[2.193s] -- Detecting C compiler ABI info
[2.193s] -- Detecting C compiler ABI info - done
[2.194s] -- Check for working C compiler: /usr/bin/cc - skipped
[2.194s] -- Detecting C compile features
[2.194s] -- Detecting C compile features - done
[2.194s] -- Detecting CXX compiler ABI info
[2.194s] -- Detecting CXX compiler ABI info - done
[2.194s] -- Check for working CXX compiler: /usr/bin/c++ - skipped
[2.194s] -- Detecting CXX compile features
[2.194s] -- Detecting CXX compile features - done
[2.194s] -- Found ament_cmake: 1.3.5 (/opt/ros/humble/share/ament_cmake/cmake)
[2.194s] -- Found Python3: /usr/bin/python3.10 (found version "3.10.12") found components: Interpreter 
[2.194s] -- Override CMake install command with custom implementation using symlinks instead of copying resources
[2.194s] -- Found example_interfaces: 0.9.3 (/opt/ros/humble/share/example_interfaces/cmake)
[2.195s] -- Found rosidl_generator_c: 3.1.5 (/opt/ros/humble/share/rosidl_generator_c/cmake)
[2.195s] -- Found rosidl_adapter: 3.1.5 (/opt/ros/humble/share/rosidl_adapter/cmake)
[2.195s] -- Found rosidl_generator_cpp: 3.1.5 (/opt/ros/humble/share/rosidl_generator_cpp/cmake)
[2.195s] -- Using all available rosidl_typesupport_c: rosidl_typesupport_fastrtps_c;rosidl_typesupport_introspection_c
[2.299s] -- Using all available rosidl_typesupport_cpp: rosidl_typesupport_fastrtps_cpp;rosidl_typesupport_introspection_cpp
[2.745s] -- Found rclcpp: 16.0.6 (/opt/ros/humble/share/rclcpp/cmake)
[2.859s] -- Found rmw_implementation_cmake: 6.1.1 (/opt/ros/humble/share/rmw_implementation_cmake/cmake)
[2.862s] -- Found rmw_fastrtps_cpp: 6.2.4 (/opt/ros/humble/share/rmw_fastrtps_cpp/cmake)
[3.034s] -- Found OpenSSL: /usr/lib/x86_64-linux-gnu/libcrypto.so (found version "3.0.2")  
[3.109s] -- Found FastRTPS: /opt/ros/humble/include  
[3.217s] -- Using RMW implementation 'rmw_fastrtps_cpp' as default
[3.233s] -- Looking for pthread.h
[3.361s] -- Looking for pthread.h - found
[3.361s] -- Performing Test CMAKE_HAVE_LIBC_PTHREAD
[3.637s] -- Performing Test CMAKE_HAVE_LIBC_PTHREAD - Success
[3.639s] -- Found Threads: TRUE  
[3.976s] -- Found ament_lint_auto: 0.12.8 (/opt/ros/humble/share/ament_lint_auto/cmake)
[4.121s] -- Added test 'copyright' to check source files copyright and LICENSE
[4.121s] -- Added test 'cppcheck' to perform static code analysis on C / C++ code
[4.121s] -- Configured cppcheck include dirs: 
[4.121s] -- Configured cppcheck exclude dirs and/or files: 
[4.121s] -- Added test 'cpplint' to check C / C++ code against the Google style
[4.122s] -- Configured cpplint exclude dirs and/or files: 
[4.122s] -- Added test 'lint_cmake' to check CMake code style
[4.122s] -- Added test 'uncrustify' to check C / C++ code style
[4.122s] -- Configured uncrustify additional arguments: 
[4.122s] -- Added test 'xmllint' to check XML markup files
[4.123s] -- Configuring done
[4.146s] -- Generating done
[4.146s] -- Build files have been written to: /home/clem/ros2_ws/build/examples_rclcpp_minimal_service
[5.626s] Invoked command in '/home/clem/ros2_ws/build/examples_rclcpp_minimal_service' returned '0': CMAKE_PREFIX_PATH=/opt/ros/humble /usr/bin/cmake /home/clem/ros2_ws/src/examples/rclcpp/services/minimal_service -DAMENT_CMAKE_SYMLINK_INSTALL=1 -DCMAKE_INSTALL_PREFIX=/home/clem/ros2_ws/install/examples_rclcpp_minimal_service
[5.627s] Invoking command in '/home/clem/ros2_ws/build/examples_rclcpp_minimal_service': CMAKE_PREFIX_PATH=/opt/ros/humble /usr/bin/cmake --build /home/clem/ros2_ws/build/examples_rclcpp_minimal_service -- -j16 -l16
[5.984s] [ 50%] [32mBuilding CXX object CMakeFiles/service_main.dir/main.cpp.o[0m
