[0.365s] Invoking command in '/home/clem/ros2_ws/build/examples_rclcpp_cbg_executor': CMAKE_PREFIX_PATH=/opt/ros/humble /usr/bin/cmake /home/clem/ros2_ws/src/examples/rclcpp/executors/cbg_executor -DAMENT_CMAKE_SYMLINK_INSTALL=1 -DCMAKE_INSTALL_PREFIX=/home/clem/ros2_ws/install/examples_rclcpp_cbg_executor
[1.365s] -- Found ament_cmake: 1.3.5 (/opt/ros/humble/share/ament_cmake/cmake)
[1.365s] -- Override CMake install command with custom implementation using symlinks instead of copying resources
[1.365s] -- Found rclcpp: 16.0.6 (/opt/ros/humble/share/rclcpp/cmake)
[1.365s] -- Found rosidl_generator_c: 3.1.5 (/opt/ros/humble/share/rosidl_generator_c/cmake)
[1.365s] -- Found rosidl_adapter: 3.1.5 (/opt/ros/humble/share/rosidl_adapter/cmake)
[1.365s] -- Found rosidl_generator_cpp: 3.1.5 (/opt/ros/humble/share/rosidl_generator_cpp/cmake)
[1.365s] -- Using all available rosidl_typesupport_c: rosidl_typesupport_fastrtps_c;rosidl_typesupport_introspection_c
[1.365s] -- Using all available rosidl_typesupport_cpp: rosidl_typesupport_fastrtps_cpp;rosidl_typesupport_introspection_cpp
[1.365s] -- Found rmw_implementation_cmake: 6.1.1 (/opt/ros/humble/share/rmw_implementation_cmake/cmake)
[1.365s] -- Found rmw_fastrtps_cpp: 6.2.4 (/opt/ros/humble/share/rmw_fastrtps_cpp/cmake)
[1.365s] -- Using RMW implementation 'rmw_fastrtps_cpp' as default
[1.365s] -- Found ament_lint_auto: 0.12.8 (/opt/ros/humble/share/ament_lint_auto/cmake)
[1.365s] -- Added test 'copyright' to check source files copyright and LICENSE
[1.365s] -- Added test 'cppcheck' to perform static code analysis on C / C++ code
[1.365s] -- Configured cppcheck include dirs: /home/clem/ros2_ws/src/examples/rclcpp/executors/cbg_executor/include
[1.365s] -- Configured cppcheck exclude dirs and/or files: 
[1.365s] -- Added test 'cpplint' to check C / C++ code against the Google style
[1.365s] -- Configured cpplint exclude dirs and/or files: 
[1.365s] -- Added test 'lint_cmake' to check CMake code style
[1.365s] -- Added test 'uncrustify' to check C / C++ code style
[1.365s] -- Configured uncrustify additional arguments: 
[1.365s] -- Added test 'xmllint' to check XML markup files
[1.365s] -- Configuring done
[1.365s] -- Generating done
[1.365s] -- Build files have been written to: /home/clem/ros2_ws/build/examples_rclcpp_cbg_executor
[1.389s] Invoked command in '/home/clem/ros2_ws/build/examples_rclcpp_cbg_executor' returned '0': CMAKE_PREFIX_PATH=/opt/ros/humble /usr/bin/cmake /home/clem/ros2_ws/src/examples/rclcpp/executors/cbg_executor -DAMENT_CMAKE_SYMLINK_INSTALL=1 -DCMAKE_INSTALL_PREFIX=/home/clem/ros2_ws/install/examples_rclcpp_cbg_executor
[1.390s] Invoking command in '/home/clem/ros2_ws/build/examples_rclcpp_cbg_executor': CMAKE_PREFIX_PATH=/opt/ros/humble /usr/bin/cmake --build /home/clem/ros2_ws/build/examples_rclcpp_cbg_executor -- -j16 -l16
[1.422s] [35m[1mConsolidate compiler generated dependencies of target pong[0m
[1.425s] [35m[1mConsolidate compiler generated dependencies of target ping_pong[0m
[1.437s] [35m[1mConsolidate compiler generated dependencies of target ping[0m
[1.456s] [ 10%] [32mBuilding CXX object CMakeFiles/pong.dir/src/examples_rclcpp_cbg_executor/pong_node.cpp.o[0m
[1.468s] [ 20%] [32mBuilding CXX object CMakeFiles/ping.dir/src/examples_rclcpp_cbg_executor/ping_node.cpp.o[0m
[1.484s] [ 30%] [32mBuilding CXX object CMakeFiles/ping_pong.dir/src/examples_rclcpp_cbg_executor/ping_node.cpp.o[0m
[1.532s] [ 40%] [32mBuilding CXX object CMakeFiles/ping_pong.dir/src/examples_rclcpp_cbg_executor/pong_node.cpp.o[0m
