[0.027s] Invoking command in '/home/clem/ros2_ws/build/examples_rclcpp_cbg_executor': CMAKE_PREFIX_PATH=/opt/ros/humble /usr/bin/cmake /home/clem/ros2_ws/src/examples/rclcpp/executors/cbg_executor -DAMENT_CMAKE_SYMLINK_INSTALL=1 -DCMAKE_INSTALL_PREFIX=/home/clem/ros2_ws/install/examples_rclcpp_cbg_executor
[0.040s] -- Found ament_cmake: 1.3.5 (/opt/ros/humble/share/ament_cmake/cmake)
[0.124s] -- Override CMake install command with custom implementation using symlinks instead of copying resources
[0.135s] -- Found rclcpp: 16.0.6 (/opt/ros/humble/share/rclcpp/cmake)
[0.155s] -- Found rosidl_generator_c: 3.1.5 (/opt/ros/humble/share/rosidl_generator_c/cmake)
[0.157s] -- Found rosidl_adapter: 3.1.5 (/opt/ros/humble/share/rosidl_adapter/cmake)
[0.163s] -- Found rosidl_generator_cpp: 3.1.5 (/opt/ros/humble/share/rosidl_generator_cpp/cmake)
[0.172s] -- Using all available rosidl_typesupport_c: rosidl_typesupport_fastrtps_c;rosidl_typesupport_introspection_c
[0.183s] -- Using all available rosidl_typesupport_cpp: rosidl_typesupport_fastrtps_cpp;rosidl_typesupport_introspection_cpp
[0.225s] -- Found rmw_implementation_cmake: 6.1.1 (/opt/ros/humble/share/rmw_implementation_cmake/cmake)
[0.226s] -- Found rmw_fastrtps_cpp: 6.2.4 (/opt/ros/humble/share/rmw_fastrtps_cpp/cmake)
[0.300s] -- Using RMW implementation 'rmw_fastrtps_cpp' as default
[0.405s] -- Found ament_lint_auto: 0.12.8 (/opt/ros/humble/share/ament_lint_auto/cmake)
[0.452s] -- Added test 'copyright' to check source files copyright and LICENSE
[0.453s] -- Added test 'cppcheck' to perform static code analysis on C / C++ code
[0.453s] -- Configured cppcheck include dirs: /home/clem/ros2_ws/src/examples/rclcpp/executors/cbg_executor/include
[0.453s] -- Configured cppcheck exclude dirs and/or files: 
[0.454s] -- Added test 'cpplint' to check C / C++ code against the Google style
[0.454s] -- Configured cpplint exclude dirs and/or files: 
[0.454s] -- Added test 'lint_cmake' to check CMake code style
[0.455s] -- Added test 'uncrustify' to check C / C++ code style
[0.455s] -- Configured uncrustify additional arguments: 
[0.455s] -- Added test 'xmllint' to check XML markup files
[0.457s] -- Configuring done
[0.468s] -- Generating done
[0.469s] -- Build files have been written to: /home/clem/ros2_ws/build/examples_rclcpp_cbg_executor
[0.474s] Invoked command in '/home/clem/ros2_ws/build/examples_rclcpp_cbg_executor' returned '0': CMAKE_PREFIX_PATH=/opt/ros/humble /usr/bin/cmake /home/clem/ros2_ws/src/examples/rclcpp/executors/cbg_executor -DAMENT_CMAKE_SYMLINK_INSTALL=1 -DCMAKE_INSTALL_PREFIX=/home/clem/ros2_ws/install/examples_rclcpp_cbg_executor
[0.475s] Invoking command in '/home/clem/ros2_ws/build/examples_rclcpp_cbg_executor': CMAKE_PREFIX_PATH=/opt/ros/humble /usr/bin/cmake --build /home/clem/ros2_ws/build/examples_rclcpp_cbg_executor -- -j16 -l16
[0.499s] [35m[1mConsolidate compiler generated dependencies of target ping[0m
[0.499s] [35m[1mConsolidate compiler generated dependencies of target ping_pong[0m
[0.499s] [35m[1mConsolidate compiler generated dependencies of target pong[0m
[0.517s] [ 30%] [32mBuilding CXX object CMakeFiles/pong.dir/src/examples_rclcpp_cbg_executor/pong_node.cpp.o[0m
[0.517s] [ 30%] [32mBuilding CXX object CMakeFiles/ping.dir/src/examples_rclcpp_cbg_executor/ping_node.cpp.o[0m
[0.517s] [ 30%] [32mBuilding CXX object CMakeFiles/ping_pong.dir/src/examples_rclcpp_cbg_executor/ping_node.cpp.o[0m
[0.518s] [ 40%] [32mBuilding CXX object CMakeFiles/ping_pong.dir/src/examples_rclcpp_cbg_executor/pong_node.cpp.o[0m
[6.277s] [ 50%] [32m[1mLinking CXX executable pong[0m
[6.536s] [ 60%] [32m[1mLinking CXX executable ping[0m
[6.566s] [ 70%] Built target pong
[6.750s] [ 80%] [32m[1mLinking CXX executable ping_pong[0m
[6.850s] [ 90%] Built target ping
[7.195s] [100%] Built target ping_pong
[7.206s] Invoked command in '/home/clem/ros2_ws/build/examples_rclcpp_cbg_executor' returned '0': CMAKE_PREFIX_PATH=/opt/ros/humble /usr/bin/cmake --build /home/clem/ros2_ws/build/examples_rclcpp_cbg_executor -- -j16 -l16
[7.240s] Invoking command in '/home/clem/ros2_ws/build/examples_rclcpp_cbg_executor': CMAKE_PREFIX_PATH=/opt/ros/humble /usr/bin/cmake --install /home/clem/ros2_ws/build/examples_rclcpp_cbg_executor
[7.246s] -- Install configuration: ""
[7.247s] -- Execute custom install script
[7.247s] -- Symlinking: /home/clem/ros2_ws/install/examples_rclcpp_cbg_executor/lib/examples_rclcpp_cbg_executor/ping
[7.256s] -- Symlinking: /home/clem/ros2_ws/install/examples_rclcpp_cbg_executor/lib/examples_rclcpp_cbg_executor/pong
[7.264s] -- Symlinking: /home/clem/ros2_ws/install/examples_rclcpp_cbg_executor/lib/examples_rclcpp_cbg_executor/ping_pong
[7.273s] -- Symlinking: /home/clem/ros2_ws/install/examples_rclcpp_cbg_executor/include/examples_rclcpp_cbg_executor/ping_node.hpp
[7.281s] -- Symlinking: /home/clem/ros2_ws/install/examples_rclcpp_cbg_executor/include/examples_rclcpp_cbg_executor/pong_node.hpp
[7.290s] -- Symlinking: /home/clem/ros2_ws/install/examples_rclcpp_cbg_executor/share/ament_index/resource_index/package_run_dependencies/examples_rclcpp_cbg_executor
[7.298s] -- Symlinking: /home/clem/ros2_ws/install/examples_rclcpp_cbg_executor/share/ament_index/resource_index/parent_prefix_path/examples_rclcpp_cbg_executor
[7.307s] -- Symlinking: /home/clem/ros2_ws/install/examples_rclcpp_cbg_executor/share/examples_rclcpp_cbg_executor/environment/ament_prefix_path.sh
[7.316s] -- Symlinking: /home/clem/ros2_ws/install/examples_rclcpp_cbg_executor/share/examples_rclcpp_cbg_executor/environment/ament_prefix_path.dsv
[7.324s] -- Symlinking: /home/clem/ros2_ws/install/examples_rclcpp_cbg_executor/share/examples_rclcpp_cbg_executor/environment/path.sh
[7.333s] -- Symlinking: /home/clem/ros2_ws/install/examples_rclcpp_cbg_executor/share/examples_rclcpp_cbg_executor/environment/path.dsv
[7.341s] -- Symlinking: /home/clem/ros2_ws/install/examples_rclcpp_cbg_executor/share/examples_rclcpp_cbg_executor/local_setup.bash
[7.349s] -- Symlinking: /home/clem/ros2_ws/install/examples_rclcpp_cbg_executor/share/examples_rclcpp_cbg_executor/local_setup.sh
[7.357s] -- Symlinking: /home/clem/ros2_ws/install/examples_rclcpp_cbg_executor/share/examples_rclcpp_cbg_executor/local_setup.zsh
[7.366s] -- Symlinking: /home/clem/ros2_ws/install/examples_rclcpp_cbg_executor/share/examples_rclcpp_cbg_executor/local_setup.dsv
[7.374s] -- Symlinking: /home/clem/ros2_ws/install/examples_rclcpp_cbg_executor/share/examples_rclcpp_cbg_executor/package.dsv
[7.383s] -- Symlinking: /home/clem/ros2_ws/install/examples_rclcpp_cbg_executor/share/ament_index/resource_index/packages/examples_rclcpp_cbg_executor
[7.391s] -- Symlinking: /home/clem/ros2_ws/install/examples_rclcpp_cbg_executor/share/examples_rclcpp_cbg_executor/cmake/ament_cmake_export_dependencies-extras.cmake
[7.399s] -- Symlinking: /home/clem/ros2_ws/install/examples_rclcpp_cbg_executor/share/examples_rclcpp_cbg_executor/cmake/examples_rclcpp_cbg_executorConfig.cmake
[7.408s] -- Symlinking: /home/clem/ros2_ws/install/examples_rclcpp_cbg_executor/share/examples_rclcpp_cbg_executor/cmake/examples_rclcpp_cbg_executorConfig-version.cmake
[7.417s] -- Symlinking: /home/clem/ros2_ws/install/examples_rclcpp_cbg_executor/share/examples_rclcpp_cbg_executor/package.xml
[7.428s] Invoked command in '/home/clem/ros2_ws/build/examples_rclcpp_cbg_executor' returned '0': CMAKE_PREFIX_PATH=/opt/ros/humble /usr/bin/cmake --install /home/clem/ros2_ws/build/examples_rclcpp_cbg_executor
