[0.024s] Invoking command in '/home/clem/ros2_ws/build/interface_acquisition': CMAKE_PREFIX_PATH=/opt/ros/humble /usr/bin/cmake /home/clem/ros2_ws/src/interface_acquisition -DCMAKE_INSTALL_PREFIX=/home/clem/ros2_ws/install/interface_acquisition
[0.033s] -- Found ament_cmake: 1.3.5 (/opt/ros/humble/share/ament_cmake/cmake)
[0.121s] -- Found ament_lint_auto: 0.12.8 (/opt/ros/humble/share/ament_lint_auto/cmake)
[0.159s] -- Found rosidl_default_generators: 1.2.0 (/opt/ros/humble/share/rosidl_default_generators/cmake)
[0.160s] -- Using all available rosidl_typesupport_c: rosidl_typesupport_fastrtps_c;rosidl_typesupport_introspection_c
[0.162s] -- Found rosidl_adapter: 3.1.5 (/opt/ros/humble/share/rosidl_adapter/cmake)
[0.179s] -- Using all available rosidl_typesupport_cpp: rosidl_typesupport_fastrtps_cpp;rosidl_typesupport_introspection_cpp
[0.304s] -- Found ament_cmake_ros: 0.10.0 (/opt/ros/humble/share/ament_cmake_ros/cmake)
[0.408s] -- Using all available rosidl_typesupport_c: rosidl_typesupport_fastrtps_c;rosidl_typesupport_introspection_c
[0.545s] -- Using all available rosidl_typesupport_cpp: rosidl_typesupport_fastrtps_cpp;rosidl_typesupport_introspection_cpp
[0.558s] -- Found PythonInterp: /usr/bin/python3 (found suitable version "3.10.12", minimum required is "3.6") 
[0.559s] -- Found python_cmake_module: 0.10.0 (/opt/ros/humble/share/python_cmake_module/cmake)
[0.574s] -- Found PythonLibs: /usr/lib/x86_64-linux-gnu/libpython3.10.so (found suitable version "3.10.12", minimum required is "3.5") 
[0.574s] -- Using PYTHON_EXECUTABLE: /usr/bin/python3
[0.574s] -- Using PYTHON_INCLUDE_DIRS: /usr/include/python3.10
[0.574s] -- Using PYTHON_LIBRARIES: /usr/lib/x86_64-linux-gnu/libpython3.10.so
[0.586s] -- Found PythonExtra: .so  
[0.608s] -- Added test 'cppcheck' to perform static code analysis on C / C++ code
[0.608s] -- Configured cppcheck include dirs: 
[0.608s] -- Configured cppcheck exclude dirs and/or files: 
[0.609s] -- Added test 'flake8' to check Python code syntax and style conventions
[0.610s] -- Added test 'lint_cmake' to check CMake code style
[0.610s] -- Added test 'pep257' to check Python code against some of the docstring style conventions in PEP 257
[0.613s] -- Added test 'uncrustify' to check C / C++ code style
[0.613s] -- Configured uncrustify additional arguments: 
[0.613s] -- Added test 'xmllint' to check XML markup files
[0.616s] -- Configuring done
[0.632s] -- Generating done
[0.633s] -- Build files have been written to: /home/clem/ros2_ws/build/interface_acquisition
[0.637s] Invoked command in '/home/clem/ros2_ws/build/interface_acquisition' returned '0': CMAKE_PREFIX_PATH=/opt/ros/humble /usr/bin/cmake /home/clem/ros2_ws/src/interface_acquisition -DCMAKE_INSTALL_PREFIX=/home/clem/ros2_ws/install/interface_acquisition
[0.639s] Invoking command in '/home/clem/ros2_ws/build/interface_acquisition': CMAKE_PREFIX_PATH=/opt/ros/humble /usr/bin/cmake --build /home/clem/ros2_ws/build/interface_acquisition -- -j16 -l16
[0.661s] [  2%] [34m[1mGenerating C code for ROS interfaces[0m
[0.669s] [  5%] [34m[1mGenerating C++ code for ROS interfaces[0m
[0.670s] [  5%] Built target ament_cmake_python_copy_interface_acquisition
[0.823s] running egg_info
[0.823s] creating interface_acquisition.egg-info
[0.823s] writing interface_acquisition.egg-info/PKG-INFO
[0.823s] writing dependency_links to interface_acquisition.egg-info/dependency_links.txt
[0.824s] writing top-level names to interface_acquisition.egg-info/top_level.txt
[0.824s] writing manifest file 'interface_acquisition.egg-info/SOURCES.txt'
[0.825s] reading manifest file 'interface_acquisition.egg-info/SOURCES.txt'
[0.825s] writing manifest file 'interface_acquisition.egg-info/SOURCES.txt'
[0.847s] [  5%] Built target ament_cmake_python_build_interface_acquisition_egg
[0.870s] [  5%] Built target interface_acquisition__cpp
[0.876s] [  7%] [34m[1mGenerating C++ type support for eProsima Fast-RTPS[0m
[0.876s] [ 10%] [34m[1mGenerating C++ type support dispatch for ROS interfaces[0m
[0.877s] [ 12%] [34m[1mGenerating C++ introspection for ROS interfaces[0m
[0.889s] [ 15%] [32mBuilding C object CMakeFiles/interface_acquisition__rosidl_generator_c.dir/rosidl_generator_c/interface_acquisition/srv/detail/creation_fichier_ply__functions.c.o[0m
[0.896s] [ 17%] [32mBuilding C object CMakeFiles/interface_acquisition__rosidl_generator_c.dir/rosidl_generator_c/interface_acquisition/msg/detail/num__functions.c.o[0m
[0.938s] [ 20%] [32m[1mLinking C shared library libinterface_acquisition__rosidl_generator_c.so[0m
[0.972s] [ 20%] Built target interface_acquisition__rosidl_generator_c
[0.978s] [ 23%] [34m[1mGenerating C type support for eProsima Fast-RTPS[0m
[0.982s] [ 25%] [34m[1mGenerating C introspection for ROS interfaces[0m
[0.984s] [ 28%] [34m[1mGenerating C type support dispatch for ROS interfaces[0m
[1.076s] [ 33%] [32mBuilding CXX object CMakeFiles/interface_acquisition__rosidl_typesupport_cpp.dir/rosidl_typesupport_cpp/interface_acquisition/msg/num__type_support.cpp.o[0m
[1.077s] [ 33%] [32mBuilding CXX object CMakeFiles/interface_acquisition__rosidl_typesupport_cpp.dir/rosidl_typesupport_cpp/interface_acquisition/srv/creation_fichier_ply__type_support.cpp.o[0m
[1.097s] [ 35%] [32mBuilding CXX object CMakeFiles/interface_acquisition__rosidl_typesupport_introspection_cpp.dir/rosidl_typesupport_introspection_cpp/interface_acquisition/msg/detail/num__type_support.cpp.o[0m
[1.099s] [ 38%] [32mBuilding CXX object CMakeFiles/interface_acquisition__rosidl_typesupport_introspection_cpp.dir/rosidl_typesupport_introspection_cpp/interface_acquisition/srv/detail/creation_fichier_ply__type_support.cpp.o[0m
[1.192s] [ 41%] [32mBuilding CXX object CMakeFiles/interface_acquisition__rosidl_typesupport_c.dir/rosidl_typesupport_c/interface_acquisition/msg/num__type_support.cpp.o[0m
[1.195s] [ 43%] [32mBuilding CXX object CMakeFiles/interface_acquisition__rosidl_typesupport_c.dir/rosidl_typesupport_c/interface_acquisition/srv/creation_fichier_ply__type_support.cpp.o[0m
[1.196s] [ 46%] [32mBuilding C object CMakeFiles/interface_acquisition__rosidl_typesupport_introspection_c.dir/rosidl_typesupport_introspection_c/interface_acquisition/msg/detail/num__type_support.c.o[0m
[1.199s] [ 48%] [32mBuilding CXX object CMakeFiles/interface_acquisition__rosidl_typesupport_fastrtps_c.dir/rosidl_typesupport_fastrtps_c/interface_acquisition/srv/detail/creation_fichier_ply__type_support_c.cpp.o[0m
[1.199s] [ 51%] [32mBuilding C object CMakeFiles/interface_acquisition__rosidl_typesupport_introspection_c.dir/rosidl_typesupport_introspection_c/interface_acquisition/srv/detail/creation_fichier_ply__type_support.c.o[0m
[1.200s] [ 53%] [32mBuilding CXX object CMakeFiles/interface_acquisition__rosidl_typesupport_fastrtps_c.dir/rosidl_typesupport_fastrtps_c/interface_acquisition/msg/detail/num__type_support_c.cpp.o[0m
[1.220s] [ 56%] [32m[1mLinking CXX shared library libinterface_acquisition__rosidl_typesupport_c.so[0m
[1.228s] [ 58%] [32mBuilding CXX object CMakeFiles/interface_acquisition__rosidl_typesupport_fastrtps_cpp.dir/rosidl_typesupport_fastrtps_cpp/interface_acquisition/srv/detail/dds_fastrtps/creation_fichier_ply__type_support.cpp.o[0m
[1.229s] [ 61%] [32mBuilding CXX object CMakeFiles/interface_acquisition__rosidl_typesupport_fastrtps_cpp.dir/rosidl_typesupport_fastrtps_cpp/interface_acquisition/msg/detail/dds_fastrtps/num__type_support.cpp.o[0m
[1.239s] [ 64%] [32m[1mLinking C shared library libinterface_acquisition__rosidl_typesupport_introspection_c.so[0m
[1.256s] [ 64%] Built target interface_acquisition__rosidl_typesupport_c
[1.266s] [ 64%] Built target interface_acquisition__rosidl_typesupport_introspection_c
[1.404s] [ 66%] [32m[1mLinking CXX shared library libinterface_acquisition__rosidl_typesupport_cpp.so[0m
[1.456s] [ 66%] Built target interface_acquisition__rosidl_typesupport_cpp
[1.486s] [ 69%] [32m[1mLinking CXX shared library libinterface_acquisition__rosidl_typesupport_introspection_cpp.so[0m
[1.514s] [ 69%] Built target interface_acquisition__rosidl_typesupport_introspection_cpp
[1.522s] [ 71%] [32m[1mLinking CXX shared library libinterface_acquisition__rosidl_typesupport_fastrtps_c.so[0m
[1.570s] [ 71%] Built target interface_acquisition__rosidl_typesupport_fastrtps_c
[1.585s] [ 74%] [32m[1mLinking CXX shared library libinterface_acquisition__rosidl_typesupport_fastrtps_cpp.so[0m
[1.626s] [ 74%] Built target interface_acquisition__rosidl_typesupport_fastrtps_cpp
[1.640s] [ 74%] Built target interface_acquisition
[1.656s] [ 76%] [34m[1mGenerating Python code for ROS interfaces[0m
[1.944s] [ 76%] Built target interface_acquisition__py
[1.954s] [ 79%] [32mBuilding C object CMakeFiles/interface_acquisition__rosidl_generator_py.dir/rosidl_generator_py/interface_acquisition/srv/_creation_fichier_ply_s.c.o[0m
[1.956s] [ 82%] [32mBuilding C object CMakeFiles/interface_acquisition__rosidl_generator_py.dir/rosidl_generator_py/interface_acquisition/msg/_num_s.c.o[0m
[2.027s] [ 84%] [32m[1mLinking C shared library rosidl_generator_py/interface_acquisition/libinterface_acquisition__rosidl_generator_py.so[0m
[2.050s] [ 84%] Built target interface_acquisition__rosidl_generator_py
[2.061s] [ 87%] [32mBuilding C object CMakeFiles/interface_acquisition__rosidl_typesupport_fastrtps_c__pyext.dir/rosidl_generator_py/interface_acquisition/_interface_acquisition_s.ep.rosidl_typesupport_fastrtps_c.c.o[0m
[2.061s] [ 89%] [32mBuilding C object CMakeFiles/interface_acquisition__rosidl_typesupport_introspection_c__pyext.dir/rosidl_generator_py/interface_acquisition/_interface_acquisition_s.ep.rosidl_typesupport_introspection_c.c.o[0m
[2.062s] [ 92%] [32mBuilding C object CMakeFiles/interface_acquisition__rosidl_typesupport_c__pyext.dir/rosidl_generator_py/interface_acquisition/_interface_acquisition_s.ep.rosidl_typesupport_c.c.o[0m
[2.126s] [ 94%] [32m[1mLinking C shared library rosidl_generator_py/interface_acquisition/interface_acquisition_s__rosidl_typesupport_fastrtps_c.cpython-310-x86_64-linux-gnu.so[0m
[2.128s] [100%] [32m[1mLinking C shared library rosidl_generator_py/interface_acquisition/interface_acquisition_s__rosidl_typesupport_introspection_c.cpython-310-x86_64-linux-gnu.so[0m
[2.129s] [ 97%] [32m[1mLinking C shared library rosidl_generator_py/interface_acquisition/interface_acquisition_s__rosidl_typesupport_c.cpython-310-x86_64-linux-gnu.so[0m
[2.149s] [100%] Built target interface_acquisition__rosidl_typesupport_fastrtps_c__pyext
[2.149s] [100%] Built target interface_acquisition__rosidl_typesupport_introspection_c__pyext
[2.153s] [100%] Built target interface_acquisition__rosidl_typesupport_c__pyext
[2.160s] Invoked command in '/home/clem/ros2_ws/build/interface_acquisition' returned '0': CMAKE_PREFIX_PATH=/opt/ros/humble /usr/bin/cmake --build /home/clem/ros2_ws/build/interface_acquisition -- -j16 -l16
[2.223s] Invoking command in '/home/clem/ros2_ws/build/interface_acquisition': CMAKE_PREFIX_PATH=/opt/ros/humble /usr/bin/cmake --install /home/clem/ros2_ws/build/interface_acquisition
[2.227s] -- Install configuration: ""
[2.227s] -- Installing: /home/clem/ros2_ws/install/interface_acquisition/share/ament_index/resource_index/rosidl_interfaces/interface_acquisition
[2.227s] -- Installing: /home/clem/ros2_ws/install/interface_acquisition/include/interface_acquisition/interface_acquisition
[2.227s] -- Installing: /home/clem/ros2_ws/install/interface_acquisition/include/interface_acquisition/interface_acquisition/srv
[2.227s] -- Installing: /home/clem/ros2_ws/install/interface_acquisition/include/interface_acquisition/interface_acquisition/srv/creation_fichier_ply.h
[2.227s] -- Installing: /home/clem/ros2_ws/install/interface_acquisition/include/interface_acquisition/interface_acquisition/srv/detail
[2.227s] -- Installing: /home/clem/ros2_ws/install/interface_acquisition/include/interface_acquisition/interface_acquisition/srv/detail/creation_fichier_ply__struct.h
[2.228s] -- Installing: /home/clem/ros2_ws/install/interface_acquisition/include/interface_acquisition/interface_acquisition/srv/detail/creation_fichier_ply__type_support.h
[2.228s] -- Installing: /home/clem/ros2_ws/install/interface_acquisition/include/interface_acquisition/interface_acquisition/srv/detail/creation_fichier_ply__functions.c
[2.228s] -- Installing: /home/clem/ros2_ws/install/interface_acquisition/include/interface_acquisition/interface_acquisition/srv/detail/creation_fichier_ply__functions.h
[2.228s] -- Installing: /home/clem/ros2_ws/install/interface_acquisition/include/interface_acquisition/interface_acquisition/msg
[2.228s] -- Installing: /home/clem/ros2_ws/install/interface_acquisition/include/interface_acquisition/interface_acquisition/msg/rosidl_generator_c__visibility_control.h
[2.228s] -- Installing: /home/clem/ros2_ws/install/interface_acquisition/include/interface_acquisition/interface_acquisition/msg/detail
[2.228s] -- Installing: /home/clem/ros2_ws/install/interface_acquisition/include/interface_acquisition/interface_acquisition/msg/detail/num__struct.h
[2.228s] -- Installing: /home/clem/ros2_ws/install/interface_acquisition/include/interface_acquisition/interface_acquisition/msg/detail/num__type_support.h
[2.228s] -- Installing: /home/clem/ros2_ws/install/interface_acquisition/include/interface_acquisition/interface_acquisition/msg/detail/num__functions.c
[2.228s] -- Installing: /home/clem/ros2_ws/install/interface_acquisition/include/interface_acquisition/interface_acquisition/msg/detail/num__functions.h
[2.228s] -- Installing: /home/clem/ros2_ws/install/interface_acquisition/include/interface_acquisition/interface_acquisition/msg/num.h
[2.228s] -- Installing: /home/clem/ros2_ws/install/interface_acquisition/share/interface_acquisition/environment/library_path.sh
[2.228s] -- Installing: /home/clem/ros2_ws/install/interface_acquisition/share/interface_acquisition/environment/library_path.dsv
[2.228s] -- Installing: /home/clem/ros2_ws/install/interface_acquisition/lib/libinterface_acquisition__rosidl_generator_c.so
[2.229s] -- Set runtime path of "/home/clem/ros2_ws/install/interface_acquisition/lib/libinterface_acquisition__rosidl_generator_c.so" to ""
[2.229s] -- Up-to-date: /home/clem/ros2_ws/install/interface_acquisition/include/interface_acquisition/interface_acquisition
[2.229s] -- Up-to-date: /home/clem/ros2_ws/install/interface_acquisition/include/interface_acquisition/interface_acquisition/srv
[2.229s] -- Up-to-date: /home/clem/ros2_ws/install/interface_acquisition/include/interface_acquisition/interface_acquisition/srv/detail
[2.229s] -- Installing: /home/clem/ros2_ws/install/interface_acquisition/include/interface_acquisition/interface_acquisition/srv/detail/creation_fichier_ply__rosidl_typesupport_fastrtps_c.h
[2.229s] -- Up-to-date: /home/clem/ros2_ws/install/interface_acquisition/include/interface_acquisition/interface_acquisition/msg
[2.229s] -- Installing: /home/clem/ros2_ws/install/interface_acquisition/include/interface_acquisition/interface_acquisition/msg/rosidl_typesupport_fastrtps_c__visibility_control.h
[2.229s] -- Up-to-date: /home/clem/ros2_ws/install/interface_acquisition/include/interface_acquisition/interface_acquisition/msg/detail
[2.229s] -- Installing: /home/clem/ros2_ws/install/interface_acquisition/include/interface_acquisition/interface_acquisition/msg/detail/num__rosidl_typesupport_fastrtps_c.h
[2.229s] -- Installing: /home/clem/ros2_ws/install/interface_acquisition/lib/libinterface_acquisition__rosidl_typesupport_fastrtps_c.so
[2.229s] -- Set runtime path of "/home/clem/ros2_ws/install/interface_acquisition/lib/libinterface_acquisition__rosidl_typesupport_fastrtps_c.so" to ""
[2.229s] -- Up-to-date: /home/clem/ros2_ws/install/interface_acquisition/include/interface_acquisition/interface_acquisition
[2.229s] -- Up-to-date: /home/clem/ros2_ws/install/interface_acquisition/include/interface_acquisition/interface_acquisition/srv
[2.229s] -- Up-to-date: /home/clem/ros2_ws/install/interface_acquisition/include/interface_acquisition/interface_acquisition/srv/detail
[2.230s] -- Installing: /home/clem/ros2_ws/install/interface_acquisition/include/interface_acquisition/interface_acquisition/srv/detail/creation_fichier_ply__rosidl_typesupport_introspection_c.h
[2.230s] -- Installing: /home/clem/ros2_ws/install/interface_acquisition/include/interface_acquisition/interface_acquisition/srv/detail/creation_fichier_ply__type_support.c
[2.230s] -- Up-to-date: /home/clem/ros2_ws/install/interface_acquisition/include/interface_acquisition/interface_acquisition/msg
[2.230s] -- Up-to-date: /home/clem/ros2_ws/install/interface_acquisition/include/interface_acquisition/interface_acquisition/msg/detail
[2.230s] -- Installing: /home/clem/ros2_ws/install/interface_acquisition/include/interface_acquisition/interface_acquisition/msg/detail/num__rosidl_typesupport_introspection_c.h
[2.230s] -- Installing: /home/clem/ros2_ws/install/interface_acquisition/include/interface_acquisition/interface_acquisition/msg/detail/num__type_support.c
[2.230s] -- Installing: /home/clem/ros2_ws/install/interface_acquisition/include/interface_acquisition/interface_acquisition/msg/rosidl_typesupport_introspection_c__visibility_control.h
[2.230s] -- Installing: /home/clem/ros2_ws/install/interface_acquisition/lib/libinterface_acquisition__rosidl_typesupport_introspection_c.so
[2.230s] -- Set runtime path of "/home/clem/ros2_ws/install/interface_acquisition/lib/libinterface_acquisition__rosidl_typesupport_introspection_c.so" to ""
[2.230s] -- Installing: /home/clem/ros2_ws/install/interface_acquisition/lib/libinterface_acquisition__rosidl_typesupport_c.so
[2.230s] -- Set runtime path of "/home/clem/ros2_ws/install/interface_acquisition/lib/libinterface_acquisition__rosidl_typesupport_c.so" to ""
[2.230s] -- Up-to-date: /home/clem/ros2_ws/install/interface_acquisition/include/interface_acquisition/interface_acquisition
[2.230s] -- Up-to-date: /home/clem/ros2_ws/install/interface_acquisition/include/interface_acquisition/interface_acquisition/srv
[2.230s] -- Up-to-date: /home/clem/ros2_ws/install/interface_acquisition/include/interface_acquisition/interface_acquisition/srv/detail
[2.231s] -- Installing: /home/clem/ros2_ws/install/interface_acquisition/include/interface_acquisition/interface_acquisition/srv/detail/creation_fichier_ply__struct.hpp
[2.231s] -- Installing: /home/clem/ros2_ws/install/interface_acquisition/include/interface_acquisition/interface_acquisition/srv/detail/creation_fichier_ply__builder.hpp
[2.231s] -- Installing: /home/clem/ros2_ws/install/interface_acquisition/include/interface_acquisition/interface_acquisition/srv/detail/creation_fichier_ply__traits.hpp
[2.231s] -- Installing: /home/clem/ros2_ws/install/interface_acquisition/include/interface_acquisition/interface_acquisition/srv/creation_fichier_ply.hpp
[2.231s] -- Up-to-date: /home/clem/ros2_ws/install/interface_acquisition/include/interface_acquisition/interface_acquisition/msg
[2.231s] -- Up-to-date: /home/clem/ros2_ws/install/interface_acquisition/include/interface_acquisition/interface_acquisition/msg/detail
[2.231s] -- Installing: /home/clem/ros2_ws/install/interface_acquisition/include/interface_acquisition/interface_acquisition/msg/detail/num__traits.hpp
[2.231s] -- Installing: /home/clem/ros2_ws/install/interface_acquisition/include/interface_acquisition/interface_acquisition/msg/detail/num__struct.hpp
[2.231s] -- Installing: /home/clem/ros2_ws/install/interface_acquisition/include/interface_acquisition/interface_acquisition/msg/detail/num__builder.hpp
[2.231s] -- Installing: /home/clem/ros2_ws/install/interface_acquisition/include/interface_acquisition/interface_acquisition/msg/num.hpp
[2.231s] -- Up-to-date: /home/clem/ros2_ws/install/interface_acquisition/include/interface_acquisition/interface_acquisition
[2.232s] -- Up-to-date: /home/clem/ros2_ws/install/interface_acquisition/include/interface_acquisition/interface_acquisition/srv
[2.232s] -- Up-to-date: /home/clem/ros2_ws/install/interface_acquisition/include/interface_acquisition/interface_acquisition/srv/detail
[2.232s] -- Installing: /home/clem/ros2_ws/install/interface_acquisition/include/interface_acquisition/interface_acquisition/srv/detail/dds_fastrtps
[2.232s] -- Installing: /home/clem/ros2_ws/install/interface_acquisition/include/interface_acquisition/interface_acquisition/srv/detail/creation_fichier_ply__rosidl_typesupport_fastrtps_cpp.hpp
[2.232s] -- Up-to-date: /home/clem/ros2_ws/install/interface_acquisition/include/interface_acquisition/interface_acquisition/msg
[2.232s] -- Installing: /home/clem/ros2_ws/install/interface_acquisition/include/interface_acquisition/interface_acquisition/msg/rosidl_typesupport_fastrtps_cpp__visibility_control.h
[2.232s] -- Up-to-date: /home/clem/ros2_ws/install/interface_acquisition/include/interface_acquisition/interface_acquisition/msg/detail
[2.232s] -- Installing: /home/clem/ros2_ws/install/interface_acquisition/include/interface_acquisition/interface_acquisition/msg/detail/dds_fastrtps
[2.232s] -- Installing: /home/clem/ros2_ws/install/interface_acquisition/include/interface_acquisition/interface_acquisition/msg/detail/num__rosidl_typesupport_fastrtps_cpp.hpp
[2.232s] -- Installing: /home/clem/ros2_ws/install/interface_acquisition/lib/libinterface_acquisition__rosidl_typesupport_fastrtps_cpp.so
[2.232s] -- Set runtime path of "/home/clem/ros2_ws/install/interface_acquisition/lib/libinterface_acquisition__rosidl_typesupport_fastrtps_cpp.so" to ""
[2.232s] -- Up-to-date: /home/clem/ros2_ws/install/interface_acquisition/include/interface_acquisition/interface_acquisition
[2.232s] -- Up-to-date: /home/clem/ros2_ws/install/interface_acquisition/include/interface_acquisition/interface_acquisition/srv
[2.232s] -- Up-to-date: /home/clem/ros2_ws/install/interface_acquisition/include/interface_acquisition/interface_acquisition/srv/detail
[2.232s] -- Installing: /home/clem/ros2_ws/install/interface_acquisition/include/interface_acquisition/interface_acquisition/srv/detail/creation_fichier_ply__rosidl_typesupport_introspection_cpp.hpp
[2.232s] -- Installing: /home/clem/ros2_ws/install/interface_acquisition/include/interface_acquisition/interface_acquisition/srv/detail/creation_fichier_ply__type_support.cpp
[2.232s] -- Up-to-date: /home/clem/ros2_ws/install/interface_acquisition/include/interface_acquisition/interface_acquisition/msg
[2.233s] -- Up-to-date: /home/clem/ros2_ws/install/interface_acquisition/include/interface_acquisition/interface_acquisition/msg/detail
[2.233s] -- Installing: /home/clem/ros2_ws/install/interface_acquisition/include/interface_acquisition/interface_acquisition/msg/detail/num__rosidl_typesupport_introspection_cpp.hpp
[2.233s] -- Installing: /home/clem/ros2_ws/install/interface_acquisition/include/interface_acquisition/interface_acquisition/msg/detail/num__type_support.cpp
[2.233s] -- Installing: /home/clem/ros2_ws/install/interface_acquisition/lib/libinterface_acquisition__rosidl_typesupport_introspection_cpp.so
[2.233s] -- Set runtime path of "/home/clem/ros2_ws/install/interface_acquisition/lib/libinterface_acquisition__rosidl_typesupport_introspection_cpp.so" to ""
[2.233s] -- Installing: /home/clem/ros2_ws/install/interface_acquisition/lib/libinterface_acquisition__rosidl_typesupport_cpp.so
[2.233s] -- Set runtime path of "/home/clem/ros2_ws/install/interface_acquisition/lib/libinterface_acquisition__rosidl_typesupport_cpp.so" to ""
[2.233s] -- Installing: /home/clem/ros2_ws/install/interface_acquisition/share/interface_acquisition/environment/pythonpath.sh
[2.233s] -- Installing: /home/clem/ros2_ws/install/interface_acquisition/share/interface_acquisition/environment/pythonpath.dsv
[2.233s] -- Installing: /home/clem/ros2_ws/install/interface_acquisition/local/lib/python3.10/dist-packages/interface_acquisition-0.0.0-py3.10.egg-info
[2.233s] -- Installing: /home/clem/ros2_ws/install/interface_acquisition/local/lib/python3.10/dist-packages/interface_acquisition-0.0.0-py3.10.egg-info/PKG-INFO
[2.233s] -- Installing: /home/clem/ros2_ws/install/interface_acquisition/local/lib/python3.10/dist-packages/interface_acquisition-0.0.0-py3.10.egg-info/top_level.txt
[2.233s] -- Installing: /home/clem/ros2_ws/install/interface_acquisition/local/lib/python3.10/dist-packages/interface_acquisition-0.0.0-py3.10.egg-info/SOURCES.txt
[2.233s] -- Installing: /home/clem/ros2_ws/install/interface_acquisition/local/lib/python3.10/dist-packages/interface_acquisition-0.0.0-py3.10.egg-info/dependency_links.txt
[2.233s] -- Installing: /home/clem/ros2_ws/install/interface_acquisition/local/lib/python3.10/dist-packages/interface_acquisition
[2.233s] -- Installing: /home/clem/ros2_ws/install/interface_acquisition/local/lib/python3.10/dist-packages/interface_acquisition/libinterface_acquisition__rosidl_generator_py.so
[2.233s] -- Installing: /home/clem/ros2_ws/install/interface_acquisition/local/lib/python3.10/dist-packages/interface_acquisition/interface_acquisition_s__rosidl_typesupport_introspection_c.cpython-310-x86_64-linux-gnu.so
[2.234s] -- Installing: /home/clem/ros2_ws/install/interface_acquisition/local/lib/python3.10/dist-packages/interface_acquisition/interface_acquisition_s__rosidl_typesupport_c.cpython-310-x86_64-linux-gnu.so
[2.234s] -- Installing: /home/clem/ros2_ws/install/interface_acquisition/local/lib/python3.10/dist-packages/interface_acquisition/interface_acquisition_s__rosidl_typesupport_fastrtps_c.cpython-310-x86_64-linux-gnu.so
[2.234s] -- Installing: /home/clem/ros2_ws/install/interface_acquisition/local/lib/python3.10/dist-packages/interface_acquisition/srv
[2.234s] -- Installing: /home/clem/ros2_ws/install/interface_acquisition/local/lib/python3.10/dist-packages/interface_acquisition/srv/_creation_fichier_ply.py
[2.234s] -- Installing: /home/clem/ros2_ws/install/interface_acquisition/local/lib/python3.10/dist-packages/interface_acquisition/srv/__init__.py
[2.234s] -- Installing: /home/clem/ros2_ws/install/interface_acquisition/local/lib/python3.10/dist-packages/interface_acquisition/srv/_creation_fichier_ply_s.c
[2.234s] -- Installing: /home/clem/ros2_ws/install/interface_acquisition/local/lib/python3.10/dist-packages/interface_acquisition/msg
[2.234s] -- Installing: /home/clem/ros2_ws/install/interface_acquisition/local/lib/python3.10/dist-packages/interface_acquisition/msg/_num_s.c
[2.234s] -- Installing: /home/clem/ros2_ws/install/interface_acquisition/local/lib/python3.10/dist-packages/interface_acquisition/msg/__init__.py
[2.234s] -- Installing: /home/clem/ros2_ws/install/interface_acquisition/local/lib/python3.10/dist-packages/interface_acquisition/msg/_num.py
[2.234s] -- Installing: /home/clem/ros2_ws/install/interface_acquisition/local/lib/python3.10/dist-packages/interface_acquisition/_interface_acquisition_s.ep.rosidl_typesupport_introspection_c.c
[2.234s] -- Installing: /home/clem/ros2_ws/install/interface_acquisition/local/lib/python3.10/dist-packages/interface_acquisition/__init__.py
[2.234s] -- Installing: /home/clem/ros2_ws/install/interface_acquisition/local/lib/python3.10/dist-packages/interface_acquisition/_interface_acquisition_s.ep.rosidl_typesupport_fastrtps_c.c
[2.234s] -- Installing: /home/clem/ros2_ws/install/interface_acquisition/local/lib/python3.10/dist-packages/interface_acquisition/_interface_acquisition_s.ep.rosidl_typesupport_c.c
[2.254s] Listing '/home/clem/ros2_ws/install/interface_acquisition/local/lib/python3.10/dist-packages/interface_acquisition'...
[2.254s] Compiling '/home/clem/ros2_ws/install/interface_acquisition/local/lib/python3.10/dist-packages/interface_acquisition/__init__.py'...
[2.254s] Listing '/home/clem/ros2_ws/install/interface_acquisition/local/lib/python3.10/dist-packages/interface_acquisition/msg'...
[2.254s] Compiling '/home/clem/ros2_ws/install/interface_acquisition/local/lib/python3.10/dist-packages/interface_acquisition/msg/__init__.py'...
[2.254s] Compiling '/home/clem/ros2_ws/install/interface_acquisition/local/lib/python3.10/dist-packages/interface_acquisition/msg/_num.py'...
[2.254s] Listing '/home/clem/ros2_ws/install/interface_acquisition/local/lib/python3.10/dist-packages/interface_acquisition/srv'...
[2.254s] Compiling '/home/clem/ros2_ws/install/interface_acquisition/local/lib/python3.10/dist-packages/interface_acquisition/srv/__init__.py'...
[2.254s] Compiling '/home/clem/ros2_ws/install/interface_acquisition/local/lib/python3.10/dist-packages/interface_acquisition/srv/_creation_fichier_ply.py'...
[2.257s] -- Installing: /home/clem/ros2_ws/install/interface_acquisition/local/lib/python3.10/dist-packages/interface_acquisition/interface_acquisition_s__rosidl_typesupport_fastrtps_c.cpython-310-x86_64-linux-gnu.so
[2.257s] -- Set runtime path of "/home/clem/ros2_ws/install/interface_acquisition/local/lib/python3.10/dist-packages/interface_acquisition/interface_acquisition_s__rosidl_typesupport_fastrtps_c.cpython-310-x86_64-linux-gnu.so" to ""
[2.257s] -- Installing: /home/clem/ros2_ws/install/interface_acquisition/local/lib/python3.10/dist-packages/interface_acquisition/interface_acquisition_s__rosidl_typesupport_introspection_c.cpython-310-x86_64-linux-gnu.so
[2.257s] -- Set runtime path of "/home/clem/ros2_ws/install/interface_acquisition/local/lib/python3.10/dist-packages/interface_acquisition/interface_acquisition_s__rosidl_typesupport_introspection_c.cpython-310-x86_64-linux-gnu.so" to ""
[2.257s] -- Installing: /home/clem/ros2_ws/install/interface_acquisition/local/lib/python3.10/dist-packages/interface_acquisition/interface_acquisition_s__rosidl_typesupport_c.cpython-310-x86_64-linux-gnu.so
[2.258s] -- Set runtime path of "/home/clem/ros2_ws/install/interface_acquisition/local/lib/python3.10/dist-packages/interface_acquisition/interface_acquisition_s__rosidl_typesupport_c.cpython-310-x86_64-linux-gnu.so" to ""
[2.258s] -- Installing: /home/clem/ros2_ws/install/interface_acquisition/lib/libinterface_acquisition__rosidl_generator_py.so
[2.258s] -- Set runtime path of "/home/clem/ros2_ws/install/interface_acquisition/lib/libinterface_acquisition__rosidl_generator_py.so" to ""
[2.258s] -- Installing: /home/clem/ros2_ws/install/interface_acquisition/share/interface_acquisition/msg/Num.idl
[2.258s] -- Installing: /home/clem/ros2_ws/install/interface_acquisition/share/interface_acquisition/srv/CreationFichierPly.idl
[2.258s] -- Installing: /home/clem/ros2_ws/install/interface_acquisition/share/interface_acquisition/msg/Num.msg
[2.258s] -- Installing: /home/clem/ros2_ws/install/interface_acquisition/share/interface_acquisition/srv/CreationFichierPly.srv
[2.258s] -- Installing: /home/clem/ros2_ws/install/interface_acquisition/share/interface_acquisition/srv/CreationFichierPly_Request.msg
[2.258s] -- Installing: /home/clem/ros2_ws/install/interface_acquisition/share/interface_acquisition/srv/CreationFichierPly_Response.msg
[2.258s] -- Installing: /home/clem/ros2_ws/install/interface_acquisition/share/ament_index/resource_index/package_run_dependencies/interface_acquisition
[2.258s] -- Installing: /home/clem/ros2_ws/install/interface_acquisition/share/ament_index/resource_index/parent_prefix_path/interface_acquisition
[2.258s] -- Installing: /home/clem/ros2_ws/install/interface_acquisition/share/interface_acquisition/environment/ament_prefix_path.sh
[2.258s] -- Installing: /home/clem/ros2_ws/install/interface_acquisition/share/interface_acquisition/environment/ament_prefix_path.dsv
[2.258s] -- Installing: /home/clem/ros2_ws/install/interface_acquisition/share/interface_acquisition/environment/path.sh
[2.258s] -- Installing: /home/clem/ros2_ws/install/interface_acquisition/share/interface_acquisition/environment/path.dsv
[2.258s] -- Installing: /home/clem/ros2_ws/install/interface_acquisition/share/interface_acquisition/local_setup.bash
[2.258s] -- Installing: /home/clem/ros2_ws/install/interface_acquisition/share/interface_acquisition/local_setup.sh
[2.258s] -- Installing: /home/clem/ros2_ws/install/interface_acquisition/share/interface_acquisition/local_setup.zsh
[2.259s] -- Installing: /home/clem/ros2_ws/install/interface_acquisition/share/interface_acquisition/local_setup.dsv
[2.259s] -- Installing: /home/clem/ros2_ws/install/interface_acquisition/share/interface_acquisition/package.dsv
[2.259s] -- Installing: /home/clem/ros2_ws/install/interface_acquisition/share/ament_index/resource_index/packages/interface_acquisition
[2.259s] -- Installing: /home/clem/ros2_ws/install/interface_acquisition/share/interface_acquisition/cmake/export_interface_acquisition__rosidl_generator_cExport.cmake
[2.259s] -- Installing: /home/clem/ros2_ws/install/interface_acquisition/share/interface_acquisition/cmake/export_interface_acquisition__rosidl_generator_cExport-noconfig.cmake
[2.259s] -- Installing: /home/clem/ros2_ws/install/interface_acquisition/share/interface_acquisition/cmake/export_interface_acquisition__rosidl_typesupport_fastrtps_cExport.cmake
[2.259s] -- Installing: /home/clem/ros2_ws/install/interface_acquisition/share/interface_acquisition/cmake/export_interface_acquisition__rosidl_typesupport_fastrtps_cExport-noconfig.cmake
[2.259s] -- Installing: /home/clem/ros2_ws/install/interface_acquisition/share/interface_acquisition/cmake/interface_acquisition__rosidl_typesupport_introspection_cExport.cmake
[2.259s] -- Installing: /home/clem/ros2_ws/install/interface_acquisition/share/interface_acquisition/cmake/interface_acquisition__rosidl_typesupport_introspection_cExport-noconfig.cmake
[2.259s] -- Installing: /home/clem/ros2_ws/install/interface_acquisition/share/interface_acquisition/cmake/interface_acquisition__rosidl_typesupport_cExport.cmake
[2.259s] -- Installing: /home/clem/ros2_ws/install/interface_acquisition/share/interface_acquisition/cmake/interface_acquisition__rosidl_typesupport_cExport-noconfig.cmake
[2.259s] -- Installing: /home/clem/ros2_ws/install/interface_acquisition/share/interface_acquisition/cmake/export_interface_acquisition__rosidl_generator_cppExport.cmake
[2.259s] -- Installing: /home/clem/ros2_ws/install/interface_acquisition/share/interface_acquisition/cmake/export_interface_acquisition__rosidl_typesupport_fastrtps_cppExport.cmake
[2.259s] -- Installing: /home/clem/ros2_ws/install/interface_acquisition/share/interface_acquisition/cmake/export_interface_acquisition__rosidl_typesupport_fastrtps_cppExport-noconfig.cmake
[2.259s] -- Installing: /home/clem/ros2_ws/install/interface_acquisition/share/interface_acquisition/cmake/interface_acquisition__rosidl_typesupport_introspection_cppExport.cmake
[2.259s] -- Installing: /home/clem/ros2_ws/install/interface_acquisition/share/interface_acquisition/cmake/interface_acquisition__rosidl_typesupport_introspection_cppExport-noconfig.cmake
[2.259s] -- Installing: /home/clem/ros2_ws/install/interface_acquisition/share/interface_acquisition/cmake/interface_acquisition__rosidl_typesupport_cppExport.cmake
[2.259s] -- Installing: /home/clem/ros2_ws/install/interface_acquisition/share/interface_acquisition/cmake/interface_acquisition__rosidl_typesupport_cppExport-noconfig.cmake
[2.260s] -- Installing: /home/clem/ros2_ws/install/interface_acquisition/share/interface_acquisition/cmake/export_interface_acquisition__rosidl_generator_pyExport.cmake
[2.260s] -- Installing: /home/clem/ros2_ws/install/interface_acquisition/share/interface_acquisition/cmake/export_interface_acquisition__rosidl_generator_pyExport-noconfig.cmake
[2.260s] -- Installing: /home/clem/ros2_ws/install/interface_acquisition/share/interface_acquisition/cmake/rosidl_cmake-extras.cmake
[2.260s] -- Installing: /home/clem/ros2_ws/install/interface_acquisition/share/interface_acquisition/cmake/ament_cmake_export_include_directories-extras.cmake
[2.260s] -- Installing: /home/clem/ros2_ws/install/interface_acquisition/share/interface_acquisition/cmake/ament_cmake_export_libraries-extras.cmake
[2.260s] -- Installing: /home/clem/ros2_ws/install/interface_acquisition/share/interface_acquisition/cmake/ament_cmake_export_targets-extras.cmake
[2.260s] -- Installing: /home/clem/ros2_ws/install/interface_acquisition/share/interface_acquisition/cmake/rosidl_cmake_export_typesupport_targets-extras.cmake
[2.260s] -- Installing: /home/clem/ros2_ws/install/interface_acquisition/share/interface_acquisition/cmake/ament_cmake_export_dependencies-extras.cmake
[2.260s] -- Installing: /home/clem/ros2_ws/install/interface_acquisition/share/interface_acquisition/cmake/rosidl_cmake_export_typesupport_libraries-extras.cmake
[2.260s] -- Installing: /home/clem/ros2_ws/install/interface_acquisition/share/interface_acquisition/cmake/interface_acquisitionConfig.cmake
[2.260s] -- Installing: /home/clem/ros2_ws/install/interface_acquisition/share/interface_acquisition/cmake/interface_acquisitionConfig-version.cmake
[2.260s] -- Installing: /home/clem/ros2_ws/install/interface_acquisition/share/interface_acquisition/package.xml
[2.262s] Invoked command in '/home/clem/ros2_ws/build/interface_acquisition' returned '0': CMAKE_PREFIX_PATH=/opt/ros/humble /usr/bin/cmake --install /home/clem/ros2_ws/build/interface_acquisition
