[0.033s] Invoking command in '/home/clem/ros2_ws/build/examples_rclcpp_wait_set': CMAKE_PREFIX_PATH=/opt/ros/humble /usr/bin/cmake /home/clem/ros2_ws/src/examples/rclcpp/wait_set -DAMENT_CMAKE_SYMLINK_INSTALL=1 -DCMAKE_INSTALL_PREFIX=/home/clem/ros2_ws/install/examples_rclcpp_wait_set
[0.043s] -- Found ament_cmake: 1.3.5 (/opt/ros/humble/share/ament_cmake/cmake)
[0.149s] -- Override CMake install command with custom implementation using symlinks instead of copying resources
[0.154s] -- Found example_interfaces: 0.9.3 (/opt/ros/humble/share/example_interfaces/cmake)
[0.173s] -- Found rosidl_generator_c: 3.1.5 (/opt/ros/humble/share/rosidl_generator_c/cmake)
[0.175s] -- Found rosidl_adapter: 3.1.5 (/opt/ros/humble/share/rosidl_adapter/cmake)
[0.180s] -- Found rosidl_generator_cpp: 3.1.5 (/opt/ros/humble/share/rosidl_generator_cpp/cmake)
[0.189s] -- Using all available rosidl_typesupport_c: rosidl_typesupport_fastrtps_c;rosidl_typesupport_introspection_c
[0.201s] -- Using all available rosidl_typesupport_cpp: rosidl_typesupport_fastrtps_cpp;rosidl_typesupport_introspection_cpp
[0.324s] -- Found rclcpp: 16.0.6 (/opt/ros/humble/share/rclcpp/cmake)
[0.364s] -- Found rmw_implementation_cmake: 6.1.1 (/opt/ros/humble/share/rmw_implementation_cmake/cmake)
[0.365s] -- Found rmw_fastrtps_cpp: 6.2.4 (/opt/ros/humble/share/rmw_fastrtps_cpp/cmake)
[0.455s] -- Using RMW implementation 'rmw_fastrtps_cpp' as default
[0.586s] -- Found rclcpp_components: 16.0.6 (/opt/ros/humble/share/rclcpp_components/cmake)
[0.651s] -- Found ament_lint_auto: 0.12.8 (/opt/ros/humble/share/ament_lint_auto/cmake)
[0.706s] -- Added test 'copyright' to check source files copyright and LICENSE
[0.707s] -- Added test 'cppcheck' to perform static code analysis on C / C++ code
[0.707s] -- Configured cppcheck include dirs: /home/clem/ros2_ws/src/examples/rclcpp/wait_set/include
[0.707s] -- Configured cppcheck exclude dirs and/or files: 
[0.708s] -- Added test 'cpplint' to check C / C++ code against the Google style
[0.708s] -- Configured cpplint exclude dirs and/or files: 
[0.708s] -- Added test 'lint_cmake' to check CMake code style
[0.709s] -- Added test 'uncrustify' to check C / C++ code style
[0.709s] -- Configured uncrustify additional arguments: 
[0.709s] -- Added test 'xmllint' to check XML markup files
[0.710s] -- Configuring done
[0.745s] -- Generating done
[0.747s] -- Build files have been written to: /home/clem/ros2_ws/build/examples_rclcpp_wait_set
[0.754s] Invoked command in '/home/clem/ros2_ws/build/examples_rclcpp_wait_set' returned '0': CMAKE_PREFIX_PATH=/opt/ros/humble /usr/bin/cmake /home/clem/ros2_ws/src/examples/rclcpp/wait_set -DAMENT_CMAKE_SYMLINK_INSTALL=1 -DCMAKE_INSTALL_PREFIX=/home/clem/ros2_ws/install/examples_rclcpp_wait_set
[0.755s] Invoking command in '/home/clem/ros2_ws/build/examples_rclcpp_wait_set': CMAKE_PREFIX_PATH=/opt/ros/humble /usr/bin/cmake --build /home/clem/ros2_ws/build/examples_rclcpp_wait_set -- -j16 -l16
[0.793s] [  4%] [32mBuilding CXX object CMakeFiles/talker.dir/src/talker.cpp.o[0m
[0.793s] [  8%] [32mBuilding CXX object CMakeFiles/listener.dir/src/listener.cpp.o[0m
[0.796s] [ 12%] [32mBuilding CXX object CMakeFiles/thread_safe_wait_set.dir/src/thread_safe_wait_set.cpp.o[0m
[0.796s] [ 16%] [32mBuilding CXX object CMakeFiles/wait_set_talker.dir/rclcpp_components/node_main_wait_set_talker.cpp.o[0m
[0.798s] [ 20%] [32mBuilding CXX object CMakeFiles/wait_set_topics_with_different_rates.dir/src/wait_set_topics_with_different_rates.cpp.o[0m
[0.799s] [ 29%] [32mBuilding CXX object CMakeFiles/wait_set_listener.dir/rclcpp_components/node_main_wait_set_listener.cpp.o[0m
[0.799s] [ 33%] [32mBuilding CXX object CMakeFiles/wait_set.dir/src/wait_set.cpp.o[0m
[0.799s] [ 37%] [32mBuilding CXX object CMakeFiles/wait_set_topics_and_timer.dir/src/wait_set_topics_and_timer.cpp.o[0m
[0.799s] [ 37%] [32mBuilding CXX object CMakeFiles/static_wait_set.dir/src/static_wait_set.cpp.o[0m
[0.800s] [ 41%] [32mBuilding CXX object CMakeFiles/wait_set_random_order.dir/src/wait_set_random_order.cpp.o[0m
[0.800s] [ 45%] [32mBuilding CXX object CMakeFiles/executor_random_order.dir/src/executor_random_order.cpp.o[0m
[3.814s] [ 50%] [32m[1mLinking CXX executable wait_set_listener[0m
[3.851s] [ 54%] [32m[1mLinking CXX executable wait_set_talker[0m
[3.992s] [ 54%] Built target wait_set_talker
[4.009s] [ 54%] Built target wait_set_listener
[6.540s] [ 58%] [32m[1mLinking CXX shared library libtalker.so[0m
[6.729s] [ 58%] Built target talker
[10.295s] [ 62%] [32m[1mLinking CXX executable executor_random_order[0m
[10.669s] [ 62%] Built target executor_random_order
[10.724s] [ 66%] [32m[1mLinking CXX executable thread_safe_wait_set[0m
[10.900s] [ 70%] [32m[1mLinking CXX shared library liblistener.so[0m
[11.010s] [ 75%] [32m[1mLinking CXX executable wait_set_topics_with_different_rates[0m
[11.167s] [ 75%] Built target thread_safe_wait_set
[11.359s] [ 75%] Built target listener
[11.388s] [ 79%] [32mBuilding CXX object CMakeFiles/wait_set_composed.dir/src/wait_set_composed.cpp.o[0m
[11.464s] [ 79%] Built target wait_set_topics_with_different_rates
[13.043s] [ 83%] [32m[1mLinking CXX executable static_wait_set[0m
[13.389s] [ 83%] Built target static_wait_set
[13.470s] [ 87%] [32m[1mLinking CXX executable wait_set[0m
[13.552s] [ 91%] [32m[1mLinking CXX executable wait_set_topics_and_timer[0m
[13.877s] [ 95%] [32m[1mLinking CXX executable wait_set_random_order[0m
[13.897s] [ 95%] Built target wait_set
[13.922s] [ 95%] Built target wait_set_topics_and_timer
[14.262s] [ 95%] Built target wait_set_random_order
[14.822s] [100%] [32m[1mLinking CXX executable wait_set_composed[0m
[14.991s] [100%] Built target wait_set_composed
[15.057s] Invoked command in '/home/clem/ros2_ws/build/examples_rclcpp_wait_set' returned '0': CMAKE_PREFIX_PATH=/opt/ros/humble /usr/bin/cmake --build /home/clem/ros2_ws/build/examples_rclcpp_wait_set -- -j16 -l16
[15.272s] Invoking command in '/home/clem/ros2_ws/build/examples_rclcpp_wait_set': CMAKE_PREFIX_PATH=/opt/ros/humble /usr/bin/cmake --install /home/clem/ros2_ws/build/examples_rclcpp_wait_set
[15.276s] -- Install configuration: ""
[15.276s] -- Execute custom install script
[15.277s] -- Symlinking: /home/clem/ros2_ws/install/examples_rclcpp_wait_set/lib/examples_rclcpp_wait_set/wait_set_talker
[15.283s] -- Symlinking: /home/clem/ros2_ws/install/examples_rclcpp_wait_set/lib/examples_rclcpp_wait_set/wait_set_listener
[15.288s] -- Symlinking: /home/clem/ros2_ws/install/examples_rclcpp_wait_set/lib/libtalker.so
[15.293s] -- Symlinking: /home/clem/ros2_ws/install/examples_rclcpp_wait_set/lib/liblistener.so
[15.298s] -- Symlinking: /home/clem/ros2_ws/install/examples_rclcpp_wait_set/lib/examples_rclcpp_wait_set/wait_set
[15.303s] -- Symlinking: /home/clem/ros2_ws/install/examples_rclcpp_wait_set/lib/examples_rclcpp_wait_set/static_wait_set
[15.308s] -- Symlinking: /home/clem/ros2_ws/install/examples_rclcpp_wait_set/lib/examples_rclcpp_wait_set/thread_safe_wait_set
[15.313s] -- Symlinking: /home/clem/ros2_ws/install/examples_rclcpp_wait_set/lib/examples_rclcpp_wait_set/wait_set_topics_and_timer
[15.319s] -- Symlinking: /home/clem/ros2_ws/install/examples_rclcpp_wait_set/lib/examples_rclcpp_wait_set/wait_set_random_order
[15.324s] -- Symlinking: /home/clem/ros2_ws/install/examples_rclcpp_wait_set/lib/examples_rclcpp_wait_set/executor_random_order
[15.330s] -- Symlinking: /home/clem/ros2_ws/install/examples_rclcpp_wait_set/lib/examples_rclcpp_wait_set/wait_set_topics_with_different_rates
[15.337s] -- Symlinking: /home/clem/ros2_ws/install/examples_rclcpp_wait_set/lib/examples_rclcpp_wait_set/wait_set_composed
[15.343s] -- Symlinking: /home/clem/ros2_ws/install/examples_rclcpp_wait_set/share/ament_index/resource_index/package_run_dependencies/examples_rclcpp_wait_set
[15.348s] -- Symlinking: /home/clem/ros2_ws/install/examples_rclcpp_wait_set/share/ament_index/resource_index/parent_prefix_path/examples_rclcpp_wait_set
[15.354s] -- Symlinking: /home/clem/ros2_ws/install/examples_rclcpp_wait_set/share/examples_rclcpp_wait_set/environment/ament_prefix_path.sh
[15.360s] -- Symlinking: /home/clem/ros2_ws/install/examples_rclcpp_wait_set/share/examples_rclcpp_wait_set/environment/ament_prefix_path.dsv
[15.366s] -- Symlinking: /home/clem/ros2_ws/install/examples_rclcpp_wait_set/share/examples_rclcpp_wait_set/environment/path.sh
[15.371s] -- Symlinking: /home/clem/ros2_ws/install/examples_rclcpp_wait_set/share/examples_rclcpp_wait_set/environment/path.dsv
[15.377s] -- Symlinking: /home/clem/ros2_ws/install/examples_rclcpp_wait_set/share/examples_rclcpp_wait_set/local_setup.bash
[15.383s] -- Symlinking: /home/clem/ros2_ws/install/examples_rclcpp_wait_set/share/examples_rclcpp_wait_set/local_setup.sh
[15.389s] -- Symlinking: /home/clem/ros2_ws/install/examples_rclcpp_wait_set/share/examples_rclcpp_wait_set/local_setup.zsh
[15.394s] -- Symlinking: /home/clem/ros2_ws/install/examples_rclcpp_wait_set/share/examples_rclcpp_wait_set/local_setup.dsv
[15.400s] -- Symlinking: /home/clem/ros2_ws/install/examples_rclcpp_wait_set/share/examples_rclcpp_wait_set/package.dsv
[15.406s] -- Symlinking: /home/clem/ros2_ws/install/examples_rclcpp_wait_set/share/ament_index/resource_index/packages/examples_rclcpp_wait_set
[15.412s] -- Symlinking: /home/clem/ros2_ws/install/examples_rclcpp_wait_set/share/ament_index/resource_index/rclcpp_components/examples_rclcpp_wait_set
[15.418s] -- Symlinking: /home/clem/ros2_ws/install/examples_rclcpp_wait_set/share/examples_rclcpp_wait_set/cmake/examples_rclcpp_wait_setConfig.cmake
[15.424s] -- Symlinking: /home/clem/ros2_ws/install/examples_rclcpp_wait_set/share/examples_rclcpp_wait_set/cmake/examples_rclcpp_wait_setConfig-version.cmake
[15.431s] -- Symlinking: /home/clem/ros2_ws/install/examples_rclcpp_wait_set/share/examples_rclcpp_wait_set/package.xml
[15.439s] Invoked command in '/home/clem/ros2_ws/build/examples_rclcpp_wait_set' returned '0': CMAKE_PREFIX_PATH=/opt/ros/humble /usr/bin/cmake --install /home/clem/ros2_ws/build/examples_rclcpp_wait_set
