[0.538s] Invoking command in '/home/clem/ros2_ws/build/examples_rclpy_minimal_service': PYTHONPATH=/home/clem/ros2_ws/build/examples_rclpy_minimal_service/prefix_override:/home/clem/ros2_ws/install/examples_rclpy_minimal_service/lib/python3.10/site-packages:${PYTHONPATH} /usr/bin/python3 setup.py develop --editable --build-directory /home/clem/ros2_ws/build/examples_rclpy_minimal_service/build --no-deps install_data
[0.730s] running develop
[0.730s] /usr/lib/python3/dist-packages/setuptools/command/easy_install.py:158: EasyInstallDeprecationWarning: easy_install command is deprecated. Use build and pip and other standards-based tools.
[0.730s]   warnings.warn(
[0.731s] /usr/lib/python3/dist-packages/setuptools/command/install.py:34: SetuptoolsDeprecationWarning: setup.py install is deprecated. Use build and pip and other standards-based tools.
[0.731s]   warnings.warn(
[0.845s] running egg_info
[0.845s] writing examples_rclpy_minimal_service.egg-info/PKG-INFO
[0.845s] writing dependency_links to examples_rclpy_minimal_service.egg-info/dependency_links.txt
[0.845s] writing entry points to examples_rclpy_minimal_service.egg-info/entry_points.txt
[0.845s] writing requirements to examples_rclpy_minimal_service.egg-info/requires.txt
[0.845s] writing top-level names to examples_rclpy_minimal_service.egg-info/top_level.txt
[0.850s] reading manifest file 'examples_rclpy_minimal_service.egg-info/SOURCES.txt'
[0.850s] writing manifest file 'examples_rclpy_minimal_service.egg-info/SOURCES.txt'
[0.851s] running build_ext
[0.851s] Creating /home/clem/ros2_ws/install/examples_rclpy_minimal_service/lib/python3.10/site-packages/examples-rclpy-minimal-service.egg-link (link to .)
[0.852s] Installing service script to /home/clem/ros2_ws/install/examples_rclpy_minimal_service/lib/examples_rclpy_minimal_service
[0.852s] Installing service_member_function script to /home/clem/ros2_ws/install/examples_rclpy_minimal_service/lib/examples_rclpy_minimal_service
[0.852s] 
[0.852s] Installed /home/clem/ros2_ws/build/examples_rclpy_minimal_service
[0.852s] running install_data
[0.876s] Invoked command in '/home/clem/ros2_ws/build/examples_rclpy_minimal_service' returned '0': PYTHONPATH=/home/clem/ros2_ws/build/examples_rclpy_minimal_service/prefix_override:/home/clem/ros2_ws/install/examples_rclpy_minimal_service/lib/python3.10/site-packages:${PYTHONPATH} /usr/bin/python3 setup.py develop --editable --build-directory /home/clem/ros2_ws/build/examples_rclpy_minimal_service/build --no-deps install_data
