[0.360s] Invoking command in '/home/clem/ros2_ws/build/examples_rclcpp_minimal_action_client': CMAKE_PREFIX_PATH=/opt/ros/humble /usr/bin/cmake /home/clem/ros2_ws/src/examples/rclcpp/actions/minimal_action_client -DAMENT_CMAKE_SYMLINK_INSTALL=1 -DCMAKE_INSTALL_PREFIX=/home/clem/ros2_ws/install/examples_rclcpp_minimal_action_client
[2.227s] -- The C compiler identification is GNU 11.4.0
[2.227s] -- The CXX compiler identification is GNU 11.4.0
[2.228s] -- Detecting C compiler ABI info
[2.228s] -- Detecting C compiler ABI info - done
[2.228s] -- Check for working C compiler: /usr/bin/cc - skipped
[2.228s] -- Detecting C compile features
[2.228s] -- Detecting C compile features - done
[2.228s] -- Detecting CXX compiler ABI info
[2.228s] -- Detecting CXX compiler ABI info - done
[2.228s] -- Check for working CXX compiler: /usr/bin/c++ - skipped
[2.228s] -- Detecting CXX compile features
[2.228s] -- Detecting CXX compile features - done
[2.228s] -- Found ament_cmake: 1.3.5 (/opt/ros/humble/share/ament_cmake/cmake)
[2.228s] -- Found Python3: /usr/bin/python3.10 (found version "3.10.12") found components: Interpreter 
[2.229s] -- Override CMake install command with custom implementation using symlinks instead of copying resources
[2.229s] -- Found example_interfaces: 0.9.3 (/opt/ros/humble/share/example_interfaces/cmake)
[2.229s] -- Found rosidl_generator_c: 3.1.5 (/opt/ros/humble/share/rosidl_generator_c/cmake)
[2.229s] -- Found rosidl_adapter: 3.1.5 (/opt/ros/humble/share/rosidl_adapter/cmake)
[2.229s] -- Found rosidl_generator_cpp: 3.1.5 (/opt/ros/humble/share/rosidl_generator_cpp/cmake)
[2.229s] -- Using all available rosidl_typesupport_c: rosidl_typesupport_fastrtps_c;rosidl_typesupport_introspection_c
[2.230s] -- Using all available rosidl_typesupport_cpp: rosidl_typesupport_fastrtps_cpp;rosidl_typesupport_introspection_cpp
[2.307s] -- Found rclcpp: 16.0.6 (/opt/ros/humble/share/rclcpp/cmake)
[2.385s] -- Found rmw_implementation_cmake: 6.1.1 (/opt/ros/humble/share/rmw_implementation_cmake/cmake)
[2.389s] -- Found rmw_fastrtps_cpp: 6.2.4 (/opt/ros/humble/share/rmw_fastrtps_cpp/cmake)
[2.668s] -- Found OpenSSL: /usr/lib/x86_64-linux-gnu/libcrypto.so (found version "3.0.2")  
[2.884s] -- Found FastRTPS: /opt/ros/humble/include  
[3.243s] -- Using RMW implementation 'rmw_fastrtps_cpp' as default
[3.351s] -- Looking for pthread.h
[3.662s] -- Looking for pthread.h - found
[3.662s] -- Performing Test CMAKE_HAVE_LIBC_PTHREAD
[3.811s] -- Performing Test CMAKE_HAVE_LIBC_PTHREAD - Success
[3.813s] -- Found Threads: TRUE  
[4.235s] -- Found rclcpp_action: 16.0.6 (/opt/ros/humble/share/rclcpp_action/cmake)
[4.316s] -- Found ament_lint_auto: 0.12.8 (/opt/ros/humble/share/ament_lint_auto/cmake)
[4.764s] -- Added test 'copyright' to check source files copyright and LICENSE
[4.766s] -- Added test 'cppcheck' to perform static code analysis on C / C++ code
[4.767s] -- Configured cppcheck include dirs: 
[4.767s] -- Configured cppcheck exclude dirs and/or files: 
[4.772s] -- Added test 'cpplint' to check C / C++ code against the Google style
[4.772s] -- Configured cpplint exclude dirs and/or files: 
[4.773s] -- Added test 'lint_cmake' to check CMake code style
[4.774s] -- Added test 'uncrustify' to check C / C++ code style
[4.775s] -- Configured uncrustify additional arguments: 
[4.775s] -- Added test 'xmllint' to check XML markup files
[4.777s] -- Configuring done
[4.857s] -- Generating done
[4.863s] -- Build files have been written to: /home/clem/ros2_ws/build/examples_rclcpp_minimal_action_client
[6.519s] Invoked command in '/home/clem/ros2_ws/build/examples_rclcpp_minimal_action_client' returned '0': CMAKE_PREFIX_PATH=/opt/ros/humble /usr/bin/cmake /home/clem/ros2_ws/src/examples/rclcpp/actions/minimal_action_client -DAMENT_CMAKE_SYMLINK_INSTALL=1 -DCMAKE_INSTALL_PREFIX=/home/clem/ros2_ws/install/examples_rclcpp_minimal_action_client
[6.520s] Invoking command in '/home/clem/ros2_ws/build/examples_rclcpp_minimal_action_client': CMAKE_PREFIX_PATH=/opt/ros/humble /usr/bin/cmake --build /home/clem/ros2_ws/build/examples_rclcpp_minimal_action_client -- -j16 -l16
[10.379s] [ 12%] [32mBuilding CXX object CMakeFiles/action_client_member_functions.dir/member_functions.cpp.o[0m
[10.379s] [ 25%] [32mBuilding CXX object CMakeFiles/action_client_not_composable_with_cancel.dir/not_composable_with_cancel.cpp.o[0m
[10.379s] [ 37%] [32mBuilding CXX object CMakeFiles/action_client_not_composable.dir/not_composable.cpp.o[0m
[10.379s] [ 50%] [32mBuilding CXX object CMakeFiles/action_client_not_composable_with_feedback.dir/not_composable_with_feedback.cpp.o[0m
