[0.294s] Invoking command in '/home/clem/ros2_ws/build/examples_rclcpp_minimal_composition': CMAKE_PREFIX_PATH=/opt/ros/humble /usr/bin/cmake /home/clem/ros2_ws/src/examples/rclcpp/composition/minimal_composition -DAMENT_CMAKE_SYMLINK_INSTALL=1 -DCMAKE_INSTALL_PREFIX=/home/clem/ros2_ws/install/examples_rclcpp_minimal_composition
[2.201s] -- The C compiler identification is GNU 11.4.0
[2.202s] -- The CXX compiler identification is GNU 11.4.0
[2.203s] -- Detecting C compiler ABI info
[2.204s] -- Detecting C compiler ABI info - done
[2.204s] -- Check for working C compiler: /usr/bin/cc - skipped
[2.205s] -- Detecting C compile features
[2.205s] -- Detecting C compile features - done
[2.206s] -- Detecting CXX compiler ABI info
[2.207s] -- Detecting CXX compiler ABI info - done
[2.208s] -- Check for working CXX compiler: /usr/bin/c++ - skipped
[2.208s] -- Detecting CXX compile features
[2.208s] -- Detecting CXX compile features - done
[2.209s] -- Found ament_cmake: 1.3.5 (/opt/ros/humble/share/ament_cmake/cmake)
[2.209s] -- Found Python3: /usr/bin/python3.10 (found version "3.10.12") found components: Interpreter 
[2.209s] -- Override CMake install command with custom implementation using symlinks instead of copying resources
[2.209s] -- Found rclcpp: 16.0.6 (/opt/ros/humble/share/rclcpp/cmake)
[2.209s] -- Found rosidl_generator_c: 3.1.5 (/opt/ros/humble/share/rosidl_generator_c/cmake)
[2.209s] -- Found rosidl_adapter: 3.1.5 (/opt/ros/humble/share/rosidl_adapter/cmake)
[2.209s] -- Found rosidl_generator_cpp: 3.1.5 (/opt/ros/humble/share/rosidl_generator_cpp/cmake)
[2.209s] -- Using all available rosidl_typesupport_c: rosidl_typesupport_fastrtps_c;rosidl_typesupport_introspection_c
[2.210s] -- Using all available rosidl_typesupport_cpp: rosidl_typesupport_fastrtps_cpp;rosidl_typesupport_introspection_cpp
[2.210s] -- Found rmw_implementation_cmake: 6.1.1 (/opt/ros/humble/share/rmw_implementation_cmake/cmake)
[2.210s] -- Found rmw_fastrtps_cpp: 6.2.4 (/opt/ros/humble/share/rmw_fastrtps_cpp/cmake)
[2.210s] -- Found OpenSSL: /usr/lib/x86_64-linux-gnu/libcrypto.so (found version "3.0.2")  
[2.210s] -- Found FastRTPS: /opt/ros/humble/include  
[2.210s] -- Using RMW implementation 'rmw_fastrtps_cpp' as default
[2.210s] -- Looking for pthread.h
[2.249s] -- Looking for pthread.h - found
[2.250s] -- Performing Test CMAKE_HAVE_LIBC_PTHREAD
[2.474s] -- Performing Test CMAKE_HAVE_LIBC_PTHREAD - Success
[2.476s] -- Found Threads: TRUE  
[3.349s] -- Found rclcpp_components: 16.0.6 (/opt/ros/humble/share/rclcpp_components/cmake)
[3.842s] -- Found ament_lint_auto: 0.12.8 (/opt/ros/humble/share/ament_lint_auto/cmake)
[4.195s] -- Added test 'copyright' to check source files copyright and LICENSE
[4.198s] -- Added test 'cppcheck' to perform static code analysis on C / C++ code
[4.198s] -- Configured cppcheck include dirs: /home/clem/ros2_ws/src/examples/rclcpp/composition/minimal_composition/include
[4.199s] -- Configured cppcheck exclude dirs and/or files: 
[4.203s] -- Added test 'cpplint' to check C / C++ code against the Google style
[4.206s] -- Configured cpplint exclude dirs and/or files: 
[4.210s] -- Added test 'lint_cmake' to check CMake code style
[4.210s] -- Added test 'uncrustify' to check C / C++ code style
[4.210s] -- Configured uncrustify additional arguments: 
[4.211s] -- Added test 'xmllint' to check XML markup files
[4.222s] -- Configuring done
[4.278s] -- Generating done
[4.281s] -- Build files have been written to: /home/clem/ros2_ws/build/examples_rclcpp_minimal_composition
[6.478s] Invoked command in '/home/clem/ros2_ws/build/examples_rclcpp_minimal_composition' returned '0': CMAKE_PREFIX_PATH=/opt/ros/humble /usr/bin/cmake /home/clem/ros2_ws/src/examples/rclcpp/composition/minimal_composition -DAMENT_CMAKE_SYMLINK_INSTALL=1 -DCMAKE_INSTALL_PREFIX=/home/clem/ros2_ws/install/examples_rclcpp_minimal_composition
[6.478s] Invoking command in '/home/clem/ros2_ws/build/examples_rclcpp_minimal_composition': CMAKE_PREFIX_PATH=/opt/ros/humble /usr/bin/cmake --build /home/clem/ros2_ws/build/examples_rclcpp_minimal_composition -- -j16 -l16
[10.307s] [ 11%] [32mBuilding CXX object CMakeFiles/composition_nodes.dir/src/subscriber_node.cpp.o[0m
[10.307s] [ 22%] [32mBuilding CXX object CMakeFiles/composition_nodes.dir/src/publisher_node.cpp.o[0m
