[0.460s] Invoking command in '/home/clem/ros2_ws/src/py_acquisition': PYTHONPATH=/home/clem/ros2_ws/build/py_acquisition/prefix_override:/home/clem/ros2_ws/install/py_acquisition/lib/python3.10/site-packages:${PYTHONPATH} /usr/bin/python3 setup.py egg_info --egg-base ../../build/py_acquisition build --build-base /home/clem/ros2_ws/build/py_acquisition/build install --record /home/clem/ros2_ws/build/py_acquisition/install.log --single-version-externally-managed
[0.608s] running egg_info
[0.608s] writing ../../build/py_acquisition/py_acquisition.egg-info/PKG-INFO
[0.608s] writing dependency_links to ../../build/py_acquisition/py_acquisition.egg-info/dependency_links.txt
[0.608s] writing entry points to ../../build/py_acquisition/py_acquisition.egg-info/entry_points.txt
[0.608s] writing requirements to ../../build/py_acquisition/py_acquisition.egg-info/requires.txt
[0.608s] writing top-level names to ../../build/py_acquisition/py_acquisition.egg-info/top_level.txt
[0.609s] reading manifest file '../../build/py_acquisition/py_acquisition.egg-info/SOURCES.txt'
[0.610s] writing manifest file '../../build/py_acquisition/py_acquisition.egg-info/SOURCES.txt'
[0.610s] running build
[0.610s] running build_py
[0.610s] running install
[0.610s] /usr/lib/python3/dist-packages/setuptools/command/install.py:34: SetuptoolsDeprecationWarning: setup.py install is deprecated. Use build and pip and other standards-based tools.
[0.610s]   warnings.warn(
[0.610s] running install_lib
[0.611s] running install_data
[0.612s] running install_egg_info
[0.613s] removing '/home/clem/ros2_ws/install/py_acquisition/lib/python3.10/site-packages/py_acquisition-0.0.0-py3.10.egg-info' (and everything under it)
[0.613s] Copying ../../build/py_acquisition/py_acquisition.egg-info to /home/clem/ros2_ws/install/py_acquisition/lib/python3.10/site-packages/py_acquisition-0.0.0-py3.10.egg-info
[0.613s] running install_scripts
[0.628s] Installing client script to /home/clem/ros2_ws/install/py_acquisition/lib/py_acquisition
[0.628s] Installing service script to /home/clem/ros2_ws/install/py_acquisition/lib/py_acquisition
[0.628s] writing list of installed files to '/home/clem/ros2_ws/build/py_acquisition/install.log'
[0.647s] Invoked command in '/home/clem/ros2_ws/src/py_acquisition' returned '0': PYTHONPATH=/home/clem/ros2_ws/build/py_acquisition/prefix_override:/home/clem/ros2_ws/install/py_acquisition/lib/python3.10/site-packages:${PYTHONPATH} /usr/bin/python3 setup.py egg_info --egg-base ../../build/py_acquisition build --build-base /home/clem/ros2_ws/build/py_acquisition/build install --record /home/clem/ros2_ws/build/py_acquisition/install.log --single-version-externally-managed
