[0.422s] Invoking command in '/home/clem/ros2_ws/build/examples_rclpy_minimal_publisher': PYTHONPATH=/home/clem/ros2_ws/build/examples_rclpy_minimal_publisher/prefix_override:/home/clem/ros2_ws/install/examples_rclpy_minimal_publisher/lib/python3.10/site-packages:${PYTHONPATH} /usr/bin/python3 setup.py develop --uninstall --editable --build-directory /home/clem/ros2_ws/build/examples_rclpy_minimal_publisher/build
[0.573s] running develop
[0.573s] /usr/lib/python3/dist-packages/setuptools/command/easy_install.py:158: EasyInstallDeprecationWarning: easy_install command is deprecated. Use build and pip and other standards-based tools.
[0.573s]   warnings.warn(
[0.574s] /usr/lib/python3/dist-packages/setuptools/command/install.py:34: SetuptoolsDeprecationWarning: setup.py install is deprecated. Use build and pip and other standards-based tools.
[0.574s]   warnings.warn(
[0.660s] Removing /home/clem/ros2_ws/install/examples_rclpy_minimal_publisher/lib/python3.10/site-packages/examples-rclpy-minimal-publisher.egg-link (link to .)
[0.720s] Invoked command in '/home/clem/ros2_ws/build/examples_rclpy_minimal_publisher' returned '0': PYTHONPATH=/home/clem/ros2_ws/build/examples_rclpy_minimal_publisher/prefix_override:/home/clem/ros2_ws/install/examples_rclpy_minimal_publisher/lib/python3.10/site-packages:${PYTHONPATH} /usr/bin/python3 setup.py develop --uninstall --editable --build-directory /home/clem/ros2_ws/build/examples_rclpy_minimal_publisher/build
[0.721s] Invoking command in '/home/clem/ros2_ws/src/examples/rclpy/topics/minimal_publisher': PYTHONPATH=/home/clem/ros2_ws/build/examples_rclpy_minimal_publisher/prefix_override:/home/clem/ros2_ws/install/examples_rclpy_minimal_publisher/lib/python3.10/site-packages:${PYTHONPATH} /usr/bin/python3 setup.py egg_info --egg-base ../../../../../build/examples_rclpy_minimal_publisher build --build-base /home/clem/ros2_ws/build/examples_rclpy_minimal_publisher/build install --record /home/clem/ros2_ws/build/examples_rclpy_minimal_publisher/install.log --single-version-externally-managed
[0.864s] running egg_info
[0.865s] writing ../../../../../build/examples_rclpy_minimal_publisher/examples_rclpy_minimal_publisher.egg-info/PKG-INFO
[0.865s] writing dependency_links to ../../../../../build/examples_rclpy_minimal_publisher/examples_rclpy_minimal_publisher.egg-info/dependency_links.txt
[0.865s] writing entry points to ../../../../../build/examples_rclpy_minimal_publisher/examples_rclpy_minimal_publisher.egg-info/entry_points.txt
[0.865s] writing requirements to ../../../../../build/examples_rclpy_minimal_publisher/examples_rclpy_minimal_publisher.egg-info/requires.txt
[0.865s] writing top-level names to ../../../../../build/examples_rclpy_minimal_publisher/examples_rclpy_minimal_publisher.egg-info/top_level.txt
[0.866s] reading manifest file '../../../../../build/examples_rclpy_minimal_publisher/examples_rclpy_minimal_publisher.egg-info/SOURCES.txt'
[0.867s] writing manifest file '../../../../../build/examples_rclpy_minimal_publisher/examples_rclpy_minimal_publisher.egg-info/SOURCES.txt'
[0.867s] running build
[0.867s] running build_py
[0.867s] creating /home/clem/ros2_ws/build/examples_rclpy_minimal_publisher/build
[0.867s] creating /home/clem/ros2_ws/build/examples_rclpy_minimal_publisher/build/lib
[0.867s] creating /home/clem/ros2_ws/build/examples_rclpy_minimal_publisher/build/lib/examples_rclpy_minimal_publisher
[0.867s] copying examples_rclpy_minimal_publisher/__init__.py -> /home/clem/ros2_ws/build/examples_rclpy_minimal_publisher/build/lib/examples_rclpy_minimal_publisher
[0.867s] copying examples_rclpy_minimal_publisher/publisher_local_function.py -> /home/clem/ros2_ws/build/examples_rclpy_minimal_publisher/build/lib/examples_rclpy_minimal_publisher
[0.867s] copying examples_rclpy_minimal_publisher/publisher_member_function.py -> /home/clem/ros2_ws/build/examples_rclpy_minimal_publisher/build/lib/examples_rclpy_minimal_publisher
[0.867s] copying examples_rclpy_minimal_publisher/publisher_old_school.py -> /home/clem/ros2_ws/build/examples_rclpy_minimal_publisher/build/lib/examples_rclpy_minimal_publisher
[0.868s] running install
[0.868s] /usr/lib/python3/dist-packages/setuptools/command/install.py:34: SetuptoolsDeprecationWarning: setup.py install is deprecated. Use build and pip and other standards-based tools.
[0.868s]   warnings.warn(
[0.868s] running install_lib
[0.868s] creating /home/clem/ros2_ws/install/examples_rclpy_minimal_publisher/lib/python3.10/site-packages/examples_rclpy_minimal_publisher
[0.868s] copying /home/clem/ros2_ws/build/examples_rclpy_minimal_publisher/build/lib/examples_rclpy_minimal_publisher/__init__.py -> /home/clem/ros2_ws/install/examples_rclpy_minimal_publisher/lib/python3.10/site-packages/examples_rclpy_minimal_publisher
[0.868s] copying /home/clem/ros2_ws/build/examples_rclpy_minimal_publisher/build/lib/examples_rclpy_minimal_publisher/publisher_local_function.py -> /home/clem/ros2_ws/install/examples_rclpy_minimal_publisher/lib/python3.10/site-packages/examples_rclpy_minimal_publisher
[0.868s] copying /home/clem/ros2_ws/build/examples_rclpy_minimal_publisher/build/lib/examples_rclpy_minimal_publisher/publisher_member_function.py -> /home/clem/ros2_ws/install/examples_rclpy_minimal_publisher/lib/python3.10/site-packages/examples_rclpy_minimal_publisher
[0.868s] copying /home/clem/ros2_ws/build/examples_rclpy_minimal_publisher/build/lib/examples_rclpy_minimal_publisher/publisher_old_school.py -> /home/clem/ros2_ws/install/examples_rclpy_minimal_publisher/lib/python3.10/site-packages/examples_rclpy_minimal_publisher
[0.868s] byte-compiling /home/clem/ros2_ws/install/examples_rclpy_minimal_publisher/lib/python3.10/site-packages/examples_rclpy_minimal_publisher/__init__.py to __init__.cpython-310.pyc
[0.868s] byte-compiling /home/clem/ros2_ws/install/examples_rclpy_minimal_publisher/lib/python3.10/site-packages/examples_rclpy_minimal_publisher/publisher_local_function.py to publisher_local_function.cpython-310.pyc
[0.869s] byte-compiling /home/clem/ros2_ws/install/examples_rclpy_minimal_publisher/lib/python3.10/site-packages/examples_rclpy_minimal_publisher/publisher_member_function.py to publisher_member_function.cpython-310.pyc
[0.869s] byte-compiling /home/clem/ros2_ws/install/examples_rclpy_minimal_publisher/lib/python3.10/site-packages/examples_rclpy_minimal_publisher/publisher_old_school.py to publisher_old_school.cpython-310.pyc
[0.869s] running install_data
[0.869s] running install_egg_info
[0.870s] Copying ../../../../../build/examples_rclpy_minimal_publisher/examples_rclpy_minimal_publisher.egg-info to /home/clem/ros2_ws/install/examples_rclpy_minimal_publisher/lib/python3.10/site-packages/examples_rclpy_minimal_publisher-0.15.1-py3.10.egg-info
[0.874s] running install_scripts
[0.888s] Installing publisher_local_function script to /home/clem/ros2_ws/install/examples_rclpy_minimal_publisher/lib/examples_rclpy_minimal_publisher
[0.889s] Installing publisher_member_function script to /home/clem/ros2_ws/install/examples_rclpy_minimal_publisher/lib/examples_rclpy_minimal_publisher
[0.889s] Installing publisher_old_school script to /home/clem/ros2_ws/install/examples_rclpy_minimal_publisher/lib/examples_rclpy_minimal_publisher
[0.889s] writing list of installed files to '/home/clem/ros2_ws/build/examples_rclpy_minimal_publisher/install.log'
[0.903s] Invoked command in '/home/clem/ros2_ws/src/examples/rclpy/topics/minimal_publisher' returned '0': PYTHONPATH=/home/clem/ros2_ws/build/examples_rclpy_minimal_publisher/prefix_override:/home/clem/ros2_ws/install/examples_rclpy_minimal_publisher/lib/python3.10/site-packages:${PYTHONPATH} /usr/bin/python3 setup.py egg_info --egg-base ../../../../../build/examples_rclpy_minimal_publisher build --build-base /home/clem/ros2_ws/build/examples_rclpy_minimal_publisher/build install --record /home/clem/ros2_ws/build/examples_rclpy_minimal_publisher/install.log --single-version-externally-managed
