[2.806s] Invoking command in '/home/clem/ros2_ws/build/examples_rclpy_guard_conditions': PYTHONPATH=/home/clem/ros2_ws/build/examples_rclpy_guard_conditions/prefix_override:/home/clem/ros2_ws/install/examples_rclpy_guard_conditions/lib/python3.10/site-packages:${PYTHONPATH} /usr/bin/python3 setup.py develop --editable --build-directory /home/clem/ros2_ws/build/examples_rclpy_guard_conditions/build --no-deps install_data
[4.029s] /usr/lib/python3/dist-packages/setuptools/command/easy_install.py:158: EasyInstallDeprecationWarning: easy_install command is deprecated. Use build and pip and other standards-based tools.
[4.030s]   warnings.warn(
[4.030s] /usr/lib/python3/dist-packages/setuptools/command/install.py:34: SetuptoolsDeprecationWarning: setup.py install is deprecated. Use build and pip and other standards-based tools.
[4.030s]   warnings.warn(
[4.034s] running develop
[4.034s] running egg_info
[4.034s] creating examples_rclpy_guard_conditions.egg-info
[4.034s] writing examples_rclpy_guard_conditions.egg-info/PKG-INFO
[4.034s] writing dependency_links to examples_rclpy_guard_conditions.egg-info/dependency_links.txt
[4.035s] writing entry points to examples_rclpy_guard_conditions.egg-info/entry_points.txt
[4.036s] writing requirements to examples_rclpy_guard_conditions.egg-info/requires.txt
[4.036s] writing top-level names to examples_rclpy_guard_conditions.egg-info/top_level.txt
[4.036s] writing manifest file 'examples_rclpy_guard_conditions.egg-info/SOURCES.txt'
[4.037s] reading manifest file 'examples_rclpy_guard_conditions.egg-info/SOURCES.txt'
[4.037s] writing manifest file 'examples_rclpy_guard_conditions.egg-info/SOURCES.txt'
[4.037s] running build_ext
[4.037s] Creating /home/clem/ros2_ws/install/examples_rclpy_guard_conditions/lib/python3.10/site-packages/examples-rclpy-guard-conditions.egg-link (link to .)
[4.037s] Installing trigger_guard_condition script to /home/clem/ros2_ws/install/examples_rclpy_guard_conditions/lib/examples_rclpy_guard_conditions
[4.037s] 
[4.037s] Installed /home/clem/ros2_ws/build/examples_rclpy_guard_conditions
[4.038s] running install_data
[4.038s] creating /home/clem/ros2_ws/install/examples_rclpy_guard_conditions/share/ament_index
[4.038s] creating /home/clem/ros2_ws/install/examples_rclpy_guard_conditions/share/ament_index/resource_index
[4.038s] creating /home/clem/ros2_ws/install/examples_rclpy_guard_conditions/share/ament_index/resource_index/packages
[4.038s] copying resource/examples_rclpy_guard_conditions -> /home/clem/ros2_ws/install/examples_rclpy_guard_conditions/share/ament_index/resource_index/packages
[4.038s] copying package.xml -> /home/clem/ros2_ws/install/examples_rclpy_guard_conditions/share/examples_rclpy_guard_conditions
[4.877s] Invoked command in '/home/clem/ros2_ws/build/examples_rclpy_guard_conditions' returned '0': PYTHONPATH=/home/clem/ros2_ws/build/examples_rclpy_guard_conditions/prefix_override:/home/clem/ros2_ws/install/examples_rclpy_guard_conditions/lib/python3.10/site-packages:${PYTHONPATH} /usr/bin/python3 setup.py develop --editable --build-directory /home/clem/ros2_ws/build/examples_rclpy_guard_conditions/build --no-deps install_data
