[3.367s] Invoking command in '/home/clem/ros2_ws/build/examples_rclpy_minimal_action_client': PYTHONPATH=/home/clem/ros2_ws/build/examples_rclpy_minimal_action_client/prefix_override:/home/clem/ros2_ws/install/examples_rclpy_minimal_action_client/lib/python3.10/site-packages:${PYTHONPATH} /usr/bin/python3 setup.py develop --editable --build-directory /home/clem/ros2_ws/build/examples_rclpy_minimal_action_client/build --no-deps install_data
[5.414s] running develop
[5.426s] /usr/lib/python3/dist-packages/setuptools/command/easy_install.py:158: EasyInstallDeprecationWarning: easy_install command is deprecated. Use build and pip and other standards-based tools.
[5.426s]   warnings.warn(
[5.427s] /usr/lib/python3/dist-packages/setuptools/command/install.py:34: SetuptoolsDeprecationWarning: setup.py install is deprecated. Use build and pip and other standards-based tools.
[5.427s]   warnings.warn(
[7.107s] running egg_info
[7.126s] creating examples_rclpy_minimal_action_client.egg-info
[7.126s] writing examples_rclpy_minimal_action_client.egg-info/PKG-INFO
[7.126s] writing dependency_links to examples_rclpy_minimal_action_client.egg-info/dependency_links.txt
[7.127s] writing entry points to examples_rclpy_minimal_action_client.egg-info/entry_points.txt
[7.134s] writing requirements to examples_rclpy_minimal_action_client.egg-info/requires.txt
[7.134s] writing top-level names to examples_rclpy_minimal_action_client.egg-info/top_level.txt
[7.135s] writing manifest file 'examples_rclpy_minimal_action_client.egg-info/SOURCES.txt'
[7.156s] reading manifest file 'examples_rclpy_minimal_action_client.egg-info/SOURCES.txt'
[7.162s] writing manifest file 'examples_rclpy_minimal_action_client.egg-info/SOURCES.txt'
[7.170s] running build_ext
[7.188s] Creating /home/clem/ros2_ws/install/examples_rclpy_minimal_action_client/lib/python3.10/site-packages/examples-rclpy-minimal-action-client.egg-link (link to .)
[7.194s] Installing client script to /home/clem/ros2_ws/install/examples_rclpy_minimal_action_client/lib/examples_rclpy_minimal_action_client
[7.195s] Installing client_asyncio script to /home/clem/ros2_ws/install/examples_rclpy_minimal_action_client/lib/examples_rclpy_minimal_action_client
[7.196s] Installing client_cancel script to /home/clem/ros2_ws/install/examples_rclpy_minimal_action_client/lib/examples_rclpy_minimal_action_client
[7.197s] Installing client_not_composable script to /home/clem/ros2_ws/install/examples_rclpy_minimal_action_client/lib/examples_rclpy_minimal_action_client
[7.198s] 
[7.198s] Installed /home/clem/ros2_ws/build/examples_rclpy_minimal_action_client
[7.199s] running install_data
[7.199s] creating /home/clem/ros2_ws/install/examples_rclpy_minimal_action_client/share/ament_index
[7.200s] creating /home/clem/ros2_ws/install/examples_rclpy_minimal_action_client/share/ament_index/resource_index
[7.200s] creating /home/clem/ros2_ws/install/examples_rclpy_minimal_action_client/share/ament_index/resource_index/packages
[7.201s] copying resource/examples_rclpy_minimal_action_client -> /home/clem/ros2_ws/install/examples_rclpy_minimal_action_client/share/ament_index/resource_index/packages
[7.202s] copying package.xml -> /home/clem/ros2_ws/install/examples_rclpy_minimal_action_client/share/examples_rclpy_minimal_action_client
[10.119s] Invoked command in '/home/clem/ros2_ws/build/examples_rclpy_minimal_action_client' returned '0': PYTHONPATH=/home/clem/ros2_ws/build/examples_rclpy_minimal_action_client/prefix_override:/home/clem/ros2_ws/install/examples_rclpy_minimal_action_client/lib/python3.10/site-packages:${PYTHONPATH} /usr/bin/python3 setup.py develop --editable --build-directory /home/clem/ros2_ws/build/examples_rclpy_minimal_action_client/build --no-deps install_data
