[0.032s] Invoking command in '/home/clem/ros2_ws/build/turtlesim': CMAKE_PREFIX_PATH=${CMAKE_PREFIX_PATH}:/home/clem/ros2_ws/install/launch_testing_examples:/home/clem/ros2_ws/install/examples_rclpy_pointcloud_publisher:/home/clem/ros2_ws/install/examples_rclpy_minimal_subscriber:/home/clem/ros2_ws/install/examples_rclpy_minimal_service:/home/clem/ros2_ws/install/examples_rclpy_minimal_publisher:/home/clem/ros2_ws/install/examples_rclpy_minimal_client:/home/clem/ros2_ws/install/examples_rclpy_minimal_action_server:/home/clem/ros2_ws/install/examples_rclpy_minimal_action_client:/home/clem/ros2_ws/install/examples_rclpy_guard_conditions:/home/clem/ros2_ws/install/examples_rclpy_executors:/opt/ros/humble /usr/bin/cmake /home/clem/ros2_ws/src/ros_tutorials/turtlesim -DCMAKE_INSTALL_PREFIX=/home/clem/ros2_ws/install/turtlesim
[0.040s] -- Found ament_cmake: 1.3.5 (/opt/ros/humble/share/ament_cmake/cmake)
[0.143s] -- Override CMake install command with custom implementation using symlinks instead of copying resources
[0.147s] -- Found ament_index_cpp: 1.4.0 (/opt/ros/humble/share/ament_index_cpp/cmake)
[0.147s] -- Found geometry_msgs: 4.2.3 (/opt/ros/humble/share/geometry_msgs/cmake)
[0.163s] -- Found rosidl_generator_c: 3.1.5 (/opt/ros/humble/share/rosidl_generator_c/cmake)
[0.165s] -- Found rosidl_adapter: 3.1.5 (/opt/ros/humble/share/rosidl_adapter/cmake)
[0.168s] -- Found rosidl_generator_cpp: 3.1.5 (/opt/ros/humble/share/rosidl_generator_cpp/cmake)
[0.175s] -- Using all available rosidl_typesupport_c: rosidl_typesupport_fastrtps_c;rosidl_typesupport_introspection_c
[0.185s] -- Using all available rosidl_typesupport_cpp: rosidl_typesupport_fastrtps_cpp;rosidl_typesupport_introspection_cpp
[0.264s] -- Found rclcpp: 16.0.6 (/opt/ros/humble/share/rclcpp/cmake)
[0.293s] -- Found rmw_implementation_cmake: 6.1.1 (/opt/ros/humble/share/rmw_implementation_cmake/cmake)
[0.294s] -- Found rmw_fastrtps_cpp: 6.2.4 (/opt/ros/humble/share/rmw_fastrtps_cpp/cmake)
[0.370s] -- Using RMW implementation 'rmw_fastrtps_cpp' as default
[0.451s] -- Found rclcpp_action: 16.0.6 (/opt/ros/humble/share/rclcpp_action/cmake)
[0.508s] -- Found rosidl_default_generators: 1.2.0 (/opt/ros/humble/share/rosidl_default_generators/cmake)
[0.513s] -- Found std_srvs: 4.2.3 (/opt/ros/humble/share/std_srvs/cmake)
[0.719s] -- Found ament_cmake_ros: 0.10.0 (/opt/ros/humble/share/ament_cmake_ros/cmake)
[0.927s] -- Using all available rosidl_typesupport_c: rosidl_typesupport_fastrtps_c;rosidl_typesupport_introspection_c
[1.010s] -- Using all available rosidl_typesupport_cpp: rosidl_typesupport_fastrtps_cpp;rosidl_typesupport_introspection_cpp
[1.025s] -- Found python_cmake_module: 0.10.0 (/opt/ros/humble/share/python_cmake_module/cmake)
[1.041s] -- Using PYTHON_EXECUTABLE: /usr/bin/python3
[1.041s] -- Using PYTHON_INCLUDE_DIRS: /usr/include/python3.10
[1.041s] -- Using PYTHON_LIBRARIES: /usr/lib/x86_64-linux-gnu/libpython3.10.so
[1.074s] -- Configuring done
[1.107s] -- Generating done
[1.109s] -- Build files have been written to: /home/clem/ros2_ws/build/turtlesim
[1.115s] Invoked command in '/home/clem/ros2_ws/build/turtlesim' returned '0': CMAKE_PREFIX_PATH=${CMAKE_PREFIX_PATH}:/home/clem/ros2_ws/install/launch_testing_examples:/home/clem/ros2_ws/install/examples_rclpy_pointcloud_publisher:/home/clem/ros2_ws/install/examples_rclpy_minimal_subscriber:/home/clem/ros2_ws/install/examples_rclpy_minimal_service:/home/clem/ros2_ws/install/examples_rclpy_minimal_publisher:/home/clem/ros2_ws/install/examples_rclpy_minimal_client:/home/clem/ros2_ws/install/examples_rclpy_minimal_action_server:/home/clem/ros2_ws/install/examples_rclpy_minimal_action_client:/home/clem/ros2_ws/install/examples_rclpy_guard_conditions:/home/clem/ros2_ws/install/examples_rclpy_executors:/opt/ros/humble /usr/bin/cmake /home/clem/ros2_ws/src/ros_tutorials/turtlesim -DCMAKE_INSTALL_PREFIX=/home/clem/ros2_ws/install/turtlesim
[1.116s] Invoking command in '/home/clem/ros2_ws/build/turtlesim': CMAKE_PREFIX_PATH=${CMAKE_PREFIX_PATH}:/home/clem/ros2_ws/install/launch_testing_examples:/home/clem/ros2_ws/install/examples_rclpy_pointcloud_publisher:/home/clem/ros2_ws/install/examples_rclpy_minimal_subscriber:/home/clem/ros2_ws/install/examples_rclpy_minimal_service:/home/clem/ros2_ws/install/examples_rclpy_minimal_publisher:/home/clem/ros2_ws/install/examples_rclpy_minimal_client:/home/clem/ros2_ws/install/examples_rclpy_minimal_action_server:/home/clem/ros2_ws/install/examples_rclpy_minimal_action_client:/home/clem/ros2_ws/install/examples_rclpy_guard_conditions:/home/clem/ros2_ws/install/examples_rclpy_executors:/opt/ros/humble /usr/bin/cmake --build /home/clem/ros2_ws/build/turtlesim -- -j16 -l16
[1.142s] [35m[1mConsolidate compiler generated dependencies of target turtlesim__rosidl_generator_c[0m
[1.148s] [  1%] Built target turtlesim__cpp
[1.150s] [ 11%] Built target turtlesim__rosidl_generator_c
[1.153s] [ 11%] Built target ament_cmake_python_symlink_turtlesim
[1.156s] [35m[1mConsolidate compiler generated dependencies of target turtlesim__rosidl_typesupport_introspection_cpp[0m
[1.157s] [35m[1mConsolidate compiler generated dependencies of target turtlesim__rosidl_typesupport_fastrtps_cpp[0m
[1.157s] [35m[1mConsolidate compiler generated dependencies of target turtlesim__rosidl_typesupport_cpp[0m
[1.159s] [35m[1mConsolidate compiler generated dependencies of target turtlesim__rosidl_typesupport_introspection_c[0m
[1.159s] [35m[1mConsolidate compiler generated dependencies of target turtlesim__rosidl_typesupport_fastrtps_c[0m
[1.160s] [35m[1mConsolidate compiler generated dependencies of target turtlesim__rosidl_typesupport_c[0m
[1.168s] [ 21%] Built target turtlesim__rosidl_typesupport_introspection_cpp
[1.170s] [ 31%] Built target turtlesim__rosidl_typesupport_cpp
[1.171s] [ 41%] Built target turtlesim__rosidl_typesupport_fastrtps_cpp
[1.172s] [ 57%] Built target turtlesim__rosidl_typesupport_fastrtps_c
[1.172s] [ 61%] Built target turtlesim__rosidl_typesupport_c
[1.173s] [ 71%] Built target turtlesim__rosidl_typesupport_introspection_c
[1.177s] [35m[1mConsolidate compiler generated dependencies of target turtle_teleop_key[0m
[1.178s] [35m[1mConsolidate compiler generated dependencies of target draw_square[0m
[1.179s] [35m[1mConsolidate compiler generated dependencies of target turtlesim_node[0m
[1.180s] [35m[1mConsolidate compiler generated dependencies of target mimic[0m
[1.189s] [ 74%] Built target draw_square
[1.189s] [ 75%] Built target turtle_teleop_key
[1.190s] [ 75%] Built target turtlesim
[1.193s] [ 77%] Built target mimic
[1.195s] [ 83%] Built target turtlesim_node
[1.202s] [ 84%] Built target turtlesim__py
[1.209s] [35m[1mConsolidate compiler generated dependencies of target turtlesim__rosidl_generator_py[0m
[1.220s] [ 93%] Built target turtlesim__rosidl_generator_py
[1.227s] [35m[1mConsolidate compiler generated dependencies of target turtlesim__rosidl_typesupport_c__pyext[0m
[1.227s] [35m[1mConsolidate compiler generated dependencies of target turtlesim__rosidl_typesupport_introspection_c__pyext[0m
[1.227s] [35m[1mConsolidate compiler generated dependencies of target turtlesim__rosidl_typesupport_fastrtps_c__pyext[0m
[1.236s] [ 98%] Built target turtlesim__rosidl_typesupport_introspection_c__pyext
[1.237s] [ 98%] Built target turtlesim__rosidl_typesupport_c__pyext
[1.237s] [100%] Built target turtlesim__rosidl_typesupport_fastrtps_c__pyext
[1.305s] running egg_info
[1.305s] writing turtlesim.egg-info/PKG-INFO
[1.306s] writing dependency_links to turtlesim.egg-info/dependency_links.txt
[1.306s] writing top-level names to turtlesim.egg-info/top_level.txt
[1.307s] reading manifest file 'turtlesim.egg-info/SOURCES.txt'
[1.307s] writing manifest file 'turtlesim.egg-info/SOURCES.txt'
[1.323s] [100%] Built target ament_cmake_python_build_turtlesim_egg
[1.330s] Invoked command in '/home/clem/ros2_ws/build/turtlesim' returned '0': CMAKE_PREFIX_PATH=${CMAKE_PREFIX_PATH}:/home/clem/ros2_ws/install/launch_testing_examples:/home/clem/ros2_ws/install/examples_rclpy_pointcloud_publisher:/home/clem/ros2_ws/install/examples_rclpy_minimal_subscriber:/home/clem/ros2_ws/install/examples_rclpy_minimal_service:/home/clem/ros2_ws/install/examples_rclpy_minimal_publisher:/home/clem/ros2_ws/install/examples_rclpy_minimal_client:/home/clem/ros2_ws/install/examples_rclpy_minimal_action_server:/home/clem/ros2_ws/install/examples_rclpy_minimal_action_client:/home/clem/ros2_ws/install/examples_rclpy_guard_conditions:/home/clem/ros2_ws/install/examples_rclpy_executors:/opt/ros/humble /usr/bin/cmake --build /home/clem/ros2_ws/build/turtlesim -- -j16 -l16
[1.448s] Invoking command in '/home/clem/ros2_ws/build/turtlesim': CMAKE_PREFIX_PATH=${CMAKE_PREFIX_PATH}:/home/clem/ros2_ws/install/launch_testing_examples:/home/clem/ros2_ws/install/examples_rclpy_pointcloud_publisher:/home/clem/ros2_ws/install/examples_rclpy_minimal_subscriber:/home/clem/ros2_ws/install/examples_rclpy_minimal_service:/home/clem/ros2_ws/install/examples_rclpy_minimal_publisher:/home/clem/ros2_ws/install/examples_rclpy_minimal_client:/home/clem/ros2_ws/install/examples_rclpy_minimal_action_server:/home/clem/ros2_ws/install/examples_rclpy_minimal_action_client:/home/clem/ros2_ws/install/examples_rclpy_guard_conditions:/home/clem/ros2_ws/install/examples_rclpy_executors:/opt/ros/humble /usr/bin/cmake --install /home/clem/ros2_ws/build/turtlesim
[1.453s] -- Install configuration: ""
[1.453s] -- Execute custom install script
[1.453s] -- Up-to-date symlink: /home/clem/ros2_ws/install/turtlesim/share/ament_index/resource_index/rosidl_interfaces/turtlesim
[1.454s] -- Up-to-date symlink: /home/clem/ros2_ws/install/turtlesim/include/turtlesim/turtlesim/action/detail/rotate_absolute__functions.h
[1.454s] -- Up-to-date symlink: /home/clem/ros2_ws/install/turtlesim/include/turtlesim/turtlesim/action/detail/rotate_absolute__struct.h
[1.454s] -- Up-to-date symlink: /home/clem/ros2_ws/install/turtlesim/include/turtlesim/turtlesim/action/detail/rotate_absolute__type_support.h
[1.454s] -- Up-to-date symlink: /home/clem/ros2_ws/install/turtlesim/include/turtlesim/turtlesim/action/rotate_absolute.h
[1.454s] -- Up-to-date symlink: /home/clem/ros2_ws/install/turtlesim/include/turtlesim/turtlesim/msg/color.h
[1.454s] -- Up-to-date symlink: /home/clem/ros2_ws/install/turtlesim/include/turtlesim/turtlesim/msg/detail/color__functions.h
[1.454s] -- Up-to-date symlink: /home/clem/ros2_ws/install/turtlesim/include/turtlesim/turtlesim/msg/detail/color__struct.h
[1.454s] -- Up-to-date symlink: /home/clem/ros2_ws/install/turtlesim/include/turtlesim/turtlesim/msg/detail/color__type_support.h
[1.454s] -- Up-to-date symlink: /home/clem/ros2_ws/install/turtlesim/include/turtlesim/turtlesim/msg/detail/pose__functions.h
[1.455s] -- Up-to-date symlink: /home/clem/ros2_ws/install/turtlesim/include/turtlesim/turtlesim/msg/detail/pose__struct.h
[1.455s] -- Up-to-date symlink: /home/clem/ros2_ws/install/turtlesim/include/turtlesim/turtlesim/msg/detail/pose__type_support.h
[1.455s] -- Up-to-date symlink: /home/clem/ros2_ws/install/turtlesim/include/turtlesim/turtlesim/msg/pose.h
[1.455s] -- Up-to-date symlink: /home/clem/ros2_ws/install/turtlesim/include/turtlesim/turtlesim/msg/rosidl_generator_c__visibility_control.h
[1.455s] -- Up-to-date symlink: /home/clem/ros2_ws/install/turtlesim/include/turtlesim/turtlesim/srv/detail/kill__functions.h
[1.455s] -- Up-to-date symlink: /home/clem/ros2_ws/install/turtlesim/include/turtlesim/turtlesim/srv/detail/kill__struct.h
[1.455s] -- Up-to-date symlink: /home/clem/ros2_ws/install/turtlesim/include/turtlesim/turtlesim/srv/detail/kill__type_support.h
[1.455s] -- Up-to-date symlink: /home/clem/ros2_ws/install/turtlesim/include/turtlesim/turtlesim/srv/detail/set_pen__functions.h
[1.455s] -- Up-to-date symlink: /home/clem/ros2_ws/install/turtlesim/include/turtlesim/turtlesim/srv/detail/set_pen__struct.h
[1.455s] -- Up-to-date symlink: /home/clem/ros2_ws/install/turtlesim/include/turtlesim/turtlesim/srv/detail/set_pen__type_support.h
[1.455s] -- Up-to-date symlink: /home/clem/ros2_ws/install/turtlesim/include/turtlesim/turtlesim/srv/detail/spawn__functions.h
[1.455s] -- Up-to-date symlink: /home/clem/ros2_ws/install/turtlesim/include/turtlesim/turtlesim/srv/detail/spawn__struct.h
[1.455s] -- Up-to-date symlink: /home/clem/ros2_ws/install/turtlesim/include/turtlesim/turtlesim/srv/detail/spawn__type_support.h
[1.455s] -- Up-to-date symlink: /home/clem/ros2_ws/install/turtlesim/include/turtlesim/turtlesim/srv/detail/teleport_absolute__functions.h
[1.455s] -- Up-to-date symlink: /home/clem/ros2_ws/install/turtlesim/include/turtlesim/turtlesim/srv/detail/teleport_absolute__struct.h
[1.456s] -- Up-to-date symlink: /home/clem/ros2_ws/install/turtlesim/include/turtlesim/turtlesim/srv/detail/teleport_absolute__type_support.h
[1.456s] -- Up-to-date symlink: /home/clem/ros2_ws/install/turtlesim/include/turtlesim/turtlesim/srv/detail/teleport_relative__functions.h
[1.456s] -- Up-to-date symlink: /home/clem/ros2_ws/install/turtlesim/include/turtlesim/turtlesim/srv/detail/teleport_relative__struct.h
[1.456s] -- Up-to-date symlink: /home/clem/ros2_ws/install/turtlesim/include/turtlesim/turtlesim/srv/detail/teleport_relative__type_support.h
[1.456s] -- Up-to-date symlink: /home/clem/ros2_ws/install/turtlesim/include/turtlesim/turtlesim/srv/kill.h
[1.456s] -- Up-to-date symlink: /home/clem/ros2_ws/install/turtlesim/include/turtlesim/turtlesim/srv/set_pen.h
[1.456s] -- Up-to-date symlink: /home/clem/ros2_ws/install/turtlesim/include/turtlesim/turtlesim/srv/spawn.h
[1.456s] -- Up-to-date symlink: /home/clem/ros2_ws/install/turtlesim/include/turtlesim/turtlesim/srv/teleport_absolute.h
[1.456s] -- Up-to-date symlink: /home/clem/ros2_ws/install/turtlesim/include/turtlesim/turtlesim/srv/teleport_relative.h
[1.456s] -- Up-to-date symlink: /home/clem/ros2_ws/install/turtlesim/share/turtlesim/environment/library_path.sh
[1.456s] -- Up-to-date symlink: /home/clem/ros2_ws/install/turtlesim/share/turtlesim/environment/library_path.dsv
[1.456s] -- Up-to-date symlink: /home/clem/ros2_ws/install/turtlesim/include/turtlesim/turtlesim/action/detail/rotate_absolute__rosidl_typesupport_fastrtps_c.h
[1.456s] -- Up-to-date symlink: /home/clem/ros2_ws/install/turtlesim/include/turtlesim/turtlesim/msg/detail/color__rosidl_typesupport_fastrtps_c.h
[1.456s] -- Up-to-date symlink: /home/clem/ros2_ws/install/turtlesim/include/turtlesim/turtlesim/msg/detail/pose__rosidl_typesupport_fastrtps_c.h
[1.456s] -- Up-to-date symlink: /home/clem/ros2_ws/install/turtlesim/include/turtlesim/turtlesim/msg/rosidl_typesupport_fastrtps_c__visibility_control.h
[1.456s] -- Up-to-date symlink: /home/clem/ros2_ws/install/turtlesim/include/turtlesim/turtlesim/srv/detail/kill__rosidl_typesupport_fastrtps_c.h
[1.456s] -- Up-to-date symlink: /home/clem/ros2_ws/install/turtlesim/include/turtlesim/turtlesim/srv/detail/set_pen__rosidl_typesupport_fastrtps_c.h
[1.457s] -- Up-to-date symlink: /home/clem/ros2_ws/install/turtlesim/include/turtlesim/turtlesim/srv/detail/spawn__rosidl_typesupport_fastrtps_c.h
[1.457s] -- Up-to-date symlink: /home/clem/ros2_ws/install/turtlesim/include/turtlesim/turtlesim/srv/detail/teleport_absolute__rosidl_typesupport_fastrtps_c.h
[1.457s] -- Up-to-date symlink: /home/clem/ros2_ws/install/turtlesim/include/turtlesim/turtlesim/srv/detail/teleport_relative__rosidl_typesupport_fastrtps_c.h
[1.457s] -- Up-to-date symlink: /home/clem/ros2_ws/install/turtlesim/include/turtlesim/turtlesim/action/detail/rotate_absolute__builder.hpp
[1.457s] -- Up-to-date symlink: /home/clem/ros2_ws/install/turtlesim/include/turtlesim/turtlesim/action/detail/rotate_absolute__struct.hpp
[1.457s] -- Up-to-date symlink: /home/clem/ros2_ws/install/turtlesim/include/turtlesim/turtlesim/action/detail/rotate_absolute__traits.hpp
[1.457s] -- Up-to-date symlink: /home/clem/ros2_ws/install/turtlesim/include/turtlesim/turtlesim/action/rotate_absolute.hpp
[1.457s] -- Up-to-date symlink: /home/clem/ros2_ws/install/turtlesim/include/turtlesim/turtlesim/msg/color.hpp
[1.457s] -- Up-to-date symlink: /home/clem/ros2_ws/install/turtlesim/include/turtlesim/turtlesim/msg/detail/color__builder.hpp
[1.457s] -- Up-to-date symlink: /home/clem/ros2_ws/install/turtlesim/include/turtlesim/turtlesim/msg/detail/color__struct.hpp
[1.457s] -- Up-to-date symlink: /home/clem/ros2_ws/install/turtlesim/include/turtlesim/turtlesim/msg/detail/color__traits.hpp
[1.457s] -- Up-to-date symlink: /home/clem/ros2_ws/install/turtlesim/include/turtlesim/turtlesim/msg/detail/pose__builder.hpp
[1.457s] -- Up-to-date symlink: /home/clem/ros2_ws/install/turtlesim/include/turtlesim/turtlesim/msg/detail/pose__struct.hpp
[1.457s] -- Up-to-date symlink: /home/clem/ros2_ws/install/turtlesim/include/turtlesim/turtlesim/msg/detail/pose__traits.hpp
[1.457s] -- Up-to-date symlink: /home/clem/ros2_ws/install/turtlesim/include/turtlesim/turtlesim/msg/pose.hpp
[1.457s] -- Up-to-date symlink: /home/clem/ros2_ws/install/turtlesim/include/turtlesim/turtlesim/srv/detail/kill__builder.hpp
[1.458s] -- Up-to-date symlink: /home/clem/ros2_ws/install/turtlesim/include/turtlesim/turtlesim/srv/detail/kill__struct.hpp
[1.458s] -- Up-to-date symlink: /home/clem/ros2_ws/install/turtlesim/include/turtlesim/turtlesim/srv/detail/kill__traits.hpp
[1.458s] -- Up-to-date symlink: /home/clem/ros2_ws/install/turtlesim/include/turtlesim/turtlesim/srv/detail/set_pen__builder.hpp
[1.458s] -- Up-to-date symlink: /home/clem/ros2_ws/install/turtlesim/include/turtlesim/turtlesim/srv/detail/set_pen__struct.hpp
[1.458s] -- Up-to-date symlink: /home/clem/ros2_ws/install/turtlesim/include/turtlesim/turtlesim/srv/detail/set_pen__traits.hpp
[1.458s] -- Up-to-date symlink: /home/clem/ros2_ws/install/turtlesim/include/turtlesim/turtlesim/srv/detail/spawn__builder.hpp
[1.458s] -- Up-to-date symlink: /home/clem/ros2_ws/install/turtlesim/include/turtlesim/turtlesim/srv/detail/spawn__struct.hpp
[1.458s] -- Up-to-date symlink: /home/clem/ros2_ws/install/turtlesim/include/turtlesim/turtlesim/srv/detail/spawn__traits.hpp
[1.458s] -- Up-to-date symlink: /home/clem/ros2_ws/install/turtlesim/include/turtlesim/turtlesim/srv/detail/teleport_absolute__builder.hpp
[1.458s] -- Up-to-date symlink: /home/clem/ros2_ws/install/turtlesim/include/turtlesim/turtlesim/srv/detail/teleport_absolute__struct.hpp
[1.458s] -- Up-to-date symlink: /home/clem/ros2_ws/install/turtlesim/include/turtlesim/turtlesim/srv/detail/teleport_absolute__traits.hpp
[1.458s] -- Up-to-date symlink: /home/clem/ros2_ws/install/turtlesim/include/turtlesim/turtlesim/srv/detail/teleport_relative__builder.hpp
[1.458s] -- Up-to-date symlink: /home/clem/ros2_ws/install/turtlesim/include/turtlesim/turtlesim/srv/detail/teleport_relative__struct.hpp
[1.458s] -- Up-to-date symlink: /home/clem/ros2_ws/install/turtlesim/include/turtlesim/turtlesim/srv/detail/teleport_relative__traits.hpp
[1.458s] -- Up-to-date symlink: /home/clem/ros2_ws/install/turtlesim/include/turtlesim/turtlesim/srv/kill.hpp
[1.459s] -- Up-to-date symlink: /home/clem/ros2_ws/install/turtlesim/include/turtlesim/turtlesim/srv/set_pen.hpp
[1.459s] -- Up-to-date symlink: /home/clem/ros2_ws/install/turtlesim/include/turtlesim/turtlesim/srv/spawn.hpp
[1.459s] -- Up-to-date symlink: /home/clem/ros2_ws/install/turtlesim/include/turtlesim/turtlesim/srv/teleport_absolute.hpp
[1.459s] -- Up-to-date symlink: /home/clem/ros2_ws/install/turtlesim/include/turtlesim/turtlesim/srv/teleport_relative.hpp
[1.459s] -- Up-to-date symlink: /home/clem/ros2_ws/install/turtlesim/include/turtlesim/turtlesim/action/detail/rotate_absolute__rosidl_typesupport_fastrtps_cpp.hpp
[1.459s] -- Up-to-date symlink: /home/clem/ros2_ws/install/turtlesim/include/turtlesim/turtlesim/msg/detail/color__rosidl_typesupport_fastrtps_cpp.hpp
[1.459s] -- Up-to-date symlink: /home/clem/ros2_ws/install/turtlesim/include/turtlesim/turtlesim/msg/detail/pose__rosidl_typesupport_fastrtps_cpp.hpp
[1.459s] -- Up-to-date symlink: /home/clem/ros2_ws/install/turtlesim/include/turtlesim/turtlesim/msg/rosidl_typesupport_fastrtps_cpp__visibility_control.h
[1.459s] -- Up-to-date symlink: /home/clem/ros2_ws/install/turtlesim/include/turtlesim/turtlesim/srv/detail/kill__rosidl_typesupport_fastrtps_cpp.hpp
[1.459s] -- Up-to-date symlink: /home/clem/ros2_ws/install/turtlesim/include/turtlesim/turtlesim/srv/detail/set_pen__rosidl_typesupport_fastrtps_cpp.hpp
[1.459s] -- Up-to-date symlink: /home/clem/ros2_ws/install/turtlesim/include/turtlesim/turtlesim/srv/detail/spawn__rosidl_typesupport_fastrtps_cpp.hpp
[1.459s] -- Up-to-date symlink: /home/clem/ros2_ws/install/turtlesim/include/turtlesim/turtlesim/srv/detail/teleport_absolute__rosidl_typesupport_fastrtps_cpp.hpp
[1.459s] -- Up-to-date symlink: /home/clem/ros2_ws/install/turtlesim/include/turtlesim/turtlesim/srv/detail/teleport_relative__rosidl_typesupport_fastrtps_cpp.hpp
[1.459s] -- Up-to-date symlink: /home/clem/ros2_ws/install/turtlesim/include/turtlesim/turtlesim/action/detail/rotate_absolute__rosidl_typesupport_introspection_c.h
[1.459s] -- Up-to-date symlink: /home/clem/ros2_ws/install/turtlesim/include/turtlesim/turtlesim/msg/detail/color__rosidl_typesupport_introspection_c.h
[1.459s] -- Up-to-date symlink: /home/clem/ros2_ws/install/turtlesim/include/turtlesim/turtlesim/msg/detail/pose__rosidl_typesupport_introspection_c.h
[1.459s] -- Up-to-date symlink: /home/clem/ros2_ws/install/turtlesim/include/turtlesim/turtlesim/msg/rosidl_typesupport_introspection_c__visibility_control.h
[1.460s] -- Up-to-date symlink: /home/clem/ros2_ws/install/turtlesim/include/turtlesim/turtlesim/srv/detail/kill__rosidl_typesupport_introspection_c.h
[1.460s] -- Up-to-date symlink: /home/clem/ros2_ws/install/turtlesim/include/turtlesim/turtlesim/srv/detail/set_pen__rosidl_typesupport_introspection_c.h
[1.460s] -- Up-to-date symlink: /home/clem/ros2_ws/install/turtlesim/include/turtlesim/turtlesim/srv/detail/spawn__rosidl_typesupport_introspection_c.h
[1.460s] -- Up-to-date symlink: /home/clem/ros2_ws/install/turtlesim/include/turtlesim/turtlesim/srv/detail/teleport_absolute__rosidl_typesupport_introspection_c.h
[1.460s] -- Up-to-date symlink: /home/clem/ros2_ws/install/turtlesim/include/turtlesim/turtlesim/srv/detail/teleport_relative__rosidl_typesupport_introspection_c.h
[1.460s] -- Up-to-date symlink: /home/clem/ros2_ws/install/turtlesim/include/turtlesim/turtlesim/action/detail/rotate_absolute__rosidl_typesupport_introspection_cpp.hpp
[1.460s] -- Up-to-date symlink: /home/clem/ros2_ws/install/turtlesim/include/turtlesim/turtlesim/msg/detail/color__rosidl_typesupport_introspection_cpp.hpp
[1.460s] -- Up-to-date symlink: /home/clem/ros2_ws/install/turtlesim/include/turtlesim/turtlesim/msg/detail/pose__rosidl_typesupport_introspection_cpp.hpp
[1.460s] -- Up-to-date symlink: /home/clem/ros2_ws/install/turtlesim/include/turtlesim/turtlesim/srv/detail/kill__rosidl_typesupport_introspection_cpp.hpp
[1.460s] -- Up-to-date symlink: /home/clem/ros2_ws/install/turtlesim/include/turtlesim/turtlesim/srv/detail/set_pen__rosidl_typesupport_introspection_cpp.hpp
[1.460s] -- Up-to-date symlink: /home/clem/ros2_ws/install/turtlesim/include/turtlesim/turtlesim/srv/detail/spawn__rosidl_typesupport_introspection_cpp.hpp
[1.460s] -- Up-to-date symlink: /home/clem/ros2_ws/install/turtlesim/include/turtlesim/turtlesim/srv/detail/teleport_absolute__rosidl_typesupport_introspection_cpp.hpp
[1.460s] -- Up-to-date symlink: /home/clem/ros2_ws/install/turtlesim/include/turtlesim/turtlesim/srv/detail/teleport_relative__rosidl_typesupport_introspection_cpp.hpp
[1.460s] -- Up-to-date symlink: /home/clem/ros2_ws/install/turtlesim/share/turtlesim/environment/pythonpath.sh
[1.460s] -- Up-to-date symlink: /home/clem/ros2_ws/install/turtlesim/share/turtlesim/environment/pythonpath.dsv
[1.460s] -- Up-to-date symlink: /home/clem/ros2_ws/install/turtlesim/local/lib/python3.10/dist-packages/turtlesim-1.4.2-py3.10.egg-info/PKG-INFO
[1.461s] -- Up-to-date symlink: /home/clem/ros2_ws/install/turtlesim/local/lib/python3.10/dist-packages/turtlesim-1.4.2-py3.10.egg-info/SOURCES.txt
[1.461s] -- Up-to-date symlink: /home/clem/ros2_ws/install/turtlesim/local/lib/python3.10/dist-packages/turtlesim-1.4.2-py3.10.egg-info/dependency_links.txt
[1.461s] -- Up-to-date symlink: /home/clem/ros2_ws/install/turtlesim/local/lib/python3.10/dist-packages/turtlesim-1.4.2-py3.10.egg-info/top_level.txt
[1.461s] -- Up-to-date symlink: /home/clem/ros2_ws/install/turtlesim/local/lib/python3.10/dist-packages/turtlesim/__init__.py
[1.461s] -- Up-to-date symlink: /home/clem/ros2_ws/install/turtlesim/local/lib/python3.10/dist-packages/turtlesim/_turtlesim_s.ep.rosidl_typesupport_c.c
[1.461s] -- Up-to-date symlink: /home/clem/ros2_ws/install/turtlesim/local/lib/python3.10/dist-packages/turtlesim/_turtlesim_s.ep.rosidl_typesupport_fastrtps_c.c
[1.461s] -- Up-to-date symlink: /home/clem/ros2_ws/install/turtlesim/local/lib/python3.10/dist-packages/turtlesim/_turtlesim_s.ep.rosidl_typesupport_introspection_c.c
[1.461s] -- Up-to-date symlink: /home/clem/ros2_ws/install/turtlesim/local/lib/python3.10/dist-packages/turtlesim/action/__init__.py
[1.461s] -- Up-to-date symlink: /home/clem/ros2_ws/install/turtlesim/local/lib/python3.10/dist-packages/turtlesim/action/_rotate_absolute.py
[1.461s] -- Up-to-date symlink: /home/clem/ros2_ws/install/turtlesim/local/lib/python3.10/dist-packages/turtlesim/action/_rotate_absolute_s.c
[1.461s] -- Up-to-date symlink: /home/clem/ros2_ws/install/turtlesim/local/lib/python3.10/dist-packages/turtlesim/libturtlesim__rosidl_generator_py.so
[1.461s] -- Up-to-date symlink: /home/clem/ros2_ws/install/turtlesim/local/lib/python3.10/dist-packages/turtlesim/msg/__init__.py
[1.461s] -- Up-to-date symlink: /home/clem/ros2_ws/install/turtlesim/local/lib/python3.10/dist-packages/turtlesim/msg/_color.py
[1.461s] -- Up-to-date symlink: /home/clem/ros2_ws/install/turtlesim/local/lib/python3.10/dist-packages/turtlesim/msg/_color_s.c
[1.461s] -- Up-to-date symlink: /home/clem/ros2_ws/install/turtlesim/local/lib/python3.10/dist-packages/turtlesim/msg/_pose.py
[1.462s] -- Up-to-date symlink: /home/clem/ros2_ws/install/turtlesim/local/lib/python3.10/dist-packages/turtlesim/msg/_pose_s.c
[1.462s] -- Up-to-date symlink: /home/clem/ros2_ws/install/turtlesim/local/lib/python3.10/dist-packages/turtlesim/srv/__init__.py
[1.462s] -- Up-to-date symlink: /home/clem/ros2_ws/install/turtlesim/local/lib/python3.10/dist-packages/turtlesim/srv/_kill.py
[1.462s] -- Up-to-date symlink: /home/clem/ros2_ws/install/turtlesim/local/lib/python3.10/dist-packages/turtlesim/srv/_kill_s.c
[1.462s] -- Up-to-date symlink: /home/clem/ros2_ws/install/turtlesim/local/lib/python3.10/dist-packages/turtlesim/srv/_set_pen.py
[1.462s] -- Up-to-date symlink: /home/clem/ros2_ws/install/turtlesim/local/lib/python3.10/dist-packages/turtlesim/srv/_set_pen_s.c
[1.462s] -- Up-to-date symlink: /home/clem/ros2_ws/install/turtlesim/local/lib/python3.10/dist-packages/turtlesim/srv/_spawn.py
[1.462s] -- Up-to-date symlink: /home/clem/ros2_ws/install/turtlesim/local/lib/python3.10/dist-packages/turtlesim/srv/_spawn_s.c
[1.462s] -- Up-to-date symlink: /home/clem/ros2_ws/install/turtlesim/local/lib/python3.10/dist-packages/turtlesim/srv/_teleport_absolute.py
[1.462s] -- Up-to-date symlink: /home/clem/ros2_ws/install/turtlesim/local/lib/python3.10/dist-packages/turtlesim/srv/_teleport_absolute_s.c
[1.462s] -- Up-to-date symlink: /home/clem/ros2_ws/install/turtlesim/local/lib/python3.10/dist-packages/turtlesim/srv/_teleport_relative.py
[1.462s] -- Up-to-date symlink: /home/clem/ros2_ws/install/turtlesim/local/lib/python3.10/dist-packages/turtlesim/srv/_teleport_relative_s.c
[1.462s] -- Up-to-date symlink: /home/clem/ros2_ws/install/turtlesim/local/lib/python3.10/dist-packages/turtlesim/turtlesim_s__rosidl_typesupport_c.cpython-310-x86_64-linux-gnu.so
[1.462s] -- Up-to-date symlink: /home/clem/ros2_ws/install/turtlesim/local/lib/python3.10/dist-packages/turtlesim/turtlesim_s__rosidl_typesupport_fastrtps_c.cpython-310-x86_64-linux-gnu.so
[1.462s] -- Up-to-date symlink: /home/clem/ros2_ws/install/turtlesim/local/lib/python3.10/dist-packages/turtlesim/turtlesim_s__rosidl_typesupport_introspection_c.cpython-310-x86_64-linux-gnu.so
[1.462s] -- Up-to-date symlink: /home/clem/ros2_ws/install/turtlesim/local/lib/python3.10/dist-packages/turtlesim/turtlesim_s__rosidl_typesupport_fastrtps_c.cpython-310-x86_64-linux-gnu.so
[1.463s] -- Up-to-date symlink: /home/clem/ros2_ws/install/turtlesim/local/lib/python3.10/dist-packages/turtlesim/turtlesim_s__rosidl_typesupport_introspection_c.cpython-310-x86_64-linux-gnu.so
[1.463s] -- Up-to-date symlink: /home/clem/ros2_ws/install/turtlesim/local/lib/python3.10/dist-packages/turtlesim/turtlesim_s__rosidl_typesupport_c.cpython-310-x86_64-linux-gnu.so
[1.463s] -- Up-to-date symlink: /home/clem/ros2_ws/install/turtlesim/share/turtlesim/action/RotateAbsolute.idl
[1.463s] -- Up-to-date symlink: /home/clem/ros2_ws/install/turtlesim/share/turtlesim/msg/Color.idl
[1.463s] -- Up-to-date symlink: /home/clem/ros2_ws/install/turtlesim/share/turtlesim/msg/Pose.idl
[1.463s] -- Up-to-date symlink: /home/clem/ros2_ws/install/turtlesim/share/turtlesim/srv/Kill.idl
[1.463s] -- Up-to-date symlink: /home/clem/ros2_ws/install/turtlesim/share/turtlesim/srv/SetPen.idl
[1.463s] -- Up-to-date symlink: /home/clem/ros2_ws/install/turtlesim/share/turtlesim/srv/Spawn.idl
[1.463s] -- Up-to-date symlink: /home/clem/ros2_ws/install/turtlesim/share/turtlesim/srv/TeleportAbsolute.idl
[1.463s] -- Up-to-date symlink: /home/clem/ros2_ws/install/turtlesim/share/turtlesim/srv/TeleportRelative.idl
[1.463s] -- Up-to-date symlink: /home/clem/ros2_ws/install/turtlesim/share/turtlesim/action/RotateAbsolute.action
[1.463s] -- Up-to-date symlink: /home/clem/ros2_ws/install/turtlesim/share/turtlesim/msg/Color.msg
[1.463s] -- Up-to-date symlink: /home/clem/ros2_ws/install/turtlesim/share/turtlesim/msg/Pose.msg
[1.463s] -- Up-to-date symlink: /home/clem/ros2_ws/install/turtlesim/share/turtlesim/srv/Kill.srv
[1.463s] -- Up-to-date symlink: /home/clem/ros2_ws/install/turtlesim/share/turtlesim/srv/Kill_Request.msg
[1.463s] -- Up-to-date symlink: /home/clem/ros2_ws/install/turtlesim/share/turtlesim/srv/Kill_Response.msg
[1.463s] -- Up-to-date symlink: /home/clem/ros2_ws/install/turtlesim/share/turtlesim/srv/SetPen.srv
[1.464s] -- Up-to-date symlink: /home/clem/ros2_ws/install/turtlesim/share/turtlesim/srv/SetPen_Request.msg
[1.464s] -- Up-to-date symlink: /home/clem/ros2_ws/install/turtlesim/share/turtlesim/srv/SetPen_Response.msg
[1.464s] -- Up-to-date symlink: /home/clem/ros2_ws/install/turtlesim/share/turtlesim/srv/Spawn.srv
[1.464s] -- Up-to-date symlink: /home/clem/ros2_ws/install/turtlesim/share/turtlesim/srv/Spawn_Request.msg
[1.464s] -- Up-to-date symlink: /home/clem/ros2_ws/install/turtlesim/share/turtlesim/srv/Spawn_Response.msg
[1.464s] -- Up-to-date symlink: /home/clem/ros2_ws/install/turtlesim/share/turtlesim/srv/TeleportAbsolute.srv
[1.464s] -- Up-to-date symlink: /home/clem/ros2_ws/install/turtlesim/share/turtlesim/srv/TeleportAbsolute_Request.msg
[1.464s] -- Up-to-date symlink: /home/clem/ros2_ws/install/turtlesim/share/turtlesim/srv/TeleportAbsolute_Response.msg
[1.464s] -- Up-to-date symlink: /home/clem/ros2_ws/install/turtlesim/share/turtlesim/srv/TeleportRelative.srv
[1.464s] -- Up-to-date symlink: /home/clem/ros2_ws/install/turtlesim/share/turtlesim/srv/TeleportRelative_Request.msg
[1.464s] -- Up-to-date symlink: /home/clem/ros2_ws/install/turtlesim/share/turtlesim/srv/TeleportRelative_Response.msg
[1.464s] -- Up-to-date symlink: /home/clem/ros2_ws/install/turtlesim/lib/turtlesim/turtlesim_node
[1.464s] -- Up-to-date symlink: /home/clem/ros2_ws/install/turtlesim/lib/turtlesim/turtle_teleop_key
[1.464s] -- Up-to-date symlink: /home/clem/ros2_ws/install/turtlesim/lib/turtlesim/draw_square
[1.464s] -- Up-to-date symlink: /home/clem/ros2_ws/install/turtlesim/lib/turtlesim/mimic
[1.464s] -- Up-to-date symlink: /home/clem/ros2_ws/install/turtlesim/share/turtlesim/launch/multisim.launch.py
[1.464s] -- Up-to-date symlink: /home/clem/ros2_ws/install/turtlesim/share/ament_index/resource_index/package_run_dependencies/turtlesim
[1.465s] -- Up-to-date symlink: /home/clem/ros2_ws/install/turtlesim/share/ament_index/resource_index/parent_prefix_path/turtlesim
[1.465s] -- Up-to-date symlink: /home/clem/ros2_ws/install/turtlesim/share/turtlesim/environment/ament_prefix_path.sh
[1.465s] -- Up-to-date symlink: /home/clem/ros2_ws/install/turtlesim/share/turtlesim/environment/ament_prefix_path.dsv
[1.465s] -- Up-to-date symlink: /home/clem/ros2_ws/install/turtlesim/share/turtlesim/environment/path.sh
[1.465s] -- Up-to-date symlink: /home/clem/ros2_ws/install/turtlesim/share/turtlesim/environment/path.dsv
[1.465s] -- Up-to-date symlink: /home/clem/ros2_ws/install/turtlesim/share/turtlesim/local_setup.bash
[1.465s] -- Up-to-date symlink: /home/clem/ros2_ws/install/turtlesim/share/turtlesim/local_setup.sh
[1.465s] -- Up-to-date symlink: /home/clem/ros2_ws/install/turtlesim/share/turtlesim/local_setup.zsh
[1.465s] -- Up-to-date symlink: /home/clem/ros2_ws/install/turtlesim/share/turtlesim/local_setup.dsv
[1.465s] -- Symlinking: /home/clem/ros2_ws/install/turtlesim/share/turtlesim/package.dsv
[1.468s] -- Up-to-date symlink: /home/clem/ros2_ws/install/turtlesim/share/ament_index/resource_index/packages/turtlesim
[1.468s] -- Up-to-date symlink: /home/clem/ros2_ws/install/turtlesim/share/turtlesim/cmake/rosidl_cmake-extras.cmake
[1.468s] -- Up-to-date symlink: /home/clem/ros2_ws/install/turtlesim/share/turtlesim/cmake/ament_cmake_export_dependencies-extras.cmake
[1.468s] -- Up-to-date symlink: /home/clem/ros2_ws/install/turtlesim/share/turtlesim/cmake/ament_cmake_export_include_directories-extras.cmake
[1.468s] -- Up-to-date symlink: /home/clem/ros2_ws/install/turtlesim/share/turtlesim/cmake/ament_cmake_export_libraries-extras.cmake
[1.468s] -- Up-to-date symlink: /home/clem/ros2_ws/install/turtlesim/share/turtlesim/cmake/ament_cmake_export_targets-extras.cmake
[1.469s] -- Up-to-date symlink: /home/clem/ros2_ws/install/turtlesim/share/turtlesim/cmake/rosidl_cmake_export_typesupport_targets-extras.cmake
[1.469s] -- Up-to-date symlink: /home/clem/ros2_ws/install/turtlesim/share/turtlesim/cmake/rosidl_cmake_export_typesupport_libraries-extras.cmake
[1.469s] -- Up-to-date symlink: /home/clem/ros2_ws/install/turtlesim/share/turtlesim/cmake/turtlesimConfig.cmake
[1.469s] -- Up-to-date symlink: /home/clem/ros2_ws/install/turtlesim/share/turtlesim/cmake/turtlesimConfig-version.cmake
[1.469s] -- Up-to-date symlink: /home/clem/ros2_ws/install/turtlesim/share/turtlesim/package.xml
[1.469s] -- Up-to-date: /home/clem/ros2_ws/install/turtlesim/lib/libturtlesim__rosidl_generator_c.so
[1.469s] -- Up-to-date: /home/clem/ros2_ws/install/turtlesim/lib/libturtlesim__rosidl_typesupport_fastrtps_c.so
[1.469s] -- Up-to-date: /home/clem/ros2_ws/install/turtlesim/lib/libturtlesim__rosidl_typesupport_fastrtps_cpp.so
[1.469s] -- Up-to-date: /home/clem/ros2_ws/install/turtlesim/lib/libturtlesim__rosidl_typesupport_introspection_c.so
[1.469s] -- Up-to-date: /home/clem/ros2_ws/install/turtlesim/lib/libturtlesim__rosidl_typesupport_c.so
[1.469s] -- Up-to-date: /home/clem/ros2_ws/install/turtlesim/lib/libturtlesim__rosidl_typesupport_introspection_cpp.so
[1.469s] -- Up-to-date: /home/clem/ros2_ws/install/turtlesim/lib/libturtlesim__rosidl_typesupport_cpp.so
[1.493s] Listing '/home/clem/ros2_ws/install/turtlesim/local/lib/python3.10/dist-packages/turtlesim'...
[1.493s] Compiling '/home/clem/ros2_ws/install/turtlesim/local/lib/python3.10/dist-packages/turtlesim/__init__.py'...
[1.493s] Listing '/home/clem/ros2_ws/install/turtlesim/local/lib/python3.10/dist-packages/turtlesim/action'...
[1.493s] Listing '/home/clem/ros2_ws/install/turtlesim/local/lib/python3.10/dist-packages/turtlesim/msg'...
[1.493s] Listing '/home/clem/ros2_ws/install/turtlesim/local/lib/python3.10/dist-packages/turtlesim/srv'...
[1.496s] -- Up-to-date: /home/clem/ros2_ws/install/turtlesim/lib/libturtlesim__rosidl_generator_py.so
[1.496s] -- Up-to-date: /home/clem/ros2_ws/install/turtlesim/share/turtlesim/images
[1.496s] -- Up-to-date: /home/clem/ros2_ws/install/turtlesim/share/turtlesim/images/foxy.png
[1.496s] -- Up-to-date: /home/clem/ros2_ws/install/turtlesim/share/turtlesim/images/rolling.png
[1.496s] -- Up-to-date: /home/clem/ros2_ws/install/turtlesim/share/turtlesim/images/bouncy.png
[1.496s] -- Up-to-date: /home/clem/ros2_ws/install/turtlesim/share/turtlesim/images/humble.png
[1.496s] -- Up-to-date: /home/clem/ros2_ws/install/turtlesim/share/turtlesim/images/dashing.png
[1.496s] -- Up-to-date: /home/clem/ros2_ws/install/turtlesim/share/turtlesim/images/galactic.png
[1.497s] -- Up-to-date: /home/clem/ros2_ws/install/turtlesim/share/turtlesim/images/ardent.png
[1.497s] -- Up-to-date: /home/clem/ros2_ws/install/turtlesim/share/turtlesim/images/eloquent.png
[1.497s] -- Up-to-date: /home/clem/ros2_ws/install/turtlesim/share/turtlesim/images/crystal.png
[1.497s] -- Up-to-date: /home/clem/ros2_ws/install/turtlesim/share/turtlesim/cmake/export_turtlesim__rosidl_generator_cExport.cmake
[1.497s] -- Up-to-date: /home/clem/ros2_ws/install/turtlesim/share/turtlesim/cmake/export_turtlesim__rosidl_generator_cExport-noconfig.cmake
[1.497s] -- Up-to-date: /home/clem/ros2_ws/install/turtlesim/share/turtlesim/cmake/export_turtlesim__rosidl_typesupport_fastrtps_cExport.cmake
[1.497s] -- Up-to-date: /home/clem/ros2_ws/install/turtlesim/share/turtlesim/cmake/export_turtlesim__rosidl_typesupport_fastrtps_cExport-noconfig.cmake
[1.497s] -- Up-to-date: /home/clem/ros2_ws/install/turtlesim/share/turtlesim/cmake/export_turtlesim__rosidl_generator_cppExport.cmake
[1.497s] -- Up-to-date: /home/clem/ros2_ws/install/turtlesim/share/turtlesim/cmake/export_turtlesim__rosidl_typesupport_fastrtps_cppExport.cmake
[1.498s] -- Up-to-date: /home/clem/ros2_ws/install/turtlesim/share/turtlesim/cmake/export_turtlesim__rosidl_typesupport_fastrtps_cppExport-noconfig.cmake
[1.498s] -- Up-to-date: /home/clem/ros2_ws/install/turtlesim/share/turtlesim/cmake/turtlesim__rosidl_typesupport_introspection_cExport.cmake
[1.498s] -- Up-to-date: /home/clem/ros2_ws/install/turtlesim/share/turtlesim/cmake/turtlesim__rosidl_typesupport_introspection_cExport-noconfig.cmake
[1.498s] -- Up-to-date: /home/clem/ros2_ws/install/turtlesim/share/turtlesim/cmake/turtlesim__rosidl_typesupport_cExport.cmake
[1.498s] -- Up-to-date: /home/clem/ros2_ws/install/turtlesim/share/turtlesim/cmake/turtlesim__rosidl_typesupport_cExport-noconfig.cmake
[1.498s] -- Up-to-date: /home/clem/ros2_ws/install/turtlesim/share/turtlesim/cmake/turtlesim__rosidl_typesupport_introspection_cppExport.cmake
[1.498s] -- Up-to-date: /home/clem/ros2_ws/install/turtlesim/share/turtlesim/cmake/turtlesim__rosidl_typesupport_introspection_cppExport-noconfig.cmake
[1.498s] -- Up-to-date: /home/clem/ros2_ws/install/turtlesim/share/turtlesim/cmake/turtlesim__rosidl_typesupport_cppExport.cmake
[1.498s] -- Up-to-date: /home/clem/ros2_ws/install/turtlesim/share/turtlesim/cmake/turtlesim__rosidl_typesupport_cppExport-noconfig.cmake
[1.498s] -- Up-to-date: /home/clem/ros2_ws/install/turtlesim/share/turtlesim/cmake/export_turtlesim__rosidl_generator_pyExport.cmake
[1.498s] -- Up-to-date: /home/clem/ros2_ws/install/turtlesim/share/turtlesim/cmake/export_turtlesim__rosidl_generator_pyExport-noconfig.cmake
[1.498s] Invoked command in '/home/clem/ros2_ws/build/turtlesim' returned '0': CMAKE_PREFIX_PATH=${CMAKE_PREFIX_PATH}:/home/clem/ros2_ws/install/launch_testing_examples:/home/clem/ros2_ws/install/examples_rclpy_pointcloud_publisher:/home/clem/ros2_ws/install/examples_rclpy_minimal_subscriber:/home/clem/ros2_ws/install/examples_rclpy_minimal_service:/home/clem/ros2_ws/install/examples_rclpy_minimal_publisher:/home/clem/ros2_ws/install/examples_rclpy_minimal_client:/home/clem/ros2_ws/install/examples_rclpy_minimal_action_server:/home/clem/ros2_ws/install/examples_rclpy_minimal_action_client:/home/clem/ros2_ws/install/examples_rclpy_guard_conditions:/home/clem/ros2_ws/install/examples_rclpy_executors:/opt/ros/humble /usr/bin/cmake --install /home/clem/ros2_ws/build/turtlesim
