[0.279s] Invoking command in '/home/clem/ros2_ws/build/examples_rclcpp_minimal_publisher': CMAKE_PREFIX_PATH=/opt/ros/humble /usr/bin/cmake /home/clem/ros2_ws/src/examples/rclcpp/topics/minimal_publisher -DAMENT_CMAKE_SYMLINK_INSTALL=1 -DCMAKE_INSTALL_PREFIX=/home/clem/ros2_ws/install/examples_rclcpp_minimal_publisher
[2.191s] -- The C compiler identification is GNU 11.4.0
[2.191s] -- The CXX compiler identification is GNU 11.4.0
[2.191s] -- Detecting C compiler ABI info
[2.191s] -- Detecting C compiler ABI info - done
[2.191s] -- Check for working C compiler: /usr/bin/cc - skipped
[2.191s] -- Detecting C compile features
[2.191s] -- Detecting C compile features - done
[2.191s] -- Detecting CXX compiler ABI info
[2.191s] -- Detecting CXX compiler ABI info - done
[2.192s] -- Check for working CXX compiler: /usr/bin/c++ - skipped
[2.192s] -- Detecting CXX compile features
[2.192s] -- Detecting CXX compile features - done
[2.192s] -- Found ament_cmake: 1.3.5 (/opt/ros/humble/share/ament_cmake/cmake)
[2.192s] -- Found Python3: /usr/bin/python3.10 (found version "3.10.12") found components: Interpreter 
[2.192s] -- Override CMake install command with custom implementation using symlinks instead of copying resources
[2.192s] -- Found rclcpp: 16.0.6 (/opt/ros/humble/share/rclcpp/cmake)
[2.193s] -- Found rosidl_generator_c: 3.1.5 (/opt/ros/humble/share/rosidl_generator_c/cmake)
[2.193s] -- Found rosidl_adapter: 3.1.5 (/opt/ros/humble/share/rosidl_adapter/cmake)
[2.193s] -- Found rosidl_generator_cpp: 3.1.5 (/opt/ros/humble/share/rosidl_generator_cpp/cmake)
[2.193s] -- Using all available rosidl_typesupport_c: rosidl_typesupport_fastrtps_c;rosidl_typesupport_introspection_c
[2.193s] -- Using all available rosidl_typesupport_cpp: rosidl_typesupport_fastrtps_cpp;rosidl_typesupport_introspection_cpp
[2.193s] -- Found rmw_implementation_cmake: 6.1.1 (/opt/ros/humble/share/rmw_implementation_cmake/cmake)
[2.193s] -- Found rmw_fastrtps_cpp: 6.2.4 (/opt/ros/humble/share/rmw_fastrtps_cpp/cmake)
[2.193s] -- Found OpenSSL: /usr/lib/x86_64-linux-gnu/libcrypto.so (found version "3.0.2")  
[2.194s] -- Found FastRTPS: /opt/ros/humble/include  
[2.420s] -- Using RMW implementation 'rmw_fastrtps_cpp' as default
[2.439s] -- Looking for pthread.h
[2.749s] -- Looking for pthread.h - found
[2.752s] -- Performing Test CMAKE_HAVE_LIBC_PTHREAD
[3.017s] -- Performing Test CMAKE_HAVE_LIBC_PTHREAD - Success
[3.018s] -- Found Threads: TRUE  
[3.325s] -- Found ament_lint_auto: 0.12.8 (/opt/ros/humble/share/ament_lint_auto/cmake)
[3.453s] -- Added test 'copyright' to check source files copyright and LICENSE
[3.455s] -- Added test 'cppcheck' to perform static code analysis on C / C++ code
[3.455s] -- Configured cppcheck include dirs: 
[3.455s] -- Configured cppcheck exclude dirs and/or files: 
[3.456s] -- Added test 'cpplint' to check C / C++ code against the Google style
[3.457s] -- Configured cpplint exclude dirs and/or files: 
[3.458s] -- Added test 'lint_cmake' to check CMake code style
[3.459s] -- Added test 'uncrustify' to check C / C++ code style
[3.460s] -- Configured uncrustify additional arguments: 
[3.460s] -- Added test 'xmllint' to check XML markup files
[3.463s] -- Configuring done
[3.499s] -- Generating done
[3.502s] -- Build files have been written to: /home/clem/ros2_ws/build/examples_rclcpp_minimal_publisher
[3.524s] Invoked command in '/home/clem/ros2_ws/build/examples_rclcpp_minimal_publisher' returned '0': CMAKE_PREFIX_PATH=/opt/ros/humble /usr/bin/cmake /home/clem/ros2_ws/src/examples/rclcpp/topics/minimal_publisher -DAMENT_CMAKE_SYMLINK_INSTALL=1 -DCMAKE_INSTALL_PREFIX=/home/clem/ros2_ws/install/examples_rclcpp_minimal_publisher
[3.529s] Invoking command in '/home/clem/ros2_ws/build/examples_rclcpp_minimal_publisher': CMAKE_PREFIX_PATH=/opt/ros/humble /usr/bin/cmake --build /home/clem/ros2_ws/build/examples_rclcpp_minimal_publisher -- -j16 -l16
[4.183s] [  8%] [32mBuilding CXX object CMakeFiles/publisher_not_composable.dir/not_composable.cpp.o[0m
[4.184s] [ 16%] [32mBuilding CXX object CMakeFiles/publisher_member_function.dir/member_function.cpp.o[0m
[4.184s] [ 25%] [32mBuilding CXX object CMakeFiles/publisher_member_function_with_unique_network_flow_endpoints.dir/member_function_with_unique_network_flow_endpoints.cpp.o[0m
[4.184s] [ 33%] [32mBuilding CXX object CMakeFiles/publisher_member_function_with_type_adapter.dir/member_function_with_type_adapter.cpp.o[0m
[4.185s] [ 41%] [32mBuilding CXX object CMakeFiles/publisher_lambda.dir/lambda.cpp.o[0m
[4.186s] [ 50%] [32mBuilding CXX object CMakeFiles/publisher_wait_for_all_acked.dir/member_function_with_wait_for_all_acked.cpp.o[0m
