[1.138s] Invoking command in '/home/clem/ros2_ws/build/examples_rclpy_minimal_action_client': PYTHONPATH=/home/clem/ros2_ws/build/examples_rclpy_minimal_action_client/prefix_override:/home/clem/ros2_ws/install/examples_rclpy_minimal_action_client/lib/python3.10/site-packages:${PYTHONPATH} /usr/bin/python3 setup.py develop --editable --build-directory /home/clem/ros2_ws/build/examples_rclpy_minimal_action_client/build --no-deps install_data
[1.519s] running develop
[1.520s] /usr/lib/python3/dist-packages/setuptools/command/easy_install.py:158: EasyInstallDeprecationWarning: easy_install command is deprecated. Use build and pip and other standards-based tools.
[1.520s]   warnings.warn(
[1.521s] /usr/lib/python3/dist-packages/setuptools/command/install.py:34: SetuptoolsDeprecationWarning: setup.py install is deprecated. Use build and pip and other standards-based tools.
[1.521s]   warnings.warn(
[1.646s] running egg_info
[1.647s] writing examples_rclpy_minimal_action_client.egg-info/PKG-INFO
[1.656s] writing dependency_links to examples_rclpy_minimal_action_client.egg-info/dependency_links.txt
[1.657s] writing entry points to examples_rclpy_minimal_action_client.egg-info/entry_points.txt
[1.657s] writing requirements to examples_rclpy_minimal_action_client.egg-info/requires.txt
[1.657s] writing top-level names to examples_rclpy_minimal_action_client.egg-info/top_level.txt
[1.658s] reading manifest file 'examples_rclpy_minimal_action_client.egg-info/SOURCES.txt'
[1.659s] writing manifest file 'examples_rclpy_minimal_action_client.egg-info/SOURCES.txt'
[1.660s] running build_ext
[1.661s] Creating /home/clem/ros2_ws/install/examples_rclpy_minimal_action_client/lib/python3.10/site-packages/examples-rclpy-minimal-action-client.egg-link (link to .)
[1.661s] Installing client script to /home/clem/ros2_ws/install/examples_rclpy_minimal_action_client/lib/examples_rclpy_minimal_action_client
[1.662s] Installing client_asyncio script to /home/clem/ros2_ws/install/examples_rclpy_minimal_action_client/lib/examples_rclpy_minimal_action_client
[1.662s] Installing client_cancel script to /home/clem/ros2_ws/install/examples_rclpy_minimal_action_client/lib/examples_rclpy_minimal_action_client
[1.662s] Installing client_not_composable script to /home/clem/ros2_ws/install/examples_rclpy_minimal_action_client/lib/examples_rclpy_minimal_action_client
[1.662s] 
[1.662s] Installed /home/clem/ros2_ws/build/examples_rclpy_minimal_action_client
[1.662s] running install_data
[1.692s] Invoked command in '/home/clem/ros2_ws/build/examples_rclpy_minimal_action_client' returned '0': PYTHONPATH=/home/clem/ros2_ws/build/examples_rclpy_minimal_action_client/prefix_override:/home/clem/ros2_ws/install/examples_rclpy_minimal_action_client/lib/python3.10/site-packages:${PYTHONPATH} /usr/bin/python3 setup.py develop --editable --build-directory /home/clem/ros2_ws/build/examples_rclpy_minimal_action_client/build --no-deps install_data
