[0.384s] Invoking command in '/home/clem/ros2_ws/src/py_acquisition': PYTHONPATH=/home/clem/ros2_ws/build/py_acquisition/prefix_override:/home/clem/ros2_ws/install/py_acquisition/lib/python3.10/site-packages:${PYTHONPATH} /usr/bin/python3 setup.py egg_info --egg-base ../../build/py_acquisition build --build-base /home/clem/ros2_ws/build/py_acquisition/build install --record /home/clem/ros2_ws/build/py_acquisition/install.log --single-version-externally-managed
[0.522s] running egg_info
[0.523s] writing ../../build/py_acquisition/py_acquisition.egg-info/PKG-INFO
[0.523s] writing dependency_links to ../../build/py_acquisition/py_acquisition.egg-info/dependency_links.txt
[0.523s] writing entry points to ../../build/py_acquisition/py_acquisition.egg-info/entry_points.txt
[0.523s] writing requirements to ../../build/py_acquisition/py_acquisition.egg-info/requires.txt
[0.523s] writing top-level names to ../../build/py_acquisition/py_acquisition.egg-info/top_level.txt
[0.524s] reading manifest file '../../build/py_acquisition/py_acquisition.egg-info/SOURCES.txt'
[0.524s] writing manifest file '../../build/py_acquisition/py_acquisition.egg-info/SOURCES.txt'
[0.525s] running build
[0.525s] running build_py
[0.525s] running install
[0.525s] /usr/lib/python3/dist-packages/setuptools/command/install.py:34: SetuptoolsDeprecationWarning: setup.py install is deprecated. Use build and pip and other standards-based tools.
[0.525s]   warnings.warn(
[0.525s] running install_lib
[0.526s] running install_data
[0.526s] running install_egg_info
[0.527s] removing '/home/clem/ros2_ws/install/py_acquisition/lib/python3.10/site-packages/py_acquisition-0.0.0-py3.10.egg-info' (and everything under it)
[0.527s] Copying ../../build/py_acquisition/py_acquisition.egg-info to /home/clem/ros2_ws/install/py_acquisition/lib/python3.10/site-packages/py_acquisition-0.0.0-py3.10.egg-info
[0.528s] running install_scripts
[0.541s] Installing client script to /home/clem/ros2_ws/install/py_acquisition/lib/py_acquisition
[0.541s] Installing mesh_to_stl script to /home/clem/ros2_ws/install/py_acquisition/lib/py_acquisition
[0.541s] Installing pcd_to_mesh script to /home/clem/ros2_ws/install/py_acquisition/lib/py_acquisition
[0.541s] Installing ply_to_pcd script to /home/clem/ros2_ws/install/py_acquisition/lib/py_acquisition
[0.541s] Installing service script to /home/clem/ros2_ws/install/py_acquisition/lib/py_acquisition
[0.541s] writing list of installed files to '/home/clem/ros2_ws/build/py_acquisition/install.log'
[0.554s] Invoked command in '/home/clem/ros2_ws/src/py_acquisition' returned '0': PYTHONPATH=/home/clem/ros2_ws/build/py_acquisition/prefix_override:/home/clem/ros2_ws/install/py_acquisition/lib/python3.10/site-packages:${PYTHONPATH} /usr/bin/python3 setup.py egg_info --egg-base ../../build/py_acquisition build --build-base /home/clem/ros2_ws/build/py_acquisition/build install --record /home/clem/ros2_ws/build/py_acquisition/install.log --single-version-externally-managed
