[0.034s] Invoking command in '/home/clem/ros2_ws/build/turtlesim': CMAKE_PREFIX_PATH=/opt/ros/humble /usr/bin/cmake /home/clem/ros2_ws/src/ros_tutorials/turtlesim -DAMENT_CMAKE_SYMLINK_INSTALL=1 -DCMAKE_INSTALL_PREFIX=/home/clem/ros2_ws/install/turtlesim
[0.091s] -- The C compiler identification is GNU 11.4.0
[0.141s] -- The CXX compiler identification is GNU 11.4.0
[0.148s] -- Detecting C compiler ABI info
[0.200s] -- Detecting C compiler ABI info - done
[0.205s] -- Check for working C compiler: /usr/bin/cc - skipped
[0.206s] -- Detecting C compile features
[0.206s] -- Detecting C compile features - done
[0.208s] -- Detecting CXX compiler ABI info
[0.265s] -- Detecting CXX compiler ABI info - done
[0.270s] -- Check for working CXX compiler: /usr/bin/c++ - skipped
[0.270s] -- Detecting CXX compile features
[0.271s] -- Detecting CXX compile features - done
[0.273s] -- Found ament_cmake: 1.3.5 (/opt/ros/humble/share/ament_cmake/cmake)
[0.382s] -- Found Python3: /usr/bin/python3.10 (found version "3.10.12") found components: Interpreter 
[0.424s] -- Override CMake install command with custom implementation using symlinks instead of copying resources
[0.447s] -- Found ament_index_cpp: 1.4.0 (/opt/ros/humble/share/ament_index_cpp/cmake)
[0.448s] -- Found geometry_msgs: 4.2.3 (/opt/ros/humble/share/geometry_msgs/cmake)
[0.469s] -- Found rosidl_generator_c: 3.1.5 (/opt/ros/humble/share/rosidl_generator_c/cmake)
[0.471s] -- Found rosidl_adapter: 3.1.5 (/opt/ros/humble/share/rosidl_adapter/cmake)
[0.477s] -- Found rosidl_generator_cpp: 3.1.5 (/opt/ros/humble/share/rosidl_generator_cpp/cmake)
[0.485s] -- Using all available rosidl_typesupport_c: rosidl_typesupport_fastrtps_c;rosidl_typesupport_introspection_c
[0.498s] -- Using all available rosidl_typesupport_cpp: rosidl_typesupport_fastrtps_cpp;rosidl_typesupport_introspection_cpp
[0.599s] -- Found rclcpp: 16.0.6 (/opt/ros/humble/share/rclcpp/cmake)
[0.637s] -- Found rmw_implementation_cmake: 6.1.1 (/opt/ros/humble/share/rmw_implementation_cmake/cmake)
[0.638s] -- Found rmw_fastrtps_cpp: 6.2.4 (/opt/ros/humble/share/rmw_fastrtps_cpp/cmake)
[0.698s] -- Found OpenSSL: /usr/lib/x86_64-linux-gnu/libcrypto.so (found version "3.0.2")  
[0.714s] -- Found FastRTPS: /opt/ros/humble/include  
[0.744s] -- Using RMW implementation 'rmw_fastrtps_cpp' as default
[0.750s] -- Looking for pthread.h
[0.792s] -- Looking for pthread.h - found
[0.792s] -- Performing Test CMAKE_HAVE_LIBC_PTHREAD
[0.838s] -- Performing Test CMAKE_HAVE_LIBC_PTHREAD - Success
[0.839s] -- Found Threads: TRUE  
[0.934s] -- Found rclcpp_action: 16.0.6 (/opt/ros/humble/share/rclcpp_action/cmake)
[1.013s] -- Found rosidl_default_generators: 1.2.0 (/opt/ros/humble/share/rosidl_default_generators/cmake)
[1.020s] -- Found std_srvs: 4.2.3 (/opt/ros/humble/share/std_srvs/cmake)
[1.258s] -- Found ament_cmake_ros: 0.10.0 (/opt/ros/humble/share/ament_cmake_ros/cmake)
[1.480s] -- Using all available rosidl_typesupport_c: rosidl_typesupport_fastrtps_c;rosidl_typesupport_introspection_c
[1.563s] -- Using all available rosidl_typesupport_cpp: rosidl_typesupport_fastrtps_cpp;rosidl_typesupport_introspection_cpp
[1.577s] -- Found PythonInterp: /usr/bin/python3 (found suitable version "3.10.12", minimum required is "3.6") 
[1.578s] -- Found python_cmake_module: 0.10.0 (/opt/ros/humble/share/python_cmake_module/cmake)
[1.594s] -- Found PythonLibs: /usr/lib/x86_64-linux-gnu/libpython3.10.so (found suitable version "3.10.12", minimum required is "3.5") 
[1.594s] -- Using PYTHON_EXECUTABLE: /usr/bin/python3
[1.595s] -- Using PYTHON_INCLUDE_DIRS: /usr/include/python3.10
[1.595s] -- Using PYTHON_LIBRARIES: /usr/lib/x86_64-linux-gnu/libpython3.10.so
[1.607s] -- Found PythonExtra: .so  
[1.646s] -- Configuring done
[1.685s] -- Generating done
[1.687s] -- Build files have been written to: /home/clem/ros2_ws/build/turtlesim
[1.697s] Invoked command in '/home/clem/ros2_ws/build/turtlesim' returned '0': CMAKE_PREFIX_PATH=/opt/ros/humble /usr/bin/cmake /home/clem/ros2_ws/src/ros_tutorials/turtlesim -DAMENT_CMAKE_SYMLINK_INSTALL=1 -DCMAKE_INSTALL_PREFIX=/home/clem/ros2_ws/install/turtlesim
[1.697s] Invoking command in '/home/clem/ros2_ws/build/turtlesim': CMAKE_PREFIX_PATH=/opt/ros/humble /usr/bin/cmake --build /home/clem/ros2_ws/build/turtlesim -- -j16 -l16
[1.722s] [  1%] [34m[1mGenerating C code for ROS interfaces[0m
[1.729s] [  2%] [34m[1mGenerating C++ code for ROS interfaces[0m
[1.734s] [  2%] Built target ament_cmake_python_symlink_turtlesim
[1.908s] running egg_info
[1.909s] creating turtlesim.egg-info
[1.909s] writing turtlesim.egg-info/PKG-INFO
[1.909s] writing dependency_links to turtlesim.egg-info/dependency_links.txt
[1.909s] writing top-level names to turtlesim.egg-info/top_level.txt
[1.909s] writing manifest file 'turtlesim.egg-info/SOURCES.txt'
[1.911s] reading manifest file 'turtlesim.egg-info/SOURCES.txt'
[1.911s] writing manifest file 'turtlesim.egg-info/SOURCES.txt'
[1.936s] [  2%] Built target ament_cmake_python_build_turtlesim_egg
[2.412s] [  2%] Built target turtlesim__cpp
[2.423s] [  3%] [34m[1mGenerating C++ type support dispatch for ROS interfaces[0m
[2.425s] [  4%] [34m[1mGenerating C++ type support for eProsima Fast-RTPS[0m
[2.427s] [  5%] [34m[1mGenerating C++ introspection for ROS interfaces[0m
[2.451s] [  7%] [32mBuilding C object CMakeFiles/turtlesim__rosidl_generator_c.dir/rosidl_generator_c/turtlesim/action/detail/rotate_absolute__functions.c.o[0m
[2.451s] [  7%] [32mBuilding C object CMakeFiles/turtlesim__rosidl_generator_c.dir/rosidl_generator_c/turtlesim/msg/detail/color__functions.c.o[0m
[2.453s] [ 11%] [32mBuilding C object CMakeFiles/turtlesim__rosidl_generator_c.dir/rosidl_generator_c/turtlesim/msg/detail/pose__functions.c.o[0m
[2.454s] [ 11%] [32mBuilding C object CMakeFiles/turtlesim__rosidl_generator_c.dir/rosidl_generator_c/turtlesim/srv/detail/set_pen__functions.c.o[0m
[2.454s] [ 11%] [32mBuilding C object CMakeFiles/turtlesim__rosidl_generator_c.dir/rosidl_generator_c/turtlesim/srv/detail/spawn__functions.c.o[0m
[2.454s] [ 11%] [32mBuilding C object CMakeFiles/turtlesim__rosidl_generator_c.dir/rosidl_generator_c/turtlesim/srv/detail/kill__functions.c.o[0m
[2.454s] [ 12%] [32mBuilding C object CMakeFiles/turtlesim__rosidl_generator_c.dir/rosidl_generator_c/turtlesim/srv/detail/teleport_absolute__functions.c.o[0m
[2.455s] [ 13%] [32mBuilding C object CMakeFiles/turtlesim__rosidl_generator_c.dir/rosidl_generator_c/turtlesim/srv/detail/teleport_relative__functions.c.o[0m
[2.592s] [ 14%] [32m[1mLinking C shared library libturtlesim__rosidl_generator_c.so[0m
[2.625s] [ 14%] Built target turtlesim__rosidl_generator_c
[2.634s] [ 15%] [34m[1mGenerating C type support for eProsima Fast-RTPS[0m
[2.636s] [ 16%] [34m[1mGenerating C type support dispatch for ROS interfaces[0m
[2.637s] [ 17%] [34m[1mGenerating C introspection for ROS interfaces[0m
[2.870s] [ 19%] [32mBuilding CXX object CMakeFiles/turtlesim__rosidl_typesupport_cpp.dir/rosidl_typesupport_cpp/turtlesim/action/rotate_absolute__type_support.cpp.o[0m
[2.870s] [ 19%] [32mBuilding CXX object CMakeFiles/turtlesim__rosidl_typesupport_cpp.dir/rosidl_typesupport_cpp/turtlesim/srv/kill__type_support.cpp.o[0m
[2.871s] [ 20%] [32mBuilding CXX object CMakeFiles/turtlesim__rosidl_typesupport_cpp.dir/rosidl_typesupport_cpp/turtlesim/srv/spawn__type_support.cpp.o[0m
[2.871s] [ 21%] [32mBuilding CXX object CMakeFiles/turtlesim__rosidl_typesupport_cpp.dir/rosidl_typesupport_cpp/turtlesim/msg/color__type_support.cpp.o[0m
[2.871s] [ 22%] [32mBuilding CXX object CMakeFiles/turtlesim__rosidl_typesupport_cpp.dir/rosidl_typesupport_cpp/turtlesim/srv/set_pen__type_support.cpp.o[0m
[2.871s] [ 23%] [32mBuilding CXX object CMakeFiles/turtlesim__rosidl_typesupport_cpp.dir/rosidl_typesupport_cpp/turtlesim/srv/teleport_absolute__type_support.cpp.o[0m
[2.871s] [ 24%] [32mBuilding CXX object CMakeFiles/turtlesim__rosidl_typesupport_cpp.dir/rosidl_typesupport_cpp/turtlesim/msg/pose__type_support.cpp.o[0m
[2.872s] [ 25%] [32mBuilding CXX object CMakeFiles/turtlesim__rosidl_typesupport_cpp.dir/rosidl_typesupport_cpp/turtlesim/srv/teleport_relative__type_support.cpp.o[0m
[3.063s] [ 28%] [32mBuilding CXX object CMakeFiles/turtlesim__rosidl_typesupport_introspection_cpp.dir/rosidl_typesupport_introspection_cpp/turtlesim/action/detail/rotate_absolute__type_support.cpp.o[0m
[3.063s] [ 29%] [32mBuilding CXX object CMakeFiles/turtlesim__rosidl_typesupport_introspection_cpp.dir/rosidl_typesupport_introspection_cpp/turtlesim/msg/detail/color__type_support.cpp.o[0m
[3.063s] [ 29%] [32mBuilding CXX object CMakeFiles/turtlesim__rosidl_typesupport_introspection_cpp.dir/rosidl_typesupport_introspection_cpp/turtlesim/srv/detail/kill__type_support.cpp.o[0m
[3.063s] [ 28%] [32mBuilding CXX object CMakeFiles/turtlesim__rosidl_typesupport_introspection_cpp.dir/rosidl_typesupport_introspection_cpp/turtlesim/msg/detail/pose__type_support.cpp.o[0m
[3.216s] [ 30%] [32mBuilding CXX object CMakeFiles/turtlesim__rosidl_typesupport_introspection_cpp.dir/rosidl_typesupport_introspection_cpp/turtlesim/srv/detail/set_pen__type_support.cpp.o[0m
[3.263s] [ 31%] [32mBuilding CXX object CMakeFiles/turtlesim__rosidl_typesupport_introspection_cpp.dir/rosidl_typesupport_introspection_cpp/turtlesim/srv/detail/spawn__type_support.cpp.o[0m
[3.292s] [ 32%] [32mBuilding CXX object CMakeFiles/turtlesim__rosidl_typesupport_fastrtps_cpp.dir/rosidl_typesupport_fastrtps_cpp/turtlesim/action/detail/dds_fastrtps/rotate_absolute__type_support.cpp.o[0m
[3.295s] [ 33%] [32mBuilding CXX object CMakeFiles/turtlesim__rosidl_typesupport_introspection_cpp.dir/rosidl_typesupport_introspection_cpp/turtlesim/srv/detail/teleport_absolute__type_support.cpp.o[0m
[3.297s] [ 34%] [32mBuilding CXX object CMakeFiles/turtlesim__rosidl_typesupport_introspection_cpp.dir/rosidl_typesupport_introspection_cpp/turtlesim/srv/detail/teleport_relative__type_support.cpp.o[0m
[3.313s] [ 35%] [32mBuilding CXX object CMakeFiles/turtlesim__rosidl_typesupport_fastrtps_cpp.dir/rosidl_typesupport_fastrtps_cpp/turtlesim/msg/detail/dds_fastrtps/color__type_support.cpp.o[0m
[3.316s] [ 36%] [32mBuilding CXX object CMakeFiles/turtlesim__rosidl_typesupport_fastrtps_cpp.dir/rosidl_typesupport_fastrtps_cpp/turtlesim/msg/detail/dds_fastrtps/pose__type_support.cpp.o[0m
[3.348s] [ 37%] [32mBuilding CXX object CMakeFiles/turtlesim__rosidl_typesupport_c.dir/rosidl_typesupport_c/turtlesim/action/rotate_absolute__type_support.cpp.o[0m
[3.354s] [ 38%] [32mBuilding CXX object CMakeFiles/turtlesim__rosidl_typesupport_fastrtps_cpp.dir/rosidl_typesupport_fastrtps_cpp/turtlesim/srv/detail/dds_fastrtps/kill__type_support.cpp.o[0m
[3.434s] [ 39%] [32mBuilding CXX object CMakeFiles/turtlesim__rosidl_typesupport_c.dir/rosidl_typesupport_c/turtlesim/msg/color__type_support.cpp.o[0m
[3.479s] [ 40%] [32mBuilding CXX object CMakeFiles/turtlesim__rosidl_typesupport_c.dir/rosidl_typesupport_c/turtlesim/msg/pose__type_support.cpp.o[0m
[3.524s] [ 41%] [32mBuilding CXX object CMakeFiles/turtlesim__rosidl_typesupport_c.dir/rosidl_typesupport_c/turtlesim/srv/kill__type_support.cpp.o[0m
[3.565s] [ 42%] [32m[1mLinking CXX shared library libturtlesim__rosidl_typesupport_cpp.so[0m
[3.572s] [ 43%] [32mBuilding CXX object CMakeFiles/turtlesim__rosidl_typesupport_c.dir/rosidl_typesupport_c/turtlesim/srv/set_pen__type_support.cpp.o[0m
[3.602s] [ 45%] [32mBuilding CXX object CMakeFiles/turtlesim__rosidl_typesupport_fastrtps_cpp.dir/rosidl_typesupport_fastrtps_cpp/turtlesim/srv/detail/dds_fastrtps/spawn__type_support.cpp.o[0m
[3.602s] [ 45%] [32mBuilding CXX object CMakeFiles/turtlesim__rosidl_typesupport_fastrtps_cpp.dir/rosidl_typesupport_fastrtps_cpp/turtlesim/srv/detail/dds_fastrtps/set_pen__type_support.cpp.o[0m
[3.620s] [ 46%] [32mBuilding CXX object CMakeFiles/turtlesim__rosidl_typesupport_c.dir/rosidl_typesupport_c/turtlesim/srv/spawn__type_support.cpp.o[0m
[3.631s] [ 46%] Built target turtlesim__rosidl_typesupport_cpp
[3.645s] [ 47%] [32mBuilding CXX object CMakeFiles/turtlesim__rosidl_typesupport_c.dir/rosidl_typesupport_c/turtlesim/srv/teleport_absolute__type_support.cpp.o[0m
[3.673s] [ 48%] [34m[1mGenerating include/turtlesim/moc_turtle_frame.cpp[0m
[3.695s] [ 49%] [32mBuilding CXX object CMakeFiles/turtlesim__rosidl_typesupport_c.dir/rosidl_typesupport_c/turtlesim/srv/teleport_relative__type_support.cpp.o[0m
[3.726s] [ 50%] [32mBuilding CXX object CMakeFiles/turtle_teleop_key.dir/tutorials/teleop_turtle_key.cpp.o[0m
[3.741s] [ 51%] [32m[1mLinking CXX shared library libturtlesim__rosidl_typesupport_c.so[0m
[3.804s] [ 51%] Built target turtlesim__rosidl_typesupport_c
[3.832s] [ 52%] [32mBuilding CXX object CMakeFiles/draw_square.dir/tutorials/draw_square.cpp.o[0m
[3.844s] [ 53%] [32mBuilding CXX object CMakeFiles/turtlesim__rosidl_typesupport_fastrtps_cpp.dir/rosidl_typesupport_fastrtps_cpp/turtlesim/srv/detail/dds_fastrtps/teleport_absolute__type_support.cpp.o[0m
[3.855s] [ 54%] [32mBuilding CXX object CMakeFiles/mimic.dir/tutorials/mimic.cpp.o[0m
[3.893s] [ 55%] [32mBuilding CXX object CMakeFiles/turtlesim_node.dir/src/turtle.cpp.o[0m
[3.896s] [ 56%] [32mBuilding CXX object CMakeFiles/turtlesim_node.dir/src/turtlesim.cpp.o[0m
[3.911s] [ 57%] [32mBuilding C object CMakeFiles/turtlesim__rosidl_typesupport_introspection_c.dir/rosidl_typesupport_introspection_c/turtlesim/action/detail/rotate_absolute__type_support.c.o[0m
[3.942s] [ 58%] [32mBuilding C object CMakeFiles/turtlesim__rosidl_typesupport_introspection_c.dir/rosidl_typesupport_introspection_c/turtlesim/msg/detail/color__type_support.c.o[0m
[3.944s] [ 59%] [32m[1mLinking CXX shared library libturtlesim__rosidl_typesupport_introspection_cpp.so[0m
[3.962s] [ 60%] [32mBuilding C object CMakeFiles/turtlesim__rosidl_typesupport_introspection_c.dir/rosidl_typesupport_introspection_c/turtlesim/msg/detail/pose__type_support.c.o[0m
[3.992s] [ 61%] [32mBuilding C object CMakeFiles/turtlesim__rosidl_typesupport_introspection_c.dir/rosidl_typesupport_introspection_c/turtlesim/srv/detail/kill__type_support.c.o[0m
[4.000s] [ 62%] [32mBuilding CXX object CMakeFiles/turtlesim__rosidl_typesupport_fastrtps_c.dir/rosidl_typesupport_fastrtps_c/turtlesim/msg/detail/color__type_support_c.cpp.o[0m
[4.000s] [ 63%] [32mBuilding CXX object CMakeFiles/turtlesim__rosidl_typesupport_fastrtps_cpp.dir/rosidl_typesupport_fastrtps_cpp/turtlesim/srv/detail/dds_fastrtps/teleport_relative__type_support.cpp.o[0m
[4.005s] [ 64%] [32mBuilding CXX object CMakeFiles/turtlesim__rosidl_typesupport_fastrtps_c.dir/rosidl_typesupport_fastrtps_c/turtlesim/action/detail/rotate_absolute__type_support_c.cpp.o[0m
[4.009s] [ 65%] [32mBuilding C object CMakeFiles/turtlesim__rosidl_typesupport_introspection_c.dir/rosidl_typesupport_introspection_c/turtlesim/srv/detail/set_pen__type_support.c.o[0m
[4.021s] [ 66%] [32mBuilding C object CMakeFiles/turtlesim__rosidl_typesupport_introspection_c.dir/rosidl_typesupport_introspection_c/turtlesim/srv/detail/spawn__type_support.c.o[0m
[4.054s] [ 67%] [32mBuilding CXX object CMakeFiles/turtlesim__rosidl_typesupport_fastrtps_c.dir/rosidl_typesupport_fastrtps_c/turtlesim/msg/detail/pose__type_support_c.cpp.o[0m
[4.064s] [ 67%] Built target turtlesim__rosidl_typesupport_introspection_cpp
[4.074s] [ 68%] [32mBuilding C object CMakeFiles/turtlesim__rosidl_typesupport_introspection_c.dir/rosidl_typesupport_introspection_c/turtlesim/srv/detail/teleport_absolute__type_support.c.o[0m
[4.075s] [ 69%] [32mBuilding CXX object CMakeFiles/turtlesim_node.dir/src/turtle_frame.cpp.o[0m
[4.076s] [ 70%] [32mBuilding CXX object CMakeFiles/turtlesim__rosidl_typesupport_fastrtps_c.dir/rosidl_typesupport_fastrtps_c/turtlesim/srv/detail/kill__type_support_c.cpp.o[0m
[4.154s] [ 71%] [32mBuilding C object CMakeFiles/turtlesim__rosidl_typesupport_introspection_c.dir/rosidl_typesupport_introspection_c/turtlesim/srv/detail/teleport_relative__type_support.c.o[0m
[4.159s] [ 72%] [32mBuilding CXX object CMakeFiles/turtlesim__rosidl_typesupport_fastrtps_c.dir/rosidl_typesupport_fastrtps_c/turtlesim/srv/detail/set_pen__type_support_c.cpp.o[0m
[4.181s] [ 73%] [32mBuilding CXX object CMakeFiles/turtlesim__rosidl_typesupport_fastrtps_c.dir/rosidl_typesupport_fastrtps_c/turtlesim/srv/detail/spawn__type_support_c.cpp.o[0m
[4.197s] [ 74%] [32m[1mLinking C shared library libturtlesim__rosidl_typesupport_introspection_c.so[0m
[4.200s] [ 75%] [32mBuilding CXX object CMakeFiles/turtlesim__rosidl_typesupport_fastrtps_c.dir/rosidl_typesupport_fastrtps_c/turtlesim/srv/detail/teleport_absolute__type_support_c.cpp.o[0m
[4.245s] [ 75%] Built target turtlesim__rosidl_typesupport_introspection_c
[4.258s] [ 76%] [32mBuilding CXX object CMakeFiles/turtlesim__rosidl_typesupport_fastrtps_c.dir/rosidl_typesupport_fastrtps_c/turtlesim/srv/detail/teleport_relative__type_support_c.cpp.o[0m
[4.509s] [ 77%] [32mBuilding CXX object CMakeFiles/turtlesim_node.dir/include/turtlesim/moc_turtle_frame.cpp.o[0m
[4.705s] [ 78%] [32m[1mLinking CXX shared library libturtlesim__rosidl_typesupport_fastrtps_cpp.so[0m
[4.821s] [ 79%] [32m[1mLinking CXX shared library libturtlesim__rosidl_typesupport_fastrtps_c.so[0m
[4.826s] [ 79%] Built target turtlesim__rosidl_typesupport_fastrtps_cpp
[4.919s] [ 79%] Built target turtlesim__rosidl_typesupport_fastrtps_c
[4.946s] [ 79%] Built target turtlesim
[4.973s] [ 80%] [34m[1mGenerating Python code for ROS interfaces[0m
[7.506s] [ 80%] Built target turtlesim__py
[7.532s] [ 82%] [32mBuilding C object CMakeFiles/turtlesim__rosidl_generator_py.dir/rosidl_generator_py/turtlesim/msg/_color_s.c.o[0m
[7.533s] [ 84%] [32mBuilding C object CMakeFiles/turtlesim__rosidl_generator_py.dir/rosidl_generator_py/turtlesim/msg/_pose_s.c.o[0m
[7.533s] [ 84%] [32mBuilding C object CMakeFiles/turtlesim__rosidl_generator_py.dir/rosidl_generator_py/turtlesim/srv/_set_pen_s.c.o[0m
[7.533s] [ 85%] [32mBuilding C object CMakeFiles/turtlesim__rosidl_generator_py.dir/rosidl_generator_py/turtlesim/srv/_teleport_absolute_s.c.o[0m
[7.534s] [ 86%] [32mBuilding C object CMakeFiles/turtlesim__rosidl_generator_py.dir/rosidl_generator_py/turtlesim/srv/_kill_s.c.o[0m
[7.534s] [ 86%] [32mBuilding C object CMakeFiles/turtlesim__rosidl_generator_py.dir/rosidl_generator_py/turtlesim/srv/_teleport_relative_s.c.o[0m
[7.534s] [ 87%] [32mBuilding C object CMakeFiles/turtlesim__rosidl_generator_py.dir/rosidl_generator_py/turtlesim/srv/_spawn_s.c.o[0m
[7.539s] [ 88%] [32mBuilding C object CMakeFiles/turtlesim__rosidl_generator_py.dir/rosidl_generator_py/turtlesim/action/_rotate_absolute_s.c.o[0m
[7.769s] [ 89%] [32m[1mLinking C shared library rosidl_generator_py/turtlesim/libturtlesim__rosidl_generator_py.so[0m
[7.826s] [ 89%] Built target turtlesim__rosidl_generator_py
[7.853s] [ 92%] [32mBuilding C object CMakeFiles/turtlesim__rosidl_typesupport_c__pyext.dir/rosidl_generator_py/turtlesim/_turtlesim_s.ep.rosidl_typesupport_c.c.o[0m
[7.854s] [ 92%] [32mBuilding C object CMakeFiles/turtlesim__rosidl_typesupport_introspection_c__pyext.dir/rosidl_generator_py/turtlesim/_turtlesim_s.ep.rosidl_typesupport_introspection_c.c.o[0m
[7.854s] [ 92%] [32mBuilding C object CMakeFiles/turtlesim__rosidl_typesupport_fastrtps_c__pyext.dir/rosidl_generator_py/turtlesim/_turtlesim_s.ep.rosidl_typesupport_fastrtps_c.c.o[0m
[8.081s] [ 94%] [32m[1mLinking C shared library rosidl_generator_py/turtlesim/turtlesim_s__rosidl_typesupport_fastrtps_c.cpython-310-x86_64-linux-gnu.so[0m
[8.081s] [ 95%] [32m[1mLinking C shared library rosidl_generator_py/turtlesim/turtlesim_s__rosidl_typesupport_introspection_c.cpython-310-x86_64-linux-gnu.so[0m
[8.081s] [ 95%] [32m[1mLinking C shared library rosidl_generator_py/turtlesim/turtlesim_s__rosidl_typesupport_c.cpython-310-x86_64-linux-gnu.so[0m
[8.140s] [ 95%] Built target turtlesim__rosidl_typesupport_c__pyext
[8.140s] [ 95%] Built target turtlesim__rosidl_typesupport_fastrtps_c__pyext
[8.140s] [ 95%] Built target turtlesim__rosidl_typesupport_introspection_c__pyext
[9.857s] [ 96%] [32m[1mLinking CXX executable turtle_teleop_key[0m
[10.176s] [ 96%] Built target turtle_teleop_key
[12.607s] [ 97%] [32m[1mLinking CXX executable draw_square[0m
[13.006s] [ 97%] Built target draw_square
[13.189s] [ 98%] [32m[1mLinking CXX executable mimic[0m
[13.540s] [ 98%] Built target mimic
[15.750s] [100%] [32m[1mLinking CXX executable turtlesim_node[0m
[17.072s] [100%] Built target turtlesim_node
[17.086s] Invoked command in '/home/clem/ros2_ws/build/turtlesim' returned '0': CMAKE_PREFIX_PATH=/opt/ros/humble /usr/bin/cmake --build /home/clem/ros2_ws/build/turtlesim -- -j16 -l16
[17.180s] Invoking command in '/home/clem/ros2_ws/build/turtlesim': CMAKE_PREFIX_PATH=/opt/ros/humble /usr/bin/cmake --install /home/clem/ros2_ws/build/turtlesim
[17.185s] -- Install configuration: ""
[17.185s] -- Execute custom install script
[17.185s] -- Symlinking: /home/clem/ros2_ws/install/turtlesim/share/ament_index/resource_index/rosidl_interfaces/turtlesim
[17.191s] -- Symlinking: /home/clem/ros2_ws/install/turtlesim/include/turtlesim/turtlesim/action/detail/rotate_absolute__functions.h
[17.195s] -- Symlinking: /home/clem/ros2_ws/install/turtlesim/include/turtlesim/turtlesim/action/detail/rotate_absolute__struct.h
[17.200s] -- Symlinking: /home/clem/ros2_ws/install/turtlesim/include/turtlesim/turtlesim/action/detail/rotate_absolute__type_support.h
[17.205s] -- Symlinking: /home/clem/ros2_ws/install/turtlesim/include/turtlesim/turtlesim/action/rotate_absolute.h
[17.209s] -- Symlinking: /home/clem/ros2_ws/install/turtlesim/include/turtlesim/turtlesim/msg/color.h
[17.214s] -- Symlinking: /home/clem/ros2_ws/install/turtlesim/include/turtlesim/turtlesim/msg/detail/color__functions.h
[17.218s] -- Symlinking: /home/clem/ros2_ws/install/turtlesim/include/turtlesim/turtlesim/msg/detail/color__struct.h
[17.223s] -- Symlinking: /home/clem/ros2_ws/install/turtlesim/include/turtlesim/turtlesim/msg/detail/color__type_support.h
[17.227s] -- Symlinking: /home/clem/ros2_ws/install/turtlesim/include/turtlesim/turtlesim/msg/detail/pose__functions.h
[17.231s] -- Symlinking: /home/clem/ros2_ws/install/turtlesim/include/turtlesim/turtlesim/msg/detail/pose__struct.h
[17.236s] -- Symlinking: /home/clem/ros2_ws/install/turtlesim/include/turtlesim/turtlesim/msg/detail/pose__type_support.h
[17.240s] -- Symlinking: /home/clem/ros2_ws/install/turtlesim/include/turtlesim/turtlesim/msg/pose.h
[17.245s] -- Symlinking: /home/clem/ros2_ws/install/turtlesim/include/turtlesim/turtlesim/msg/rosidl_generator_c__visibility_control.h
[17.249s] -- Symlinking: /home/clem/ros2_ws/install/turtlesim/include/turtlesim/turtlesim/srv/detail/kill__functions.h
[17.254s] -- Symlinking: /home/clem/ros2_ws/install/turtlesim/include/turtlesim/turtlesim/srv/detail/kill__struct.h
[17.258s] -- Symlinking: /home/clem/ros2_ws/install/turtlesim/include/turtlesim/turtlesim/srv/detail/kill__type_support.h
[17.263s] -- Symlinking: /home/clem/ros2_ws/install/turtlesim/include/turtlesim/turtlesim/srv/detail/set_pen__functions.h
[17.267s] -- Symlinking: /home/clem/ros2_ws/install/turtlesim/include/turtlesim/turtlesim/srv/detail/set_pen__struct.h
[17.272s] -- Symlinking: /home/clem/ros2_ws/install/turtlesim/include/turtlesim/turtlesim/srv/detail/set_pen__type_support.h
[17.278s] -- Symlinking: /home/clem/ros2_ws/install/turtlesim/include/turtlesim/turtlesim/srv/detail/spawn__functions.h
[17.284s] -- Symlinking: /home/clem/ros2_ws/install/turtlesim/include/turtlesim/turtlesim/srv/detail/spawn__struct.h
[17.289s] -- Symlinking: /home/clem/ros2_ws/install/turtlesim/include/turtlesim/turtlesim/srv/detail/spawn__type_support.h
[17.294s] -- Symlinking: /home/clem/ros2_ws/install/turtlesim/include/turtlesim/turtlesim/srv/detail/teleport_absolute__functions.h
[17.298s] -- Symlinking: /home/clem/ros2_ws/install/turtlesim/include/turtlesim/turtlesim/srv/detail/teleport_absolute__struct.h
[17.302s] -- Symlinking: /home/clem/ros2_ws/install/turtlesim/include/turtlesim/turtlesim/srv/detail/teleport_absolute__type_support.h
[17.307s] -- Symlinking: /home/clem/ros2_ws/install/turtlesim/include/turtlesim/turtlesim/srv/detail/teleport_relative__functions.h
[17.312s] -- Symlinking: /home/clem/ros2_ws/install/turtlesim/include/turtlesim/turtlesim/srv/detail/teleport_relative__struct.h
[17.316s] -- Symlinking: /home/clem/ros2_ws/install/turtlesim/include/turtlesim/turtlesim/srv/detail/teleport_relative__type_support.h
[17.320s] -- Symlinking: /home/clem/ros2_ws/install/turtlesim/include/turtlesim/turtlesim/srv/kill.h
[17.324s] -- Symlinking: /home/clem/ros2_ws/install/turtlesim/include/turtlesim/turtlesim/srv/set_pen.h
[17.329s] -- Symlinking: /home/clem/ros2_ws/install/turtlesim/include/turtlesim/turtlesim/srv/spawn.h
[17.334s] -- Symlinking: /home/clem/ros2_ws/install/turtlesim/include/turtlesim/turtlesim/srv/teleport_absolute.h
[17.338s] -- Symlinking: /home/clem/ros2_ws/install/turtlesim/include/turtlesim/turtlesim/srv/teleport_relative.h
[17.342s] -- Symlinking: /home/clem/ros2_ws/install/turtlesim/share/turtlesim/environment/library_path.sh
[17.347s] -- Symlinking: /home/clem/ros2_ws/install/turtlesim/share/turtlesim/environment/library_path.dsv
[17.351s] -- Symlinking: /home/clem/ros2_ws/install/turtlesim/include/turtlesim/turtlesim/action/detail/rotate_absolute__rosidl_typesupport_fastrtps_c.h
[17.356s] -- Symlinking: /home/clem/ros2_ws/install/turtlesim/include/turtlesim/turtlesim/msg/detail/color__rosidl_typesupport_fastrtps_c.h
[17.360s] -- Symlinking: /home/clem/ros2_ws/install/turtlesim/include/turtlesim/turtlesim/msg/detail/pose__rosidl_typesupport_fastrtps_c.h
[17.365s] -- Symlinking: /home/clem/ros2_ws/install/turtlesim/include/turtlesim/turtlesim/msg/rosidl_typesupport_fastrtps_c__visibility_control.h
[17.369s] -- Symlinking: /home/clem/ros2_ws/install/turtlesim/include/turtlesim/turtlesim/srv/detail/kill__rosidl_typesupport_fastrtps_c.h
[17.374s] -- Symlinking: /home/clem/ros2_ws/install/turtlesim/include/turtlesim/turtlesim/srv/detail/set_pen__rosidl_typesupport_fastrtps_c.h
[17.380s] -- Symlinking: /home/clem/ros2_ws/install/turtlesim/include/turtlesim/turtlesim/srv/detail/spawn__rosidl_typesupport_fastrtps_c.h
[17.385s] -- Symlinking: /home/clem/ros2_ws/install/turtlesim/include/turtlesim/turtlesim/srv/detail/teleport_absolute__rosidl_typesupport_fastrtps_c.h
[17.390s] -- Symlinking: /home/clem/ros2_ws/install/turtlesim/include/turtlesim/turtlesim/srv/detail/teleport_relative__rosidl_typesupport_fastrtps_c.h
[17.395s] -- Symlinking: /home/clem/ros2_ws/install/turtlesim/include/turtlesim/turtlesim/action/detail/rotate_absolute__builder.hpp
[17.399s] -- Symlinking: /home/clem/ros2_ws/install/turtlesim/include/turtlesim/turtlesim/action/detail/rotate_absolute__struct.hpp
[17.404s] -- Symlinking: /home/clem/ros2_ws/install/turtlesim/include/turtlesim/turtlesim/action/detail/rotate_absolute__traits.hpp
[17.408s] -- Symlinking: /home/clem/ros2_ws/install/turtlesim/include/turtlesim/turtlesim/action/rotate_absolute.hpp
[17.412s] -- Symlinking: /home/clem/ros2_ws/install/turtlesim/include/turtlesim/turtlesim/msg/color.hpp
[17.417s] -- Symlinking: /home/clem/ros2_ws/install/turtlesim/include/turtlesim/turtlesim/msg/detail/color__builder.hpp
[17.421s] -- Symlinking: /home/clem/ros2_ws/install/turtlesim/include/turtlesim/turtlesim/msg/detail/color__struct.hpp
[17.426s] -- Symlinking: /home/clem/ros2_ws/install/turtlesim/include/turtlesim/turtlesim/msg/detail/color__traits.hpp
[17.430s] -- Symlinking: /home/clem/ros2_ws/install/turtlesim/include/turtlesim/turtlesim/msg/detail/pose__builder.hpp
[17.435s] -- Symlinking: /home/clem/ros2_ws/install/turtlesim/include/turtlesim/turtlesim/msg/detail/pose__struct.hpp
[17.439s] -- Symlinking: /home/clem/ros2_ws/install/turtlesim/include/turtlesim/turtlesim/msg/detail/pose__traits.hpp
[17.444s] -- Symlinking: /home/clem/ros2_ws/install/turtlesim/include/turtlesim/turtlesim/msg/pose.hpp
[17.448s] -- Symlinking: /home/clem/ros2_ws/install/turtlesim/include/turtlesim/turtlesim/srv/detail/kill__builder.hpp
[17.453s] -- Symlinking: /home/clem/ros2_ws/install/turtlesim/include/turtlesim/turtlesim/srv/detail/kill__struct.hpp
[17.457s] -- Symlinking: /home/clem/ros2_ws/install/turtlesim/include/turtlesim/turtlesim/srv/detail/kill__traits.hpp
[17.462s] -- Symlinking: /home/clem/ros2_ws/install/turtlesim/include/turtlesim/turtlesim/srv/detail/set_pen__builder.hpp
[17.466s] -- Symlinking: /home/clem/ros2_ws/install/turtlesim/include/turtlesim/turtlesim/srv/detail/set_pen__struct.hpp
[17.471s] -- Symlinking: /home/clem/ros2_ws/install/turtlesim/include/turtlesim/turtlesim/srv/detail/set_pen__traits.hpp
[17.477s] -- Symlinking: /home/clem/ros2_ws/install/turtlesim/include/turtlesim/turtlesim/srv/detail/spawn__builder.hpp
[17.483s] -- Symlinking: /home/clem/ros2_ws/install/turtlesim/include/turtlesim/turtlesim/srv/detail/spawn__struct.hpp
[17.488s] -- Symlinking: /home/clem/ros2_ws/install/turtlesim/include/turtlesim/turtlesim/srv/detail/spawn__traits.hpp
[17.492s] -- Symlinking: /home/clem/ros2_ws/install/turtlesim/include/turtlesim/turtlesim/srv/detail/teleport_absolute__builder.hpp
[17.497s] -- Symlinking: /home/clem/ros2_ws/install/turtlesim/include/turtlesim/turtlesim/srv/detail/teleport_absolute__struct.hpp
[17.501s] -- Symlinking: /home/clem/ros2_ws/install/turtlesim/include/turtlesim/turtlesim/srv/detail/teleport_absolute__traits.hpp
[17.505s] -- Symlinking: /home/clem/ros2_ws/install/turtlesim/include/turtlesim/turtlesim/srv/detail/teleport_relative__builder.hpp
[17.510s] -- Symlinking: /home/clem/ros2_ws/install/turtlesim/include/turtlesim/turtlesim/srv/detail/teleport_relative__struct.hpp
[17.514s] -- Symlinking: /home/clem/ros2_ws/install/turtlesim/include/turtlesim/turtlesim/srv/detail/teleport_relative__traits.hpp
[17.518s] -- Symlinking: /home/clem/ros2_ws/install/turtlesim/include/turtlesim/turtlesim/srv/kill.hpp
[17.523s] -- Symlinking: /home/clem/ros2_ws/install/turtlesim/include/turtlesim/turtlesim/srv/set_pen.hpp
[17.527s] -- Symlinking: /home/clem/ros2_ws/install/turtlesim/include/turtlesim/turtlesim/srv/spawn.hpp
[17.532s] -- Symlinking: /home/clem/ros2_ws/install/turtlesim/include/turtlesim/turtlesim/srv/teleport_absolute.hpp
[17.537s] -- Symlinking: /home/clem/ros2_ws/install/turtlesim/include/turtlesim/turtlesim/srv/teleport_relative.hpp
[17.542s] -- Symlinking: /home/clem/ros2_ws/install/turtlesim/include/turtlesim/turtlesim/action/detail/rotate_absolute__rosidl_typesupport_fastrtps_cpp.hpp
[17.547s] -- Symlinking: /home/clem/ros2_ws/install/turtlesim/include/turtlesim/turtlesim/msg/detail/color__rosidl_typesupport_fastrtps_cpp.hpp
[17.551s] -- Symlinking: /home/clem/ros2_ws/install/turtlesim/include/turtlesim/turtlesim/msg/detail/pose__rosidl_typesupport_fastrtps_cpp.hpp
[17.556s] -- Symlinking: /home/clem/ros2_ws/install/turtlesim/include/turtlesim/turtlesim/msg/rosidl_typesupport_fastrtps_cpp__visibility_control.h
[17.560s] -- Symlinking: /home/clem/ros2_ws/install/turtlesim/include/turtlesim/turtlesim/srv/detail/kill__rosidl_typesupport_fastrtps_cpp.hpp
[17.564s] -- Symlinking: /home/clem/ros2_ws/install/turtlesim/include/turtlesim/turtlesim/srv/detail/set_pen__rosidl_typesupport_fastrtps_cpp.hpp
[17.569s] -- Symlinking: /home/clem/ros2_ws/install/turtlesim/include/turtlesim/turtlesim/srv/detail/spawn__rosidl_typesupport_fastrtps_cpp.hpp
[17.573s] -- Symlinking: /home/clem/ros2_ws/install/turtlesim/include/turtlesim/turtlesim/srv/detail/teleport_absolute__rosidl_typesupport_fastrtps_cpp.hpp
[17.579s] -- Symlinking: /home/clem/ros2_ws/install/turtlesim/include/turtlesim/turtlesim/srv/detail/teleport_relative__rosidl_typesupport_fastrtps_cpp.hpp
[17.585s] -- Symlinking: /home/clem/ros2_ws/install/turtlesim/include/turtlesim/turtlesim/action/detail/rotate_absolute__rosidl_typesupport_introspection_c.h
[17.590s] -- Symlinking: /home/clem/ros2_ws/install/turtlesim/include/turtlesim/turtlesim/msg/detail/color__rosidl_typesupport_introspection_c.h
[17.594s] -- Symlinking: /home/clem/ros2_ws/install/turtlesim/include/turtlesim/turtlesim/msg/detail/pose__rosidl_typesupport_introspection_c.h
[17.599s] -- Symlinking: /home/clem/ros2_ws/install/turtlesim/include/turtlesim/turtlesim/msg/rosidl_typesupport_introspection_c__visibility_control.h
[17.603s] -- Symlinking: /home/clem/ros2_ws/install/turtlesim/include/turtlesim/turtlesim/srv/detail/kill__rosidl_typesupport_introspection_c.h
[17.607s] -- Symlinking: /home/clem/ros2_ws/install/turtlesim/include/turtlesim/turtlesim/srv/detail/set_pen__rosidl_typesupport_introspection_c.h
[17.612s] -- Symlinking: /home/clem/ros2_ws/install/turtlesim/include/turtlesim/turtlesim/srv/detail/spawn__rosidl_typesupport_introspection_c.h
[17.617s] -- Symlinking: /home/clem/ros2_ws/install/turtlesim/include/turtlesim/turtlesim/srv/detail/teleport_absolute__rosidl_typesupport_introspection_c.h
[17.621s] -- Symlinking: /home/clem/ros2_ws/install/turtlesim/include/turtlesim/turtlesim/srv/detail/teleport_relative__rosidl_typesupport_introspection_c.h
[17.626s] -- Symlinking: /home/clem/ros2_ws/install/turtlesim/include/turtlesim/turtlesim/action/detail/rotate_absolute__rosidl_typesupport_introspection_cpp.hpp
[17.630s] -- Symlinking: /home/clem/ros2_ws/install/turtlesim/include/turtlesim/turtlesim/msg/detail/color__rosidl_typesupport_introspection_cpp.hpp
[17.635s] -- Symlinking: /home/clem/ros2_ws/install/turtlesim/include/turtlesim/turtlesim/msg/detail/pose__rosidl_typesupport_introspection_cpp.hpp
[17.639s] -- Symlinking: /home/clem/ros2_ws/install/turtlesim/include/turtlesim/turtlesim/srv/detail/kill__rosidl_typesupport_introspection_cpp.hpp
[17.643s] -- Symlinking: /home/clem/ros2_ws/install/turtlesim/include/turtlesim/turtlesim/srv/detail/set_pen__rosidl_typesupport_introspection_cpp.hpp
[17.648s] -- Symlinking: /home/clem/ros2_ws/install/turtlesim/include/turtlesim/turtlesim/srv/detail/spawn__rosidl_typesupport_introspection_cpp.hpp
[17.652s] -- Symlinking: /home/clem/ros2_ws/install/turtlesim/include/turtlesim/turtlesim/srv/detail/teleport_absolute__rosidl_typesupport_introspection_cpp.hpp
[17.657s] -- Symlinking: /home/clem/ros2_ws/install/turtlesim/include/turtlesim/turtlesim/srv/detail/teleport_relative__rosidl_typesupport_introspection_cpp.hpp
[17.661s] -- Symlinking: /home/clem/ros2_ws/install/turtlesim/share/turtlesim/environment/pythonpath.sh
[17.666s] -- Symlinking: /home/clem/ros2_ws/install/turtlesim/share/turtlesim/environment/pythonpath.dsv
[17.670s] -- Symlinking: /home/clem/ros2_ws/install/turtlesim/local/lib/python3.10/dist-packages/turtlesim-1.4.2-py3.10.egg-info/PKG-INFO
[17.676s] -- Symlinking: /home/clem/ros2_ws/install/turtlesim/local/lib/python3.10/dist-packages/turtlesim-1.4.2-py3.10.egg-info/SOURCES.txt
[17.682s] -- Symlinking: /home/clem/ros2_ws/install/turtlesim/local/lib/python3.10/dist-packages/turtlesim-1.4.2-py3.10.egg-info/dependency_links.txt
[17.687s] -- Symlinking: /home/clem/ros2_ws/install/turtlesim/local/lib/python3.10/dist-packages/turtlesim-1.4.2-py3.10.egg-info/top_level.txt
[17.692s] -- Symlinking: /home/clem/ros2_ws/install/turtlesim/local/lib/python3.10/dist-packages/turtlesim/__init__.py
[17.697s] -- Symlinking: /home/clem/ros2_ws/install/turtlesim/local/lib/python3.10/dist-packages/turtlesim/_turtlesim_s.ep.rosidl_typesupport_c.c
[17.701s] -- Symlinking: /home/clem/ros2_ws/install/turtlesim/local/lib/python3.10/dist-packages/turtlesim/_turtlesim_s.ep.rosidl_typesupport_fastrtps_c.c
[17.706s] -- Symlinking: /home/clem/ros2_ws/install/turtlesim/local/lib/python3.10/dist-packages/turtlesim/_turtlesim_s.ep.rosidl_typesupport_introspection_c.c
[17.711s] -- Symlinking: /home/clem/ros2_ws/install/turtlesim/local/lib/python3.10/dist-packages/turtlesim/action/__init__.py
[17.715s] -- Symlinking: /home/clem/ros2_ws/install/turtlesim/local/lib/python3.10/dist-packages/turtlesim/action/_rotate_absolute.py
[17.720s] -- Symlinking: /home/clem/ros2_ws/install/turtlesim/local/lib/python3.10/dist-packages/turtlesim/action/_rotate_absolute_s.c
[17.725s] -- Symlinking: /home/clem/ros2_ws/install/turtlesim/local/lib/python3.10/dist-packages/turtlesim/libturtlesim__rosidl_generator_py.so
[17.730s] -- Symlinking: /home/clem/ros2_ws/install/turtlesim/local/lib/python3.10/dist-packages/turtlesim/msg/__init__.py
[17.734s] -- Symlinking: /home/clem/ros2_ws/install/turtlesim/local/lib/python3.10/dist-packages/turtlesim/msg/_color.py
[17.739s] -- Symlinking: /home/clem/ros2_ws/install/turtlesim/local/lib/python3.10/dist-packages/turtlesim/msg/_color_s.c
[17.743s] -- Symlinking: /home/clem/ros2_ws/install/turtlesim/local/lib/python3.10/dist-packages/turtlesim/msg/_pose.py
[17.748s] -- Symlinking: /home/clem/ros2_ws/install/turtlesim/local/lib/python3.10/dist-packages/turtlesim/msg/_pose_s.c
[17.752s] -- Symlinking: /home/clem/ros2_ws/install/turtlesim/local/lib/python3.10/dist-packages/turtlesim/srv/__init__.py
[17.756s] -- Symlinking: /home/clem/ros2_ws/install/turtlesim/local/lib/python3.10/dist-packages/turtlesim/srv/_kill.py
[17.761s] -- Symlinking: /home/clem/ros2_ws/install/turtlesim/local/lib/python3.10/dist-packages/turtlesim/srv/_kill_s.c
[17.766s] -- Symlinking: /home/clem/ros2_ws/install/turtlesim/local/lib/python3.10/dist-packages/turtlesim/srv/_set_pen.py
[17.770s] -- Symlinking: /home/clem/ros2_ws/install/turtlesim/local/lib/python3.10/dist-packages/turtlesim/srv/_set_pen_s.c
[17.776s] -- Symlinking: /home/clem/ros2_ws/install/turtlesim/local/lib/python3.10/dist-packages/turtlesim/srv/_spawn.py
[17.782s] -- Symlinking: /home/clem/ros2_ws/install/turtlesim/local/lib/python3.10/dist-packages/turtlesim/srv/_spawn_s.c
[17.787s] -- Symlinking: /home/clem/ros2_ws/install/turtlesim/local/lib/python3.10/dist-packages/turtlesim/srv/_teleport_absolute.py
[17.792s] -- Symlinking: /home/clem/ros2_ws/install/turtlesim/local/lib/python3.10/dist-packages/turtlesim/srv/_teleport_absolute_s.c
[17.796s] -- Symlinking: /home/clem/ros2_ws/install/turtlesim/local/lib/python3.10/dist-packages/turtlesim/srv/_teleport_relative.py
[17.801s] -- Symlinking: /home/clem/ros2_ws/install/turtlesim/local/lib/python3.10/dist-packages/turtlesim/srv/_teleport_relative_s.c
[17.806s] -- Symlinking: /home/clem/ros2_ws/install/turtlesim/local/lib/python3.10/dist-packages/turtlesim/turtlesim_s__rosidl_typesupport_c.cpython-310-x86_64-linux-gnu.so
[17.810s] -- Symlinking: /home/clem/ros2_ws/install/turtlesim/local/lib/python3.10/dist-packages/turtlesim/turtlesim_s__rosidl_typesupport_fastrtps_c.cpython-310-x86_64-linux-gnu.so
[17.814s] -- Symlinking: /home/clem/ros2_ws/install/turtlesim/local/lib/python3.10/dist-packages/turtlesim/turtlesim_s__rosidl_typesupport_introspection_c.cpython-310-x86_64-linux-gnu.so
[17.819s] -- Up-to-date symlink: /home/clem/ros2_ws/install/turtlesim/local/lib/python3.10/dist-packages/turtlesim/turtlesim_s__rosidl_typesupport_fastrtps_c.cpython-310-x86_64-linux-gnu.so
[17.819s] -- Up-to-date symlink: /home/clem/ros2_ws/install/turtlesim/local/lib/python3.10/dist-packages/turtlesim/turtlesim_s__rosidl_typesupport_introspection_c.cpython-310-x86_64-linux-gnu.so
[17.819s] -- Up-to-date symlink: /home/clem/ros2_ws/install/turtlesim/local/lib/python3.10/dist-packages/turtlesim/turtlesim_s__rosidl_typesupport_c.cpython-310-x86_64-linux-gnu.so
[17.819s] -- Symlinking: /home/clem/ros2_ws/install/turtlesim/share/turtlesim/action/RotateAbsolute.idl
[17.823s] -- Symlinking: /home/clem/ros2_ws/install/turtlesim/share/turtlesim/msg/Color.idl
[17.828s] -- Symlinking: /home/clem/ros2_ws/install/turtlesim/share/turtlesim/msg/Pose.idl
[17.832s] -- Symlinking: /home/clem/ros2_ws/install/turtlesim/share/turtlesim/srv/Kill.idl
[17.837s] -- Symlinking: /home/clem/ros2_ws/install/turtlesim/share/turtlesim/srv/SetPen.idl
[17.841s] -- Symlinking: /home/clem/ros2_ws/install/turtlesim/share/turtlesim/srv/Spawn.idl
[17.845s] -- Symlinking: /home/clem/ros2_ws/install/turtlesim/share/turtlesim/srv/TeleportAbsolute.idl
[17.850s] -- Symlinking: /home/clem/ros2_ws/install/turtlesim/share/turtlesim/srv/TeleportRelative.idl
[17.854s] -- Symlinking: /home/clem/ros2_ws/install/turtlesim/share/turtlesim/action/RotateAbsolute.action
[17.859s] -- Symlinking: /home/clem/ros2_ws/install/turtlesim/share/turtlesim/msg/Color.msg
[17.863s] -- Symlinking: /home/clem/ros2_ws/install/turtlesim/share/turtlesim/msg/Pose.msg
[17.868s] -- Symlinking: /home/clem/ros2_ws/install/turtlesim/share/turtlesim/srv/Kill.srv
[17.872s] -- Symlinking: /home/clem/ros2_ws/install/turtlesim/share/turtlesim/srv/Kill_Request.msg
[17.879s] -- Symlinking: /home/clem/ros2_ws/install/turtlesim/share/turtlesim/srv/Kill_Response.msg
[17.884s] -- Symlinking: /home/clem/ros2_ws/install/turtlesim/share/turtlesim/srv/SetPen.srv
[17.889s] -- Symlinking: /home/clem/ros2_ws/install/turtlesim/share/turtlesim/srv/SetPen_Request.msg
[17.894s] -- Symlinking: /home/clem/ros2_ws/install/turtlesim/share/turtlesim/srv/SetPen_Response.msg
[17.899s] -- Symlinking: /home/clem/ros2_ws/install/turtlesim/share/turtlesim/srv/Spawn.srv
[17.903s] -- Symlinking: /home/clem/ros2_ws/install/turtlesim/share/turtlesim/srv/Spawn_Request.msg
[17.908s] -- Symlinking: /home/clem/ros2_ws/install/turtlesim/share/turtlesim/srv/Spawn_Response.msg
[17.912s] -- Symlinking: /home/clem/ros2_ws/install/turtlesim/share/turtlesim/srv/TeleportAbsolute.srv
[17.917s] -- Symlinking: /home/clem/ros2_ws/install/turtlesim/share/turtlesim/srv/TeleportAbsolute_Request.msg
[17.921s] -- Symlinking: /home/clem/ros2_ws/install/turtlesim/share/turtlesim/srv/TeleportAbsolute_Response.msg
[17.926s] -- Symlinking: /home/clem/ros2_ws/install/turtlesim/share/turtlesim/srv/TeleportRelative.srv
[17.930s] -- Symlinking: /home/clem/ros2_ws/install/turtlesim/share/turtlesim/srv/TeleportRelative_Request.msg
[17.935s] -- Symlinking: /home/clem/ros2_ws/install/turtlesim/share/turtlesim/srv/TeleportRelative_Response.msg
[17.939s] -- Symlinking: /home/clem/ros2_ws/install/turtlesim/lib/turtlesim/turtlesim_node
[17.944s] -- Symlinking: /home/clem/ros2_ws/install/turtlesim/lib/turtlesim/turtle_teleop_key
[17.948s] -- Symlinking: /home/clem/ros2_ws/install/turtlesim/lib/turtlesim/draw_square
[17.953s] -- Symlinking: /home/clem/ros2_ws/install/turtlesim/lib/turtlesim/mimic
[17.967s] -- Symlinking: /home/clem/ros2_ws/install/turtlesim/share/turtlesim/launch/multisim.launch.py
[17.972s] -- Symlinking: /home/clem/ros2_ws/install/turtlesim/share/ament_index/resource_index/package_run_dependencies/turtlesim
[17.978s] -- Symlinking: /home/clem/ros2_ws/install/turtlesim/share/ament_index/resource_index/parent_prefix_path/turtlesim
[17.984s] -- Symlinking: /home/clem/ros2_ws/install/turtlesim/share/turtlesim/environment/ament_prefix_path.sh
[17.988s] -- Symlinking: /home/clem/ros2_ws/install/turtlesim/share/turtlesim/environment/ament_prefix_path.dsv
[17.993s] -- Symlinking: /home/clem/ros2_ws/install/turtlesim/share/turtlesim/environment/path.sh
[17.998s] -- Symlinking: /home/clem/ros2_ws/install/turtlesim/share/turtlesim/environment/path.dsv
[18.002s] -- Symlinking: /home/clem/ros2_ws/install/turtlesim/share/turtlesim/local_setup.bash
[18.007s] -- Symlinking: /home/clem/ros2_ws/install/turtlesim/share/turtlesim/local_setup.sh
[18.011s] -- Symlinking: /home/clem/ros2_ws/install/turtlesim/share/turtlesim/local_setup.zsh
[18.015s] -- Symlinking: /home/clem/ros2_ws/install/turtlesim/share/turtlesim/local_setup.dsv
[18.020s] -- Symlinking: /home/clem/ros2_ws/install/turtlesim/share/turtlesim/package.dsv
[18.025s] -- Symlinking: /home/clem/ros2_ws/install/turtlesim/share/ament_index/resource_index/packages/turtlesim
[18.029s] -- Symlinking: /home/clem/ros2_ws/install/turtlesim/share/turtlesim/cmake/rosidl_cmake-extras.cmake
[18.034s] -- Symlinking: /home/clem/ros2_ws/install/turtlesim/share/turtlesim/cmake/ament_cmake_export_dependencies-extras.cmake
[18.038s] -- Symlinking: /home/clem/ros2_ws/install/turtlesim/share/turtlesim/cmake/ament_cmake_export_include_directories-extras.cmake
[18.043s] -- Symlinking: /home/clem/ros2_ws/install/turtlesim/share/turtlesim/cmake/ament_cmake_export_libraries-extras.cmake
[18.047s] -- Symlinking: /home/clem/ros2_ws/install/turtlesim/share/turtlesim/cmake/ament_cmake_export_targets-extras.cmake
[18.052s] -- Symlinking: /home/clem/ros2_ws/install/turtlesim/share/turtlesim/cmake/rosidl_cmake_export_typesupport_targets-extras.cmake
[18.056s] -- Symlinking: /home/clem/ros2_ws/install/turtlesim/share/turtlesim/cmake/rosidl_cmake_export_typesupport_libraries-extras.cmake
[18.060s] -- Symlinking: /home/clem/ros2_ws/install/turtlesim/share/turtlesim/cmake/turtlesimConfig.cmake
[18.065s] -- Symlinking: /home/clem/ros2_ws/install/turtlesim/share/turtlesim/cmake/turtlesimConfig-version.cmake
[18.069s] -- Symlinking: /home/clem/ros2_ws/install/turtlesim/share/turtlesim/package.xml
[18.077s] -- Installing: /home/clem/ros2_ws/install/turtlesim/lib/libturtlesim__rosidl_generator_c.so
[18.077s] -- Set runtime path of "/home/clem/ros2_ws/install/turtlesim/lib/libturtlesim__rosidl_generator_c.so" to ""
[18.077s] -- Installing: /home/clem/ros2_ws/install/turtlesim/lib/libturtlesim__rosidl_typesupport_fastrtps_c.so
[18.077s] -- Set runtime path of "/home/clem/ros2_ws/install/turtlesim/lib/libturtlesim__rosidl_typesupport_fastrtps_c.so" to ""
[18.077s] -- Installing: /home/clem/ros2_ws/install/turtlesim/lib/libturtlesim__rosidl_typesupport_fastrtps_cpp.so
[18.077s] -- Set runtime path of "/home/clem/ros2_ws/install/turtlesim/lib/libturtlesim__rosidl_typesupport_fastrtps_cpp.so" to ""
[18.078s] -- Installing: /home/clem/ros2_ws/install/turtlesim/lib/libturtlesim__rosidl_typesupport_introspection_c.so
[18.078s] -- Set runtime path of "/home/clem/ros2_ws/install/turtlesim/lib/libturtlesim__rosidl_typesupport_introspection_c.so" to ""
[18.078s] -- Installing: /home/clem/ros2_ws/install/turtlesim/lib/libturtlesim__rosidl_typesupport_c.so
[18.078s] -- Set runtime path of "/home/clem/ros2_ws/install/turtlesim/lib/libturtlesim__rosidl_typesupport_c.so" to ""
[18.078s] -- Installing: /home/clem/ros2_ws/install/turtlesim/lib/libturtlesim__rosidl_typesupport_introspection_cpp.so
[18.078s] -- Set runtime path of "/home/clem/ros2_ws/install/turtlesim/lib/libturtlesim__rosidl_typesupport_introspection_cpp.so" to ""
[18.078s] -- Installing: /home/clem/ros2_ws/install/turtlesim/lib/libturtlesim__rosidl_typesupport_cpp.so
[18.078s] -- Set runtime path of "/home/clem/ros2_ws/install/turtlesim/lib/libturtlesim__rosidl_typesupport_cpp.so" to ""
[18.118s] Listing '/home/clem/ros2_ws/install/turtlesim/local/lib/python3.10/dist-packages/turtlesim'...
[18.118s] Compiling '/home/clem/ros2_ws/install/turtlesim/local/lib/python3.10/dist-packages/turtlesim/__init__.py'...
[18.119s] Listing '/home/clem/ros2_ws/install/turtlesim/local/lib/python3.10/dist-packages/turtlesim/action'...
[18.119s] Compiling '/home/clem/ros2_ws/install/turtlesim/local/lib/python3.10/dist-packages/turtlesim/action/__init__.py'...
[18.119s] Compiling '/home/clem/ros2_ws/install/turtlesim/local/lib/python3.10/dist-packages/turtlesim/action/_rotate_absolute.py'...
[18.119s] Listing '/home/clem/ros2_ws/install/turtlesim/local/lib/python3.10/dist-packages/turtlesim/msg'...
[18.119s] Compiling '/home/clem/ros2_ws/install/turtlesim/local/lib/python3.10/dist-packages/turtlesim/msg/__init__.py'...
[18.119s] Compiling '/home/clem/ros2_ws/install/turtlesim/local/lib/python3.10/dist-packages/turtlesim/msg/_color.py'...
[18.119s] Compiling '/home/clem/ros2_ws/install/turtlesim/local/lib/python3.10/dist-packages/turtlesim/msg/_pose.py'...
[18.119s] Listing '/home/clem/ros2_ws/install/turtlesim/local/lib/python3.10/dist-packages/turtlesim/srv'...
[18.119s] Compiling '/home/clem/ros2_ws/install/turtlesim/local/lib/python3.10/dist-packages/turtlesim/srv/__init__.py'...
[18.119s] Compiling '/home/clem/ros2_ws/install/turtlesim/local/lib/python3.10/dist-packages/turtlesim/srv/_kill.py'...
[18.119s] Compiling '/home/clem/ros2_ws/install/turtlesim/local/lib/python3.10/dist-packages/turtlesim/srv/_set_pen.py'...
[18.119s] Compiling '/home/clem/ros2_ws/install/turtlesim/local/lib/python3.10/dist-packages/turtlesim/srv/_spawn.py'...
[18.119s] Compiling '/home/clem/ros2_ws/install/turtlesim/local/lib/python3.10/dist-packages/turtlesim/srv/_teleport_absolute.py'...
[18.119s] Compiling '/home/clem/ros2_ws/install/turtlesim/local/lib/python3.10/dist-packages/turtlesim/srv/_teleport_relative.py'...
[18.122s] -- Installing: /home/clem/ros2_ws/install/turtlesim/lib/libturtlesim__rosidl_generator_py.so
[18.122s] -- Set runtime path of "/home/clem/ros2_ws/install/turtlesim/lib/libturtlesim__rosidl_generator_py.so" to ""
[18.122s] -- Installing: /home/clem/ros2_ws/install/turtlesim/share/turtlesim/images
[18.122s] -- Installing: /home/clem/ros2_ws/install/turtlesim/share/turtlesim/images/foxy.png
[18.122s] -- Installing: /home/clem/ros2_ws/install/turtlesim/share/turtlesim/images/rolling.png
[18.122s] -- Installing: /home/clem/ros2_ws/install/turtlesim/share/turtlesim/images/bouncy.png
[18.123s] -- Installing: /home/clem/ros2_ws/install/turtlesim/share/turtlesim/images/humble.png
[18.123s] -- Installing: /home/clem/ros2_ws/install/turtlesim/share/turtlesim/images/dashing.png
[18.123s] -- Installing: /home/clem/ros2_ws/install/turtlesim/share/turtlesim/images/galactic.png
[18.123s] -- Installing: /home/clem/ros2_ws/install/turtlesim/share/turtlesim/images/ardent.png
[18.123s] -- Installing: /home/clem/ros2_ws/install/turtlesim/share/turtlesim/images/eloquent.png
[18.123s] -- Installing: /home/clem/ros2_ws/install/turtlesim/share/turtlesim/images/crystal.png
[18.123s] -- Installing: /home/clem/ros2_ws/install/turtlesim/share/turtlesim/cmake/export_turtlesim__rosidl_generator_cExport.cmake
[18.123s] -- Installing: /home/clem/ros2_ws/install/turtlesim/share/turtlesim/cmake/export_turtlesim__rosidl_generator_cExport-noconfig.cmake
[18.123s] -- Installing: /home/clem/ros2_ws/install/turtlesim/share/turtlesim/cmake/export_turtlesim__rosidl_typesupport_fastrtps_cExport.cmake
[18.123s] -- Installing: /home/clem/ros2_ws/install/turtlesim/share/turtlesim/cmake/export_turtlesim__rosidl_typesupport_fastrtps_cExport-noconfig.cmake
[18.123s] -- Installing: /home/clem/ros2_ws/install/turtlesim/share/turtlesim/cmake/export_turtlesim__rosidl_generator_cppExport.cmake
[18.124s] -- Installing: /home/clem/ros2_ws/install/turtlesim/share/turtlesim/cmake/export_turtlesim__rosidl_typesupport_fastrtps_cppExport.cmake
[18.124s] -- Installing: /home/clem/ros2_ws/install/turtlesim/share/turtlesim/cmake/export_turtlesim__rosidl_typesupport_fastrtps_cppExport-noconfig.cmake
[18.124s] -- Installing: /home/clem/ros2_ws/install/turtlesim/share/turtlesim/cmake/turtlesim__rosidl_typesupport_introspection_cExport.cmake
[18.124s] -- Installing: /home/clem/ros2_ws/install/turtlesim/share/turtlesim/cmake/turtlesim__rosidl_typesupport_introspection_cExport-noconfig.cmake
[18.124s] -- Installing: /home/clem/ros2_ws/install/turtlesim/share/turtlesim/cmake/turtlesim__rosidl_typesupport_cExport.cmake
[18.124s] -- Installing: /home/clem/ros2_ws/install/turtlesim/share/turtlesim/cmake/turtlesim__rosidl_typesupport_cExport-noconfig.cmake
[18.124s] -- Installing: /home/clem/ros2_ws/install/turtlesim/share/turtlesim/cmake/turtlesim__rosidl_typesupport_introspection_cppExport.cmake
[18.124s] -- Installing: /home/clem/ros2_ws/install/turtlesim/share/turtlesim/cmake/turtlesim__rosidl_typesupport_introspection_cppExport-noconfig.cmake
[18.124s] -- Installing: /home/clem/ros2_ws/install/turtlesim/share/turtlesim/cmake/turtlesim__rosidl_typesupport_cppExport.cmake
[18.124s] -- Installing: /home/clem/ros2_ws/install/turtlesim/share/turtlesim/cmake/turtlesim__rosidl_typesupport_cppExport-noconfig.cmake
[18.124s] -- Installing: /home/clem/ros2_ws/install/turtlesim/share/turtlesim/cmake/export_turtlesim__rosidl_generator_pyExport.cmake
[18.124s] -- Installing: /home/clem/ros2_ws/install/turtlesim/share/turtlesim/cmake/export_turtlesim__rosidl_generator_pyExport-noconfig.cmake
[18.126s] Invoked command in '/home/clem/ros2_ws/build/turtlesim' returned '0': CMAKE_PREFIX_PATH=/opt/ros/humble /usr/bin/cmake --install /home/clem/ros2_ws/build/turtlesim
