[0.462s] Invoking command in '/home/clem/ros2_ws/src/py_acquisition': PYTHONPATH=/home/clem/ros2_ws/src/build/py_acquisition/prefix_override:/home/clem/ros2_ws/src/install/py_acquisition/lib/python3.10/site-packages:${PYTHONPATH} /usr/bin/python3 setup.py egg_info --egg-base ../build/py_acquisition build --build-base /home/clem/ros2_ws/src/build/py_acquisition/build install --record /home/clem/ros2_ws/src/build/py_acquisition/install.log --single-version-externally-managed
[0.627s] running egg_info
[0.627s] creating ../build/py_acquisition/py_acquisition.egg-info
[0.627s] writing ../build/py_acquisition/py_acquisition.egg-info/PKG-INFO
[0.627s] writing dependency_links to ../build/py_acquisition/py_acquisition.egg-info/dependency_links.txt
[0.627s] writing entry points to ../build/py_acquisition/py_acquisition.egg-info/entry_points.txt
[0.627s] writing requirements to ../build/py_acquisition/py_acquisition.egg-info/requires.txt
[0.627s] writing top-level names to ../build/py_acquisition/py_acquisition.egg-info/top_level.txt
[0.627s] writing manifest file '../build/py_acquisition/py_acquisition.egg-info/SOURCES.txt'
[0.629s] reading manifest file '../build/py_acquisition/py_acquisition.egg-info/SOURCES.txt'
[0.629s] writing manifest file '../build/py_acquisition/py_acquisition.egg-info/SOURCES.txt'
[0.629s] running build
[0.629s] running build_py
[0.629s] creating /home/clem/ros2_ws/src/build/py_acquisition/build
[0.630s] creating /home/clem/ros2_ws/src/build/py_acquisition/build/lib
[0.630s] creating /home/clem/ros2_ws/src/build/py_acquisition/build/lib/py_acquisition
[0.630s] copying py_acquisition/__init__.py -> /home/clem/ros2_ws/src/build/py_acquisition/build/lib/py_acquisition
[0.630s] copying py_acquisition/client_acquisition_function.py -> /home/clem/ros2_ws/src/build/py_acquisition/build/lib/py_acquisition
[0.630s] copying py_acquisition/service_acquisition_function.py -> /home/clem/ros2_ws/src/build/py_acquisition/build/lib/py_acquisition
[0.630s] running install
[0.630s] /usr/lib/python3/dist-packages/setuptools/command/install.py:34: SetuptoolsDeprecationWarning: setup.py install is deprecated. Use build and pip and other standards-based tools.
[0.630s]   warnings.warn(
[0.630s] running install_lib
[0.631s] creating /home/clem/ros2_ws/src/install/py_acquisition/lib/python3.10/site-packages/py_acquisition
[0.631s] copying /home/clem/ros2_ws/src/build/py_acquisition/build/lib/py_acquisition/__init__.py -> /home/clem/ros2_ws/src/install/py_acquisition/lib/python3.10/site-packages/py_acquisition
[0.631s] copying /home/clem/ros2_ws/src/build/py_acquisition/build/lib/py_acquisition/client_acquisition_function.py -> /home/clem/ros2_ws/src/install/py_acquisition/lib/python3.10/site-packages/py_acquisition
[0.631s] copying /home/clem/ros2_ws/src/build/py_acquisition/build/lib/py_acquisition/service_acquisition_function.py -> /home/clem/ros2_ws/src/install/py_acquisition/lib/python3.10/site-packages/py_acquisition
[0.631s] byte-compiling /home/clem/ros2_ws/src/install/py_acquisition/lib/python3.10/site-packages/py_acquisition/__init__.py to __init__.cpython-310.pyc
[0.631s] byte-compiling /home/clem/ros2_ws/src/install/py_acquisition/lib/python3.10/site-packages/py_acquisition/client_acquisition_function.py to client_acquisition_function.cpython-310.pyc
[0.631s] byte-compiling /home/clem/ros2_ws/src/install/py_acquisition/lib/python3.10/site-packages/py_acquisition/service_acquisition_function.py to service_acquisition_function.cpython-310.pyc
[0.632s] running install_data
[0.632s] creating /home/clem/ros2_ws/src/install/py_acquisition/share/ament_index
[0.632s] creating /home/clem/ros2_ws/src/install/py_acquisition/share/ament_index/resource_index
[0.632s] creating /home/clem/ros2_ws/src/install/py_acquisition/share/ament_index/resource_index/packages
[0.632s] copying resource/py_acquisition -> /home/clem/ros2_ws/src/install/py_acquisition/share/ament_index/resource_index/packages
[0.632s] copying package.xml -> /home/clem/ros2_ws/src/install/py_acquisition/share/py_acquisition
[0.632s] running install_egg_info
[0.633s] Copying ../build/py_acquisition/py_acquisition.egg-info to /home/clem/ros2_ws/src/install/py_acquisition/lib/python3.10/site-packages/py_acquisition-0.0.0-py3.10.egg-info
[0.634s] running install_scripts
[0.650s] Installing client script to /home/clem/ros2_ws/src/install/py_acquisition/lib/py_acquisition
[0.650s] Installing service script to /home/clem/ros2_ws/src/install/py_acquisition/lib/py_acquisition
[0.650s] writing list of installed files to '/home/clem/ros2_ws/src/build/py_acquisition/install.log'
[0.664s] Invoked command in '/home/clem/ros2_ws/src/py_acquisition' returned '0': PYTHONPATH=/home/clem/ros2_ws/src/build/py_acquisition/prefix_override:/home/clem/ros2_ws/src/install/py_acquisition/lib/python3.10/site-packages:${PYTHONPATH} /usr/bin/python3 setup.py egg_info --egg-base ../build/py_acquisition build --build-base /home/clem/ros2_ws/src/build/py_acquisition/build install --record /home/clem/ros2_ws/src/build/py_acquisition/install.log --single-version-externally-managed
