[0.029s] Invoking command in '/home/clem/ros2_ws/build/examples_rclcpp_minimal_client': CMAKE_PREFIX_PATH=${CMAKE_PREFIX_PATH}:/home/clem/ros2_ws/install/launch_testing_examples:/home/clem/ros2_ws/install/examples_rclpy_pointcloud_publisher:/home/clem/ros2_ws/install/examples_rclpy_minimal_subscriber:/home/clem/ros2_ws/install/examples_rclpy_minimal_service:/home/clem/ros2_ws/install/examples_rclpy_minimal_publisher:/home/clem/ros2_ws/install/examples_rclpy_minimal_client:/home/clem/ros2_ws/install/examples_rclpy_minimal_action_server:/home/clem/ros2_ws/install/examples_rclpy_minimal_action_client:/home/clem/ros2_ws/install/examples_rclpy_guard_conditions:/home/clem/ros2_ws/install/examples_rclpy_executors:/opt/ros/humble /usr/bin/cmake /home/clem/ros2_ws/src/examples/rclcpp/services/minimal_client -DCMAKE_INSTALL_PREFIX=/home/clem/ros2_ws/install/examples_rclcpp_minimal_client
[0.037s] -- Found ament_cmake: 1.3.5 (/opt/ros/humble/share/ament_cmake/cmake)
[0.136s] -- Override CMake install command with custom implementation using symlinks instead of copying resources
[0.140s] -- Found example_interfaces: 0.9.3 (/opt/ros/humble/share/example_interfaces/cmake)
[0.155s] -- Found rosidl_generator_c: 3.1.5 (/opt/ros/humble/share/rosidl_generator_c/cmake)
[0.157s] -- Found rosidl_adapter: 3.1.5 (/opt/ros/humble/share/rosidl_adapter/cmake)
[0.159s] -- Found rosidl_generator_cpp: 3.1.5 (/opt/ros/humble/share/rosidl_generator_cpp/cmake)
[0.166s] -- Using all available rosidl_typesupport_c: rosidl_typesupport_fastrtps_c;rosidl_typesupport_introspection_c
[0.175s] -- Using all available rosidl_typesupport_cpp: rosidl_typesupport_fastrtps_cpp;rosidl_typesupport_introspection_cpp
[0.264s] -- Found rclcpp: 16.0.6 (/opt/ros/humble/share/rclcpp/cmake)
[0.293s] -- Found rmw_implementation_cmake: 6.1.1 (/opt/ros/humble/share/rmw_implementation_cmake/cmake)
[0.294s] -- Found rmw_fastrtps_cpp: 6.2.4 (/opt/ros/humble/share/rmw_fastrtps_cpp/cmake)
[0.363s] -- Using RMW implementation 'rmw_fastrtps_cpp' as default
[0.456s] -- Found ament_lint_auto: 0.12.8 (/opt/ros/humble/share/ament_lint_auto/cmake)
[0.501s] -- Added test 'copyright' to check source files copyright and LICENSE
[0.501s] -- Added test 'cppcheck' to perform static code analysis on C / C++ code
[0.501s] -- Configured cppcheck include dirs: 
[0.501s] -- Configured cppcheck exclude dirs and/or files: 
[0.502s] -- Added test 'cpplint' to check C / C++ code against the Google style
[0.502s] -- Configured cpplint exclude dirs and/or files: 
[0.502s] -- Added test 'lint_cmake' to check CMake code style
[0.502s] -- Added test 'uncrustify' to check C / C++ code style
[0.502s] -- Configured uncrustify additional arguments: 
[0.502s] -- Added test 'xmllint' to check XML markup files
[0.503s] -- Configuring done
[0.508s] -- Generating done
[0.508s] -- Build files have been written to: /home/clem/ros2_ws/build/examples_rclcpp_minimal_client
[0.514s] Invoked command in '/home/clem/ros2_ws/build/examples_rclcpp_minimal_client' returned '0': CMAKE_PREFIX_PATH=${CMAKE_PREFIX_PATH}:/home/clem/ros2_ws/install/launch_testing_examples:/home/clem/ros2_ws/install/examples_rclpy_pointcloud_publisher:/home/clem/ros2_ws/install/examples_rclpy_minimal_subscriber:/home/clem/ros2_ws/install/examples_rclpy_minimal_service:/home/clem/ros2_ws/install/examples_rclpy_minimal_publisher:/home/clem/ros2_ws/install/examples_rclpy_minimal_client:/home/clem/ros2_ws/install/examples_rclpy_minimal_action_server:/home/clem/ros2_ws/install/examples_rclpy_minimal_action_client:/home/clem/ros2_ws/install/examples_rclpy_guard_conditions:/home/clem/ros2_ws/install/examples_rclpy_executors:/opt/ros/humble /usr/bin/cmake /home/clem/ros2_ws/src/examples/rclcpp/services/minimal_client -DCMAKE_INSTALL_PREFIX=/home/clem/ros2_ws/install/examples_rclcpp_minimal_client
[0.514s] Invoking command in '/home/clem/ros2_ws/build/examples_rclcpp_minimal_client': CMAKE_PREFIX_PATH=${CMAKE_PREFIX_PATH}:/home/clem/ros2_ws/install/launch_testing_examples:/home/clem/ros2_ws/install/examples_rclpy_pointcloud_publisher:/home/clem/ros2_ws/install/examples_rclpy_minimal_subscriber:/home/clem/ros2_ws/install/examples_rclpy_minimal_service:/home/clem/ros2_ws/install/examples_rclpy_minimal_publisher:/home/clem/ros2_ws/install/examples_rclpy_minimal_client:/home/clem/ros2_ws/install/examples_rclpy_minimal_action_server:/home/clem/ros2_ws/install/examples_rclpy_minimal_action_client:/home/clem/ros2_ws/install/examples_rclpy_guard_conditions:/home/clem/ros2_ws/install/examples_rclpy_executors:/opt/ros/humble /usr/bin/cmake --build /home/clem/ros2_ws/build/examples_rclcpp_minimal_client -- -j16 -l16
[0.538s] [35m[1mConsolidate compiler generated dependencies of target client_main[0m
[0.548s] [100%] Built target client_main
[0.555s] Invoked command in '/home/clem/ros2_ws/build/examples_rclcpp_minimal_client' returned '0': CMAKE_PREFIX_PATH=${CMAKE_PREFIX_PATH}:/home/clem/ros2_ws/install/launch_testing_examples:/home/clem/ros2_ws/install/examples_rclpy_pointcloud_publisher:/home/clem/ros2_ws/install/examples_rclpy_minimal_subscriber:/home/clem/ros2_ws/install/examples_rclpy_minimal_service:/home/clem/ros2_ws/install/examples_rclpy_minimal_publisher:/home/clem/ros2_ws/install/examples_rclpy_minimal_client:/home/clem/ros2_ws/install/examples_rclpy_minimal_action_server:/home/clem/ros2_ws/install/examples_rclpy_minimal_action_client:/home/clem/ros2_ws/install/examples_rclpy_guard_conditions:/home/clem/ros2_ws/install/examples_rclpy_executors:/opt/ros/humble /usr/bin/cmake --build /home/clem/ros2_ws/build/examples_rclcpp_minimal_client -- -j16 -l16
[0.569s] Invoking command in '/home/clem/ros2_ws/build/examples_rclcpp_minimal_client': CMAKE_PREFIX_PATH=${CMAKE_PREFIX_PATH}:/home/clem/ros2_ws/install/launch_testing_examples:/home/clem/ros2_ws/install/examples_rclpy_pointcloud_publisher:/home/clem/ros2_ws/install/examples_rclpy_minimal_subscriber:/home/clem/ros2_ws/install/examples_rclpy_minimal_service:/home/clem/ros2_ws/install/examples_rclpy_minimal_publisher:/home/clem/ros2_ws/install/examples_rclpy_minimal_client:/home/clem/ros2_ws/install/examples_rclpy_minimal_action_server:/home/clem/ros2_ws/install/examples_rclpy_minimal_action_client:/home/clem/ros2_ws/install/examples_rclpy_guard_conditions:/home/clem/ros2_ws/install/examples_rclpy_executors:/opt/ros/humble /usr/bin/cmake --install /home/clem/ros2_ws/build/examples_rclcpp_minimal_client
[0.573s] -- Install configuration: ""
[0.573s] -- Execute custom install script
[0.573s] -- Up-to-date symlink: /home/clem/ros2_ws/install/examples_rclcpp_minimal_client/lib/examples_rclcpp_minimal_client/client_main
[0.574s] -- Up-to-date symlink: /home/clem/ros2_ws/install/examples_rclcpp_minimal_client/share/ament_index/resource_index/package_run_dependencies/examples_rclcpp_minimal_client
[0.574s] -- Up-to-date symlink: /home/clem/ros2_ws/install/examples_rclcpp_minimal_client/share/ament_index/resource_index/parent_prefix_path/examples_rclcpp_minimal_client
[0.574s] -- Up-to-date symlink: /home/clem/ros2_ws/install/examples_rclcpp_minimal_client/share/examples_rclcpp_minimal_client/environment/ament_prefix_path.sh
[0.574s] -- Up-to-date symlink: /home/clem/ros2_ws/install/examples_rclcpp_minimal_client/share/examples_rclcpp_minimal_client/environment/ament_prefix_path.dsv
[0.574s] -- Up-to-date symlink: /home/clem/ros2_ws/install/examples_rclcpp_minimal_client/share/examples_rclcpp_minimal_client/environment/path.sh
[0.574s] -- Up-to-date symlink: /home/clem/ros2_ws/install/examples_rclcpp_minimal_client/share/examples_rclcpp_minimal_client/environment/path.dsv
[0.574s] -- Up-to-date symlink: /home/clem/ros2_ws/install/examples_rclcpp_minimal_client/share/examples_rclcpp_minimal_client/local_setup.bash
[0.574s] -- Up-to-date symlink: /home/clem/ros2_ws/install/examples_rclcpp_minimal_client/share/examples_rclcpp_minimal_client/local_setup.sh
[0.574s] -- Up-to-date symlink: /home/clem/ros2_ws/install/examples_rclcpp_minimal_client/share/examples_rclcpp_minimal_client/local_setup.zsh
[0.574s] -- Up-to-date symlink: /home/clem/ros2_ws/install/examples_rclcpp_minimal_client/share/examples_rclcpp_minimal_client/local_setup.dsv
[0.574s] -- Symlinking: /home/clem/ros2_ws/install/examples_rclcpp_minimal_client/share/examples_rclcpp_minimal_client/package.dsv
[0.580s] -- Up-to-date symlink: /home/clem/ros2_ws/install/examples_rclcpp_minimal_client/share/ament_index/resource_index/packages/examples_rclcpp_minimal_client
[0.580s] -- Up-to-date symlink: /home/clem/ros2_ws/install/examples_rclcpp_minimal_client/share/examples_rclcpp_minimal_client/cmake/examples_rclcpp_minimal_clientConfig.cmake
[0.580s] -- Up-to-date symlink: /home/clem/ros2_ws/install/examples_rclcpp_minimal_client/share/examples_rclcpp_minimal_client/cmake/examples_rclcpp_minimal_clientConfig-version.cmake
[0.580s] -- Up-to-date symlink: /home/clem/ros2_ws/install/examples_rclcpp_minimal_client/share/examples_rclcpp_minimal_client/package.xml
[0.581s] Invoked command in '/home/clem/ros2_ws/build/examples_rclcpp_minimal_client' returned '0': CMAKE_PREFIX_PATH=${CMAKE_PREFIX_PATH}:/home/clem/ros2_ws/install/launch_testing_examples:/home/clem/ros2_ws/install/examples_rclpy_pointcloud_publisher:/home/clem/ros2_ws/install/examples_rclpy_minimal_subscriber:/home/clem/ros2_ws/install/examples_rclpy_minimal_service:/home/clem/ros2_ws/install/examples_rclpy_minimal_publisher:/home/clem/ros2_ws/install/examples_rclpy_minimal_client:/home/clem/ros2_ws/install/examples_rclpy_minimal_action_server:/home/clem/ros2_ws/install/examples_rclpy_minimal_action_client:/home/clem/ros2_ws/install/examples_rclpy_guard_conditions:/home/clem/ros2_ws/install/examples_rclpy_executors:/opt/ros/humble /usr/bin/cmake --install /home/clem/ros2_ws/build/examples_rclcpp_minimal_client
