running egg_info
writing ../../build/py_acquisition/py_acquisition.egg-info/PKG-INFO
writing dependency_links to ../../build/py_acquisition/py_acquisition.egg-info/dependency_links.txt
writing entry points to ../../build/py_acquisition/py_acquisition.egg-info/entry_points.txt
writing requirements to ../../build/py_acquisition/py_acquisition.egg-info/requires.txt
writing top-level names to ../../build/py_acquisition/py_acquisition.egg-info/top_level.txt
reading manifest file '../../build/py_acquisition/py_acquisition.egg-info/SOURCES.txt'
writing manifest file '../../build/py_acquisition/py_acquisition.egg-info/SOURCES.txt'
running build
running build_py
running install
running install_lib
running install_data
running install_egg_info
removing '/home/clem/ros2_ws/install/py_acquisition/lib/python3.10/site-packages/py_acquisition-0.0.0-py3.10.egg-info' (and everything under it)
Copying ../../build/py_acquisition/py_acquisition.egg-info to /home/clem/ros2_ws/install/py_acquisition/lib/python3.10/site-packages/py_acquisition-0.0.0-py3.10.egg-info
running install_scripts
Installing client script to /home/clem/ros2_ws/install/py_acquisition/lib/py_acquisition
Installing service script to /home/clem/ros2_ws/install/py_acquisition/lib/py_acquisition
writing list of installed files to '/home/clem/ros2_ws/build/py_acquisition/install.log'
