[2.626s] Invoking command in '/home/clem/ros2_ws/build/examples_rclpy_executors': PYTHONPATH=/home/clem/ros2_ws/build/examples_rclpy_executors/prefix_override:/home/clem/ros2_ws/install/examples_rclpy_executors/lib/python3.10/site-packages:${PYTHONPATH} /usr/bin/python3 setup.py develop --editable --build-directory /home/clem/ros2_ws/build/examples_rclpy_executors/build --no-deps install_data
[3.705s] running develop
[3.705s] running egg_info
[3.705s] creating examples_rclpy_executors.egg-info
[3.705s] writing examples_rclpy_executors.egg-info/PKG-INFO
[3.705s] writing dependency_links to examples_rclpy_executors.egg-info/dependency_links.txt
[3.705s] writing entry points to examples_rclpy_executors.egg-info/entry_points.txt
[3.705s] writing requirements to examples_rclpy_executors.egg-info/requires.txt
[3.705s] writing top-level names to examples_rclpy_executors.egg-info/top_level.txt
[3.705s] writing manifest file 'examples_rclpy_executors.egg-info/SOURCES.txt'
[3.705s] reading manifest file 'examples_rclpy_executors.egg-info/SOURCES.txt'
[3.706s] writing manifest file 'examples_rclpy_executors.egg-info/SOURCES.txt'
[3.706s] running build_ext
[3.706s] Creating /home/clem/ros2_ws/install/examples_rclpy_executors/lib/python3.10/site-packages/examples-rclpy-executors.egg-link (link to .)
[3.706s] Installing callback_group script to /home/clem/ros2_ws/install/examples_rclpy_executors/lib/examples_rclpy_executors
[3.706s] Installing composed script to /home/clem/ros2_ws/install/examples_rclpy_executors/lib/examples_rclpy_executors
[3.706s] Installing custom_callback_group script to /home/clem/ros2_ws/install/examples_rclpy_executors/lib/examples_rclpy_executors
[3.707s] Installing custom_executor script to /home/clem/ros2_ws/install/examples_rclpy_executors/lib/examples_rclpy_executors
[3.707s] Installing listener script to /home/clem/ros2_ws/install/examples_rclpy_executors/lib/examples_rclpy_executors
[3.707s] Installing talker script to /home/clem/ros2_ws/install/examples_rclpy_executors/lib/examples_rclpy_executors
[3.707s] 
[3.707s] Installed /home/clem/ros2_ws/build/examples_rclpy_executors
[3.707s] running install_data
[3.707s] creating /home/clem/ros2_ws/install/examples_rclpy_executors/share/ament_index
[3.707s] creating /home/clem/ros2_ws/install/examples_rclpy_executors/share/ament_index/resource_index
[3.707s] creating /home/clem/ros2_ws/install/examples_rclpy_executors/share/ament_index/resource_index/packages
[3.707s] copying resource/examples_rclpy_executors -> /home/clem/ros2_ws/install/examples_rclpy_executors/share/ament_index/resource_index/packages
[3.707s] copying package.xml -> /home/clem/ros2_ws/install/examples_rclpy_executors/share/examples_rclpy_executors
[3.708s] /usr/lib/python3/dist-packages/setuptools/command/easy_install.py:158: EasyInstallDeprecationWarning: easy_install command is deprecated. Use build and pip and other standards-based tools.
[3.708s]   warnings.warn(
[3.708s] /usr/lib/python3/dist-packages/setuptools/command/install.py:34: SetuptoolsDeprecationWarning: setup.py install is deprecated. Use build and pip and other standards-based tools.
[3.708s]   warnings.warn(
[3.723s] Invoked command in '/home/clem/ros2_ws/build/examples_rclpy_executors' returned '0': PYTHONPATH=/home/clem/ros2_ws/build/examples_rclpy_executors/prefix_override:/home/clem/ros2_ws/install/examples_rclpy_executors/lib/python3.10/site-packages:${PYTHONPATH} /usr/bin/python3 setup.py develop --editable --build-directory /home/clem/ros2_ws/build/examples_rclpy_executors/build --no-deps install_data
