[0.026s] Invoking command in '/home/clem/ros2_ws/build/interface_acquisition': CMAKE_PREFIX_PATH=/opt/ros/humble /usr/bin/cmake /home/clem/ros2_ws/src/interface_acquisition -DCMAKE_INSTALL_PREFIX=/home/clem/ros2_ws/install/interface_acquisition
[0.033s] -- Found ament_cmake: 1.3.5 (/opt/ros/humble/share/ament_cmake/cmake)
[0.120s] -- Found ament_lint_auto: 0.12.8 (/opt/ros/humble/share/ament_lint_auto/cmake)
[0.158s] -- Found rosidl_default_generators: 1.2.0 (/opt/ros/humble/share/rosidl_default_generators/cmake)
[0.159s] -- Using all available rosidl_typesupport_c: rosidl_typesupport_fastrtps_c;rosidl_typesupport_introspection_c
[0.160s] -- Found rosidl_adapter: 3.1.5 (/opt/ros/humble/share/rosidl_adapter/cmake)
[0.178s] -- Using all available rosidl_typesupport_cpp: rosidl_typesupport_fastrtps_cpp;rosidl_typesupport_introspection_cpp
[0.289s] [31mCMake Error at /opt/ros/humble/share/rosidl_adapter/cmake/rosidl_adapt_interfaces.cmake:59 (message):
[0.289s]   execute_process(/usr/bin/python3.10 -m rosidl_adapter --package-name
[0.289s]   interface_acquisition --arguments-file
[0.289s]   /home/clem/ros2_ws/build/interface_acquisition/rosidl_adapter__arguments__interface_acquisition.json
[0.289s]   --output-dir
[0.289s]   /home/clem/ros2_ws/build/interface_acquisition/rosidl_adapter/interface_acquisition
[0.289s]   --output-file
[0.289s]   /home/clem/ros2_ws/build/interface_acquisition/rosidl_adapter/interface_acquisition.idls)
[0.289s]   returned error code 1:
[0.289s] 
[0.289s]   Traceback (most recent call last):
[0.289s] 
[0.289s]     File "/usr/lib/python3.10/runpy.py", line 196, in _run_module_as_main
[0.290s]       return _run_code(code, main_globals, None,
[0.290s]     File "/usr/lib/python3.10/runpy.py", line 86, in _run_code
[0.290s]       exec(code, run_globals)
[0.290s]     File "/opt/ros/humble/local/lib/python3.10/dist-packages/rosidl_adapter/__main__.py", line 19, in <module>
[0.290s]       sys.exit(main())
[0.290s]     File "/opt/ros/humble/local/lib/python3.10/dist-packages/rosidl_adapter/main.py", line 53, in main
[0.290s]       abs_idl_file = convert_to_idl(
[0.290s]     File "/opt/ros/humble/local/lib/python3.10/dist-packages/rosidl_adapter/__init__.py", line 19, in convert_to_idl
[0.290s]       return convert_msg_to_idl(
[0.290s]     File "/opt/ros/humble/local/lib/python3.10/dist-packages/rosidl_adapter/msg/__init__.py", line 28, in convert_msg_to_idl
[0.290s]       msg = parse_message_string(package_name, input_file.stem, content)
[0.290s]     File "/opt/ros/humble/local/lib/python3.10/dist-packages/rosidl_adapter/parser.py", line 544, in parse_message_string
[0.290s]       msg = MessageSpecification(pkg_name, msg_name, fields, constants)
[0.290s]     File "/opt/ros/humble/local/lib/python3.10/dist-packages/rosidl_adapter/parser.py", line 388, in __init__
[0.290s]       self.base_type = BaseType(
[0.290s]     File "/opt/ros/humble/local/lib/python3.10/dist-packages/rosidl_adapter/parser.py", line 205, in __init__
[0.290s]       raise InvalidResourceName(
[0.290s] 
[0.290s]   rosidl_adapter.parser.InvalidResourceName: 'num' is an invalid message
[0.290s]   name.  It should have the pattern '^[A-Z][A-Za-z0-9]*$'
[0.290s] 
[0.290s] Call Stack (most recent call first):
[0.290s]   /opt/ros/humble/share/rosidl_cmake/cmake/rosidl_generate_interfaces.cmake:130 (rosidl_adapt_interfaces)
[0.290s]   CMakeLists.txt:28 (rosidl_generate_interfaces)
[0.290s] 
[0.290s] [0m
[0.290s] -- Configuring incomplete, errors occurred!
[0.290s] See also "/home/clem/ros2_ws/build/interface_acquisition/CMakeFiles/CMakeOutput.log".
[0.293s] Invoked command in '/home/clem/ros2_ws/build/interface_acquisition' returned '1': CMAKE_PREFIX_PATH=/opt/ros/humble /usr/bin/cmake /home/clem/ros2_ws/src/interface_acquisition -DCMAKE_INSTALL_PREFIX=/home/clem/ros2_ws/install/interface_acquisition
