[0.033s] Invoking command in '/home/clem/ros2_ws/build/examples_rclcpp_minimal_publisher': CMAKE_PREFIX_PATH=${CMAKE_PREFIX_PATH}:/home/clem/ros2_ws/install/launch_testing_examples:/home/clem/ros2_ws/install/examples_rclpy_pointcloud_publisher:/home/clem/ros2_ws/install/examples_rclpy_minimal_subscriber:/home/clem/ros2_ws/install/examples_rclpy_minimal_service:/home/clem/ros2_ws/install/examples_rclpy_minimal_publisher:/home/clem/ros2_ws/install/examples_rclpy_minimal_client:/home/clem/ros2_ws/install/examples_rclpy_minimal_action_server:/home/clem/ros2_ws/install/examples_rclpy_minimal_action_client:/home/clem/ros2_ws/install/examples_rclpy_guard_conditions:/home/clem/ros2_ws/install/examples_rclpy_executors:/opt/ros/humble /usr/bin/cmake /home/clem/ros2_ws/src/examples/rclcpp/topics/minimal_publisher -DCMAKE_INSTALL_PREFIX=/home/clem/ros2_ws/install/examples_rclcpp_minimal_publisher
[0.041s] -- Found ament_cmake: 1.3.5 (/opt/ros/humble/share/ament_cmake/cmake)
[0.142s] -- Override CMake install command with custom implementation using symlinks instead of copying resources
[0.145s] -- Found rclcpp: 16.0.6 (/opt/ros/humble/share/rclcpp/cmake)
[0.161s] -- Found rosidl_generator_c: 3.1.5 (/opt/ros/humble/share/rosidl_generator_c/cmake)
[0.162s] -- Found rosidl_adapter: 3.1.5 (/opt/ros/humble/share/rosidl_adapter/cmake)
[0.166s] -- Found rosidl_generator_cpp: 3.1.5 (/opt/ros/humble/share/rosidl_generator_cpp/cmake)
[0.172s] -- Using all available rosidl_typesupport_c: rosidl_typesupport_fastrtps_c;rosidl_typesupport_introspection_c
[0.182s] -- Using all available rosidl_typesupport_cpp: rosidl_typesupport_fastrtps_cpp;rosidl_typesupport_introspection_cpp
[0.216s] -- Found rmw_implementation_cmake: 6.1.1 (/opt/ros/humble/share/rmw_implementation_cmake/cmake)
[0.217s] -- Found rmw_fastrtps_cpp: 6.2.4 (/opt/ros/humble/share/rmw_fastrtps_cpp/cmake)
[0.287s] -- Using RMW implementation 'rmw_fastrtps_cpp' as default
[0.389s] -- Found ament_lint_auto: 0.12.8 (/opt/ros/humble/share/ament_lint_auto/cmake)
[0.436s] -- Added test 'copyright' to check source files copyright and LICENSE
[0.436s] -- Added test 'cppcheck' to perform static code analysis on C / C++ code
[0.436s] -- Configured cppcheck include dirs: 
[0.436s] -- Configured cppcheck exclude dirs and/or files: 
[0.437s] -- Added test 'cpplint' to check C / C++ code against the Google style
[0.437s] -- Configured cpplint exclude dirs and/or files: 
[0.437s] -- Added test 'lint_cmake' to check CMake code style
[0.437s] -- Added test 'uncrustify' to check C / C++ code style
[0.437s] -- Configured uncrustify additional arguments: 
[0.437s] -- Added test 'xmllint' to check XML markup files
[0.438s] -- Configuring done
[0.450s] -- Generating done
[0.450s] -- Build files have been written to: /home/clem/ros2_ws/build/examples_rclcpp_minimal_publisher
[0.455s] Invoked command in '/home/clem/ros2_ws/build/examples_rclcpp_minimal_publisher' returned '0': CMAKE_PREFIX_PATH=${CMAKE_PREFIX_PATH}:/home/clem/ros2_ws/install/launch_testing_examples:/home/clem/ros2_ws/install/examples_rclpy_pointcloud_publisher:/home/clem/ros2_ws/install/examples_rclpy_minimal_subscriber:/home/clem/ros2_ws/install/examples_rclpy_minimal_service:/home/clem/ros2_ws/install/examples_rclpy_minimal_publisher:/home/clem/ros2_ws/install/examples_rclpy_minimal_client:/home/clem/ros2_ws/install/examples_rclpy_minimal_action_server:/home/clem/ros2_ws/install/examples_rclpy_minimal_action_client:/home/clem/ros2_ws/install/examples_rclpy_guard_conditions:/home/clem/ros2_ws/install/examples_rclpy_executors:/opt/ros/humble /usr/bin/cmake /home/clem/ros2_ws/src/examples/rclcpp/topics/minimal_publisher -DCMAKE_INSTALL_PREFIX=/home/clem/ros2_ws/install/examples_rclcpp_minimal_publisher
[0.457s] Invoking command in '/home/clem/ros2_ws/build/examples_rclcpp_minimal_publisher': CMAKE_PREFIX_PATH=${CMAKE_PREFIX_PATH}:/home/clem/ros2_ws/install/launch_testing_examples:/home/clem/ros2_ws/install/examples_rclpy_pointcloud_publisher:/home/clem/ros2_ws/install/examples_rclpy_minimal_subscriber:/home/clem/ros2_ws/install/examples_rclpy_minimal_service:/home/clem/ros2_ws/install/examples_rclpy_minimal_publisher:/home/clem/ros2_ws/install/examples_rclpy_minimal_client:/home/clem/ros2_ws/install/examples_rclpy_minimal_action_server:/home/clem/ros2_ws/install/examples_rclpy_minimal_action_client:/home/clem/ros2_ws/install/examples_rclpy_guard_conditions:/home/clem/ros2_ws/install/examples_rclpy_executors:/opt/ros/humble /usr/bin/cmake --build /home/clem/ros2_ws/build/examples_rclcpp_minimal_publisher -- -j16 -l16
[0.483s] [35m[1mConsolidate compiler generated dependencies of target publisher_member_function[0m
[0.483s] [35m[1mConsolidate compiler generated dependencies of target publisher_lambda[0m
[0.485s] [35m[1mConsolidate compiler generated dependencies of target publisher_member_function_with_type_adapter[0m
[0.486s] [35m[1mConsolidate compiler generated dependencies of target publisher_wait_for_all_acked[0m
[0.486s] [35m[1mConsolidate compiler generated dependencies of target publisher_not_composable[0m
[0.487s] [35m[1mConsolidate compiler generated dependencies of target publisher_member_function_with_unique_network_flow_endpoints[0m
[0.494s] [ 16%] Built target publisher_lambda
[0.495s] [ 33%] Built target publisher_member_function
[0.495s] [ 50%] Built target publisher_member_function_with_type_adapter
[0.496s] [ 66%] Built target publisher_wait_for_all_acked
[0.498s] [ 83%] Built target publisher_not_composable
[0.498s] [100%] Built target publisher_member_function_with_unique_network_flow_endpoints
[0.505s] Invoked command in '/home/clem/ros2_ws/build/examples_rclcpp_minimal_publisher' returned '0': CMAKE_PREFIX_PATH=${CMAKE_PREFIX_PATH}:/home/clem/ros2_ws/install/launch_testing_examples:/home/clem/ros2_ws/install/examples_rclpy_pointcloud_publisher:/home/clem/ros2_ws/install/examples_rclpy_minimal_subscriber:/home/clem/ros2_ws/install/examples_rclpy_minimal_service:/home/clem/ros2_ws/install/examples_rclpy_minimal_publisher:/home/clem/ros2_ws/install/examples_rclpy_minimal_client:/home/clem/ros2_ws/install/examples_rclpy_minimal_action_server:/home/clem/ros2_ws/install/examples_rclpy_minimal_action_client:/home/clem/ros2_ws/install/examples_rclpy_guard_conditions:/home/clem/ros2_ws/install/examples_rclpy_executors:/opt/ros/humble /usr/bin/cmake --build /home/clem/ros2_ws/build/examples_rclcpp_minimal_publisher -- -j16 -l16
[0.528s] Invoking command in '/home/clem/ros2_ws/build/examples_rclcpp_minimal_publisher': CMAKE_PREFIX_PATH=${CMAKE_PREFIX_PATH}:/home/clem/ros2_ws/install/launch_testing_examples:/home/clem/ros2_ws/install/examples_rclpy_pointcloud_publisher:/home/clem/ros2_ws/install/examples_rclpy_minimal_subscriber:/home/clem/ros2_ws/install/examples_rclpy_minimal_service:/home/clem/ros2_ws/install/examples_rclpy_minimal_publisher:/home/clem/ros2_ws/install/examples_rclpy_minimal_client:/home/clem/ros2_ws/install/examples_rclpy_minimal_action_server:/home/clem/ros2_ws/install/examples_rclpy_minimal_action_client:/home/clem/ros2_ws/install/examples_rclpy_guard_conditions:/home/clem/ros2_ws/install/examples_rclpy_executors:/opt/ros/humble /usr/bin/cmake --install /home/clem/ros2_ws/build/examples_rclcpp_minimal_publisher
[0.532s] -- Install configuration: ""
[0.532s] -- Execute custom install script
[0.532s] -- Up-to-date symlink: /home/clem/ros2_ws/install/examples_rclcpp_minimal_publisher/lib/examples_rclcpp_minimal_publisher/publisher_lambda
[0.533s] -- Up-to-date symlink: /home/clem/ros2_ws/install/examples_rclcpp_minimal_publisher/lib/examples_rclcpp_minimal_publisher/publisher_member_function
[0.533s] -- Up-to-date symlink: /home/clem/ros2_ws/install/examples_rclcpp_minimal_publisher/lib/examples_rclcpp_minimal_publisher/publisher_member_function_with_type_adapter
[0.533s] -- Up-to-date symlink: /home/clem/ros2_ws/install/examples_rclcpp_minimal_publisher/lib/examples_rclcpp_minimal_publisher/publisher_member_function_with_unique_network_flow_endpoints
[0.533s] -- Up-to-date symlink: /home/clem/ros2_ws/install/examples_rclcpp_minimal_publisher/lib/examples_rclcpp_minimal_publisher/publisher_wait_for_all_acked
[0.533s] -- Up-to-date symlink: /home/clem/ros2_ws/install/examples_rclcpp_minimal_publisher/lib/examples_rclcpp_minimal_publisher/publisher_not_composable
[0.533s] -- Up-to-date symlink: /home/clem/ros2_ws/install/examples_rclcpp_minimal_publisher/share/ament_index/resource_index/package_run_dependencies/examples_rclcpp_minimal_publisher
[0.533s] -- Up-to-date symlink: /home/clem/ros2_ws/install/examples_rclcpp_minimal_publisher/share/ament_index/resource_index/parent_prefix_path/examples_rclcpp_minimal_publisher
[0.533s] -- Up-to-date symlink: /home/clem/ros2_ws/install/examples_rclcpp_minimal_publisher/share/examples_rclcpp_minimal_publisher/environment/ament_prefix_path.sh
[0.533s] -- Up-to-date symlink: /home/clem/ros2_ws/install/examples_rclcpp_minimal_publisher/share/examples_rclcpp_minimal_publisher/environment/ament_prefix_path.dsv
[0.533s] -- Up-to-date symlink: /home/clem/ros2_ws/install/examples_rclcpp_minimal_publisher/share/examples_rclcpp_minimal_publisher/environment/path.sh
[0.533s] -- Up-to-date symlink: /home/clem/ros2_ws/install/examples_rclcpp_minimal_publisher/share/examples_rclcpp_minimal_publisher/environment/path.dsv
[0.533s] -- Up-to-date symlink: /home/clem/ros2_ws/install/examples_rclcpp_minimal_publisher/share/examples_rclcpp_minimal_publisher/local_setup.bash
[0.533s] -- Up-to-date symlink: /home/clem/ros2_ws/install/examples_rclcpp_minimal_publisher/share/examples_rclcpp_minimal_publisher/local_setup.sh
[0.534s] -- Up-to-date symlink: /home/clem/ros2_ws/install/examples_rclcpp_minimal_publisher/share/examples_rclcpp_minimal_publisher/local_setup.zsh
[0.534s] -- Up-to-date symlink: /home/clem/ros2_ws/install/examples_rclcpp_minimal_publisher/share/examples_rclcpp_minimal_publisher/local_setup.dsv
[0.534s] -- Symlinking: /home/clem/ros2_ws/install/examples_rclcpp_minimal_publisher/share/examples_rclcpp_minimal_publisher/package.dsv
[0.539s] -- Up-to-date symlink: /home/clem/ros2_ws/install/examples_rclcpp_minimal_publisher/share/ament_index/resource_index/packages/examples_rclcpp_minimal_publisher
[0.539s] -- Up-to-date symlink: /home/clem/ros2_ws/install/examples_rclcpp_minimal_publisher/share/examples_rclcpp_minimal_publisher/cmake/examples_rclcpp_minimal_publisherConfig.cmake
[0.539s] -- Up-to-date symlink: /home/clem/ros2_ws/install/examples_rclcpp_minimal_publisher/share/examples_rclcpp_minimal_publisher/cmake/examples_rclcpp_minimal_publisherConfig-version.cmake
[0.539s] -- Up-to-date symlink: /home/clem/ros2_ws/install/examples_rclcpp_minimal_publisher/share/examples_rclcpp_minimal_publisher/package.xml
[0.541s] Invoked command in '/home/clem/ros2_ws/build/examples_rclcpp_minimal_publisher' returned '0': CMAKE_PREFIX_PATH=${CMAKE_PREFIX_PATH}:/home/clem/ros2_ws/install/launch_testing_examples:/home/clem/ros2_ws/install/examples_rclpy_pointcloud_publisher:/home/clem/ros2_ws/install/examples_rclpy_minimal_subscriber:/home/clem/ros2_ws/install/examples_rclpy_minimal_service:/home/clem/ros2_ws/install/examples_rclpy_minimal_publisher:/home/clem/ros2_ws/install/examples_rclpy_minimal_client:/home/clem/ros2_ws/install/examples_rclpy_minimal_action_server:/home/clem/ros2_ws/install/examples_rclpy_minimal_action_client:/home/clem/ros2_ws/install/examples_rclpy_guard_conditions:/home/clem/ros2_ws/install/examples_rclpy_executors:/opt/ros/humble /usr/bin/cmake --install /home/clem/ros2_ws/build/examples_rclcpp_minimal_publisher
