[0.226s] Invoking command in '/home/clem/ros2_ws/build/examples_rclcpp_minimal_timer': CMAKE_PREFIX_PATH=/opt/ros/humble /usr/bin/cmake /home/clem/ros2_ws/src/examples/rclcpp/timers/minimal_timer -DAMENT_CMAKE_SYMLINK_INSTALL=1 -DCMAKE_INSTALL_PREFIX=/home/clem/ros2_ws/install/examples_rclcpp_minimal_timer
[2.136s] -- The C compiler identification is GNU 11.4.0
[2.136s] -- The CXX compiler identification is GNU 11.4.0
[2.136s] -- Detecting C compiler ABI info
[2.136s] -- Detecting C compiler ABI info - done
[2.136s] -- Check for working C compiler: /usr/bin/cc - skipped
[2.136s] -- Detecting C compile features
[2.137s] -- Detecting C compile features - done
[2.152s] -- Detecting CXX compiler ABI info
[2.152s] -- Detecting CXX compiler ABI info - done
[2.152s] -- Check for working CXX compiler: /usr/bin/c++ - skipped
[2.152s] -- Detecting CXX compile features
[2.152s] -- Detecting CXX compile features - done
[2.153s] -- Found ament_cmake: 1.3.5 (/opt/ros/humble/share/ament_cmake/cmake)
[2.153s] -- Found Python3: /usr/bin/python3.10 (found version "3.10.12") found components: Interpreter 
[2.153s] -- Override CMake install command with custom implementation using symlinks instead of copying resources
[2.153s] -- Found rclcpp: 16.0.6 (/opt/ros/humble/share/rclcpp/cmake)
[2.153s] -- Found rosidl_generator_c: 3.1.5 (/opt/ros/humble/share/rosidl_generator_c/cmake)
[2.153s] -- Found rosidl_adapter: 3.1.5 (/opt/ros/humble/share/rosidl_adapter/cmake)
[2.153s] -- Found rosidl_generator_cpp: 3.1.5 (/opt/ros/humble/share/rosidl_generator_cpp/cmake)
[2.153s] -- Using all available rosidl_typesupport_c: rosidl_typesupport_fastrtps_c;rosidl_typesupport_introspection_c
[2.153s] -- Using all available rosidl_typesupport_cpp: rosidl_typesupport_fastrtps_cpp;rosidl_typesupport_introspection_cpp
[2.207s] -- Found rmw_implementation_cmake: 6.1.1 (/opt/ros/humble/share/rmw_implementation_cmake/cmake)
[2.223s] -- Found rmw_fastrtps_cpp: 6.2.4 (/opt/ros/humble/share/rmw_fastrtps_cpp/cmake)
[2.795s] -- Found OpenSSL: /usr/lib/x86_64-linux-gnu/libcrypto.so (found version "3.0.2")  
[2.840s] -- Found FastRTPS: /opt/ros/humble/include  
[2.962s] -- Using RMW implementation 'rmw_fastrtps_cpp' as default
[2.977s] -- Looking for pthread.h
[3.104s] -- Looking for pthread.h - found
[3.105s] -- Performing Test CMAKE_HAVE_LIBC_PTHREAD
[3.238s] -- Performing Test CMAKE_HAVE_LIBC_PTHREAD - Success
[3.240s] -- Found Threads: TRUE  
[3.569s] -- Found ament_lint_auto: 0.12.8 (/opt/ros/humble/share/ament_lint_auto/cmake)
[3.707s] -- Added test 'copyright' to check source files copyright and LICENSE
[3.709s] -- Added test 'cppcheck' to perform static code analysis on C / C++ code
[3.709s] -- Configured cppcheck include dirs: 
[3.709s] -- Configured cppcheck exclude dirs and/or files: 
[3.711s] -- Added test 'cpplint' to check C / C++ code against the Google style
[3.711s] -- Configured cpplint exclude dirs and/or files: 
[3.712s] -- Added test 'lint_cmake' to check CMake code style
[3.714s] -- Added test 'uncrustify' to check C / C++ code style
[3.714s] -- Configured uncrustify additional arguments: 
[3.715s] -- Added test 'xmllint' to check XML markup files
[3.718s] -- Configuring done
[3.760s] -- Generating done
[3.761s] -- Build files have been written to: /home/clem/ros2_ws/build/examples_rclcpp_minimal_timer
[4.087s] Invoked command in '/home/clem/ros2_ws/build/examples_rclcpp_minimal_timer' returned '0': CMAKE_PREFIX_PATH=/opt/ros/humble /usr/bin/cmake /home/clem/ros2_ws/src/examples/rclcpp/timers/minimal_timer -DAMENT_CMAKE_SYMLINK_INSTALL=1 -DCMAKE_INSTALL_PREFIX=/home/clem/ros2_ws/install/examples_rclcpp_minimal_timer
[4.091s] Invoking command in '/home/clem/ros2_ws/build/examples_rclcpp_minimal_timer': CMAKE_PREFIX_PATH=/opt/ros/humble /usr/bin/cmake --build /home/clem/ros2_ws/build/examples_rclcpp_minimal_timer -- -j16 -l16
[5.609s] [ 25%] [32mBuilding CXX object CMakeFiles/timer_member_function.dir/member_function.cpp.o[0m
[5.609s] [ 50%] [32mBuilding CXX object CMakeFiles/timer_lambda.dir/lambda.cpp.o[0m
