[2.547s] Invoking command in '/home/clem/ros2_ws/build/examples_rclpy_minimal_action_server': PYTHONPATH=/home/clem/ros2_ws/build/examples_rclpy_minimal_action_server/prefix_override:/home/clem/ros2_ws/install/examples_rclpy_minimal_action_server/lib/python3.10/site-packages:${PYTHONPATH} /usr/bin/python3 setup.py develop --editable --build-directory /home/clem/ros2_ws/build/examples_rclpy_minimal_action_server/build --no-deps install_data
[3.614s] running develop
[3.614s] running egg_info
[3.614s] creating examples_rclpy_minimal_action_server.egg-info
[3.614s] writing examples_rclpy_minimal_action_server.egg-info/PKG-INFO
[3.614s] writing dependency_links to examples_rclpy_minimal_action_server.egg-info/dependency_links.txt
[3.614s] writing entry points to examples_rclpy_minimal_action_server.egg-info/entry_points.txt
[3.614s] writing requirements to examples_rclpy_minimal_action_server.egg-info/requires.txt
[3.615s] writing top-level names to examples_rclpy_minimal_action_server.egg-info/top_level.txt
[3.615s] writing manifest file 'examples_rclpy_minimal_action_server.egg-info/SOURCES.txt'
[3.615s] reading manifest file 'examples_rclpy_minimal_action_server.egg-info/SOURCES.txt'
[3.615s] writing manifest file 'examples_rclpy_minimal_action_server.egg-info/SOURCES.txt'
[3.615s] running build_ext
[3.615s] Creating /home/clem/ros2_ws/install/examples_rclpy_minimal_action_server/lib/python3.10/site-packages/examples-rclpy-minimal-action-server.egg-link (link to .)
[3.615s] Installing server script to /home/clem/ros2_ws/install/examples_rclpy_minimal_action_server/lib/examples_rclpy_minimal_action_server
[3.615s] Installing server_defer script to /home/clem/ros2_ws/install/examples_rclpy_minimal_action_server/lib/examples_rclpy_minimal_action_server
[3.615s] Installing server_not_composable script to /home/clem/ros2_ws/install/examples_rclpy_minimal_action_server/lib/examples_rclpy_minimal_action_server
[3.615s] Installing server_queue_goals script to /home/clem/ros2_ws/install/examples_rclpy_minimal_action_server/lib/examples_rclpy_minimal_action_server
[3.616s] Installing server_single_goal script to /home/clem/ros2_ws/install/examples_rclpy_minimal_action_server/lib/examples_rclpy_minimal_action_server
[3.616s] 
[3.616s] Installed /home/clem/ros2_ws/build/examples_rclpy_minimal_action_server
[3.616s] running install_data
[3.616s] creating /home/clem/ros2_ws/install/examples_rclpy_minimal_action_server/share/ament_index
[3.616s] creating /home/clem/ros2_ws/install/examples_rclpy_minimal_action_server/share/ament_index/resource_index
[3.616s] creating /home/clem/ros2_ws/install/examples_rclpy_minimal_action_server/share/ament_index/resource_index/packages
[3.616s] copying resource/examples_rclpy_minimal_action_server -> /home/clem/ros2_ws/install/examples_rclpy_minimal_action_server/share/ament_index/resource_index/packages
[3.616s] copying package.xml -> /home/clem/ros2_ws/install/examples_rclpy_minimal_action_server/share/examples_rclpy_minimal_action_server
[3.629s] /usr/lib/python3/dist-packages/setuptools/command/easy_install.py:158: EasyInstallDeprecationWarning: easy_install command is deprecated. Use build and pip and other standards-based tools.
[3.629s]   warnings.warn(
[3.629s] /usr/lib/python3/dist-packages/setuptools/command/install.py:34: SetuptoolsDeprecationWarning: setup.py install is deprecated. Use build and pip and other standards-based tools.
[3.629s]   warnings.warn(
[3.976s] Invoked command in '/home/clem/ros2_ws/build/examples_rclpy_minimal_action_server' returned '0': PYTHONPATH=/home/clem/ros2_ws/build/examples_rclpy_minimal_action_server/prefix_override:/home/clem/ros2_ws/install/examples_rclpy_minimal_action_server/lib/python3.10/site-packages:${PYTHONPATH} /usr/bin/python3 setup.py develop --editable --build-directory /home/clem/ros2_ws/build/examples_rclpy_minimal_action_server/build --no-deps install_data
