[0.476s] Invoking command in '/home/clem/ros2_ws/build/examples_rclpy_pointcloud_publisher': PYTHONPATH=/home/clem/ros2_ws/build/examples_rclpy_pointcloud_publisher/prefix_override:/home/clem/ros2_ws/install/examples_rclpy_pointcloud_publisher/lib/python3.10/site-packages:${PYTHONPATH} /usr/bin/python3 setup.py develop --uninstall --editable --build-directory /home/clem/ros2_ws/build/examples_rclpy_pointcloud_publisher/build
[0.639s] running develop
[0.639s] /usr/lib/python3/dist-packages/setuptools/command/easy_install.py:158: EasyInstallDeprecationWarning: easy_install command is deprecated. Use build and pip and other standards-based tools.
[0.639s]   warnings.warn(
[0.640s] /usr/lib/python3/dist-packages/setuptools/command/install.py:34: SetuptoolsDeprecationWarning: setup.py install is deprecated. Use build and pip and other standards-based tools.
[0.640s]   warnings.warn(
[0.727s] Removing /home/clem/ros2_ws/install/examples_rclpy_pointcloud_publisher/lib/python3.10/site-packages/examples-rclpy-pointcloud-publisher.egg-link (link to .)
[0.743s] Invoked command in '/home/clem/ros2_ws/build/examples_rclpy_pointcloud_publisher' returned '0': PYTHONPATH=/home/clem/ros2_ws/build/examples_rclpy_pointcloud_publisher/prefix_override:/home/clem/ros2_ws/install/examples_rclpy_pointcloud_publisher/lib/python3.10/site-packages:${PYTHONPATH} /usr/bin/python3 setup.py develop --uninstall --editable --build-directory /home/clem/ros2_ws/build/examples_rclpy_pointcloud_publisher/build
[0.743s] Invoking command in '/home/clem/ros2_ws/src/examples/rclpy/topics/pointcloud_publisher': PYTHONPATH=/home/clem/ros2_ws/build/examples_rclpy_pointcloud_publisher/prefix_override:/home/clem/ros2_ws/install/examples_rclpy_pointcloud_publisher/lib/python3.10/site-packages:${PYTHONPATH} /usr/bin/python3 setup.py egg_info --egg-base ../../../../../build/examples_rclpy_pointcloud_publisher build --build-base /home/clem/ros2_ws/build/examples_rclpy_pointcloud_publisher/build install --record /home/clem/ros2_ws/build/examples_rclpy_pointcloud_publisher/install.log --single-version-externally-managed
[0.884s] running egg_info
[0.885s] writing ../../../../../build/examples_rclpy_pointcloud_publisher/examples_rclpy_pointcloud_publisher.egg-info/PKG-INFO
[0.885s] writing dependency_links to ../../../../../build/examples_rclpy_pointcloud_publisher/examples_rclpy_pointcloud_publisher.egg-info/dependency_links.txt
[0.885s] writing entry points to ../../../../../build/examples_rclpy_pointcloud_publisher/examples_rclpy_pointcloud_publisher.egg-info/entry_points.txt
[0.885s] writing requirements to ../../../../../build/examples_rclpy_pointcloud_publisher/examples_rclpy_pointcloud_publisher.egg-info/requires.txt
[0.885s] writing top-level names to ../../../../../build/examples_rclpy_pointcloud_publisher/examples_rclpy_pointcloud_publisher.egg-info/top_level.txt
[0.886s] reading manifest file '../../../../../build/examples_rclpy_pointcloud_publisher/examples_rclpy_pointcloud_publisher.egg-info/SOURCES.txt'
[0.887s] writing manifest file '../../../../../build/examples_rclpy_pointcloud_publisher/examples_rclpy_pointcloud_publisher.egg-info/SOURCES.txt'
[0.887s] running build
[0.887s] running build_py
[0.887s] creating /home/clem/ros2_ws/build/examples_rclpy_pointcloud_publisher/build
[0.887s] creating /home/clem/ros2_ws/build/examples_rclpy_pointcloud_publisher/build/lib
[0.887s] creating /home/clem/ros2_ws/build/examples_rclpy_pointcloud_publisher/build/lib/examples_rclpy_pointcloud_publisher
[0.887s] copying examples_rclpy_pointcloud_publisher/__init__.py -> /home/clem/ros2_ws/build/examples_rclpy_pointcloud_publisher/build/lib/examples_rclpy_pointcloud_publisher
[0.887s] copying examples_rclpy_pointcloud_publisher/pointcloud_publisher.py -> /home/clem/ros2_ws/build/examples_rclpy_pointcloud_publisher/build/lib/examples_rclpy_pointcloud_publisher
[0.887s] running install
[0.887s] /usr/lib/python3/dist-packages/setuptools/command/install.py:34: SetuptoolsDeprecationWarning: setup.py install is deprecated. Use build and pip and other standards-based tools.
[0.887s]   warnings.warn(
[0.888s] running install_lib
[0.888s] creating /home/clem/ros2_ws/install/examples_rclpy_pointcloud_publisher/lib/python3.10/site-packages/examples_rclpy_pointcloud_publisher
[0.888s] copying /home/clem/ros2_ws/build/examples_rclpy_pointcloud_publisher/build/lib/examples_rclpy_pointcloud_publisher/__init__.py -> /home/clem/ros2_ws/install/examples_rclpy_pointcloud_publisher/lib/python3.10/site-packages/examples_rclpy_pointcloud_publisher
[0.888s] copying /home/clem/ros2_ws/build/examples_rclpy_pointcloud_publisher/build/lib/examples_rclpy_pointcloud_publisher/pointcloud_publisher.py -> /home/clem/ros2_ws/install/examples_rclpy_pointcloud_publisher/lib/python3.10/site-packages/examples_rclpy_pointcloud_publisher
[0.888s] byte-compiling /home/clem/ros2_ws/install/examples_rclpy_pointcloud_publisher/lib/python3.10/site-packages/examples_rclpy_pointcloud_publisher/__init__.py to __init__.cpython-310.pyc
[0.888s] byte-compiling /home/clem/ros2_ws/install/examples_rclpy_pointcloud_publisher/lib/python3.10/site-packages/examples_rclpy_pointcloud_publisher/pointcloud_publisher.py to pointcloud_publisher.cpython-310.pyc
[0.888s] running install_data
[0.889s] running install_egg_info
[0.890s] Copying ../../../../../build/examples_rclpy_pointcloud_publisher/examples_rclpy_pointcloud_publisher.egg-info to /home/clem/ros2_ws/install/examples_rclpy_pointcloud_publisher/lib/python3.10/site-packages/examples_rclpy_pointcloud_publisher-0.15.1-py3.10.egg-info
[0.890s] running install_scripts
[0.903s] Installing pointcloud_publisher script to /home/clem/ros2_ws/install/examples_rclpy_pointcloud_publisher/lib/examples_rclpy_pointcloud_publisher
[0.904s] writing list of installed files to '/home/clem/ros2_ws/build/examples_rclpy_pointcloud_publisher/install.log'
[0.917s] Invoked command in '/home/clem/ros2_ws/src/examples/rclpy/topics/pointcloud_publisher' returned '0': PYTHONPATH=/home/clem/ros2_ws/build/examples_rclpy_pointcloud_publisher/prefix_override:/home/clem/ros2_ws/install/examples_rclpy_pointcloud_publisher/lib/python3.10/site-packages:${PYTHONPATH} /usr/bin/python3 setup.py egg_info --egg-base ../../../../../build/examples_rclpy_pointcloud_publisher build --build-base /home/clem/ros2_ws/build/examples_rclpy_pointcloud_publisher/build install --record /home/clem/ros2_ws/build/examples_rclpy_pointcloud_publisher/install.log --single-version-externally-managed
