[0.384s] Invoking command in '/home/clem/ros2_ws/src/py_acquisition': PYTHONPATH=/home/clem/ros2_ws/build/py_acquisition/prefix_override:/home/clem/ros2_ws/install/py_acquisition/lib/python3.10/site-packages:${PYTHONPATH} /usr/bin/python3 setup.py egg_info --egg-base ../../build/py_acquisition build --build-base /home/clem/ros2_ws/build/py_acquisition/build install --record /home/clem/ros2_ws/build/py_acquisition/install.log --single-version-externally-managed
[0.519s] running egg_info
[0.519s] writing ../../build/py_acquisition/py_acquisition.egg-info/PKG-INFO
[0.519s] writing dependency_links to ../../build/py_acquisition/py_acquisition.egg-info/dependency_links.txt
[0.519s] writing entry points to ../../build/py_acquisition/py_acquisition.egg-info/entry_points.txt
[0.519s] writing requirements to ../../build/py_acquisition/py_acquisition.egg-info/requires.txt
[0.519s] writing top-level names to ../../build/py_acquisition/py_acquisition.egg-info/top_level.txt
[0.520s] reading manifest file '../../build/py_acquisition/py_acquisition.egg-info/SOURCES.txt'
[0.521s] writing manifest file '../../build/py_acquisition/py_acquisition.egg-info/SOURCES.txt'
[0.521s] running build
[0.521s] running build_py
[0.521s] copying py_acquisition/client_acquisition_function.py -> /home/clem/ros2_ws/build/py_acquisition/build/lib/py_acquisition
[0.521s] running install
[0.521s] /usr/lib/python3/dist-packages/setuptools/command/install.py:34: SetuptoolsDeprecationWarning: setup.py install is deprecated. Use build and pip and other standards-based tools.
[0.522s]   warnings.warn(
[0.522s] running install_lib
[0.522s] copying /home/clem/ros2_ws/build/py_acquisition/build/lib/py_acquisition/client_acquisition_function.py -> /home/clem/ros2_ws/install/py_acquisition/lib/python3.10/site-packages/py_acquisition
[0.523s] byte-compiling /home/clem/ros2_ws/install/py_acquisition/lib/python3.10/site-packages/py_acquisition/client_acquisition_function.py to client_acquisition_function.cpython-310.pyc
[0.523s] running install_data
[0.523s] running install_egg_info
[0.524s] removing '/home/clem/ros2_ws/install/py_acquisition/lib/python3.10/site-packages/py_acquisition-0.0.0-py3.10.egg-info' (and everything under it)
[0.524s] Copying ../../build/py_acquisition/py_acquisition.egg-info to /home/clem/ros2_ws/install/py_acquisition/lib/python3.10/site-packages/py_acquisition-0.0.0-py3.10.egg-info
[0.525s] running install_scripts
[0.538s] Installing client script to /home/clem/ros2_ws/install/py_acquisition/lib/py_acquisition
[0.538s] Installing service script to /home/clem/ros2_ws/install/py_acquisition/lib/py_acquisition
[0.538s] writing list of installed files to '/home/clem/ros2_ws/build/py_acquisition/install.log'
[0.551s] Invoked command in '/home/clem/ros2_ws/src/py_acquisition' returned '0': PYTHONPATH=/home/clem/ros2_ws/build/py_acquisition/prefix_override:/home/clem/ros2_ws/install/py_acquisition/lib/python3.10/site-packages:${PYTHONPATH} /usr/bin/python3 setup.py egg_info --egg-base ../../build/py_acquisition build --build-base /home/clem/ros2_ws/build/py_acquisition/build install --record /home/clem/ros2_ws/build/py_acquisition/install.log --single-version-externally-managed
