[1.187s] Invoking command in '/home/clem/ros2_ws/build/examples_rclpy_executors': PYTHONPATH=/home/clem/ros2_ws/build/examples_rclpy_executors/prefix_override:/home/clem/ros2_ws/install/examples_rclpy_executors/lib/python3.10/site-packages:${PYTHONPATH} /usr/bin/python3 setup.py develop --editable --build-directory /home/clem/ros2_ws/build/examples_rclpy_executors/build --no-deps install_data
[1.572s] running develop
[1.582s] /usr/lib/python3/dist-packages/setuptools/command/easy_install.py:158: EasyInstallDeprecationWarning: easy_install command is deprecated. Use build and pip and other standards-based tools.
[1.582s]   warnings.warn(
[1.584s] /usr/lib/python3/dist-packages/setuptools/command/install.py:34: SetuptoolsDeprecationWarning: setup.py install is deprecated. Use build and pip and other standards-based tools.
[1.585s]   warnings.warn(
[1.832s] running egg_info
[1.832s] writing examples_rclpy_executors.egg-info/PKG-INFO
[1.842s] writing dependency_links to examples_rclpy_executors.egg-info/dependency_links.txt
[1.843s] writing entry points to examples_rclpy_executors.egg-info/entry_points.txt
[1.843s] writing requirements to examples_rclpy_executors.egg-info/requires.txt
[1.843s] writing top-level names to examples_rclpy_executors.egg-info/top_level.txt
[1.846s] reading manifest file 'examples_rclpy_executors.egg-info/SOURCES.txt'
[1.848s] writing manifest file 'examples_rclpy_executors.egg-info/SOURCES.txt'
[1.850s] running build_ext
[1.850s] Creating /home/clem/ros2_ws/install/examples_rclpy_executors/lib/python3.10/site-packages/examples-rclpy-executors.egg-link (link to .)
[1.851s] Installing callback_group script to /home/clem/ros2_ws/install/examples_rclpy_executors/lib/examples_rclpy_executors
[1.852s] Installing composed script to /home/clem/ros2_ws/install/examples_rclpy_executors/lib/examples_rclpy_executors
[1.852s] Installing custom_callback_group script to /home/clem/ros2_ws/install/examples_rclpy_executors/lib/examples_rclpy_executors
[1.852s] Installing custom_executor script to /home/clem/ros2_ws/install/examples_rclpy_executors/lib/examples_rclpy_executors
[1.852s] Installing listener script to /home/clem/ros2_ws/install/examples_rclpy_executors/lib/examples_rclpy_executors
[1.852s] Installing talker script to /home/clem/ros2_ws/install/examples_rclpy_executors/lib/examples_rclpy_executors
[1.853s] 
[1.853s] Installed /home/clem/ros2_ws/build/examples_rclpy_executors
[1.853s] running install_data
[1.893s] Invoked command in '/home/clem/ros2_ws/build/examples_rclpy_executors' returned '0': PYTHONPATH=/home/clem/ros2_ws/build/examples_rclpy_executors/prefix_override:/home/clem/ros2_ws/install/examples_rclpy_executors/lib/python3.10/site-packages:${PYTHONPATH} /usr/bin/python3 setup.py develop --editable --build-directory /home/clem/ros2_ws/build/examples_rclpy_executors/build --no-deps install_data
