[0.057s] Invoking command in '/home/clem/ros2_ws/build/examples_rclcpp_async_client': CMAKE_PREFIX_PATH=${CMAKE_PREFIX_PATH}:/home/clem/ros2_ws/install/launch_testing_examples:/home/clem/ros2_ws/install/examples_rclpy_pointcloud_publisher:/home/clem/ros2_ws/install/examples_rclpy_minimal_subscriber:/home/clem/ros2_ws/install/examples_rclpy_minimal_service:/home/clem/ros2_ws/install/examples_rclpy_minimal_publisher:/home/clem/ros2_ws/install/examples_rclpy_minimal_client:/home/clem/ros2_ws/install/examples_rclpy_minimal_action_server:/home/clem/ros2_ws/install/examples_rclpy_minimal_action_client:/home/clem/ros2_ws/install/examples_rclpy_guard_conditions:/home/clem/ros2_ws/install/examples_rclpy_executors:/opt/ros/humble /usr/bin/cmake /home/clem/ros2_ws/src/examples/rclcpp/services/async_client -DCMAKE_INSTALL_PREFIX=/home/clem/ros2_ws/install/examples_rclcpp_async_client
[0.066s] -- Found ament_cmake: 1.3.5 (/opt/ros/humble/share/ament_cmake/cmake)
[0.159s] -- Override CMake install command with custom implementation using symlinks instead of copying resources
[0.163s] -- Found example_interfaces: 0.9.3 (/opt/ros/humble/share/example_interfaces/cmake)
[0.177s] -- Found rosidl_generator_c: 3.1.5 (/opt/ros/humble/share/rosidl_generator_c/cmake)
[0.178s] -- Found rosidl_adapter: 3.1.5 (/opt/ros/humble/share/rosidl_adapter/cmake)
[0.182s] -- Found rosidl_generator_cpp: 3.1.5 (/opt/ros/humble/share/rosidl_generator_cpp/cmake)
[0.188s] -- Using all available rosidl_typesupport_c: rosidl_typesupport_fastrtps_c;rosidl_typesupport_introspection_c
[0.197s] -- Using all available rosidl_typesupport_cpp: rosidl_typesupport_fastrtps_cpp;rosidl_typesupport_introspection_cpp
[0.286s] -- Found rclcpp: 16.0.6 (/opt/ros/humble/share/rclcpp/cmake)
[0.314s] -- Found rmw_implementation_cmake: 6.1.1 (/opt/ros/humble/share/rmw_implementation_cmake/cmake)
[0.316s] -- Found rmw_fastrtps_cpp: 6.2.4 (/opt/ros/humble/share/rmw_fastrtps_cpp/cmake)
[0.383s] -- Using RMW implementation 'rmw_fastrtps_cpp' as default
[0.476s] -- Found ament_lint_auto: 0.12.8 (/opt/ros/humble/share/ament_lint_auto/cmake)
[0.527s] -- Added test 'copyright' to check source files copyright and LICENSE
[0.527s] -- Added test 'cppcheck' to perform static code analysis on C / C++ code
[0.527s] -- Configured cppcheck include dirs: 
[0.527s] -- Configured cppcheck exclude dirs and/or files: 
[0.528s] -- Added test 'cpplint' to check C / C++ code against the Google style
[0.528s] -- Configured cpplint exclude dirs and/or files: 
[0.528s] -- Added test 'lint_cmake' to check CMake code style
[0.528s] -- Added test 'uncrustify' to check C / C++ code style
[0.528s] -- Configured uncrustify additional arguments: 
[0.528s] -- Added test 'xmllint' to check XML markup files
[0.529s] -- Configuring done
[0.535s] -- Generating done
[0.536s] -- Build files have been written to: /home/clem/ros2_ws/build/examples_rclcpp_async_client
[0.542s] Invoked command in '/home/clem/ros2_ws/build/examples_rclcpp_async_client' returned '0': CMAKE_PREFIX_PATH=${CMAKE_PREFIX_PATH}:/home/clem/ros2_ws/install/launch_testing_examples:/home/clem/ros2_ws/install/examples_rclpy_pointcloud_publisher:/home/clem/ros2_ws/install/examples_rclpy_minimal_subscriber:/home/clem/ros2_ws/install/examples_rclpy_minimal_service:/home/clem/ros2_ws/install/examples_rclpy_minimal_publisher:/home/clem/ros2_ws/install/examples_rclpy_minimal_client:/home/clem/ros2_ws/install/examples_rclpy_minimal_action_server:/home/clem/ros2_ws/install/examples_rclpy_minimal_action_client:/home/clem/ros2_ws/install/examples_rclpy_guard_conditions:/home/clem/ros2_ws/install/examples_rclpy_executors:/opt/ros/humble /usr/bin/cmake /home/clem/ros2_ws/src/examples/rclcpp/services/async_client -DCMAKE_INSTALL_PREFIX=/home/clem/ros2_ws/install/examples_rclcpp_async_client
[0.542s] Invoking command in '/home/clem/ros2_ws/build/examples_rclcpp_async_client': CMAKE_PREFIX_PATH=${CMAKE_PREFIX_PATH}:/home/clem/ros2_ws/install/launch_testing_examples:/home/clem/ros2_ws/install/examples_rclpy_pointcloud_publisher:/home/clem/ros2_ws/install/examples_rclpy_minimal_subscriber:/home/clem/ros2_ws/install/examples_rclpy_minimal_service:/home/clem/ros2_ws/install/examples_rclpy_minimal_publisher:/home/clem/ros2_ws/install/examples_rclpy_minimal_client:/home/clem/ros2_ws/install/examples_rclpy_minimal_action_server:/home/clem/ros2_ws/install/examples_rclpy_minimal_action_client:/home/clem/ros2_ws/install/examples_rclpy_guard_conditions:/home/clem/ros2_ws/install/examples_rclpy_executors:/opt/ros/humble /usr/bin/cmake --build /home/clem/ros2_ws/build/examples_rclcpp_async_client -- -j16 -l16
[0.564s] [35m[1mConsolidate compiler generated dependencies of target client_main[0m
[0.572s] [100%] Built target client_main
[0.579s] Invoked command in '/home/clem/ros2_ws/build/examples_rclcpp_async_client' returned '0': CMAKE_PREFIX_PATH=${CMAKE_PREFIX_PATH}:/home/clem/ros2_ws/install/launch_testing_examples:/home/clem/ros2_ws/install/examples_rclpy_pointcloud_publisher:/home/clem/ros2_ws/install/examples_rclpy_minimal_subscriber:/home/clem/ros2_ws/install/examples_rclpy_minimal_service:/home/clem/ros2_ws/install/examples_rclpy_minimal_publisher:/home/clem/ros2_ws/install/examples_rclpy_minimal_client:/home/clem/ros2_ws/install/examples_rclpy_minimal_action_server:/home/clem/ros2_ws/install/examples_rclpy_minimal_action_client:/home/clem/ros2_ws/install/examples_rclpy_guard_conditions:/home/clem/ros2_ws/install/examples_rclpy_executors:/opt/ros/humble /usr/bin/cmake --build /home/clem/ros2_ws/build/examples_rclcpp_async_client -- -j16 -l16
[0.645s] Invoking command in '/home/clem/ros2_ws/build/examples_rclcpp_async_client': CMAKE_PREFIX_PATH=${CMAKE_PREFIX_PATH}:/home/clem/ros2_ws/install/launch_testing_examples:/home/clem/ros2_ws/install/examples_rclpy_pointcloud_publisher:/home/clem/ros2_ws/install/examples_rclpy_minimal_subscriber:/home/clem/ros2_ws/install/examples_rclpy_minimal_service:/home/clem/ros2_ws/install/examples_rclpy_minimal_publisher:/home/clem/ros2_ws/install/examples_rclpy_minimal_client:/home/clem/ros2_ws/install/examples_rclpy_minimal_action_server:/home/clem/ros2_ws/install/examples_rclpy_minimal_action_client:/home/clem/ros2_ws/install/examples_rclpy_guard_conditions:/home/clem/ros2_ws/install/examples_rclpy_executors:/opt/ros/humble /usr/bin/cmake --install /home/clem/ros2_ws/build/examples_rclcpp_async_client
[0.649s] -- Install configuration: ""
[0.650s] -- Execute custom install script
[0.650s] -- Up-to-date symlink: /home/clem/ros2_ws/install/examples_rclcpp_async_client/lib/examples_rclcpp_async_client/client_main
[0.650s] -- Up-to-date symlink: /home/clem/ros2_ws/install/examples_rclcpp_async_client/share/ament_index/resource_index/package_run_dependencies/examples_rclcpp_async_client
[0.650s] -- Up-to-date symlink: /home/clem/ros2_ws/install/examples_rclcpp_async_client/share/ament_index/resource_index/parent_prefix_path/examples_rclcpp_async_client
[0.650s] -- Up-to-date symlink: /home/clem/ros2_ws/install/examples_rclcpp_async_client/share/examples_rclcpp_async_client/environment/ament_prefix_path.sh
[0.650s] -- Up-to-date symlink: /home/clem/ros2_ws/install/examples_rclcpp_async_client/share/examples_rclcpp_async_client/environment/ament_prefix_path.dsv
[0.650s] -- Up-to-date symlink: /home/clem/ros2_ws/install/examples_rclcpp_async_client/share/examples_rclcpp_async_client/environment/path.sh
[0.650s] -- Up-to-date symlink: /home/clem/ros2_ws/install/examples_rclcpp_async_client/share/examples_rclcpp_async_client/environment/path.dsv
[0.650s] -- Up-to-date symlink: /home/clem/ros2_ws/install/examples_rclcpp_async_client/share/examples_rclcpp_async_client/local_setup.bash
[0.650s] -- Up-to-date symlink: /home/clem/ros2_ws/install/examples_rclcpp_async_client/share/examples_rclcpp_async_client/local_setup.sh
[0.650s] -- Up-to-date symlink: /home/clem/ros2_ws/install/examples_rclcpp_async_client/share/examples_rclcpp_async_client/local_setup.zsh
[0.651s] -- Up-to-date symlink: /home/clem/ros2_ws/install/examples_rclcpp_async_client/share/examples_rclcpp_async_client/local_setup.dsv
[0.651s] -- Symlinking: /home/clem/ros2_ws/install/examples_rclcpp_async_client/share/examples_rclcpp_async_client/package.dsv
[0.655s] -- Up-to-date symlink: /home/clem/ros2_ws/install/examples_rclcpp_async_client/share/ament_index/resource_index/packages/examples_rclcpp_async_client
[0.655s] -- Up-to-date symlink: /home/clem/ros2_ws/install/examples_rclcpp_async_client/share/examples_rclcpp_async_client/cmake/examples_rclcpp_async_clientConfig.cmake
[0.656s] -- Up-to-date symlink: /home/clem/ros2_ws/install/examples_rclcpp_async_client/share/examples_rclcpp_async_client/cmake/examples_rclcpp_async_clientConfig-version.cmake
[0.656s] -- Up-to-date symlink: /home/clem/ros2_ws/install/examples_rclcpp_async_client/share/examples_rclcpp_async_client/package.xml
[0.657s] Invoked command in '/home/clem/ros2_ws/build/examples_rclcpp_async_client' returned '0': CMAKE_PREFIX_PATH=${CMAKE_PREFIX_PATH}:/home/clem/ros2_ws/install/launch_testing_examples:/home/clem/ros2_ws/install/examples_rclpy_pointcloud_publisher:/home/clem/ros2_ws/install/examples_rclpy_minimal_subscriber:/home/clem/ros2_ws/install/examples_rclpy_minimal_service:/home/clem/ros2_ws/install/examples_rclpy_minimal_publisher:/home/clem/ros2_ws/install/examples_rclpy_minimal_client:/home/clem/ros2_ws/install/examples_rclpy_minimal_action_server:/home/clem/ros2_ws/install/examples_rclpy_minimal_action_client:/home/clem/ros2_ws/install/examples_rclpy_guard_conditions:/home/clem/ros2_ws/install/examples_rclpy_executors:/opt/ros/humble /usr/bin/cmake --install /home/clem/ros2_ws/build/examples_rclcpp_async_client
