[0.328s] Invoking command in '/home/clem/ros2_ws/src/my_package': PYTHONPATH=/home/clem/ros2_ws/build/my_package/prefix_override:/home/clem/ros2_ws/install/my_package/lib/python3.10/site-packages:${PYTHONPATH} /usr/bin/python3 setup.py egg_info --egg-base ../../build/my_package build --build-base /home/clem/ros2_ws/build/my_package/build install --record /home/clem/ros2_ws/build/my_package/install.log --single-version-externally-managed
[0.440s] running egg_info
[0.440s] creating ../../build/my_package/my_package.egg-info
[0.440s] writing ../../build/my_package/my_package.egg-info/PKG-INFO
[0.440s] writing dependency_links to ../../build/my_package/my_package.egg-info/dependency_links.txt
[0.440s] writing entry points to ../../build/my_package/my_package.egg-info/entry_points.txt
[0.440s] writing requirements to ../../build/my_package/my_package.egg-info/requires.txt
[0.440s] writing top-level names to ../../build/my_package/my_package.egg-info/top_level.txt
[0.441s] writing manifest file '../../build/my_package/my_package.egg-info/SOURCES.txt'
[0.441s] reading manifest file '../../build/my_package/my_package.egg-info/SOURCES.txt'
[0.441s] writing manifest file '../../build/my_package/my_package.egg-info/SOURCES.txt'
[0.441s] running build
[0.441s] running build_py
[0.442s] creating /home/clem/ros2_ws/build/my_package/build
[0.442s] creating /home/clem/ros2_ws/build/my_package/build/lib
[0.442s] creating /home/clem/ros2_ws/build/my_package/build/lib/my_package
[0.442s] copying my_package/__init__.py -> /home/clem/ros2_ws/build/my_package/build/lib/my_package
[0.442s] copying my_package/my_node.py -> /home/clem/ros2_ws/build/my_package/build/lib/my_package
[0.442s] running install
[0.442s] /usr/lib/python3/dist-packages/setuptools/command/install.py:34: SetuptoolsDeprecationWarning: setup.py install is deprecated. Use build and pip and other standards-based tools.
[0.442s]   warnings.warn(
[0.442s] running install_lib
[0.442s] creating /home/clem/ros2_ws/install/my_package/lib/python3.10/site-packages/my_package
[0.442s] copying /home/clem/ros2_ws/build/my_package/build/lib/my_package/__init__.py -> /home/clem/ros2_ws/install/my_package/lib/python3.10/site-packages/my_package
[0.442s] copying /home/clem/ros2_ws/build/my_package/build/lib/my_package/my_node.py -> /home/clem/ros2_ws/install/my_package/lib/python3.10/site-packages/my_package
[0.443s] byte-compiling /home/clem/ros2_ws/install/my_package/lib/python3.10/site-packages/my_package/__init__.py to __init__.cpython-310.pyc
[0.443s] byte-compiling /home/clem/ros2_ws/install/my_package/lib/python3.10/site-packages/my_package/my_node.py to my_node.cpython-310.pyc
[0.443s] running install_data
[0.443s] creating /home/clem/ros2_ws/install/my_package/share/ament_index
[0.443s] creating /home/clem/ros2_ws/install/my_package/share/ament_index/resource_index
[0.443s] creating /home/clem/ros2_ws/install/my_package/share/ament_index/resource_index/packages
[0.443s] copying resource/my_package -> /home/clem/ros2_ws/install/my_package/share/ament_index/resource_index/packages
[0.443s] copying package.xml -> /home/clem/ros2_ws/install/my_package/share/my_package
[0.443s] running install_egg_info
[0.444s] Copying ../../build/my_package/my_package.egg-info to /home/clem/ros2_ws/install/my_package/lib/python3.10/site-packages/my_package-0.0.0-py3.10.egg-info
[0.444s] running install_scripts
[0.456s] Installing my_node script to /home/clem/ros2_ws/install/my_package/lib/my_package
[0.456s] writing list of installed files to '/home/clem/ros2_ws/build/my_package/install.log'
[0.468s] Invoked command in '/home/clem/ros2_ws/src/my_package' returned '0': PYTHONPATH=/home/clem/ros2_ws/build/my_package/prefix_override:/home/clem/ros2_ws/install/my_package/lib/python3.10/site-packages:${PYTHONPATH} /usr/bin/python3 setup.py egg_info --egg-base ../../build/my_package build --build-base /home/clem/ros2_ws/build/my_package/build install --record /home/clem/ros2_ws/build/my_package/install.log --single-version-externally-managed
