[0.996s] Invoking command in '/home/clem/ros2_ws/build/examples_rclpy_minimal_action_server': PYTHONPATH=/home/clem/ros2_ws/build/examples_rclpy_minimal_action_server/prefix_override:/home/clem/ros2_ws/install/examples_rclpy_minimal_action_server/lib/python3.10/site-packages:${PYTHONPATH} /usr/bin/python3 setup.py develop --editable --build-directory /home/clem/ros2_ws/build/examples_rclpy_minimal_action_server/build --no-deps install_data
[1.225s] running develop
[1.225s] /usr/lib/python3/dist-packages/setuptools/command/easy_install.py:158: EasyInstallDeprecationWarning: easy_install command is deprecated. Use build and pip and other standards-based tools.
[1.225s]   warnings.warn(
[1.226s] /usr/lib/python3/dist-packages/setuptools/command/install.py:34: SetuptoolsDeprecationWarning: setup.py install is deprecated. Use build and pip and other standards-based tools.
[1.226s]   warnings.warn(
[1.374s] running egg_info
[1.374s] writing examples_rclpy_minimal_action_server.egg-info/PKG-INFO
[1.384s] writing dependency_links to examples_rclpy_minimal_action_server.egg-info/dependency_links.txt
[1.384s] writing entry points to examples_rclpy_minimal_action_server.egg-info/entry_points.txt
[1.384s] writing requirements to examples_rclpy_minimal_action_server.egg-info/requires.txt
[1.384s] writing top-level names to examples_rclpy_minimal_action_server.egg-info/top_level.txt
[1.386s] reading manifest file 'examples_rclpy_minimal_action_server.egg-info/SOURCES.txt'
[1.387s] writing manifest file 'examples_rclpy_minimal_action_server.egg-info/SOURCES.txt'
[1.388s] running build_ext
[1.388s] Creating /home/clem/ros2_ws/install/examples_rclpy_minimal_action_server/lib/python3.10/site-packages/examples-rclpy-minimal-action-server.egg-link (link to .)
[1.389s] Installing server script to /home/clem/ros2_ws/install/examples_rclpy_minimal_action_server/lib/examples_rclpy_minimal_action_server
[1.389s] Installing server_defer script to /home/clem/ros2_ws/install/examples_rclpy_minimal_action_server/lib/examples_rclpy_minimal_action_server
[1.390s] Installing server_not_composable script to /home/clem/ros2_ws/install/examples_rclpy_minimal_action_server/lib/examples_rclpy_minimal_action_server
[1.390s] Installing server_queue_goals script to /home/clem/ros2_ws/install/examples_rclpy_minimal_action_server/lib/examples_rclpy_minimal_action_server
[1.390s] Installing server_single_goal script to /home/clem/ros2_ws/install/examples_rclpy_minimal_action_server/lib/examples_rclpy_minimal_action_server
[1.390s] 
[1.390s] Installed /home/clem/ros2_ws/build/examples_rclpy_minimal_action_server
[1.390s] running install_data
[1.421s] Invoked command in '/home/clem/ros2_ws/build/examples_rclpy_minimal_action_server' returned '0': PYTHONPATH=/home/clem/ros2_ws/build/examples_rclpy_minimal_action_server/prefix_override:/home/clem/ros2_ws/install/examples_rclpy_minimal_action_server/lib/python3.10/site-packages:${PYTHONPATH} /usr/bin/python3 setup.py develop --editable --build-directory /home/clem/ros2_ws/build/examples_rclpy_minimal_action_server/build --no-deps install_data
