[0.393s] Invoking command in '/home/clem/ros2_ws/build/examples_rclcpp_async_client': CMAKE_PREFIX_PATH=/opt/ros/humble /usr/bin/cmake /home/clem/ros2_ws/src/examples/rclcpp/services/async_client -DAMENT_CMAKE_SYMLINK_INSTALL=1 -DCMAKE_INSTALL_PREFIX=/home/clem/ros2_ws/install/examples_rclcpp_async_client
[2.252s] -- The C compiler identification is GNU 11.4.0
[2.253s] -- The CXX compiler identification is GNU 11.4.0
[2.253s] -- Detecting C compiler ABI info
[2.253s] -- Detecting C compiler ABI info - done
[2.253s] -- Check for working C compiler: /usr/bin/cc - skipped
[2.253s] -- Detecting C compile features
[2.255s] -- Detecting C compile features - done
[2.255s] -- Detecting CXX compiler ABI info
[2.256s] -- Detecting CXX compiler ABI info - done
[2.256s] -- Check for working CXX compiler: /usr/bin/c++ - skipped
[2.257s] -- Detecting CXX compile features
[2.258s] -- Detecting CXX compile features - done
[2.258s] -- Found ament_cmake: 1.3.5 (/opt/ros/humble/share/ament_cmake/cmake)
[2.258s] -- Found Python3: /usr/bin/python3.10 (found version "3.10.12") found components: Interpreter 
[2.258s] -- Override CMake install command with custom implementation using symlinks instead of copying resources
[2.258s] -- Found example_interfaces: 0.9.3 (/opt/ros/humble/share/example_interfaces/cmake)
[2.258s] -- Found rosidl_generator_c: 3.1.5 (/opt/ros/humble/share/rosidl_generator_c/cmake)
[2.259s] -- Found rosidl_adapter: 3.1.5 (/opt/ros/humble/share/rosidl_adapter/cmake)
[2.259s] -- Found rosidl_generator_cpp: 3.1.5 (/opt/ros/humble/share/rosidl_generator_cpp/cmake)
[2.260s] -- Using all available rosidl_typesupport_c: rosidl_typesupport_fastrtps_c;rosidl_typesupport_introspection_c
[2.260s] -- Using all available rosidl_typesupport_cpp: rosidl_typesupport_fastrtps_cpp;rosidl_typesupport_introspection_cpp
[2.706s] -- Found rclcpp: 16.0.6 (/opt/ros/humble/share/rclcpp/cmake)
[3.181s] -- Found rmw_implementation_cmake: 6.1.1 (/opt/ros/humble/share/rmw_implementation_cmake/cmake)
[3.197s] -- Found rmw_fastrtps_cpp: 6.2.4 (/opt/ros/humble/share/rmw_fastrtps_cpp/cmake)
[3.751s] -- Found OpenSSL: /usr/lib/x86_64-linux-gnu/libcrypto.so (found version "3.0.2")  
[3.805s] -- Found FastRTPS: /opt/ros/humble/include  
[3.965s] -- Using RMW implementation 'rmw_fastrtps_cpp' as default
[3.992s] -- Looking for pthread.h
[4.310s] -- Looking for pthread.h - found
[4.311s] -- Performing Test CMAKE_HAVE_LIBC_PTHREAD
[5.133s] -- Performing Test CMAKE_HAVE_LIBC_PTHREAD - Success
[5.156s] -- Found Threads: TRUE  
[7.574s] -- Found ament_lint_auto: 0.12.8 (/opt/ros/humble/share/ament_lint_auto/cmake)
[8.199s] -- Added test 'copyright' to check source files copyright and LICENSE
[8.221s] -- Added test 'cppcheck' to perform static code analysis on C / C++ code
[8.222s] -- Configured cppcheck include dirs: 
[8.222s] -- Configured cppcheck exclude dirs and/or files: 
[8.227s] -- Added test 'cpplint' to check C / C++ code against the Google style
[8.227s] -- Configured cpplint exclude dirs and/or files: 
[8.236s] -- Added test 'lint_cmake' to check CMake code style
[8.247s] -- Added test 'uncrustify' to check C / C++ code style
[8.247s] -- Configured uncrustify additional arguments: 
[8.257s] -- Added test 'xmllint' to check XML markup files
[8.287s] -- Configuring done
[8.410s] -- Generating done
[8.435s] -- Build files have been written to: /home/clem/ros2_ws/build/examples_rclcpp_async_client
[11.990s] Invoked command in '/home/clem/ros2_ws/build/examples_rclcpp_async_client' returned '0': CMAKE_PREFIX_PATH=/opt/ros/humble /usr/bin/cmake /home/clem/ros2_ws/src/examples/rclcpp/services/async_client -DAMENT_CMAKE_SYMLINK_INSTALL=1 -DCMAKE_INSTALL_PREFIX=/home/clem/ros2_ws/install/examples_rclcpp_async_client
[12.008s] Invoking command in '/home/clem/ros2_ws/build/examples_rclcpp_async_client': CMAKE_PREFIX_PATH=/opt/ros/humble /usr/bin/cmake --build /home/clem/ros2_ws/build/examples_rclcpp_async_client -- -j16 -l16
[13.761s] [ 50%] [32mBuilding CXX object CMakeFiles/client_main.dir/main.cpp.o[0m
