[0.909s] Invoking command in '/home/clem/ros2_ws/build/examples_rclpy_minimal_publisher': PYTHONPATH=/home/clem/ros2_ws/build/examples_rclpy_minimal_publisher/prefix_override:/home/clem/ros2_ws/install/examples_rclpy_minimal_publisher/lib/python3.10/site-packages:${PYTHONPATH} /usr/bin/python3 setup.py develop --editable --build-directory /home/clem/ros2_ws/build/examples_rclpy_minimal_publisher/build --no-deps install_data
[1.259s] running develop
[1.259s] /usr/lib/python3/dist-packages/setuptools/command/easy_install.py:158: EasyInstallDeprecationWarning: easy_install command is deprecated. Use build and pip and other standards-based tools.
[1.259s]   warnings.warn(
[1.261s] /usr/lib/python3/dist-packages/setuptools/command/install.py:34: SetuptoolsDeprecationWarning: setup.py install is deprecated. Use build and pip and other standards-based tools.
[1.261s]   warnings.warn(
[1.387s] running egg_info
[1.387s] writing examples_rclpy_minimal_publisher.egg-info/PKG-INFO
[1.387s] writing dependency_links to examples_rclpy_minimal_publisher.egg-info/dependency_links.txt
[1.387s] writing entry points to examples_rclpy_minimal_publisher.egg-info/entry_points.txt
[1.388s] writing requirements to examples_rclpy_minimal_publisher.egg-info/requires.txt
[1.388s] writing top-level names to examples_rclpy_minimal_publisher.egg-info/top_level.txt
[1.392s] reading manifest file 'examples_rclpy_minimal_publisher.egg-info/SOURCES.txt'
[1.393s] writing manifest file 'examples_rclpy_minimal_publisher.egg-info/SOURCES.txt'
[1.394s] running build_ext
[1.394s] Creating /home/clem/ros2_ws/install/examples_rclpy_minimal_publisher/lib/python3.10/site-packages/examples-rclpy-minimal-publisher.egg-link (link to .)
[1.395s] Installing publisher_local_function script to /home/clem/ros2_ws/install/examples_rclpy_minimal_publisher/lib/examples_rclpy_minimal_publisher
[1.395s] Installing publisher_member_function script to /home/clem/ros2_ws/install/examples_rclpy_minimal_publisher/lib/examples_rclpy_minimal_publisher
[1.395s] Installing publisher_old_school script to /home/clem/ros2_ws/install/examples_rclpy_minimal_publisher/lib/examples_rclpy_minimal_publisher
[1.396s] 
[1.396s] Installed /home/clem/ros2_ws/build/examples_rclpy_minimal_publisher
[1.396s] running install_data
[1.422s] Invoked command in '/home/clem/ros2_ws/build/examples_rclpy_minimal_publisher' returned '0': PYTHONPATH=/home/clem/ros2_ws/build/examples_rclpy_minimal_publisher/prefix_override:/home/clem/ros2_ws/install/examples_rclpy_minimal_publisher/lib/python3.10/site-packages:${PYTHONPATH} /usr/bin/python3 setup.py develop --editable --build-directory /home/clem/ros2_ws/build/examples_rclpy_minimal_publisher/build --no-deps install_data
