[0.578s] Invoking command in '/home/clem/ros2_ws/build/examples_rclpy_pointcloud_publisher': PYTHONPATH=/home/clem/ros2_ws/build/examples_rclpy_pointcloud_publisher/prefix_override:/home/clem/ros2_ws/install/examples_rclpy_pointcloud_publisher/lib/python3.10/site-packages:${PYTHONPATH} /usr/bin/python3 setup.py develop --editable --build-directory /home/clem/ros2_ws/build/examples_rclpy_pointcloud_publisher/build --no-deps install_data
[0.763s] running develop
[0.763s] /usr/lib/python3/dist-packages/setuptools/command/easy_install.py:158: EasyInstallDeprecationWarning: easy_install command is deprecated. Use build and pip and other standards-based tools.
[0.763s]   warnings.warn(
[0.764s] /usr/lib/python3/dist-packages/setuptools/command/install.py:34: SetuptoolsDeprecationWarning: setup.py install is deprecated. Use build and pip and other standards-based tools.
[0.764s]   warnings.warn(
[0.864s] running egg_info
[0.864s] creating examples_rclpy_pointcloud_publisher.egg-info
[0.864s] writing examples_rclpy_pointcloud_publisher.egg-info/PKG-INFO
[0.864s] writing dependency_links to examples_rclpy_pointcloud_publisher.egg-info/dependency_links.txt
[0.864s] writing entry points to examples_rclpy_pointcloud_publisher.egg-info/entry_points.txt
[0.864s] writing requirements to examples_rclpy_pointcloud_publisher.egg-info/requires.txt
[0.864s] writing top-level names to examples_rclpy_pointcloud_publisher.egg-info/top_level.txt
[0.865s] writing manifest file 'examples_rclpy_pointcloud_publisher.egg-info/SOURCES.txt'
[0.876s] reading manifest file 'examples_rclpy_pointcloud_publisher.egg-info/SOURCES.txt'
[0.876s] writing manifest file 'examples_rclpy_pointcloud_publisher.egg-info/SOURCES.txt'
[0.877s] running build_ext
[0.877s] Creating /home/clem/ros2_ws/install/examples_rclpy_pointcloud_publisher/lib/python3.10/site-packages/examples-rclpy-pointcloud-publisher.egg-link (link to .)
[0.878s] Installing pointcloud_publisher script to /home/clem/ros2_ws/install/examples_rclpy_pointcloud_publisher/lib/examples_rclpy_pointcloud_publisher
[0.878s] 
[0.878s] Installed /home/clem/ros2_ws/build/examples_rclpy_pointcloud_publisher
[0.878s] running install_data
[0.878s] creating /home/clem/ros2_ws/install/examples_rclpy_pointcloud_publisher/share/ament_index
[0.878s] creating /home/clem/ros2_ws/install/examples_rclpy_pointcloud_publisher/share/ament_index/resource_index
[0.878s] creating /home/clem/ros2_ws/install/examples_rclpy_pointcloud_publisher/share/ament_index/resource_index/packages
[0.879s] copying resource/examples_rclpy_pointcloud_publisher -> /home/clem/ros2_ws/install/examples_rclpy_pointcloud_publisher/share/ament_index/resource_index/packages
[0.879s] copying package.xml -> /home/clem/ros2_ws/install/examples_rclpy_pointcloud_publisher/share/examples_rclpy_pointcloud_publisher
[0.900s] Invoked command in '/home/clem/ros2_ws/build/examples_rclpy_pointcloud_publisher' returned '0': PYTHONPATH=/home/clem/ros2_ws/build/examples_rclpy_pointcloud_publisher/prefix_override:/home/clem/ros2_ws/install/examples_rclpy_pointcloud_publisher/lib/python3.10/site-packages:${PYTHONPATH} /usr/bin/python3 setup.py develop --editable --build-directory /home/clem/ros2_ws/build/examples_rclpy_pointcloud_publisher/build --no-deps install_data
