[0.188s] Invoking command in '/home/clem/ros2_ws/build/examples_rclcpp_wait_set': CMAKE_PREFIX_PATH=/opt/ros/humble /usr/bin/cmake /home/clem/ros2_ws/src/examples/rclcpp/wait_set -DAMENT_CMAKE_SYMLINK_INSTALL=1 -DCMAKE_INSTALL_PREFIX=/home/clem/ros2_ws/install/examples_rclcpp_wait_set
[3.691s] -- The C compiler identification is GNU 11.4.0
[3.691s] -- The CXX compiler identification is GNU 11.4.0
[3.691s] -- Detecting C compiler ABI info
[3.692s] -- Detecting C compiler ABI info - done
[3.692s] -- Check for working C compiler: /usr/bin/cc - skipped
[3.692s] -- Detecting C compile features
[3.692s] -- Detecting C compile features - done
[3.692s] -- Detecting CXX compiler ABI info
[3.692s] -- Detecting CXX compiler ABI info - done
[3.692s] -- Check for working CXX compiler: /usr/bin/c++ - skipped
[3.692s] -- Detecting CXX compile features
[3.692s] -- Detecting CXX compile features - done
[3.693s] -- Found ament_cmake: 1.3.5 (/opt/ros/humble/share/ament_cmake/cmake)
[3.693s] -- Found Python3: /usr/bin/python3.10 (found version "3.10.12") found components: Interpreter 
[3.693s] -- Override CMake install command with custom implementation using symlinks instead of copying resources
[3.694s] -- Found example_interfaces: 0.9.3 (/opt/ros/humble/share/example_interfaces/cmake)
[3.694s] -- Found rosidl_generator_c: 3.1.5 (/opt/ros/humble/share/rosidl_generator_c/cmake)
[3.694s] -- Found rosidl_adapter: 3.1.5 (/opt/ros/humble/share/rosidl_adapter/cmake)
[3.694s] -- Found rosidl_generator_cpp: 3.1.5 (/opt/ros/humble/share/rosidl_generator_cpp/cmake)
[3.694s] -- Using all available rosidl_typesupport_c: rosidl_typesupport_fastrtps_c;rosidl_typesupport_introspection_c
[3.694s] -- Using all available rosidl_typesupport_cpp: rosidl_typesupport_fastrtps_cpp;rosidl_typesupport_introspection_cpp
[3.694s] -- Found rclcpp: 16.0.6 (/opt/ros/humble/share/rclcpp/cmake)
[3.695s] -- Found rmw_implementation_cmake: 6.1.1 (/opt/ros/humble/share/rmw_implementation_cmake/cmake)
[3.695s] -- Found rmw_fastrtps_cpp: 6.2.4 (/opt/ros/humble/share/rmw_fastrtps_cpp/cmake)
[3.880s] -- Found OpenSSL: /usr/lib/x86_64-linux-gnu/libcrypto.so (found version "3.0.2")  
[3.960s] -- Found FastRTPS: /opt/ros/humble/include  
[4.078s] -- Using RMW implementation 'rmw_fastrtps_cpp' as default
[4.154s] -- Looking for pthread.h
[4.845s] -- Looking for pthread.h - found
[4.849s] -- Performing Test CMAKE_HAVE_LIBC_PTHREAD
[5.644s] -- Performing Test CMAKE_HAVE_LIBC_PTHREAD - Success
[5.653s] -- Found Threads: TRUE  
[7.233s] -- Found rclcpp_components: 16.0.6 (/opt/ros/humble/share/rclcpp_components/cmake)
[7.830s] -- Found ament_lint_auto: 0.12.8 (/opt/ros/humble/share/ament_lint_auto/cmake)
[8.322s] -- Added test 'copyright' to check source files copyright and LICENSE
[8.325s] -- Added test 'cppcheck' to perform static code analysis on C / C++ code
[8.326s] -- Configured cppcheck include dirs: /home/clem/ros2_ws/src/examples/rclcpp/wait_set/include
[8.327s] -- Configured cppcheck exclude dirs and/or files: 
[8.338s] -- Added test 'cpplint' to check C / C++ code against the Google style
[8.341s] -- Configured cpplint exclude dirs and/or files: 
[8.343s] -- Added test 'lint_cmake' to check CMake code style
[8.345s] -- Added test 'uncrustify' to check C / C++ code style
[8.345s] -- Configured uncrustify additional arguments: 
[8.346s] -- Added test 'xmllint' to check XML markup files
[8.365s] -- Configuring done
[8.536s] -- Generating done
[8.545s] -- Build files have been written to: /home/clem/ros2_ws/build/examples_rclcpp_wait_set
[11.839s] Invoked command in '/home/clem/ros2_ws/build/examples_rclcpp_wait_set' returned '0': CMAKE_PREFIX_PATH=/opt/ros/humble /usr/bin/cmake /home/clem/ros2_ws/src/examples/rclcpp/wait_set -DAMENT_CMAKE_SYMLINK_INSTALL=1 -DCMAKE_INSTALL_PREFIX=/home/clem/ros2_ws/install/examples_rclcpp_wait_set
[11.842s] Invoking command in '/home/clem/ros2_ws/build/examples_rclcpp_wait_set': CMAKE_PREFIX_PATH=/opt/ros/humble /usr/bin/cmake --build /home/clem/ros2_ws/build/examples_rclcpp_wait_set -- -j16 -l16
