[0.025s] Invoking command in '/home/clem/ros2_ws/build/interface_acquisition': CMAKE_PREFIX_PATH=/opt/ros/humble /usr/bin/cmake --build /home/clem/ros2_ws/build/interface_acquisition -- -j16 -l16
[0.056s] -- Found ament_cmake: 1.3.5 (/opt/ros/humble/share/ament_cmake/cmake)
[0.153s] -- Found ament_lint_auto: 0.12.8 (/opt/ros/humble/share/ament_lint_auto/cmake)
[0.192s] -- Found rosidl_default_generators: 1.2.0 (/opt/ros/humble/share/rosidl_default_generators/cmake)
[0.193s] -- Using all available rosidl_typesupport_c: rosidl_typesupport_fastrtps_c;rosidl_typesupport_introspection_c
[0.194s] -- Found rosidl_adapter: 3.1.5 (/opt/ros/humble/share/rosidl_adapter/cmake)
[0.211s] -- Using all available rosidl_typesupport_cpp: rosidl_typesupport_fastrtps_cpp;rosidl_typesupport_introspection_cpp
[0.336s] -- Found ament_cmake_ros: 0.10.0 (/opt/ros/humble/share/ament_cmake_ros/cmake)
[0.444s] -- Using all available rosidl_typesupport_c: rosidl_typesupport_fastrtps_c;rosidl_typesupport_introspection_c
[0.588s] -- Using all available rosidl_typesupport_cpp: rosidl_typesupport_fastrtps_cpp;rosidl_typesupport_introspection_cpp
[0.600s] -- Found python_cmake_module: 0.10.0 (/opt/ros/humble/share/python_cmake_module/cmake)
[0.613s] -- Using PYTHON_EXECUTABLE: /usr/bin/python3
[0.614s] -- Using PYTHON_INCLUDE_DIRS: /usr/include/python3.10
[0.614s] -- Using PYTHON_LIBRARIES: /usr/lib/x86_64-linux-gnu/libpython3.10.so
[0.623s] -- Added test 'cppcheck' to perform static code analysis on C / C++ code
[0.623s] -- Configured cppcheck include dirs: 
[0.623s] -- Configured cppcheck exclude dirs and/or files: 
[0.624s] -- Added test 'flake8' to check Python code syntax and style conventions
[0.624s] -- Added test 'lint_cmake' to check CMake code style
[0.625s] -- Added test 'pep257' to check Python code against some of the docstring style conventions in PEP 257
[0.627s] -- Added test 'uncrustify' to check C / C++ code style
[0.627s] -- Configured uncrustify additional arguments: 
[0.628s] -- Added test 'xmllint' to check XML markup files
[0.629s] -- Configuring done
[0.645s] -- Generating done
[0.646s] -- Build files have been written to: /home/clem/ros2_ws/build/interface_acquisition
[0.661s] [  2%] [34m[1mGenerating C code for ROS interfaces[0m
[0.667s] [  5%] [34m[1mGenerating C++ code for ROS interfaces[0m
[0.673s] [  5%] Built target ament_cmake_python_copy_interface_acquisition
[0.861s] running egg_info
[0.862s] writing interface_acquisition.egg-info/PKG-INFO
[0.862s] writing dependency_links to interface_acquisition.egg-info/dependency_links.txt
[0.862s] writing top-level names to interface_acquisition.egg-info/top_level.txt
[0.864s] reading manifest file 'interface_acquisition.egg-info/SOURCES.txt'
[0.865s] writing manifest file 'interface_acquisition.egg-info/SOURCES.txt'
[0.868s] [35m[1mConsolidate compiler generated dependencies of target interface_acquisition__rosidl_generator_c[0m
[0.873s] [  5%] Built target interface_acquisition__cpp
[0.876s] [  7%] [32mBuilding C object CMakeFiles/interface_acquisition__rosidl_generator_c.dir/rosidl_generator_c/interface_acquisition/msg/detail/num__functions.c.o[0m
[0.880s] [ 10%] [34m[1mGenerating C++ type support dispatch for ROS interfaces[0m
[0.881s] [ 15%] [34m[1mGenerating C++ introspection for ROS interfaces[0m
[0.881s] [ 15%] [34m[1mGenerating C++ type support for eProsima Fast-RTPS[0m
[0.884s] [ 15%] Built target ament_cmake_python_build_interface_acquisition_egg
[0.885s] [ 17%] [32mBuilding C object CMakeFiles/interface_acquisition__rosidl_generator_c.dir/rosidl_generator_c/interface_acquisition/srv/detail/creation_fichier_ply__functions.c.o[0m
[0.923s] [ 20%] [32m[1mLinking C shared library libinterface_acquisition__rosidl_generator_c.so[0m
[0.948s] [ 20%] Built target interface_acquisition__rosidl_generator_c
[0.954s] [ 23%] [34m[1mGenerating C type support for eProsima Fast-RTPS[0m
[0.957s] [ 25%] [34m[1mGenerating C introspection for ROS interfaces[0m
[0.957s] [ 28%] [34m[1mGenerating C type support dispatch for ROS interfaces[0m
[1.061s] [35m[1mConsolidate compiler generated dependencies of target interface_acquisition__rosidl_typesupport_cpp[0m
[1.072s] [ 30%] [32mBuilding CXX object CMakeFiles/interface_acquisition__rosidl_typesupport_cpp.dir/rosidl_typesupport_cpp/interface_acquisition/msg/num__type_support.cpp.o[0m
[1.074s] [ 33%] [32mBuilding CXX object CMakeFiles/interface_acquisition__rosidl_typesupport_cpp.dir/rosidl_typesupport_cpp/interface_acquisition/srv/creation_fichier_ply__type_support.cpp.o[0m
[1.082s] [35m[1mConsolidate compiler generated dependencies of target interface_acquisition__rosidl_typesupport_introspection_cpp[0m
[1.096s] [ 35%] [32mBuilding CXX object CMakeFiles/interface_acquisition__rosidl_typesupport_introspection_cpp.dir/rosidl_typesupport_introspection_cpp/interface_acquisition/msg/detail/num__type_support.cpp.o[0m
[1.097s] [ 38%] [32mBuilding CXX object CMakeFiles/interface_acquisition__rosidl_typesupport_introspection_cpp.dir/rosidl_typesupport_introspection_cpp/interface_acquisition/srv/detail/creation_fichier_ply__type_support.cpp.o[0m
[1.161s] [35m[1mConsolidate compiler generated dependencies of target interface_acquisition__rosidl_typesupport_fastrtps_c[0m
[1.173s] [ 41%] [32mBuilding CXX object CMakeFiles/interface_acquisition__rosidl_typesupport_fastrtps_c.dir/rosidl_typesupport_fastrtps_c/interface_acquisition/msg/detail/num__type_support_c.cpp.o[0m
[1.173s] [35m[1mConsolidate compiler generated dependencies of target interface_acquisition__rosidl_typesupport_c[0m
[1.174s] [ 43%] [32mBuilding CXX object CMakeFiles/interface_acquisition__rosidl_typesupport_fastrtps_c.dir/rosidl_typesupport_fastrtps_c/interface_acquisition/srv/detail/creation_fichier_ply__type_support_c.cpp.o[0m
[1.180s] [ 46%] [32mBuilding CXX object CMakeFiles/interface_acquisition__rosidl_typesupport_c.dir/rosidl_typesupport_c/interface_acquisition/msg/num__type_support.cpp.o[0m
[1.183s] [ 48%] [32mBuilding CXX object CMakeFiles/interface_acquisition__rosidl_typesupport_c.dir/rosidl_typesupport_c/interface_acquisition/srv/creation_fichier_ply__type_support.cpp.o[0m
[1.217s] [ 51%] [32m[1mLinking CXX shared library libinterface_acquisition__rosidl_typesupport_c.so[0m
[1.260s] [ 51%] Built target interface_acquisition__rosidl_typesupport_c
[1.260s] [35m[1mConsolidate compiler generated dependencies of target interface_acquisition__rosidl_typesupport_fastrtps_cpp[0m
[1.274s] [35m[1mConsolidate compiler generated dependencies of target interface_acquisition__rosidl_typesupport_introspection_c[0m
[1.274s] [ 53%] [32mBuilding CXX object CMakeFiles/interface_acquisition__rosidl_typesupport_fastrtps_cpp.dir/rosidl_typesupport_fastrtps_cpp/interface_acquisition/msg/detail/dds_fastrtps/num__type_support.cpp.o[0m
[1.275s] [ 56%] [32mBuilding CXX object CMakeFiles/interface_acquisition__rosidl_typesupport_fastrtps_cpp.dir/rosidl_typesupport_fastrtps_cpp/interface_acquisition/srv/detail/dds_fastrtps/creation_fichier_ply__type_support.cpp.o[0m
[1.279s] [ 58%] [32m[1mLinking CXX shared library libinterface_acquisition__rosidl_typesupport_cpp.so[0m
[1.285s] [ 64%] [32mBuilding C object CMakeFiles/interface_acquisition__rosidl_typesupport_introspection_c.dir/rosidl_typesupport_introspection_c/interface_acquisition/srv/detail/creation_fichier_ply__type_support.c.o[0m
[1.286s] [ 64%] [32mBuilding C object CMakeFiles/interface_acquisition__rosidl_typesupport_introspection_c.dir/rosidl_typesupport_introspection_c/interface_acquisition/msg/detail/num__type_support.c.o[0m
[1.309s] [ 64%] Built target interface_acquisition__rosidl_typesupport_cpp
[1.324s] [ 66%] [32m[1mLinking C shared library libinterface_acquisition__rosidl_typesupport_introspection_c.so[0m
[1.349s] [ 66%] Built target interface_acquisition__rosidl_typesupport_introspection_c
[1.470s] [ 69%] [32m[1mLinking CXX shared library libinterface_acquisition__rosidl_typesupport_introspection_cpp.so[0m
[1.516s] [ 69%] Built target interface_acquisition__rosidl_typesupport_introspection_cpp
[1.531s] [ 71%] [32m[1mLinking CXX shared library libinterface_acquisition__rosidl_typesupport_fastrtps_c.so[0m
[1.592s] [ 71%] Built target interface_acquisition__rosidl_typesupport_fastrtps_c
[1.603s] [ 74%] [32m[1mLinking CXX shared library libinterface_acquisition__rosidl_typesupport_fastrtps_cpp.so[0m
[1.646s] [ 74%] Built target interface_acquisition__rosidl_typesupport_fastrtps_cpp
[1.656s] [ 74%] Built target interface_acquisition
[1.668s] [ 76%] [34m[1mGenerating Python code for ROS interfaces[0m
[1.938s] [ 76%] Built target interface_acquisition__py
[1.944s] [35m[1mConsolidate compiler generated dependencies of target interface_acquisition__rosidl_generator_py[0m
[1.952s] [ 79%] [32mBuilding C object CMakeFiles/interface_acquisition__rosidl_generator_py.dir/rosidl_generator_py/interface_acquisition/msg/_num_s.c.o[0m
[1.952s] [ 82%] [32mBuilding C object CMakeFiles/interface_acquisition__rosidl_generator_py.dir/rosidl_generator_py/interface_acquisition/srv/_creation_fichier_ply_s.c.o[0m
[2.012s] [ 84%] [32m[1mLinking C shared library rosidl_generator_py/interface_acquisition/libinterface_acquisition__rosidl_generator_py.so[0m
[2.034s] [ 84%] Built target interface_acquisition__rosidl_generator_py
[2.040s] [35m[1mConsolidate compiler generated dependencies of target interface_acquisition__rosidl_typesupport_fastrtps_c__pyext[0m
[2.040s] [35m[1mConsolidate compiler generated dependencies of target interface_acquisition__rosidl_typesupport_introspection_c__pyext[0m
[2.040s] [35m[1mConsolidate compiler generated dependencies of target interface_acquisition__rosidl_typesupport_c__pyext[0m
[2.049s] [ 92%] [32mBuilding C object CMakeFiles/interface_acquisition__rosidl_typesupport_introspection_c__pyext.dir/rosidl_generator_py/interface_acquisition/_interface_acquisition_s.ep.rosidl_typesupport_introspection_c.c.o[0m
[2.049s] [ 92%] [32mBuilding C object CMakeFiles/interface_acquisition__rosidl_typesupport_c__pyext.dir/rosidl_generator_py/interface_acquisition/_interface_acquisition_s.ep.rosidl_typesupport_c.c.o[0m
[2.049s] [ 92%] [32mBuilding C object CMakeFiles/interface_acquisition__rosidl_typesupport_fastrtps_c__pyext.dir/rosidl_generator_py/interface_acquisition/_interface_acquisition_s.ep.rosidl_typesupport_fastrtps_c.c.o[0m
[2.114s] [ 97%] [32m[1mLinking C shared library rosidl_generator_py/interface_acquisition/interface_acquisition_s__rosidl_typesupport_introspection_c.cpython-310-x86_64-linux-gnu.so[0m
[2.114s] [ 97%] [32m[1mLinking C shared library rosidl_generator_py/interface_acquisition/interface_acquisition_s__rosidl_typesupport_c.cpython-310-x86_64-linux-gnu.so[0m
[2.115s] [100%] [32m[1mLinking C shared library rosidl_generator_py/interface_acquisition/interface_acquisition_s__rosidl_typesupport_fastrtps_c.cpython-310-x86_64-linux-gnu.so[0m
[2.135s] [100%] Built target interface_acquisition__rosidl_typesupport_introspection_c__pyext
[2.135s] [100%] Built target interface_acquisition__rosidl_typesupport_c__pyext
[2.142s] [100%] Built target interface_acquisition__rosidl_typesupport_fastrtps_c__pyext
[2.151s] Invoked command in '/home/clem/ros2_ws/build/interface_acquisition' returned '0': CMAKE_PREFIX_PATH=/opt/ros/humble /usr/bin/cmake --build /home/clem/ros2_ws/build/interface_acquisition -- -j16 -l16
[2.217s] Invoking command in '/home/clem/ros2_ws/build/interface_acquisition': CMAKE_PREFIX_PATH=/opt/ros/humble /usr/bin/cmake --install /home/clem/ros2_ws/build/interface_acquisition
[2.221s] -- Install configuration: ""
[2.221s] -- Up-to-date: /home/clem/ros2_ws/install/interface_acquisition/share/ament_index/resource_index/rosidl_interfaces/interface_acquisition
[2.221s] -- Up-to-date: /home/clem/ros2_ws/install/interface_acquisition/include/interface_acquisition/interface_acquisition
[2.221s] -- Up-to-date: /home/clem/ros2_ws/install/interface_acquisition/include/interface_acquisition/interface_acquisition/srv
[2.221s] -- Installing: /home/clem/ros2_ws/install/interface_acquisition/include/interface_acquisition/interface_acquisition/srv/creation_fichier_ply.h
[2.221s] -- Up-to-date: /home/clem/ros2_ws/install/interface_acquisition/include/interface_acquisition/interface_acquisition/srv/detail
[2.221s] -- Installing: /home/clem/ros2_ws/install/interface_acquisition/include/interface_acquisition/interface_acquisition/srv/detail/creation_fichier_ply__struct.h
[2.221s] -- Installing: /home/clem/ros2_ws/install/interface_acquisition/include/interface_acquisition/interface_acquisition/srv/detail/creation_fichier_ply__type_support.h
[2.221s] -- Installing: /home/clem/ros2_ws/install/interface_acquisition/include/interface_acquisition/interface_acquisition/srv/detail/creation_fichier_ply__functions.c
[2.221s] -- Installing: /home/clem/ros2_ws/install/interface_acquisition/include/interface_acquisition/interface_acquisition/srv/detail/creation_fichier_ply__functions.h
[2.221s] -- Up-to-date: /home/clem/ros2_ws/install/interface_acquisition/include/interface_acquisition/interface_acquisition/msg
[2.221s] -- Up-to-date: /home/clem/ros2_ws/install/interface_acquisition/include/interface_acquisition/interface_acquisition/msg/rosidl_generator_c__visibility_control.h
[2.221s] -- Up-to-date: /home/clem/ros2_ws/install/interface_acquisition/include/interface_acquisition/interface_acquisition/msg/detail
[2.221s] -- Installing: /home/clem/ros2_ws/install/interface_acquisition/include/interface_acquisition/interface_acquisition/msg/detail/num__struct.h
[2.222s] -- Installing: /home/clem/ros2_ws/install/interface_acquisition/include/interface_acquisition/interface_acquisition/msg/detail/num__type_support.h
[2.222s] -- Installing: /home/clem/ros2_ws/install/interface_acquisition/include/interface_acquisition/interface_acquisition/msg/detail/num__functions.c
[2.222s] -- Installing: /home/clem/ros2_ws/install/interface_acquisition/include/interface_acquisition/interface_acquisition/msg/detail/num__functions.h
[2.222s] -- Installing: /home/clem/ros2_ws/install/interface_acquisition/include/interface_acquisition/interface_acquisition/msg/num.h
[2.222s] -- Up-to-date: /home/clem/ros2_ws/install/interface_acquisition/share/interface_acquisition/environment/library_path.sh
[2.222s] -- Installing: /home/clem/ros2_ws/install/interface_acquisition/share/interface_acquisition/environment/library_path.dsv
[2.222s] -- Installing: /home/clem/ros2_ws/install/interface_acquisition/lib/libinterface_acquisition__rosidl_generator_c.so
[2.222s] -- Set runtime path of "/home/clem/ros2_ws/install/interface_acquisition/lib/libinterface_acquisition__rosidl_generator_c.so" to ""
[2.222s] -- Up-to-date: /home/clem/ros2_ws/install/interface_acquisition/include/interface_acquisition/interface_acquisition
[2.222s] -- Up-to-date: /home/clem/ros2_ws/install/interface_acquisition/include/interface_acquisition/interface_acquisition/srv
[2.222s] -- Up-to-date: /home/clem/ros2_ws/install/interface_acquisition/include/interface_acquisition/interface_acquisition/srv/detail
[2.222s] -- Installing: /home/clem/ros2_ws/install/interface_acquisition/include/interface_acquisition/interface_acquisition/srv/detail/creation_fichier_ply__rosidl_typesupport_fastrtps_c.h
[2.222s] -- Up-to-date: /home/clem/ros2_ws/install/interface_acquisition/include/interface_acquisition/interface_acquisition/msg
[2.222s] -- Up-to-date: /home/clem/ros2_ws/install/interface_acquisition/include/interface_acquisition/interface_acquisition/msg/rosidl_typesupport_fastrtps_c__visibility_control.h
[2.222s] -- Up-to-date: /home/clem/ros2_ws/install/interface_acquisition/include/interface_acquisition/interface_acquisition/msg/detail
[2.222s] -- Installing: /home/clem/ros2_ws/install/interface_acquisition/include/interface_acquisition/interface_acquisition/msg/detail/num__rosidl_typesupport_fastrtps_c.h
[2.222s] -- Installing: /home/clem/ros2_ws/install/interface_acquisition/lib/libinterface_acquisition__rosidl_typesupport_fastrtps_c.so
[2.222s] -- Set runtime path of "/home/clem/ros2_ws/install/interface_acquisition/lib/libinterface_acquisition__rosidl_typesupport_fastrtps_c.so" to ""
[2.222s] -- Up-to-date: /home/clem/ros2_ws/install/interface_acquisition/include/interface_acquisition/interface_acquisition
[2.222s] -- Up-to-date: /home/clem/ros2_ws/install/interface_acquisition/include/interface_acquisition/interface_acquisition/srv
[2.222s] -- Up-to-date: /home/clem/ros2_ws/install/interface_acquisition/include/interface_acquisition/interface_acquisition/srv/detail
[2.222s] -- Installing: /home/clem/ros2_ws/install/interface_acquisition/include/interface_acquisition/interface_acquisition/srv/detail/creation_fichier_ply__rosidl_typesupport_introspection_c.h
[2.222s] -- Installing: /home/clem/ros2_ws/install/interface_acquisition/include/interface_acquisition/interface_acquisition/srv/detail/creation_fichier_ply__type_support.c
[2.222s] -- Up-to-date: /home/clem/ros2_ws/install/interface_acquisition/include/interface_acquisition/interface_acquisition/msg
[2.223s] -- Up-to-date: /home/clem/ros2_ws/install/interface_acquisition/include/interface_acquisition/interface_acquisition/msg/detail
[2.223s] -- Installing: /home/clem/ros2_ws/install/interface_acquisition/include/interface_acquisition/interface_acquisition/msg/detail/num__rosidl_typesupport_introspection_c.h
[2.223s] -- Installing: /home/clem/ros2_ws/install/interface_acquisition/include/interface_acquisition/interface_acquisition/msg/detail/num__type_support.c
[2.223s] -- Up-to-date: /home/clem/ros2_ws/install/interface_acquisition/include/interface_acquisition/interface_acquisition/msg/rosidl_typesupport_introspection_c__visibility_control.h
[2.223s] -- Installing: /home/clem/ros2_ws/install/interface_acquisition/lib/libinterface_acquisition__rosidl_typesupport_introspection_c.so
[2.223s] -- Set runtime path of "/home/clem/ros2_ws/install/interface_acquisition/lib/libinterface_acquisition__rosidl_typesupport_introspection_c.so" to ""
[2.223s] -- Installing: /home/clem/ros2_ws/install/interface_acquisition/lib/libinterface_acquisition__rosidl_typesupport_c.so
[2.223s] -- Set runtime path of "/home/clem/ros2_ws/install/interface_acquisition/lib/libinterface_acquisition__rosidl_typesupport_c.so" to ""
[2.223s] -- Up-to-date: /home/clem/ros2_ws/install/interface_acquisition/include/interface_acquisition/interface_acquisition
[2.223s] -- Up-to-date: /home/clem/ros2_ws/install/interface_acquisition/include/interface_acquisition/interface_acquisition/srv
[2.223s] -- Up-to-date: /home/clem/ros2_ws/install/interface_acquisition/include/interface_acquisition/interface_acquisition/srv/detail
[2.223s] -- Installing: /home/clem/ros2_ws/install/interface_acquisition/include/interface_acquisition/interface_acquisition/srv/detail/creation_fichier_ply__struct.hpp
[2.223s] -- Installing: /home/clem/ros2_ws/install/interface_acquisition/include/interface_acquisition/interface_acquisition/srv/detail/creation_fichier_ply__builder.hpp
[2.223s] -- Installing: /home/clem/ros2_ws/install/interface_acquisition/include/interface_acquisition/interface_acquisition/srv/detail/creation_fichier_ply__traits.hpp
[2.223s] -- Installing: /home/clem/ros2_ws/install/interface_acquisition/include/interface_acquisition/interface_acquisition/srv/creation_fichier_ply.hpp
[2.223s] -- Up-to-date: /home/clem/ros2_ws/install/interface_acquisition/include/interface_acquisition/interface_acquisition/msg
[2.223s] -- Up-to-date: /home/clem/ros2_ws/install/interface_acquisition/include/interface_acquisition/interface_acquisition/msg/detail
[2.223s] -- Installing: /home/clem/ros2_ws/install/interface_acquisition/include/interface_acquisition/interface_acquisition/msg/detail/num__traits.hpp
[2.223s] -- Installing: /home/clem/ros2_ws/install/interface_acquisition/include/interface_acquisition/interface_acquisition/msg/detail/num__struct.hpp
[2.223s] -- Installing: /home/clem/ros2_ws/install/interface_acquisition/include/interface_acquisition/interface_acquisition/msg/detail/num__builder.hpp
[2.223s] -- Installing: /home/clem/ros2_ws/install/interface_acquisition/include/interface_acquisition/interface_acquisition/msg/num.hpp
[2.223s] -- Up-to-date: /home/clem/ros2_ws/install/interface_acquisition/include/interface_acquisition/interface_acquisition
[2.223s] -- Up-to-date: /home/clem/ros2_ws/install/interface_acquisition/include/interface_acquisition/interface_acquisition/srv
[2.223s] -- Up-to-date: /home/clem/ros2_ws/install/interface_acquisition/include/interface_acquisition/interface_acquisition/srv/detail
[2.223s] -- Up-to-date: /home/clem/ros2_ws/install/interface_acquisition/include/interface_acquisition/interface_acquisition/srv/detail/dds_fastrtps
[2.224s] -- Installing: /home/clem/ros2_ws/install/interface_acquisition/include/interface_acquisition/interface_acquisition/srv/detail/creation_fichier_ply__rosidl_typesupport_fastrtps_cpp.hpp
[2.224s] -- Up-to-date: /home/clem/ros2_ws/install/interface_acquisition/include/interface_acquisition/interface_acquisition/msg
[2.224s] -- Up-to-date: /home/clem/ros2_ws/install/interface_acquisition/include/interface_acquisition/interface_acquisition/msg/rosidl_typesupport_fastrtps_cpp__visibility_control.h
[2.224s] -- Up-to-date: /home/clem/ros2_ws/install/interface_acquisition/include/interface_acquisition/interface_acquisition/msg/detail
[2.224s] -- Up-to-date: /home/clem/ros2_ws/install/interface_acquisition/include/interface_acquisition/interface_acquisition/msg/detail/dds_fastrtps
[2.224s] -- Installing: /home/clem/ros2_ws/install/interface_acquisition/include/interface_acquisition/interface_acquisition/msg/detail/num__rosidl_typesupport_fastrtps_cpp.hpp
[2.224s] -- Installing: /home/clem/ros2_ws/install/interface_acquisition/lib/libinterface_acquisition__rosidl_typesupport_fastrtps_cpp.so
[2.224s] -- Set runtime path of "/home/clem/ros2_ws/install/interface_acquisition/lib/libinterface_acquisition__rosidl_typesupport_fastrtps_cpp.so" to ""
[2.224s] -- Up-to-date: /home/clem/ros2_ws/install/interface_acquisition/include/interface_acquisition/interface_acquisition
[2.224s] -- Up-to-date: /home/clem/ros2_ws/install/interface_acquisition/include/interface_acquisition/interface_acquisition/srv
[2.224s] -- Up-to-date: /home/clem/ros2_ws/install/interface_acquisition/include/interface_acquisition/interface_acquisition/srv/detail
[2.224s] -- Installing: /home/clem/ros2_ws/install/interface_acquisition/include/interface_acquisition/interface_acquisition/srv/detail/creation_fichier_ply__rosidl_typesupport_introspection_cpp.hpp
[2.224s] -- Installing: /home/clem/ros2_ws/install/interface_acquisition/include/interface_acquisition/interface_acquisition/srv/detail/creation_fichier_ply__type_support.cpp
[2.224s] -- Up-to-date: /home/clem/ros2_ws/install/interface_acquisition/include/interface_acquisition/interface_acquisition/msg
[2.224s] -- Up-to-date: /home/clem/ros2_ws/install/interface_acquisition/include/interface_acquisition/interface_acquisition/msg/detail
[2.224s] -- Installing: /home/clem/ros2_ws/install/interface_acquisition/include/interface_acquisition/interface_acquisition/msg/detail/num__rosidl_typesupport_introspection_cpp.hpp
[2.224s] -- Installing: /home/clem/ros2_ws/install/interface_acquisition/include/interface_acquisition/interface_acquisition/msg/detail/num__type_support.cpp
[2.224s] -- Installing: /home/clem/ros2_ws/install/interface_acquisition/lib/libinterface_acquisition__rosidl_typesupport_introspection_cpp.so
[2.224s] -- Set runtime path of "/home/clem/ros2_ws/install/interface_acquisition/lib/libinterface_acquisition__rosidl_typesupport_introspection_cpp.so" to ""
[2.224s] -- Installing: /home/clem/ros2_ws/install/interface_acquisition/lib/libinterface_acquisition__rosidl_typesupport_cpp.so
[2.224s] -- Set runtime path of "/home/clem/ros2_ws/install/interface_acquisition/lib/libinterface_acquisition__rosidl_typesupport_cpp.so" to ""
[2.224s] -- Up-to-date: /home/clem/ros2_ws/install/interface_acquisition/share/interface_acquisition/environment/pythonpath.sh
[2.224s] -- Installing: /home/clem/ros2_ws/install/interface_acquisition/share/interface_acquisition/environment/pythonpath.dsv
[2.224s] -- Up-to-date: /home/clem/ros2_ws/install/interface_acquisition/local/lib/python3.10/dist-packages/interface_acquisition-0.0.0-py3.10.egg-info
[2.224s] -- Installing: /home/clem/ros2_ws/install/interface_acquisition/local/lib/python3.10/dist-packages/interface_acquisition-0.0.0-py3.10.egg-info/PKG-INFO
[2.224s] -- Installing: /home/clem/ros2_ws/install/interface_acquisition/local/lib/python3.10/dist-packages/interface_acquisition-0.0.0-py3.10.egg-info/top_level.txt
[2.224s] -- Installing: /home/clem/ros2_ws/install/interface_acquisition/local/lib/python3.10/dist-packages/interface_acquisition-0.0.0-py3.10.egg-info/SOURCES.txt
[2.224s] -- Installing: /home/clem/ros2_ws/install/interface_acquisition/local/lib/python3.10/dist-packages/interface_acquisition-0.0.0-py3.10.egg-info/dependency_links.txt
[2.224s] -- Up-to-date: /home/clem/ros2_ws/install/interface_acquisition/local/lib/python3.10/dist-packages/interface_acquisition
[2.225s] -- Installing: /home/clem/ros2_ws/install/interface_acquisition/local/lib/python3.10/dist-packages/interface_acquisition/libinterface_acquisition__rosidl_generator_py.so
[2.225s] -- Installing: /home/clem/ros2_ws/install/interface_acquisition/local/lib/python3.10/dist-packages/interface_acquisition/interface_acquisition_s__rosidl_typesupport_introspection_c.cpython-310-x86_64-linux-gnu.so
[2.225s] -- Installing: /home/clem/ros2_ws/install/interface_acquisition/local/lib/python3.10/dist-packages/interface_acquisition/interface_acquisition_s__rosidl_typesupport_c.cpython-310-x86_64-linux-gnu.so
[2.225s] -- Installing: /home/clem/ros2_ws/install/interface_acquisition/local/lib/python3.10/dist-packages/interface_acquisition/interface_acquisition_s__rosidl_typesupport_fastrtps_c.cpython-310-x86_64-linux-gnu.so
[2.225s] -- Up-to-date: /home/clem/ros2_ws/install/interface_acquisition/local/lib/python3.10/dist-packages/interface_acquisition/srv
[2.225s] -- Installing: /home/clem/ros2_ws/install/interface_acquisition/local/lib/python3.10/dist-packages/interface_acquisition/srv/_creation_fichier_ply.py
[2.225s] -- Installing: /home/clem/ros2_ws/install/interface_acquisition/local/lib/python3.10/dist-packages/interface_acquisition/srv/__init__.py
[2.225s] -- Installing: /home/clem/ros2_ws/install/interface_acquisition/local/lib/python3.10/dist-packages/interface_acquisition/srv/_creation_fichier_ply_s.c
[2.225s] -- Up-to-date: /home/clem/ros2_ws/install/interface_acquisition/local/lib/python3.10/dist-packages/interface_acquisition/msg
[2.225s] -- Installing: /home/clem/ros2_ws/install/interface_acquisition/local/lib/python3.10/dist-packages/interface_acquisition/msg/_num_s.c
[2.225s] -- Installing: /home/clem/ros2_ws/install/interface_acquisition/local/lib/python3.10/dist-packages/interface_acquisition/msg/__init__.py
[2.225s] -- Installing: /home/clem/ros2_ws/install/interface_acquisition/local/lib/python3.10/dist-packages/interface_acquisition/msg/_num.py
[2.225s] -- Installing: /home/clem/ros2_ws/install/interface_acquisition/local/lib/python3.10/dist-packages/interface_acquisition/_interface_acquisition_s.ep.rosidl_typesupport_introspection_c.c
[2.225s] -- Installing: /home/clem/ros2_ws/install/interface_acquisition/local/lib/python3.10/dist-packages/interface_acquisition/__init__.py
[2.225s] -- Installing: /home/clem/ros2_ws/install/interface_acquisition/local/lib/python3.10/dist-packages/interface_acquisition/_interface_acquisition_s.ep.rosidl_typesupport_fastrtps_c.c
[2.225s] -- Installing: /home/clem/ros2_ws/install/interface_acquisition/local/lib/python3.10/dist-packages/interface_acquisition/_interface_acquisition_s.ep.rosidl_typesupport_c.c
[2.246s] Listing '/home/clem/ros2_ws/install/interface_acquisition/local/lib/python3.10/dist-packages/interface_acquisition'...
[2.246s] Compiling '/home/clem/ros2_ws/install/interface_acquisition/local/lib/python3.10/dist-packages/interface_acquisition/__init__.py'...
[2.247s] Listing '/home/clem/ros2_ws/install/interface_acquisition/local/lib/python3.10/dist-packages/interface_acquisition/msg'...
[2.247s] Compiling '/home/clem/ros2_ws/install/interface_acquisition/local/lib/python3.10/dist-packages/interface_acquisition/msg/__init__.py'...
[2.247s] Compiling '/home/clem/ros2_ws/install/interface_acquisition/local/lib/python3.10/dist-packages/interface_acquisition/msg/_num.py'...
[2.247s] Listing '/home/clem/ros2_ws/install/interface_acquisition/local/lib/python3.10/dist-packages/interface_acquisition/srv'...
[2.247s] Compiling '/home/clem/ros2_ws/install/interface_acquisition/local/lib/python3.10/dist-packages/interface_acquisition/srv/__init__.py'...
[2.247s] Compiling '/home/clem/ros2_ws/install/interface_acquisition/local/lib/python3.10/dist-packages/interface_acquisition/srv/_creation_fichier_ply.py'...
[2.250s] -- Installing: /home/clem/ros2_ws/install/interface_acquisition/local/lib/python3.10/dist-packages/interface_acquisition/interface_acquisition_s__rosidl_typesupport_fastrtps_c.cpython-310-x86_64-linux-gnu.so
[2.250s] -- Set runtime path of "/home/clem/ros2_ws/install/interface_acquisition/local/lib/python3.10/dist-packages/interface_acquisition/interface_acquisition_s__rosidl_typesupport_fastrtps_c.cpython-310-x86_64-linux-gnu.so" to ""
[2.250s] -- Installing: /home/clem/ros2_ws/install/interface_acquisition/local/lib/python3.10/dist-packages/interface_acquisition/interface_acquisition_s__rosidl_typesupport_introspection_c.cpython-310-x86_64-linux-gnu.so
[2.250s] -- Set runtime path of "/home/clem/ros2_ws/install/interface_acquisition/local/lib/python3.10/dist-packages/interface_acquisition/interface_acquisition_s__rosidl_typesupport_introspection_c.cpython-310-x86_64-linux-gnu.so" to ""
[2.250s] -- Installing: /home/clem/ros2_ws/install/interface_acquisition/local/lib/python3.10/dist-packages/interface_acquisition/interface_acquisition_s__rosidl_typesupport_c.cpython-310-x86_64-linux-gnu.so
[2.250s] -- Set runtime path of "/home/clem/ros2_ws/install/interface_acquisition/local/lib/python3.10/dist-packages/interface_acquisition/interface_acquisition_s__rosidl_typesupport_c.cpython-310-x86_64-linux-gnu.so" to ""
[2.250s] -- Installing: /home/clem/ros2_ws/install/interface_acquisition/lib/libinterface_acquisition__rosidl_generator_py.so
[2.250s] -- Set runtime path of "/home/clem/ros2_ws/install/interface_acquisition/lib/libinterface_acquisition__rosidl_generator_py.so" to ""
[2.250s] -- Up-to-date: /home/clem/ros2_ws/install/interface_acquisition/share/interface_acquisition/msg/Num.idl
[2.250s] -- Installing: /home/clem/ros2_ws/install/interface_acquisition/share/interface_acquisition/srv/CreationFichierPly.idl
[2.250s] -- Installing: /home/clem/ros2_ws/install/interface_acquisition/share/interface_acquisition/msg/Num.msg
[2.251s] -- Installing: /home/clem/ros2_ws/install/interface_acquisition/share/interface_acquisition/srv/CreationFichierPly.srv
[2.251s] -- Installing: /home/clem/ros2_ws/install/interface_acquisition/share/interface_acquisition/srv/CreationFichierPly_Request.msg
[2.251s] -- Up-to-date: /home/clem/ros2_ws/install/interface_acquisition/share/interface_acquisition/srv/CreationFichierPly_Response.msg
[2.251s] -- Up-to-date: /home/clem/ros2_ws/install/interface_acquisition/share/ament_index/resource_index/package_run_dependencies/interface_acquisition
[2.251s] -- Up-to-date: /home/clem/ros2_ws/install/interface_acquisition/share/ament_index/resource_index/parent_prefix_path/interface_acquisition
[2.251s] -- Up-to-date: /home/clem/ros2_ws/install/interface_acquisition/share/interface_acquisition/environment/ament_prefix_path.sh
[2.251s] -- Installing: /home/clem/ros2_ws/install/interface_acquisition/share/interface_acquisition/environment/ament_prefix_path.dsv
[2.251s] -- Up-to-date: /home/clem/ros2_ws/install/interface_acquisition/share/interface_acquisition/environment/path.sh
[2.251s] -- Installing: /home/clem/ros2_ws/install/interface_acquisition/share/interface_acquisition/environment/path.dsv
[2.251s] -- Up-to-date: /home/clem/ros2_ws/install/interface_acquisition/share/interface_acquisition/local_setup.bash
[2.251s] -- Up-to-date: /home/clem/ros2_ws/install/interface_acquisition/share/interface_acquisition/local_setup.sh
[2.251s] -- Up-to-date: /home/clem/ros2_ws/install/interface_acquisition/share/interface_acquisition/local_setup.zsh
[2.251s] -- Installing: /home/clem/ros2_ws/install/interface_acquisition/share/interface_acquisition/local_setup.dsv
[2.251s] -- Installing: /home/clem/ros2_ws/install/interface_acquisition/share/interface_acquisition/package.dsv
[2.251s] -- Up-to-date: /home/clem/ros2_ws/install/interface_acquisition/share/ament_index/resource_index/packages/interface_acquisition
[2.251s] -- Up-to-date: /home/clem/ros2_ws/install/interface_acquisition/share/interface_acquisition/cmake/export_interface_acquisition__rosidl_generator_cExport.cmake
[2.251s] -- Up-to-date: /home/clem/ros2_ws/install/interface_acquisition/share/interface_acquisition/cmake/export_interface_acquisition__rosidl_generator_cExport-noconfig.cmake
[2.251s] -- Up-to-date: /home/clem/ros2_ws/install/interface_acquisition/share/interface_acquisition/cmake/export_interface_acquisition__rosidl_typesupport_fastrtps_cExport.cmake
[2.251s] -- Up-to-date: /home/clem/ros2_ws/install/interface_acquisition/share/interface_acquisition/cmake/export_interface_acquisition__rosidl_typesupport_fastrtps_cExport-noconfig.cmake
[2.251s] -- Up-to-date: /home/clem/ros2_ws/install/interface_acquisition/share/interface_acquisition/cmake/interface_acquisition__rosidl_typesupport_introspection_cExport.cmake
[2.252s] -- Up-to-date: /home/clem/ros2_ws/install/interface_acquisition/share/interface_acquisition/cmake/interface_acquisition__rosidl_typesupport_introspection_cExport-noconfig.cmake
[2.252s] -- Up-to-date: /home/clem/ros2_ws/install/interface_acquisition/share/interface_acquisition/cmake/interface_acquisition__rosidl_typesupport_cExport.cmake
[2.252s] -- Up-to-date: /home/clem/ros2_ws/install/interface_acquisition/share/interface_acquisition/cmake/interface_acquisition__rosidl_typesupport_cExport-noconfig.cmake
[2.252s] -- Up-to-date: /home/clem/ros2_ws/install/interface_acquisition/share/interface_acquisition/cmake/export_interface_acquisition__rosidl_generator_cppExport.cmake
[2.252s] -- Up-to-date: /home/clem/ros2_ws/install/interface_acquisition/share/interface_acquisition/cmake/export_interface_acquisition__rosidl_typesupport_fastrtps_cppExport.cmake
[2.252s] -- Up-to-date: /home/clem/ros2_ws/install/interface_acquisition/share/interface_acquisition/cmake/export_interface_acquisition__rosidl_typesupport_fastrtps_cppExport-noconfig.cmake
[2.252s] -- Up-to-date: /home/clem/ros2_ws/install/interface_acquisition/share/interface_acquisition/cmake/interface_acquisition__rosidl_typesupport_introspection_cppExport.cmake
[2.252s] -- Up-to-date: /home/clem/ros2_ws/install/interface_acquisition/share/interface_acquisition/cmake/interface_acquisition__rosidl_typesupport_introspection_cppExport-noconfig.cmake
[2.252s] -- Up-to-date: /home/clem/ros2_ws/install/interface_acquisition/share/interface_acquisition/cmake/interface_acquisition__rosidl_typesupport_cppExport.cmake
[2.252s] -- Up-to-date: /home/clem/ros2_ws/install/interface_acquisition/share/interface_acquisition/cmake/interface_acquisition__rosidl_typesupport_cppExport-noconfig.cmake
[2.252s] -- Up-to-date: /home/clem/ros2_ws/install/interface_acquisition/share/interface_acquisition/cmake/export_interface_acquisition__rosidl_generator_pyExport.cmake
[2.252s] -- Up-to-date: /home/clem/ros2_ws/install/interface_acquisition/share/interface_acquisition/cmake/export_interface_acquisition__rosidl_generator_pyExport-noconfig.cmake
[2.252s] -- Up-to-date: /home/clem/ros2_ws/install/interface_acquisition/share/interface_acquisition/cmake/rosidl_cmake-extras.cmake
[2.252s] -- Up-to-date: /home/clem/ros2_ws/install/interface_acquisition/share/interface_acquisition/cmake/ament_cmake_export_include_directories-extras.cmake
[2.252s] -- Up-to-date: /home/clem/ros2_ws/install/interface_acquisition/share/interface_acquisition/cmake/ament_cmake_export_libraries-extras.cmake
[2.252s] -- Up-to-date: /home/clem/ros2_ws/install/interface_acquisition/share/interface_acquisition/cmake/ament_cmake_export_targets-extras.cmake
[2.252s] -- Up-to-date: /home/clem/ros2_ws/install/interface_acquisition/share/interface_acquisition/cmake/rosidl_cmake_export_typesupport_targets-extras.cmake
[2.252s] -- Up-to-date: /home/clem/ros2_ws/install/interface_acquisition/share/interface_acquisition/cmake/ament_cmake_export_dependencies-extras.cmake
[2.252s] -- Up-to-date: /home/clem/ros2_ws/install/interface_acquisition/share/interface_acquisition/cmake/rosidl_cmake_export_typesupport_libraries-extras.cmake
[2.252s] -- Up-to-date: /home/clem/ros2_ws/install/interface_acquisition/share/interface_acquisition/cmake/interface_acquisitionConfig.cmake
[2.252s] -- Up-to-date: /home/clem/ros2_ws/install/interface_acquisition/share/interface_acquisition/cmake/interface_acquisitionConfig-version.cmake
[2.252s] -- Up-to-date: /home/clem/ros2_ws/install/interface_acquisition/share/interface_acquisition/package.xml
[2.253s] Invoked command in '/home/clem/ros2_ws/build/interface_acquisition' returned '0': CMAKE_PREFIX_PATH=/opt/ros/humble /usr/bin/cmake --install /home/clem/ros2_ws/build/interface_acquisition
