[0.030s] Invoking command in '/home/clem/ros2_ws/build/examples_rclcpp_minimal_composition': CMAKE_PREFIX_PATH=/opt/ros/humble /usr/bin/cmake /home/clem/ros2_ws/src/examples/rclcpp/composition/minimal_composition -DAMENT_CMAKE_SYMLINK_INSTALL=1 -DCMAKE_INSTALL_PREFIX=/home/clem/ros2_ws/install/examples_rclcpp_minimal_composition
[0.039s] -- Found ament_cmake: 1.3.5 (/opt/ros/humble/share/ament_cmake/cmake)
[0.137s] -- Override CMake install command with custom implementation using symlinks instead of copying resources
[0.142s] -- Found rclcpp: 16.0.6 (/opt/ros/humble/share/rclcpp/cmake)
[0.161s] -- Found rosidl_generator_c: 3.1.5 (/opt/ros/humble/share/rosidl_generator_c/cmake)
[0.163s] -- Found rosidl_adapter: 3.1.5 (/opt/ros/humble/share/rosidl_adapter/cmake)
[0.167s] -- Found rosidl_generator_cpp: 3.1.5 (/opt/ros/humble/share/rosidl_generator_cpp/cmake)
[0.174s] -- Using all available rosidl_typesupport_c: rosidl_typesupport_fastrtps_c;rosidl_typesupport_introspection_c
[0.184s] -- Using all available rosidl_typesupport_cpp: rosidl_typesupport_fastrtps_cpp;rosidl_typesupport_introspection_cpp
[0.220s] -- Found rmw_implementation_cmake: 6.1.1 (/opt/ros/humble/share/rmw_implementation_cmake/cmake)
[0.220s] -- Found rmw_fastrtps_cpp: 6.2.4 (/opt/ros/humble/share/rmw_fastrtps_cpp/cmake)
[0.291s] -- Using RMW implementation 'rmw_fastrtps_cpp' as default
[0.401s] -- Found rclcpp_components: 16.0.6 (/opt/ros/humble/share/rclcpp_components/cmake)
[0.445s] -- Found ament_lint_auto: 0.12.8 (/opt/ros/humble/share/ament_lint_auto/cmake)
[0.490s] -- Added test 'copyright' to check source files copyright and LICENSE
[0.490s] -- Added test 'cppcheck' to perform static code analysis on C / C++ code
[0.491s] -- Configured cppcheck include dirs: /home/clem/ros2_ws/src/examples/rclcpp/composition/minimal_composition/include
[0.491s] -- Configured cppcheck exclude dirs and/or files: 
[0.491s] -- Added test 'cpplint' to check C / C++ code against the Google style
[0.491s] -- Configured cpplint exclude dirs and/or files: 
[0.491s] -- Added test 'lint_cmake' to check CMake code style
[0.492s] -- Added test 'uncrustify' to check C / C++ code style
[0.492s] -- Configured uncrustify additional arguments: 
[0.492s] -- Added test 'xmllint' to check XML markup files
[0.493s] -- Configuring done
[0.507s] -- Generating done
[0.508s] -- Build files have been written to: /home/clem/ros2_ws/build/examples_rclcpp_minimal_composition
[0.514s] Invoked command in '/home/clem/ros2_ws/build/examples_rclcpp_minimal_composition' returned '0': CMAKE_PREFIX_PATH=/opt/ros/humble /usr/bin/cmake /home/clem/ros2_ws/src/examples/rclcpp/composition/minimal_composition -DAMENT_CMAKE_SYMLINK_INSTALL=1 -DCMAKE_INSTALL_PREFIX=/home/clem/ros2_ws/install/examples_rclcpp_minimal_composition
[0.514s] Invoking command in '/home/clem/ros2_ws/build/examples_rclcpp_minimal_composition': CMAKE_PREFIX_PATH=/opt/ros/humble /usr/bin/cmake --build /home/clem/ros2_ws/build/examples_rclcpp_minimal_composition -- -j16 -l16
[0.544s] [ 11%] [32mBuilding CXX object CMakeFiles/composition_nodes.dir/src/subscriber_node.cpp.o[0m
[0.546s] [ 22%] [32mBuilding CXX object CMakeFiles/composition_nodes.dir/src/publisher_node.cpp.o[0m
[6.765s] [ 33%] [32m[1mLinking CXX shared library libcomposition_nodes.so[0m
[7.050s] [ 33%] Built target composition_nodes
[7.064s] [ 66%] [32mBuilding CXX object CMakeFiles/composition_composed.dir/src/composed.cpp.o[0m
[7.064s] [ 66%] [32mBuilding CXX object CMakeFiles/composition_publisher.dir/src/standalone_publisher.cpp.o[0m
[7.064s] [ 66%] [32mBuilding CXX object CMakeFiles/composition_subscriber.dir/src/standalone_subscriber.cpp.o[0m
[9.190s] [ 77%] [32m[1mLinking CXX executable composition_publisher[0m
[9.213s] [ 88%] [32m[1mLinking CXX executable composition_subscriber[0m
[9.246s] [100%] [32m[1mLinking CXX executable composition_composed[0m
[9.345s] [100%] Built target composition_publisher
[9.366s] [100%] Built target composition_subscriber
[9.398s] [100%] Built target composition_composed
[9.407s] Invoked command in '/home/clem/ros2_ws/build/examples_rclcpp_minimal_composition' returned '0': CMAKE_PREFIX_PATH=/opt/ros/humble /usr/bin/cmake --build /home/clem/ros2_ws/build/examples_rclcpp_minimal_composition -- -j16 -l16
[9.433s] Invoking command in '/home/clem/ros2_ws/build/examples_rclcpp_minimal_composition': CMAKE_PREFIX_PATH=/opt/ros/humble /usr/bin/cmake --install /home/clem/ros2_ws/build/examples_rclcpp_minimal_composition
[9.438s] -- Install configuration: ""
[9.438s] -- Execute custom install script
[9.438s] -- Symlinking: /home/clem/ros2_ws/install/examples_rclcpp_minimal_composition/share/examples_rclcpp_minimal_composition/environment/library_path.sh
[9.444s] -- Symlinking: /home/clem/ros2_ws/install/examples_rclcpp_minimal_composition/share/examples_rclcpp_minimal_composition/environment/library_path.dsv
[9.450s] -- Symlinking: /home/clem/ros2_ws/install/examples_rclcpp_minimal_composition/lib/libcomposition_nodes.so
[9.456s] -- Symlinking: /home/clem/ros2_ws/install/examples_rclcpp_minimal_composition/lib/examples_rclcpp_minimal_composition/composition_publisher
[9.462s] -- Symlinking: /home/clem/ros2_ws/install/examples_rclcpp_minimal_composition/lib/examples_rclcpp_minimal_composition/composition_subscriber
[9.468s] -- Symlinking: /home/clem/ros2_ws/install/examples_rclcpp_minimal_composition/lib/examples_rclcpp_minimal_composition/composition_composed
[9.475s] -- Symlinking: /home/clem/ros2_ws/install/examples_rclcpp_minimal_composition/share/ament_index/resource_index/package_run_dependencies/examples_rclcpp_minimal_composition
[9.481s] -- Symlinking: /home/clem/ros2_ws/install/examples_rclcpp_minimal_composition/share/ament_index/resource_index/parent_prefix_path/examples_rclcpp_minimal_composition
[9.487s] -- Symlinking: /home/clem/ros2_ws/install/examples_rclcpp_minimal_composition/share/examples_rclcpp_minimal_composition/environment/ament_prefix_path.sh
[9.494s] -- Symlinking: /home/clem/ros2_ws/install/examples_rclcpp_minimal_composition/share/examples_rclcpp_minimal_composition/environment/ament_prefix_path.dsv
[9.500s] -- Symlinking: /home/clem/ros2_ws/install/examples_rclcpp_minimal_composition/share/examples_rclcpp_minimal_composition/environment/path.sh
[9.506s] -- Symlinking: /home/clem/ros2_ws/install/examples_rclcpp_minimal_composition/share/examples_rclcpp_minimal_composition/environment/path.dsv
[9.512s] -- Symlinking: /home/clem/ros2_ws/install/examples_rclcpp_minimal_composition/share/examples_rclcpp_minimal_composition/local_setup.bash
[9.518s] -- Symlinking: /home/clem/ros2_ws/install/examples_rclcpp_minimal_composition/share/examples_rclcpp_minimal_composition/local_setup.sh
[9.524s] -- Symlinking: /home/clem/ros2_ws/install/examples_rclcpp_minimal_composition/share/examples_rclcpp_minimal_composition/local_setup.zsh
[9.530s] -- Symlinking: /home/clem/ros2_ws/install/examples_rclcpp_minimal_composition/share/examples_rclcpp_minimal_composition/local_setup.dsv
[9.536s] -- Symlinking: /home/clem/ros2_ws/install/examples_rclcpp_minimal_composition/share/examples_rclcpp_minimal_composition/package.dsv
[9.542s] -- Symlinking: /home/clem/ros2_ws/install/examples_rclcpp_minimal_composition/share/ament_index/resource_index/packages/examples_rclcpp_minimal_composition
[9.548s] -- Symlinking: /home/clem/ros2_ws/install/examples_rclcpp_minimal_composition/share/examples_rclcpp_minimal_composition/cmake/examples_rclcpp_minimal_compositionConfig.cmake
[9.554s] -- Symlinking: /home/clem/ros2_ws/install/examples_rclcpp_minimal_composition/share/examples_rclcpp_minimal_composition/cmake/examples_rclcpp_minimal_compositionConfig-version.cmake
[9.559s] -- Symlinking: /home/clem/ros2_ws/install/examples_rclcpp_minimal_composition/share/examples_rclcpp_minimal_composition/package.xml
[9.567s] Invoked command in '/home/clem/ros2_ws/build/examples_rclcpp_minimal_composition' returned '0': CMAKE_PREFIX_PATH=/opt/ros/humble /usr/bin/cmake --install /home/clem/ros2_ws/build/examples_rclcpp_minimal_composition
